2024-09-13T14:00:18.127 [http-nio-8080-exec-7] DEBUG j.sqltiming -  com.zaxxer.hikari.pool.ProxyPreparedStatement.execute(ProxyPreparedStatement.java:44)
171. select
				a.seq
			    ,a.title
			    ,a.prodType
			    ,b.name
			    ,a.publisher
			    ,a.makeDate
			    ,a.price
			    ,a.sale
			    ,a.salePrice
			    ,a.point
			    ,a.stockQty
			    ,a.imgSrc
			    ,a.intro
			    ,a.reviewNum
			    ,a.shipDate
			    ,a.tableOfContents
			    ,a.publisherReview
			    ,a.preivew
			    ,a.viewNumber
			    ,a.buyNumber
			    ,a.bestNy
			    ,a.todayPickNy
			    ,a.sliderText
				,a.regDate
				,a.modDate
			    ,a.delNy
			from
				product a
				left join productAuthor c on c.product_seq = a.seq
				left join author b on c.author_seq = b.seq
				join commoncode d on b.authorType = d.seq
			where 1=1

				        AND a.salePrice BETWEEN 0 AND 50000

				        AND a.reviewNum BETWEEN 0.0 AND 10.0

			order by a.makeDate desc
 {executed in 1 msec} 
2024-09-13T14:00:18.130 [http-nio-8080-exec-7] DEBUG j.sqltiming -  com.zaxxer.hikari.pool.ProxyPreparedStatement.execute(ProxyPreparedStatement.java:44)
171. SELECT
			a.seq
			,a.codeName
			,a.codeGroup_seq
		FROM
			commoncode a
			join codegroup b on a.codeGroup_seq = b.seq
		WHERE 1 = 1
			and a.codeGroup_seq = 4
 {executed in 1 msec} 
2024-09-13T14:09:02.366 [http-nio-8080-exec-7] DEBUG j.sqltiming -  com.zaxxer.hikari.pool.ProxyPreparedStatement.execute(ProxyPreparedStatement.java:44)
171. select
				a.seq
			    ,a.title
			    ,a.prodType
			    ,b.name
			    ,a.publisher
			    ,a.makeDate
			    ,a.price
			    ,a.sale
			    ,a.salePrice
			    ,a.point
			    ,a.stockQty
			    ,a.imgSrc
			    ,a.intro
			    ,a.reviewNum
			    ,a.shipDate
			    ,a.tableOfContents
			    ,a.publisherReview
			    ,a.preivew
			    ,a.viewNumber
			    ,a.buyNumber
			    ,a.bestNy
			    ,a.todayPickNy
			    ,a.sliderText
				,a.regDate
				,a.modDate
			    ,a.delNy
			from
				product a
				left join productAuthor c on c.product_seq = a.seq
				left join author b on c.author_seq = b.seq
				join commoncode d on b.authorType = d.seq
			where 1=1

				        AND a.salePrice BETWEEN 0 AND 50000

				        AND a.reviewNum BETWEEN 0.0 AND 10.0

			order by a.makeDate desc
 {executed in 0 msec} 
2024-09-13T14:09:02.367 [http-nio-8080-exec-7] DEBUG j.sqltiming -  com.zaxxer.hikari.pool.ProxyPreparedStatement.execute(ProxyPreparedStatement.java:44)
171. SELECT
			a.seq
			,a.codeName
			,a.codeGroup_seq
		FROM
			commoncode a
			join codegroup b on a.codeGroup_seq = b.seq
		WHERE 1 = 1
			and a.codeGroup_seq = 4
 {executed in 0 msec} 
2024-09-13T14:10:03.282 [http-nio-8080-exec-4] DEBUG j.sqltiming -  com.zaxxer.hikari.pool.ProxyPreparedStatement.execute(ProxyPreparedStatement.java:44)
171. select
				a.seq
			    ,a.title
			    ,a.prodType
			    ,b.name
			    ,a.publisher
			    ,a.makeDate
			    ,a.price
			    ,a.sale
			    ,a.salePrice
			    ,a.point
			    ,a.stockQty
			    ,a.imgSrc
			    ,a.intro
			    ,a.reviewNum
			    ,a.shipDate
			    ,a.tableOfContents
			    ,a.publisherReview
			    ,a.preivew
			    ,a.viewNumber
			    ,a.buyNumber
			    ,a.bestNy
			    ,a.todayPickNy
			    ,a.sliderText
				,a.regDate
				,a.modDate
			    ,a.delNy
			from
				product a
				left join productAuthor c on c.product_seq = a.seq
				left join author b on c.author_seq = b.seq
				join commoncode d on b.authorType = d.seq
			where 1=1

				        AND a.salePrice BETWEEN 0 AND 50000

				        AND a.reviewNum BETWEEN 0.0 AND 10.0

			order by a.makeDate desc
 {executed in 1 msec} 
2024-09-13T14:10:03.283 [http-nio-8080-exec-4] DEBUG j.sqltiming -  com.zaxxer.hikari.pool.ProxyPreparedStatement.execute(ProxyPreparedStatement.java:44)
171. SELECT
			a.seq
			,a.codeName
			,a.codeGroup_seq
		FROM
			commoncode a
			join codegroup b on a.codeGroup_seq = b.seq
		WHERE 1 = 1
			and a.codeGroup_seq = 4
 {executed in 0 msec} 
2024-09-13T14:11:19.567 [http-nio-8080-exec-4] DEBUG j.sqltiming -  com.zaxxer.hikari.pool.ProxyPreparedStatement.execute(ProxyPreparedStatement.java:44)
171. select
				a.seq
			    ,a.title
			    ,a.prodType
			    ,b.name
			    ,a.publisher
			    ,a.makeDate
			    ,a.price
			    ,a.sale
			    ,a.salePrice
			    ,a.point
			    ,a.stockQty
			    ,a.imgSrc
			    ,a.intro
			    ,a.reviewNum
			    ,a.shipDate
			    ,a.tableOfContents
			    ,a.publisherReview
			    ,a.preivew
			    ,a.viewNumber
			    ,a.buyNumber
			    ,a.bestNy
			    ,a.todayPickNy
			    ,a.sliderText
				,a.regDate
				,a.modDate
			    ,a.delNy
			from
				product a
				left join productAuthor c on c.product_seq = a.seq
				left join author b on c.author_seq = b.seq
				join commoncode d on b.authorType = d.seq
			where 1=1

				        AND a.salePrice BETWEEN 0 AND 50000

				        AND a.reviewNum BETWEEN 0.0 AND 10.0

			order by a.makeDate desc
 {executed in 0 msec} 
2024-09-13T14:11:19.567 [http-nio-8080-exec-4] DEBUG j.sqltiming -  com.zaxxer.hikari.pool.ProxyPreparedStatement.execute(ProxyPreparedStatement.java:44)
171. SELECT
			a.seq
			,a.codeName
			,a.codeGroup_seq
		FROM
			commoncode a
			join codegroup b on a.codeGroup_seq = b.seq
		WHERE 1 = 1
			and a.codeGroup_seq = 4
 {executed in 0 msec} 
2024-09-13T14:12:55.829 [http-nio-8080-exec-6] DEBUG j.sqltiming -  com.zaxxer.hikari.pool.ProxyPreparedStatement.execute(ProxyPreparedStatement.java:44)
171. select
				a.seq
			    ,a.title
			    ,a.prodType
			    ,b.name
			    ,a.publisher
			    ,a.makeDate
			    ,a.price
			    ,a.sale
			    ,a.salePrice
			    ,a.point
			    ,a.stockQty
			    ,a.imgSrc
			    ,a.intro
			    ,a.reviewNum
			    ,a.shipDate
			    ,a.tableOfContents
			    ,a.publisherReview
			    ,a.preivew
			    ,a.viewNumber
			    ,a.buyNumber
			    ,a.bestNy
			    ,a.todayPickNy
			    ,a.sliderText
				,a.regDate
				,a.modDate
			    ,a.delNy
			from
				product a
				left join productAuthor c on c.product_seq = a.seq
				left join author b on c.author_seq = b.seq
				join commoncode d on b.authorType = d.seq
			where 1=1

				        AND a.salePrice BETWEEN 0 AND 50000

				        AND a.reviewNum BETWEEN 0.0 AND 10.0

			order by a.makeDate desc
 {executed in 9 msec} 
2024-09-13T14:12:55.831 [http-nio-8080-exec-6] DEBUG j.sqltiming -  com.zaxxer.hikari.pool.ProxyPreparedStatement.execute(ProxyPreparedStatement.java:44)
171. SELECT
			a.seq
			,a.codeName
			,a.codeGroup_seq
		FROM
			commoncode a
			join codegroup b on a.codeGroup_seq = b.seq
		WHERE 1 = 1
			and a.codeGroup_seq = 4
 {executed in 0 msec} 
2024-09-13T14:14:51.834 [http-nio-8080-exec-5] DEBUG j.sqltiming -  com.zaxxer.hikari.pool.ProxyPreparedStatement.execute(ProxyPreparedStatement.java:44)
175. select
				a.seq
			    ,a.title
			    ,a.prodType
			    ,b.name
			    ,a.publisher
			    ,a.makeDate
			    ,a.price
			    ,a.sale
			    ,a.salePrice
			    ,a.point
			    ,a.stockQty
			    ,a.imgSrc
			    ,a.intro
			    ,a.reviewNum
			    ,a.shipDate
			    ,a.tableOfContents
			    ,a.publisherReview
			    ,a.preivew
			    ,a.viewNumber
			    ,a.buyNumber
			    ,a.bestNy
			    ,a.todayPickNy
			    ,a.sliderText
				,a.regDate
				,a.modDate
			    ,a.delNy
			from
				product a
				left join productAuthor c on c.product_seq = a.seq
				left join author b on c.author_seq = b.seq
				join commoncode d on b.authorType = d.seq
			where 1=1

				        AND a.salePrice BETWEEN 0 AND 50000

				        AND a.reviewNum BETWEEN 0.0 AND 10.0

			order by a.makeDate desc
 {executed in 0 msec} 
2024-09-13T14:14:51.840 [http-nio-8080-exec-5] DEBUG j.sqltiming -  com.zaxxer.hikari.pool.ProxyPreparedStatement.execute(ProxyPreparedStatement.java:44)
175. SELECT
			a.seq
			,a.codeName
			,a.codeGroup_seq
		FROM
			commoncode a
			join codegroup b on a.codeGroup_seq = b.seq
		WHERE 1 = 1
			and a.codeGroup_seq = 4
 {executed in 1 msec} 
2024-09-13T14:14:59.530 [http-nio-8080-exec-1] DEBUG j.sqltiming -  com.zaxxer.hikari.pool.ProxyPreparedStatement.execute(ProxyPreparedStatement.java:44)
177. select
				a.seq
			    ,a.title
			    ,a.prodType
			    ,b.name
			    ,a.publisher
			    ,a.makeDate
			    ,a.price
			    ,a.sale
			    ,a.salePrice
			    ,a.point
			    ,a.stockQty
			    ,a.imgSrc
			    ,a.intro
			    ,a.reviewNum
			    ,a.shipDate
			    ,a.tableOfContents
			    ,a.publisherReview
			    ,a.preivew
			    ,a.viewNumber
			    ,a.buyNumber
			    ,a.bestNy
			    ,a.todayPickNy
			    ,a.sliderText
				,a.regDate
				,a.modDate
			    ,a.delNy
			from
				product a
				left join productAuthor c on c.product_seq = a.seq
				left join author b on c.author_seq = b.seq
				join commoncode d on b.authorType = d.seq
			where 1=1

				        AND a.salePrice BETWEEN 0 AND 50000

				        AND a.reviewNum BETWEEN 0.0 AND 10.0

			order by a.makeDate desc
 {executed in 1 msec} 
2024-09-13T14:14:59.532 [http-nio-8080-exec-1] DEBUG j.sqltiming -  com.zaxxer.hikari.pool.ProxyPreparedStatement.execute(ProxyPreparedStatement.java:44)
177. SELECT
			a.seq
			,a.codeName
			,a.codeGroup_seq
		FROM
			commoncode a
			join codegroup b on a.codeGroup_seq = b.seq
		WHERE 1 = 1
			and a.codeGroup_seq = 4
 {executed in 1 msec} 
2024-09-13T14:16:00.693 [http-nio-8080-exec-5] DEBUG j.sqltiming -  com.zaxxer.hikari.pool.ProxyPreparedStatement.execute(ProxyPreparedStatement.java:44)
181. select
				a.seq
			    ,a.title
			    ,a.prodType
			    ,b.name
			    ,a.publisher
			    ,a.makeDate
			    ,a.price
			    ,a.sale
			    ,a.salePrice
			    ,a.point
			    ,a.stockQty
			    ,a.imgSrc
			    ,a.intro
			    ,a.reviewNum
			    ,a.shipDate
			    ,a.tableOfContents
			    ,a.publisherReview
			    ,a.preivew
			    ,a.viewNumber
			    ,a.buyNumber
			    ,a.bestNy
			    ,a.todayPickNy
			    ,a.sliderText
				,a.regDate
				,a.modDate
			    ,a.delNy
			from
				product a
				left join productAuthor c on c.product_seq = a.seq
				left join author b on c.author_seq = b.seq
				join commoncode d on b.authorType = d.seq
			where 1=1

				        AND a.salePrice BETWEEN 0 AND 50000

				        AND a.reviewNum BETWEEN 0.0 AND 10.0

			order by a.makeDate desc
 {executed in 2 msec} 
2024-09-13T14:16:00.697 [http-nio-8080-exec-5] DEBUG j.sqltiming -  com.zaxxer.hikari.pool.ProxyPreparedStatement.execute(ProxyPreparedStatement.java:44)
181. SELECT
			a.seq
			,a.codeName
			,a.codeGroup_seq
		FROM
			commoncode a
			join codegroup b on a.codeGroup_seq = b.seq
		WHERE 1 = 1
			and a.codeGroup_seq = 4
 {executed in 0 msec} 
2024-09-13T14:16:10.127 [http-nio-8080-exec-3] DEBUG j.sqltiming -  com.zaxxer.hikari.pool.ProxyPreparedStatement.execute(ProxyPreparedStatement.java:44)
181. select
				a.seq
			    ,a.title
			    ,a.prodType
			    ,b.name
			    ,a.publisher
			    ,a.makeDate
			    ,a.price
			    ,a.sale
			    ,a.salePrice
			    ,a.point
			    ,a.stockQty
			    ,a.imgSrc
			    ,a.intro
			    ,a.reviewNum
			    ,a.shipDate
			    ,a.tableOfContents
			    ,a.publisherReview
			    ,a.preivew
			    ,a.viewNumber
			    ,a.buyNumber
			    ,a.bestNy
			    ,a.todayPickNy
			    ,a.sliderText
				,a.regDate
				,a.modDate
			    ,a.delNy
			from
				product a
				left join productAuthor c on c.product_seq = a.seq
				left join author b on c.author_seq = b.seq
				join commoncode d on b.authorType = d.seq
			where 1=1

				        AND a.salePrice BETWEEN 0 AND 50000

				        AND a.reviewNum BETWEEN 0.0 AND 10.0

			order by a.makeDate desc
 {executed in 1 msec} 
2024-09-13T14:16:10.128 [http-nio-8080-exec-3] DEBUG j.sqltiming -  com.zaxxer.hikari.pool.ProxyPreparedStatement.execute(ProxyPreparedStatement.java:44)
181. SELECT
			a.seq
			,a.codeName
			,a.codeGroup_seq
		FROM
			commoncode a
			join codegroup b on a.codeGroup_seq = b.seq
		WHERE 1 = 1
			and a.codeGroup_seq = 4
 {executed in 1 msec} 
2024-09-13T14:17:42.174 [http-nio-8080-exec-3] DEBUG j.sqltiming -  com.zaxxer.hikari.pool.ProxyPreparedStatement.execute(ProxyPreparedStatement.java:44)
181. select
				a.seq
			    ,a.title
			    ,a.prodType
			    ,b.name
			    ,a.publisher
			    ,a.makeDate
			    ,a.price
			    ,a.sale
			    ,a.salePrice
			    ,a.point
			    ,a.stockQty
			    ,a.imgSrc
			    ,a.intro
			    ,a.reviewNum
			    ,a.shipDate
			    ,a.tableOfContents
			    ,a.publisherReview
			    ,a.preivew
			    ,a.viewNumber
			    ,a.buyNumber
			    ,a.bestNy
			    ,a.todayPickNy
			    ,a.sliderText
				,a.regDate
				,a.modDate
			    ,a.delNy
			from
				product a
				left join productAuthor c on c.product_seq = a.seq
				left join author b on c.author_seq = b.seq
				join commoncode d on b.authorType = d.seq
			where 1=1

				        AND a.salePrice BETWEEN 0 AND 50000

				        AND a.reviewNum BETWEEN 0.0 AND 10.0

			order by a.makeDate desc
 {executed in 4 msec} 
2024-09-13T14:17:42.175 [http-nio-8080-exec-3] DEBUG j.sqltiming -  com.zaxxer.hikari.pool.ProxyPreparedStatement.execute(ProxyPreparedStatement.java:44)
181. SELECT
			a.seq
			,a.codeName
			,a.codeGroup_seq
		FROM
			commoncode a
			join codegroup b on a.codeGroup_seq = b.seq
		WHERE 1 = 1
			and a.codeGroup_seq = 4
 {executed in 1 msec} 
2024-09-13T14:18:51.578 [http-nio-8080-exec-2] DEBUG j.sqltiming -  com.zaxxer.hikari.pool.ProxyPreparedStatement.execute(ProxyPreparedStatement.java:44)
181. select
				c.seq
			    ,c.admNy
			    ,c.name
			    ,c.userId
			    ,c.userPassword
			    ,c.gender
			    ,c.dateOfBirth
			    ,c.email
			    ,c.phoneNum
			    ,c.userDesc
			    ,c.regDate
			    ,c.modDate
			    ,c.delNy
			from
				user c
			order by c.seq desc
 {executed in 11 msec} 
2024-09-13T14:18:51.578 [http-nio-8080-exec-2] DEBUG j.sqltiming -  com.zaxxer.hikari.pool.ProxyPreparedStatement.execute(ProxyPreparedStatement.java:44)
181. select
				c.seq
			    ,c.admNy
			    ,c.name
			    ,c.userId
			    ,c.userPassword
			    ,c.gender
			    ,c.dateOfBirth
			    ,c.email
			    ,c.phoneNum
			    ,c.userDesc
			    ,c.regDate
			    ,c.modDate
			    ,c.delNy
			from
				user c
			order by c.seq desc
 {executed in 0 msec} 
2024-09-13T14:19:13.721 [http-nio-8080-exec-7] DEBUG j.sqltiming -  com.zaxxer.hikari.pool.ProxyPreparedStatement.execute(ProxyPreparedStatement.java:44)
181. select
				a.seq
			    ,a.title
			    ,a.prodType
			    ,b.name
			    ,a.publisher
			    ,a.makeDate
			    ,a.price
			    ,a.sale
			    ,a.salePrice
			    ,a.point
			    ,a.stockQty
			    ,a.imgSrc
			    ,a.intro
			    ,a.reviewNum
			    ,a.shipDate
			    ,a.tableOfContents
			    ,a.publisherReview
			    ,a.preivew
			    ,a.viewNumber
			    ,a.buyNumber
			    ,a.bestNy
			    ,a.todayPickNy
			    ,a.sliderText
				,a.regDate
				,a.modDate
			    ,a.delNy
			from
				product a
				left join productAuthor c on c.product_seq = a.seq
				left join author b on c.author_seq = b.seq
				join commoncode d on b.authorType = d.seq
			order by a.seq desc
 {executed in 3 msec} 
2024-09-13T14:24:14.129 [http-nio-8080-exec-1] DEBUG j.sqltiming -  com.zaxxer.hikari.pool.ProxyPreparedStatement.execute(ProxyPreparedStatement.java:44)
181. SELECT
			a.seq
			,a.codeName
			,a.codeOrder
			,a.codeDesc
			,b.codeGroupName
			,a.useNy
		    ,a.delNy
			,a.regDate
			,a.modDate
			,a.codeGroup_seq
		FROM
			commoncode a
			left join codegroup b on a.codeGroup_seq = b.seq
		where 1=1

						AND(
							a.seq Like CONCAT('%','배지','%')
							OR b.codeGroupName Like CONCAT('%','배지','%')
							OR a.codeName Like CONCAT('%','배지','%')
						)

		ORDER BY

			a.codeGroup_seq desc
			, a.codeOrder desc
 {executed in 0 msec} 
2024-09-13T14:25:09.062 [http-nio-8080-exec-8] DEBUG j.sqltiming -  com.zaxxer.hikari.pool.ProxyPreparedStatement.execute(ProxyPreparedStatement.java:44)
181. SELECT
			a.seq
			,a.codeName
			,a.codeOrder
			,a.codeDesc
			,b.codeGroupName
			,a.useNy
		    ,a.delNy
			,a.regDate
			,a.modDate
			,a.codeGroup_seq
		FROM
			commoncode a
			left join codegroup b on a.codeGroup_seq = b.seq
		where 1=1

						AND(
							a.seq Like CONCAT('%','배지','%')
							OR b.codeGroupName Like CONCAT('%','배지','%')
							OR a.codeName Like CONCAT('%','배지','%')
						)

		ORDER BY

			a.codeGroup_seq desc
			, a.codeOrder desc
 {executed in 0 msec} 
2024-09-13T14:25:15.598 [http-nio-8080-exec-6] DEBUG j.sqltiming -  com.zaxxer.hikari.pool.ProxyPreparedStatement.execute(ProxyPreparedStatement.java:44)
181. SELECT
			a.seq
			,a.codeName
			,a.codeOrder
			,a.codeDesc
			,b.codeGroupName
			,a.useNy
		    ,a.delNy
			,a.regDate
			,a.modDate
			,a.codeGroup_seq
		FROM
			commoncode a
			left join codegroup b on a.codeGroup_seq = b.seq
		where 1=1

						AND(
							a.seq Like CONCAT('%','배지','%')
							OR b.codeGroupName Like CONCAT('%','배지','%')
							OR a.codeName Like CONCAT('%','배지','%')
						)

		ORDER BY

			a.codeGroup_seq desc
			, a.codeOrder desc
 {executed in 0 msec} 
2024-09-13T14:26:23.688 [http-nio-8080-exec-3] DEBUG j.sqltiming -  com.zaxxer.hikari.pool.ProxyPreparedStatement.execute(ProxyPreparedStatement.java:44)
181. SELECT
			a.seq
			,a.codeName
			,a.codeOrder
			,a.codeDesc
			,b.codeGroupName
			,a.useNy
		    ,a.delNy
			,a.regDate
			,a.modDate
			,a.codeGroup_seq
		FROM
			commoncode a
			left join codegroup b on a.codeGroup_seq = b.seq
		where 1=1

						AND(
							a.seq Like CONCAT('%','배지','%')
							OR b.codeGroupName Like CONCAT('%','배지','%')
							OR a.codeName Like CONCAT('%','배지','%')
						)

		ORDER BY

			a.codeGroup_seq desc
			, a.codeOrder desc
 {executed in 0 msec} 
2024-09-13T14:26:31.015 [http-nio-8080-exec-10] DEBUG j.sqltiming -  com.zaxxer.hikari.pool.ProxyPreparedStatement.execute(ProxyPreparedStatement.java:44)
181. SELECT
			a.seq
			,a.codeName
			,a.codeOrder
			,a.codeDesc
			,b.codeGroupName
			,a.useNy
		    ,a.delNy
			,a.regDate
			,a.modDate
			,a.codeGroup_seq
		FROM
			commoncode a
			left join codegroup b on a.codeGroup_seq = b.seq
		where 1=1

						AND(
							a.seq Like CONCAT('%','배지','%')
							OR b.codeGroupName Like CONCAT('%','배지','%')
							OR a.codeName Like CONCAT('%','배지','%')
						)

		ORDER BY

			a.codeGroup_seq desc
			, a.codeOrder desc
 {executed in 2 msec} 
2024-09-13T14:26:31.369 [http-nio-8080-exec-7] DEBUG j.sqltiming -  com.zaxxer.hikari.pool.ProxyPreparedStatement.execute(ProxyPreparedStatement.java:44)
181. SELECT
			a.seq
			,a.codeName
			,a.codeOrder
			,a.codeDesc
			,b.codeGroupName
			,a.useNy
		    ,a.delNy
			,a.regDate
			,a.modDate
			,a.codeGroup_seq
		FROM
			commoncode a
			left join codegroup b on a.codeGroup_seq = b.seq
		where 1=1

						AND(
							a.seq Like CONCAT('%','배지','%')
							OR b.codeGroupName Like CONCAT('%','배지','%')
							OR a.codeName Like CONCAT('%','배지','%')
						)

		ORDER BY

			a.codeGroup_seq desc
			, a.codeOrder desc
 {executed in 0 msec} 
2024-09-13T14:26:32.774 [http-nio-8080-exec-9] DEBUG j.sqltiming -  com.zaxxer.hikari.pool.ProxyPreparedStatement.execute(ProxyPreparedStatement.java:44)
181. SELECT
			a.seq
			,a.codeName
			,a.codeOrder
			,a.codeDesc
			,b.codeGroupName
			,a.useNy
		    ,a.delNy
			,a.regDate
			,a.modDate
			,a.codeGroup_seq
		FROM
			commoncode a
			left join codegroup b on a.codeGroup_seq = b.seq
		where 1=1

		ORDER BY

			a.codeGroup_seq desc
			, a.codeOrder desc
 {executed in 0 msec} 
2024-09-13T14:26:37.037 [http-nio-8080-exec-2] DEBUG j.sqltiming -  com.zaxxer.hikari.pool.ProxyPreparedStatement.execute(ProxyPreparedStatement.java:44)
181. SELECT
			a.seq
			,a.codeName
			,a.codeOrder
			,a.codeDesc
			,b.codeGroupName
			,a.useNy
		    ,a.delNy
			,a.regDate
			,a.modDate
			,a.codeGroup_seq
		FROM
			commoncode a
			left join codegroup b on a.codeGroup_seq = b.seq
		where 1=1

		ORDER BY

			a.codeGroup_seq desc
			, a.codeOrder desc
 {executed in 0 msec} 
2024-09-13T14:30:22.044 [http-nio-8080-exec-4] DEBUG j.sqltiming -  com.zaxxer.hikari.pool.ProxyPreparedStatement.execute(ProxyPreparedStatement.java:44)
181. select
				c.seq
			    ,c.admNy
			    ,c.name
			    ,c.userId
			    ,c.userPassword
			    ,c.gender
			    ,c.dateOfBirth
			    ,c.email
			    ,c.phoneNum
			    ,c.userDesc
			    ,c.regDate
			    ,c.modDate
			    ,c.delNy
			from
				user c
			order by c.seq desc
 {executed in 1 msec} 
2024-09-13T14:30:22.053 [http-nio-8080-exec-4] DEBUG j.sqltiming -  com.zaxxer.hikari.pool.ProxyPreparedStatement.execute(ProxyPreparedStatement.java:44)
181. select
				c.seq
			    ,c.admNy
			    ,c.name
			    ,c.userId
			    ,c.userPassword
			    ,c.gender
			    ,c.dateOfBirth
			    ,c.email
			    ,c.phoneNum
			    ,c.userDesc
			    ,c.regDate
			    ,c.modDate
			    ,c.delNy
			from
				user c
			order by c.seq desc
 {executed in 1 msec} 
2024-09-13T14:36:25.488 [http-nio-8080-exec-7] DEBUG j.sqltiming -  com.zaxxer.hikari.pool.ProxyPreparedStatement.execute(ProxyPreparedStatement.java:44)
181. select
				c.seq
			    ,c.admNy
			    ,c.name
			    ,c.userId
			    ,c.userPassword
			    ,c.gender
			    ,c.dateOfBirth
			    ,c.email
			    ,c.phoneNum
			    ,c.userDesc
			    ,c.regDate
			    ,c.modDate
			    ,c.delNy
			from
				user c
			order by c.seq desc
 {executed in 0 msec} 
2024-09-13T14:36:25.488 [http-nio-8080-exec-7] DEBUG j.sqltiming -  com.zaxxer.hikari.pool.ProxyPreparedStatement.execute(ProxyPreparedStatement.java:44)
181. select
				c.seq
			    ,c.admNy
			    ,c.name
			    ,c.userId
			    ,c.userPassword
			    ,c.gender
			    ,c.dateOfBirth
			    ,c.email
			    ,c.phoneNum
			    ,c.userDesc
			    ,c.regDate
			    ,c.modDate
			    ,c.delNy
			from
				user c
			order by c.seq desc
 {executed in 0 msec} 
2024-09-13T14:37:23.302 [http-nio-8080-exec-10] DEBUG j.sqltiming -  com.zaxxer.hikari.pool.ProxyPreparedStatement.execute(ProxyPreparedStatement.java:44)
181. select
				c.seq
			    ,c.admNy
			    ,c.name
			    ,c.userId
			    ,c.userPassword
			    ,c.gender
			    ,c.dateOfBirth
			    ,c.email
			    ,c.phoneNum
			    ,c.userDesc
			    ,c.regDate
			    ,c.modDate
			    ,c.delNy
			from
				user c
			order by c.seq desc
 {executed in 0 msec} 
2024-09-13T14:37:23.302 [http-nio-8080-exec-10] DEBUG j.sqltiming -  com.zaxxer.hikari.pool.ProxyPreparedStatement.execute(ProxyPreparedStatement.java:44)
181. select
				c.seq
			    ,c.admNy
			    ,c.name
			    ,c.userId
			    ,c.userPassword
			    ,c.gender
			    ,c.dateOfBirth
			    ,c.email
			    ,c.phoneNum
			    ,c.userDesc
			    ,c.regDate
			    ,c.modDate
			    ,c.delNy
			from
				user c
			order by c.seq desc
 {executed in 0 msec} 
2024-09-13T14:37:38.140 [http-nio-8080-exec-9] DEBUG j.sqltiming -  com.zaxxer.hikari.pool.ProxyPreparedStatement.execute(ProxyPreparedStatement.java:44)
181. select
				c.seq
			    ,c.admNy
			    ,c.name
			    ,c.userId
			    ,c.userPassword
			    ,c.gender
			    ,c.dateOfBirth
			    ,c.email
			    ,c.phoneNum
			    ,c.userDesc
			    ,c.regDate
			    ,c.modDate
			    ,c.delNy
			from
				user c
			order by c.seq desc
 {executed in 0 msec} 
2024-09-13T14:37:38.140 [http-nio-8080-exec-9] DEBUG j.sqltiming -  com.zaxxer.hikari.pool.ProxyPreparedStatement.execute(ProxyPreparedStatement.java:44)
181. select
				c.seq
			    ,c.admNy
			    ,c.name
			    ,c.userId
			    ,c.userPassword
			    ,c.gender
			    ,c.dateOfBirth
			    ,c.email
			    ,c.phoneNum
			    ,c.userDesc
			    ,c.regDate
			    ,c.modDate
			    ,c.delNy
			from
				user c
			order by c.seq desc
 {executed in 0 msec} 
2024-09-13T14:38:14.883 [http-nio-8080-exec-10] DEBUG j.sqltiming -  com.zaxxer.hikari.pool.ProxyPreparedStatement.execute(ProxyPreparedStatement.java:44)
181. select
				c.seq
			    ,c.admNy
			    ,c.name
			    ,c.userId
			    ,c.userPassword
			    ,c.gender
			    ,c.dateOfBirth
			    ,c.email
			    ,c.phoneNum
			    ,c.userDesc
			    ,c.regDate
			    ,c.modDate
			    ,c.delNy
			from
				user c
			order by c.seq desc
 {executed in 7 msec} 
2024-09-13T14:38:14.883 [http-nio-8080-exec-10] DEBUG j.sqltiming -  com.zaxxer.hikari.pool.ProxyPreparedStatement.execute(ProxyPreparedStatement.java:44)
181. select
				c.seq
			    ,c.admNy
			    ,c.name
			    ,c.userId
			    ,c.userPassword
			    ,c.gender
			    ,c.dateOfBirth
			    ,c.email
			    ,c.phoneNum
			    ,c.userDesc
			    ,c.regDate
			    ,c.modDate
			    ,c.delNy
			from
				user c
			order by c.seq desc
 {executed in 0 msec} 
2024-09-13T14:38:53.058 [http-nio-8080-exec-6] DEBUG j.sqltiming -  com.zaxxer.hikari.pool.ProxyPreparedStatement.execute(ProxyPreparedStatement.java:44)
181. select
				c.seq
			    ,c.admNy
			    ,c.name
			    ,c.userId
			    ,c.userPassword
			    ,c.gender
			    ,c.dateOfBirth
			    ,c.email
			    ,c.phoneNum
			    ,c.userDesc
			    ,c.regDate
			    ,c.modDate
			    ,c.delNy
			from
				user c
			order by c.seq desc
 {executed in 0 msec} 
2024-09-13T14:38:53.058 [http-nio-8080-exec-6] DEBUG j.sqltiming -  com.zaxxer.hikari.pool.ProxyPreparedStatement.execute(ProxyPreparedStatement.java:44)
181. select
				c.seq
			    ,c.admNy
			    ,c.name
			    ,c.userId
			    ,c.userPassword
			    ,c.gender
			    ,c.dateOfBirth
			    ,c.email
			    ,c.phoneNum
			    ,c.userDesc
			    ,c.regDate
			    ,c.modDate
			    ,c.delNy
			from
				user c
			order by c.seq desc
 {executed in 0 msec} 
2024-09-13T14:39:48.764 [http-nio-8080-exec-8] DEBUG j.sqltiming -  com.zaxxer.hikari.pool.ProxyPreparedStatement.execute(ProxyPreparedStatement.java:44)
181. select
				c.seq
			    ,c.admNy
			    ,c.name
			    ,c.userId
			    ,c.userPassword
			    ,c.gender
			    ,c.dateOfBirth
			    ,c.email
			    ,c.phoneNum
			    ,c.userDesc
			    ,c.regDate
			    ,c.modDate
			    ,c.delNy
			from
				user c
			order by c.seq desc
 {executed in 0 msec} 
2024-09-13T14:39:48.764 [http-nio-8080-exec-8] DEBUG j.sqltiming -  com.zaxxer.hikari.pool.ProxyPreparedStatement.execute(ProxyPreparedStatement.java:44)
181. select
				c.seq
			    ,c.admNy
			    ,c.name
			    ,c.userId
			    ,c.userPassword
			    ,c.gender
			    ,c.dateOfBirth
			    ,c.email
			    ,c.phoneNum
			    ,c.userDesc
			    ,c.regDate
			    ,c.modDate
			    ,c.delNy
			from
				user c
			order by c.seq desc
 {executed in 0 msec} 
2024-09-13T14:39:56.257 [http-nio-8080-exec-1] DEBUG j.sqltiming -  com.zaxxer.hikari.pool.ProxyPreparedStatement.execute(ProxyPreparedStatement.java:44)
181. select
				c.seq
			    ,c.admNy
			    ,c.name
			    ,c.userId
			    ,c.userPassword
			    ,c.gender
			    ,c.dateOfBirth
			    ,c.email
			    ,c.phoneNum
			    ,c.userDesc
			    ,c.regDate
			    ,c.modDate
			    ,c.delNy
			from
				user c
			order by c.seq desc
 {executed in 1 msec} 
2024-09-13T14:39:56.259 [http-nio-8080-exec-1] DEBUG j.sqltiming -  com.zaxxer.hikari.pool.ProxyPreparedStatement.execute(ProxyPreparedStatement.java:44)
181. select
				c.seq
			    ,c.admNy
			    ,c.name
			    ,c.userId
			    ,c.userPassword
			    ,c.gender
			    ,c.dateOfBirth
			    ,c.email
			    ,c.phoneNum
			    ,c.userDesc
			    ,c.regDate
			    ,c.modDate
			    ,c.delNy
			from
				user c
			order by c.seq desc
 {executed in 0 msec} 
2024-09-13T14:40:32.728 [http-nio-8080-exec-5] DEBUG j.sqltiming -  com.zaxxer.hikari.pool.ProxyPreparedStatement.execute(ProxyPreparedStatement.java:44)
181. select
				c.seq
			    ,c.admNy
			    ,c.name
			    ,c.userId
			    ,c.userPassword
			    ,c.gender
			    ,c.dateOfBirth
			    ,c.email
			    ,c.phoneNum
			    ,c.userDesc
			    ,c.regDate
			    ,c.modDate
			    ,c.delNy
			from
				user c
			order by c.seq desc
 {executed in 0 msec} 
2024-09-13T14:40:32.728 [http-nio-8080-exec-5] DEBUG j.sqltiming -  com.zaxxer.hikari.pool.ProxyPreparedStatement.execute(ProxyPreparedStatement.java:44)
181. select
				c.seq
			    ,c.admNy
			    ,c.name
			    ,c.userId
			    ,c.userPassword
			    ,c.gender
			    ,c.dateOfBirth
			    ,c.email
			    ,c.phoneNum
			    ,c.userDesc
			    ,c.regDate
			    ,c.modDate
			    ,c.delNy
			from
				user c
			order by c.seq desc
 {executed in 0 msec} 
2024-09-13T14:40:47.513 [http-nio-8080-exec-5] DEBUG j.sqltiming -  com.zaxxer.hikari.pool.ProxyPreparedStatement.execute(ProxyPreparedStatement.java:44)
181. select
				c.seq
			    ,c.admNy
			    ,c.name
			    ,c.userId
			    ,c.userPassword
			    ,c.gender
			    ,c.dateOfBirth
			    ,c.email
			    ,c.phoneNum
			    ,c.userDesc
			    ,c.regDate
			    ,c.modDate
			    ,c.delNy
			from
				user c
			order by c.seq desc
 {executed in 0 msec} 
2024-09-13T14:40:47.513 [http-nio-8080-exec-5] DEBUG j.sqltiming -  com.zaxxer.hikari.pool.ProxyPreparedStatement.execute(ProxyPreparedStatement.java:44)
181. select
				c.seq
			    ,c.admNy
			    ,c.name
			    ,c.userId
			    ,c.userPassword
			    ,c.gender
			    ,c.dateOfBirth
			    ,c.email
			    ,c.phoneNum
			    ,c.userDesc
			    ,c.regDate
			    ,c.modDate
			    ,c.delNy
			from
				user c
			order by c.seq desc
 {executed in 0 msec} 
2024-09-13T14:42:13.862 [http-nio-8080-exec-3] DEBUG j.sqltiming -  com.zaxxer.hikari.pool.ProxyPreparedStatement.execute(ProxyPreparedStatement.java:44)
181. select
				c.seq
			    ,c.admNy
			    ,c.name
			    ,c.userId
			    ,c.userPassword
			    ,c.gender
			    ,c.dateOfBirth
			    ,c.email
			    ,c.phoneNum
			    ,c.userDesc
			    ,c.regDate
			    ,c.modDate
			    ,c.delNy
			from
				user c
			order by c.seq desc
 {executed in 0 msec} 
2024-09-13T14:42:13.862 [http-nio-8080-exec-3] DEBUG j.sqltiming -  com.zaxxer.hikari.pool.ProxyPreparedStatement.execute(ProxyPreparedStatement.java:44)
181. select
				c.seq
			    ,c.admNy
			    ,c.name
			    ,c.userId
			    ,c.userPassword
			    ,c.gender
			    ,c.dateOfBirth
			    ,c.email
			    ,c.phoneNum
			    ,c.userDesc
			    ,c.regDate
			    ,c.modDate
			    ,c.delNy
			from
				user c
			order by c.seq desc
 {executed in 0 msec} 
2024-09-13T14:44:41.121 [File Watcher] INFO o.s.b.d.a.LocalDevToolsAutoConfiguration$RestartingClassPathChangeChangedEventListener - Restarting due to 1 class path change (0 additions, 0 deletions, 1 modification) 
2024-09-13T14:44:41.124 [Thread-175] INFO o.a.c.h.Http11NioProtocol - Stopping ProtocolHandler ["http-nio-8080"] 
2024-09-13T14:44:41.257 [Thread-175] INFO c.z.h.HikariDataSource - HikariPool-13 - Shutdown initiated... 
2024-09-13T14:44:41.263 [Thread-175] INFO c.z.h.HikariDataSource - HikariPool-13 - Shutdown completed. 
2024-09-13T14:44:41.343 [restartedMain] INFO c.e.ZerglingApplication - Starting ZerglingApplication using Java 17.0.11 with PID 2280 (C:\factory\ws_sts4_4240\repo_zergling\zergling\bin\main started by chlee in C:\factory\ws_sts4_4240\repo_zergling\zergling) 
2024-09-13T14:44:41.343 [restartedMain] INFO c.e.ZerglingApplication - No active profile set, falling back to 1 default profile: "default" 
2024-09-13T14:44:41.473 [restartedMain] INFO o.s.b.w.e.t.TomcatWebServer - Tomcat initialized with port 8080 (http) 
2024-09-13T14:44:41.473 [restartedMain] INFO o.a.c.h.Http11NioProtocol - Initializing ProtocolHandler ["http-nio-8080"] 
2024-09-13T14:44:41.473 [restartedMain] INFO o.a.c.c.StandardService - Starting service [Tomcat] 
2024-09-13T14:44:41.473 [restartedMain] INFO o.a.c.c.StandardEngine - Starting Servlet engine: [Apache Tomcat/10.1.28] 
2024-09-13T14:44:41.482 [restartedMain] INFO o.a.c.c.C.[.[.[/] - Initializing Spring embedded WebApplicationContext 
2024-09-13T14:44:41.482 [restartedMain] INFO o.s.b.w.s.c.ServletWebServerApplicationContext - Root WebApplicationContext: initialization completed in 139 ms 
2024-09-13T14:44:41.614 [restartedMain] INFO o.s.b.d.a.OptionalLiveReloadServer - LiveReload server is running on port 35729 
2024-09-13T14:44:41.619 [restartedMain] INFO o.a.c.h.Http11NioProtocol - Starting ProtocolHandler ["http-nio-8080"] 
2024-09-13T14:44:41.621 [restartedMain] INFO o.s.b.w.e.t.TomcatWebServer - Tomcat started on port 8080 (http) with context path '/' 
2024-09-13T14:44:41.626 [restartedMain] INFO c.e.ZerglingApplication - Started ZerglingApplication in 0.298 seconds (process running for 19437.225) 
2024-09-13T14:44:41.628 [restartedMain] INFO o.s.b.d.a.ConditionEvaluationDeltaLoggingListener - Condition evaluation unchanged 
2024-09-13T14:45:23.734 [File Watcher] INFO o.s.b.d.a.LocalDevToolsAutoConfiguration$RestartingClassPathChangeChangedEventListener - Restarting due to 1 class path change (0 additions, 0 deletions, 1 modification) 
2024-09-13T14:45:23.736 [Thread-179] INFO o.a.c.h.Http11NioProtocol - Stopping ProtocolHandler ["http-nio-8080"] 
2024-09-13T14:45:23.876 [restartedMain] INFO c.e.ZerglingApplication - Starting ZerglingApplication using Java 17.0.11 with PID 2280 (C:\factory\ws_sts4_4240\repo_zergling\zergling\bin\main started by chlee in C:\factory\ws_sts4_4240\repo_zergling\zergling) 
2024-09-13T14:45:23.876 [restartedMain] INFO c.e.ZerglingApplication - No active profile set, falling back to 1 default profile: "default" 
2024-09-13T14:45:23.986 [restartedMain] INFO o.s.b.w.e.t.TomcatWebServer - Tomcat initialized with port 8080 (http) 
2024-09-13T14:45:23.986 [restartedMain] INFO o.a.c.h.Http11NioProtocol - Initializing ProtocolHandler ["http-nio-8080"] 
2024-09-13T14:45:23.986 [restartedMain] INFO o.a.c.c.StandardService - Starting service [Tomcat] 
2024-09-13T14:45:23.986 [restartedMain] INFO o.a.c.c.StandardEngine - Starting Servlet engine: [Apache Tomcat/10.1.28] 
2024-09-13T14:45:23.992 [restartedMain] INFO o.a.c.c.C.[.[.[/] - Initializing Spring embedded WebApplicationContext 
2024-09-13T14:45:23.992 [restartedMain] INFO o.s.b.w.s.c.ServletWebServerApplicationContext - Root WebApplicationContext: initialization completed in 115 ms 
2024-09-13T14:45:24.075 [restartedMain] INFO o.s.b.d.a.OptionalLiveReloadServer - LiveReload server is running on port 35729 
2024-09-13T14:45:24.080 [restartedMain] INFO o.a.c.h.Http11NioProtocol - Starting ProtocolHandler ["http-nio-8080"] 
2024-09-13T14:45:24.082 [restartedMain] INFO o.s.b.w.e.t.TomcatWebServer - Tomcat started on port 8080 (http) with context path '/' 
2024-09-13T14:45:24.084 [restartedMain] INFO c.e.ZerglingApplication - Started ZerglingApplication in 0.222 seconds (process running for 19479.682) 
2024-09-13T14:45:24.085 [restartedMain] INFO o.s.b.d.a.ConditionEvaluationDeltaLoggingListener - Condition evaluation unchanged 
2024-09-13T14:45:47.522 [File Watcher] INFO o.s.b.d.a.LocalDevToolsAutoConfiguration$RestartingClassPathChangeChangedEventListener - Restarting due to 1 class path change (0 additions, 0 deletions, 1 modification) 
2024-09-13T14:45:47.523 [Thread-183] INFO o.a.c.h.Http11NioProtocol - Stopping ProtocolHandler ["http-nio-8080"] 
2024-09-13T14:45:47.679 [restartedMain] INFO c.e.ZerglingApplication - Starting ZerglingApplication using Java 17.0.11 with PID 2280 (C:\factory\ws_sts4_4240\repo_zergling\zergling\bin\main started by chlee in C:\factory\ws_sts4_4240\repo_zergling\zergling) 
2024-09-13T14:45:47.679 [restartedMain] INFO c.e.ZerglingApplication - No active profile set, falling back to 1 default profile: "default" 
2024-09-13T14:45:47.779 [restartedMain] INFO o.s.b.w.e.t.TomcatWebServer - Tomcat initialized with port 8080 (http) 
2024-09-13T14:45:47.779 [restartedMain] INFO o.a.c.h.Http11NioProtocol - Initializing ProtocolHandler ["http-nio-8080"] 
2024-09-13T14:45:47.779 [restartedMain] INFO o.a.c.c.StandardService - Starting service [Tomcat] 
2024-09-13T14:45:47.779 [restartedMain] INFO o.a.c.c.StandardEngine - Starting Servlet engine: [Apache Tomcat/10.1.28] 
2024-09-13T14:45:47.784 [restartedMain] INFO o.a.c.c.C.[.[.[/] - Initializing Spring embedded WebApplicationContext 
2024-09-13T14:45:47.785 [restartedMain] INFO o.s.b.w.s.c.ServletWebServerApplicationContext - Root WebApplicationContext: initialization completed in 105 ms 
2024-09-13T14:45:47.864 [restartedMain] INFO o.s.b.d.a.OptionalLiveReloadServer - LiveReload server is running on port 35729 
2024-09-13T14:45:47.867 [restartedMain] INFO o.a.c.h.Http11NioProtocol - Starting ProtocolHandler ["http-nio-8080"] 
2024-09-13T14:45:47.869 [restartedMain] INFO o.s.b.w.e.t.TomcatWebServer - Tomcat started on port 8080 (http) with context path '/' 
2024-09-13T14:45:47.872 [restartedMain] INFO c.e.ZerglingApplication - Started ZerglingApplication in 0.205 seconds (process running for 19503.47) 
2024-09-13T14:45:47.873 [restartedMain] INFO o.s.b.d.a.ConditionEvaluationDeltaLoggingListener - Condition evaluation unchanged 
2024-09-13T14:45:58.102 [File Watcher] INFO o.s.b.d.a.LocalDevToolsAutoConfiguration$RestartingClassPathChangeChangedEventListener - Restarting due to 1 class path change (0 additions, 0 deletions, 1 modification) 
2024-09-13T14:45:58.103 [Thread-187] INFO o.a.c.h.Http11NioProtocol - Stopping ProtocolHandler ["http-nio-8080"] 
2024-09-13T14:45:58.249 [restartedMain] INFO c.e.ZerglingApplication - Starting ZerglingApplication using Java 17.0.11 with PID 2280 (C:\factory\ws_sts4_4240\repo_zergling\zergling\bin\main started by chlee in C:\factory\ws_sts4_4240\repo_zergling\zergling) 
2024-09-13T14:45:58.250 [restartedMain] INFO c.e.ZerglingApplication - No active profile set, falling back to 1 default profile: "default" 
2024-09-13T14:45:58.355 [restartedMain] INFO o.s.b.w.e.t.TomcatWebServer - Tomcat initialized with port 8080 (http) 
2024-09-13T14:45:58.355 [restartedMain] INFO o.a.c.h.Http11NioProtocol - Initializing ProtocolHandler ["http-nio-8080"] 
2024-09-13T14:45:58.355 [restartedMain] INFO o.a.c.c.StandardService - Starting service [Tomcat] 
2024-09-13T14:45:58.355 [restartedMain] INFO o.a.c.c.StandardEngine - Starting Servlet engine: [Apache Tomcat/10.1.28] 
2024-09-13T14:45:58.363 [restartedMain] INFO o.a.c.c.C.[.[.[/] - Initializing Spring embedded WebApplicationContext 
2024-09-13T14:45:58.363 [restartedMain] INFO o.s.b.w.s.c.ServletWebServerApplicationContext - Root WebApplicationContext: initialization completed in 113 ms 
2024-09-13T14:45:58.452 [restartedMain] INFO o.s.b.d.a.OptionalLiveReloadServer - LiveReload server is running on port 35729 
2024-09-13T14:45:58.455 [restartedMain] INFO o.a.c.h.Http11NioProtocol - Starting ProtocolHandler ["http-nio-8080"] 
2024-09-13T14:45:58.457 [restartedMain] INFO o.s.b.w.e.t.TomcatWebServer - Tomcat started on port 8080 (http) with context path '/' 
2024-09-13T14:45:58.461 [restartedMain] INFO c.e.ZerglingApplication - Started ZerglingApplication in 0.224 seconds (process running for 19514.059) 
2024-09-13T14:45:58.462 [restartedMain] INFO o.s.b.d.a.ConditionEvaluationDeltaLoggingListener - Condition evaluation unchanged 
2024-09-13T14:47:00.155 [File Watcher] INFO o.s.b.d.a.LocalDevToolsAutoConfiguration$RestartingClassPathChangeChangedEventListener - Restarting due to 1 class path change (0 additions, 0 deletions, 1 modification) 
2024-09-13T14:47:00.157 [Thread-191] INFO o.a.c.h.Http11NioProtocol - Stopping ProtocolHandler ["http-nio-8080"] 
2024-09-13T14:47:00.298 [restartedMain] INFO c.e.ZerglingApplication - Starting ZerglingApplication using Java 17.0.11 with PID 2280 (C:\factory\ws_sts4_4240\repo_zergling\zergling\bin\main started by chlee in C:\factory\ws_sts4_4240\repo_zergling\zergling) 
2024-09-13T14:47:00.298 [restartedMain] INFO c.e.ZerglingApplication - No active profile set, falling back to 1 default profile: "default" 
2024-09-13T14:47:00.411 [restartedMain] INFO o.s.b.w.e.t.TomcatWebServer - Tomcat initialized with port 8080 (http) 
2024-09-13T14:47:00.412 [restartedMain] INFO o.a.c.h.Http11NioProtocol - Initializing ProtocolHandler ["http-nio-8080"] 
2024-09-13T14:47:00.412 [restartedMain] INFO o.a.c.c.StandardService - Starting service [Tomcat] 
2024-09-13T14:47:00.412 [restartedMain] INFO o.a.c.c.StandardEngine - Starting Servlet engine: [Apache Tomcat/10.1.28] 
2024-09-13T14:47:00.418 [restartedMain] INFO o.a.c.c.C.[.[.[/] - Initializing Spring embedded WebApplicationContext 
2024-09-13T14:47:00.418 [restartedMain] INFO o.s.b.w.s.c.ServletWebServerApplicationContext - Root WebApplicationContext: initialization completed in 119 ms 
2024-09-13T14:47:00.499 [restartedMain] INFO o.s.b.d.a.OptionalLiveReloadServer - LiveReload server is running on port 35729 
2024-09-13T14:47:00.503 [restartedMain] INFO o.a.c.h.Http11NioProtocol - Starting ProtocolHandler ["http-nio-8080"] 
2024-09-13T14:47:00.504 [restartedMain] INFO o.s.b.w.e.t.TomcatWebServer - Tomcat started on port 8080 (http) with context path '/' 
2024-09-13T14:47:00.507 [restartedMain] INFO c.e.ZerglingApplication - Started ZerglingApplication in 0.22 seconds (process running for 19576.107) 
2024-09-13T14:47:00.509 [restartedMain] INFO o.s.b.d.a.ConditionEvaluationDeltaLoggingListener - Condition evaluation unchanged 
2024-09-13T14:47:38.176 [File Watcher] INFO o.s.b.d.a.LocalDevToolsAutoConfiguration$RestartingClassPathChangeChangedEventListener - Restarting due to 1 class path change (0 additions, 0 deletions, 1 modification) 
2024-09-13T14:47:38.177 [Thread-195] INFO o.a.c.h.Http11NioProtocol - Stopping ProtocolHandler ["http-nio-8080"] 
2024-09-13T14:47:38.318 [restartedMain] INFO c.e.ZerglingApplication - Starting ZerglingApplication using Java 17.0.11 with PID 2280 (C:\factory\ws_sts4_4240\repo_zergling\zergling\bin\main started by chlee in C:\factory\ws_sts4_4240\repo_zergling\zergling) 
2024-09-13T14:47:38.318 [restartedMain] INFO c.e.ZerglingApplication - No active profile set, falling back to 1 default profile: "default" 
2024-09-13T14:47:38.432 [restartedMain] INFO o.s.b.w.e.t.TomcatWebServer - Tomcat initialized with port 8080 (http) 
2024-09-13T14:47:38.432 [restartedMain] INFO o.a.c.h.Http11NioProtocol - Initializing ProtocolHandler ["http-nio-8080"] 
2024-09-13T14:47:38.433 [restartedMain] INFO o.a.c.c.StandardService - Starting service [Tomcat] 
2024-09-13T14:47:38.433 [restartedMain] INFO o.a.c.c.StandardEngine - Starting Servlet engine: [Apache Tomcat/10.1.28] 
2024-09-13T14:47:38.439 [restartedMain] INFO o.a.c.c.C.[.[.[/] - Initializing Spring embedded WebApplicationContext 
2024-09-13T14:47:38.439 [restartedMain] INFO o.s.b.w.s.c.ServletWebServerApplicationContext - Root WebApplicationContext: initialization completed in 120 ms 
2024-09-13T14:47:38.557 [restartedMain] INFO o.s.b.d.a.OptionalLiveReloadServer - LiveReload server is running on port 35729 
2024-09-13T14:47:38.562 [restartedMain] INFO o.a.c.h.Http11NioProtocol - Starting ProtocolHandler ["http-nio-8080"] 
2024-09-13T14:47:38.566 [restartedMain] INFO o.s.b.w.e.t.TomcatWebServer - Tomcat started on port 8080 (http) with context path '/' 
2024-09-13T14:47:38.570 [restartedMain] INFO c.e.ZerglingApplication - Started ZerglingApplication in 0.268 seconds (process running for 19614.169) 
2024-09-13T14:47:38.571 [restartedMain] INFO o.s.b.d.a.ConditionEvaluationDeltaLoggingListener - Condition evaluation unchanged 
2024-09-13T14:48:19.096 [File Watcher] INFO o.s.b.d.a.LocalDevToolsAutoConfiguration$RestartingClassPathChangeChangedEventListener - Restarting due to 1 class path change (0 additions, 0 deletions, 1 modification) 
2024-09-13T14:48:19.104 [Thread-199] INFO o.a.c.h.Http11NioProtocol - Stopping ProtocolHandler ["http-nio-8080"] 
2024-09-13T14:48:19.258 [restartedMain] INFO c.e.ZerglingApplication - Starting ZerglingApplication using Java 17.0.11 with PID 2280 (C:\factory\ws_sts4_4240\repo_zergling\zergling\bin\main started by chlee in C:\factory\ws_sts4_4240\repo_zergling\zergling) 
2024-09-13T14:48:19.258 [restartedMain] INFO c.e.ZerglingApplication - No active profile set, falling back to 1 default profile: "default" 
2024-09-13T14:48:19.380 [restartedMain] INFO o.s.b.w.e.t.TomcatWebServer - Tomcat initialized with port 8080 (http) 
2024-09-13T14:48:19.381 [restartedMain] INFO o.a.c.h.Http11NioProtocol - Initializing ProtocolHandler ["http-nio-8080"] 
2024-09-13T14:48:19.381 [restartedMain] INFO o.a.c.c.StandardService - Starting service [Tomcat] 
2024-09-13T14:48:19.381 [restartedMain] INFO o.a.c.c.StandardEngine - Starting Servlet engine: [Apache Tomcat/10.1.28] 
2024-09-13T14:48:19.389 [restartedMain] INFO o.a.c.c.C.[.[.[/] - Initializing Spring embedded WebApplicationContext 
2024-09-13T14:48:19.390 [restartedMain] INFO o.s.b.w.s.c.ServletWebServerApplicationContext - Root WebApplicationContext: initialization completed in 131 ms 
2024-09-13T14:48:19.490 [restartedMain] INFO o.s.b.d.a.OptionalLiveReloadServer - LiveReload server is running on port 35729 
2024-09-13T14:48:19.497 [restartedMain] INFO o.a.c.h.Http11NioProtocol - Starting ProtocolHandler ["http-nio-8080"] 
2024-09-13T14:48:19.499 [restartedMain] INFO o.s.b.w.e.t.TomcatWebServer - Tomcat started on port 8080 (http) with context path '/' 
2024-09-13T14:48:19.512 [restartedMain] INFO c.e.ZerglingApplication - Started ZerglingApplication in 0.267 seconds (process running for 19655.111) 
2024-09-13T14:48:19.513 [restartedMain] INFO o.s.b.d.a.ConditionEvaluationDeltaLoggingListener - Condition evaluation unchanged 
2024-09-13T14:49:29.781 [File Watcher] INFO o.s.b.d.a.LocalDevToolsAutoConfiguration$RestartingClassPathChangeChangedEventListener - Restarting due to 1 class path change (0 additions, 0 deletions, 1 modification) 
2024-09-13T14:49:29.783 [Thread-203] INFO o.a.c.h.Http11NioProtocol - Stopping ProtocolHandler ["http-nio-8080"] 
2024-09-13T14:49:29.932 [restartedMain] INFO c.e.ZerglingApplication - Starting ZerglingApplication using Java 17.0.11 with PID 2280 (C:\factory\ws_sts4_4240\repo_zergling\zergling\bin\main started by chlee in C:\factory\ws_sts4_4240\repo_zergling\zergling) 
2024-09-13T14:49:29.932 [restartedMain] INFO c.e.ZerglingApplication - No active profile set, falling back to 1 default profile: "default" 
2024-09-13T14:49:30.057 [restartedMain] INFO o.s.b.w.e.t.TomcatWebServer - Tomcat initialized with port 8080 (http) 
2024-09-13T14:49:30.057 [restartedMain] INFO o.a.c.h.Http11NioProtocol - Initializing ProtocolHandler ["http-nio-8080"] 
2024-09-13T14:49:30.057 [restartedMain] INFO o.a.c.c.StandardService - Starting service [Tomcat] 
2024-09-13T14:49:30.057 [restartedMain] INFO o.a.c.c.StandardEngine - Starting Servlet engine: [Apache Tomcat/10.1.28] 
2024-09-13T14:49:30.063 [restartedMain] INFO o.a.c.c.C.[.[.[/] - Initializing Spring embedded WebApplicationContext 
2024-09-13T14:49:30.063 [restartedMain] INFO o.s.b.w.s.c.ServletWebServerApplicationContext - Root WebApplicationContext: initialization completed in 129 ms 
2024-09-13T14:49:30.151 [restartedMain] INFO o.s.b.d.a.OptionalLiveReloadServer - LiveReload server is running on port 35729 
2024-09-13T14:49:30.155 [restartedMain] INFO o.a.c.h.Http11NioProtocol - Starting ProtocolHandler ["http-nio-8080"] 
2024-09-13T14:49:30.157 [restartedMain] INFO o.s.b.w.e.t.TomcatWebServer - Tomcat started on port 8080 (http) with context path '/' 
2024-09-13T14:49:30.160 [restartedMain] INFO c.e.ZerglingApplication - Started ZerglingApplication in 0.244 seconds (process running for 19725.759) 
2024-09-13T14:49:30.160 [restartedMain] INFO o.s.b.d.a.ConditionEvaluationDeltaLoggingListener - Condition evaluation unchanged 
2024-09-13T14:51:01.281 [File Watcher] INFO o.s.b.d.a.LocalDevToolsAutoConfiguration$RestartingClassPathChangeChangedEventListener - Restarting due to 1 class path change (0 additions, 0 deletions, 1 modification) 
2024-09-13T14:51:01.284 [Thread-207] INFO o.a.c.h.Http11NioProtocol - Stopping ProtocolHandler ["http-nio-8080"] 
2024-09-13T14:51:01.472 [restartedMain] INFO c.e.ZerglingApplication - Starting ZerglingApplication using Java 17.0.11 with PID 2280 (C:\factory\ws_sts4_4240\repo_zergling\zergling\bin\main started by chlee in C:\factory\ws_sts4_4240\repo_zergling\zergling) 
2024-09-13T14:51:01.472 [restartedMain] INFO c.e.ZerglingApplication - No active profile set, falling back to 1 default profile: "default" 
2024-09-13T14:51:01.601 [restartedMain] INFO o.s.b.w.e.t.TomcatWebServer - Tomcat initialized with port 8080 (http) 
2024-09-13T14:51:01.601 [restartedMain] INFO o.a.c.h.Http11NioProtocol - Initializing ProtocolHandler ["http-nio-8080"] 
2024-09-13T14:51:01.601 [restartedMain] INFO o.a.c.c.StandardService - Starting service [Tomcat] 
2024-09-13T14:51:01.601 [restartedMain] INFO o.a.c.c.StandardEngine - Starting Servlet engine: [Apache Tomcat/10.1.28] 
2024-09-13T14:51:01.608 [restartedMain] INFO o.a.c.c.C.[.[.[/] - Initializing Spring embedded WebApplicationContext 
2024-09-13T14:51:01.608 [restartedMain] INFO o.s.b.w.s.c.ServletWebServerApplicationContext - Root WebApplicationContext: initialization completed in 133 ms 
2024-09-13T14:51:01.695 [restartedMain] INFO o.s.b.d.a.OptionalLiveReloadServer - LiveReload server is running on port 35729 
2024-09-13T14:51:01.700 [restartedMain] INFO o.a.c.h.Http11NioProtocol - Starting ProtocolHandler ["http-nio-8080"] 
2024-09-13T14:51:01.701 [restartedMain] INFO o.s.b.w.e.t.TomcatWebServer - Tomcat started on port 8080 (http) with context path '/' 
2024-09-13T14:51:01.704 [restartedMain] INFO c.e.ZerglingApplication - Started ZerglingApplication in 0.249 seconds (process running for 19817.303) 
2024-09-13T14:51:01.705 [restartedMain] INFO o.s.b.d.a.ConditionEvaluationDeltaLoggingListener - Condition evaluation unchanged 
2024-09-13T14:52:53.163 [File Watcher] INFO o.s.b.d.a.LocalDevToolsAutoConfiguration$RestartingClassPathChangeChangedEventListener - Restarting due to 1 class path change (1 addition, 0 deletions, 0 modifications) 
2024-09-13T14:52:53.165 [Thread-211] INFO o.a.c.h.Http11NioProtocol - Stopping ProtocolHandler ["http-nio-8080"] 
2024-09-13T14:52:53.311 [restartedMain] INFO c.e.ZerglingApplication - Starting ZerglingApplication using Java 17.0.11 with PID 2280 (C:\factory\ws_sts4_4240\repo_zergling\zergling\bin\main started by chlee in C:\factory\ws_sts4_4240\repo_zergling\zergling) 
2024-09-13T14:52:53.311 [restartedMain] INFO c.e.ZerglingApplication - No active profile set, falling back to 1 default profile: "default" 
2024-09-13T14:52:53.411 [restartedMain] INFO o.s.b.w.e.t.TomcatWebServer - Tomcat initialized with port 8080 (http) 
2024-09-13T14:52:53.412 [restartedMain] INFO o.a.c.h.Http11NioProtocol - Initializing ProtocolHandler ["http-nio-8080"] 
2024-09-13T14:52:53.412 [restartedMain] INFO o.a.c.c.StandardService - Starting service [Tomcat] 
2024-09-13T14:52:53.412 [restartedMain] INFO o.a.c.c.StandardEngine - Starting Servlet engine: [Apache Tomcat/10.1.28] 
2024-09-13T14:52:53.418 [restartedMain] INFO o.a.c.c.C.[.[.[/] - Initializing Spring embedded WebApplicationContext 
2024-09-13T14:52:53.418 [restartedMain] INFO o.s.b.w.s.c.ServletWebServerApplicationContext - Root WebApplicationContext: initialization completed in 105 ms 
2024-09-13T14:52:53.514 [restartedMain] INFO o.s.b.d.a.OptionalLiveReloadServer - LiveReload server is running on port 35729 
2024-09-13T14:52:53.518 [restartedMain] INFO o.a.c.h.Http11NioProtocol - Starting ProtocolHandler ["http-nio-8080"] 
2024-09-13T14:52:53.520 [restartedMain] INFO o.s.b.w.e.t.TomcatWebServer - Tomcat started on port 8080 (http) with context path '/' 
2024-09-13T14:52:53.524 [restartedMain] INFO c.e.ZerglingApplication - Started ZerglingApplication in 0.224 seconds (process running for 19929.123) 
2024-09-13T14:52:53.525 [restartedMain] INFO o.s.b.d.a.ConditionEvaluationDeltaLoggingListener - Condition evaluation unchanged 
2024-09-13T14:54:13.314 [File Watcher] INFO o.s.b.d.a.LocalDevToolsAutoConfiguration$RestartingClassPathChangeChangedEventListener - Restarting due to 1 class path change (0 additions, 0 deletions, 1 modification) 
2024-09-13T14:54:13.315 [Thread-215] INFO o.a.c.h.Http11NioProtocol - Stopping ProtocolHandler ["http-nio-8080"] 
2024-09-13T14:54:13.465 [restartedMain] INFO c.e.ZerglingApplication - Starting ZerglingApplication using Java 17.0.11 with PID 2280 (C:\factory\ws_sts4_4240\repo_zergling\zergling\bin\main started by chlee in C:\factory\ws_sts4_4240\repo_zergling\zergling) 
2024-09-13T14:54:13.465 [restartedMain] INFO c.e.ZerglingApplication - No active profile set, falling back to 1 default profile: "default" 
2024-09-13T14:54:13.561 [restartedMain] INFO o.s.b.w.e.t.TomcatWebServer - Tomcat initialized with port 8080 (http) 
2024-09-13T14:54:13.562 [restartedMain] INFO o.a.c.h.Http11NioProtocol - Initializing ProtocolHandler ["http-nio-8080"] 
2024-09-13T14:54:13.562 [restartedMain] INFO o.a.c.c.StandardService - Starting service [Tomcat] 
2024-09-13T14:54:13.562 [restartedMain] INFO o.a.c.c.StandardEngine - Starting Servlet engine: [Apache Tomcat/10.1.28] 
2024-09-13T14:54:13.568 [restartedMain] INFO o.a.c.c.C.[.[.[/] - Initializing Spring embedded WebApplicationContext 
2024-09-13T14:54:13.568 [restartedMain] INFO o.s.b.w.s.c.ServletWebServerApplicationContext - Root WebApplicationContext: initialization completed in 101 ms 
2024-09-13T14:54:13.659 [restartedMain] INFO o.s.b.d.a.OptionalLiveReloadServer - LiveReload server is running on port 35729 
2024-09-13T14:54:13.662 [restartedMain] INFO o.a.c.h.Http11NioProtocol - Starting ProtocolHandler ["http-nio-8080"] 
2024-09-13T14:54:13.663 [restartedMain] INFO o.s.b.w.e.t.TomcatWebServer - Tomcat started on port 8080 (http) with context path '/' 
2024-09-13T14:54:13.667 [restartedMain] INFO c.e.ZerglingApplication - Started ZerglingApplication in 0.212 seconds (process running for 20009.265) 
2024-09-13T14:54:13.669 [restartedMain] INFO o.s.b.d.a.ConditionEvaluationDeltaLoggingListener - Condition evaluation unchanged 
2024-09-13T14:54:17.426 [File Watcher] INFO o.s.b.d.a.LocalDevToolsAutoConfiguration$RestartingClassPathChangeChangedEventListener - Restarting due to 1 class path change (0 additions, 0 deletions, 1 modification) 
2024-09-13T14:54:17.427 [Thread-219] INFO o.a.c.h.Http11NioProtocol - Stopping ProtocolHandler ["http-nio-8080"] 
2024-09-13T14:54:17.577 [restartedMain] INFO c.e.ZerglingApplication - Starting ZerglingApplication using Java 17.0.11 with PID 2280 (C:\factory\ws_sts4_4240\repo_zergling\zergling\bin\main started by chlee in C:\factory\ws_sts4_4240\repo_zergling\zergling) 
2024-09-13T14:54:17.577 [restartedMain] INFO c.e.ZerglingApplication - No active profile set, falling back to 1 default profile: "default" 
2024-09-13T14:54:17.673 [restartedMain] INFO o.s.b.w.e.t.TomcatWebServer - Tomcat initialized with port 8080 (http) 
2024-09-13T14:54:17.673 [restartedMain] INFO o.a.c.h.Http11NioProtocol - Initializing ProtocolHandler ["http-nio-8080"] 
2024-09-13T14:54:17.673 [restartedMain] INFO o.a.c.c.StandardService - Starting service [Tomcat] 
2024-09-13T14:54:17.673 [restartedMain] INFO o.a.c.c.StandardEngine - Starting Servlet engine: [Apache Tomcat/10.1.28] 
2024-09-13T14:54:17.679 [restartedMain] INFO o.a.c.c.C.[.[.[/] - Initializing Spring embedded WebApplicationContext 
2024-09-13T14:54:17.679 [restartedMain] INFO o.s.b.w.s.c.ServletWebServerApplicationContext - Root WebApplicationContext: initialization completed in 100 ms 
2024-09-13T14:54:17.770 [restartedMain] INFO o.s.b.d.a.OptionalLiveReloadServer - LiveReload server is running on port 35729 
2024-09-13T14:54:17.774 [restartedMain] INFO o.a.c.h.Http11NioProtocol - Starting ProtocolHandler ["http-nio-8080"] 
2024-09-13T14:54:17.775 [restartedMain] INFO o.s.b.w.e.t.TomcatWebServer - Tomcat started on port 8080 (http) with context path '/' 
2024-09-13T14:54:17.778 [restartedMain] INFO c.e.ZerglingApplication - Started ZerglingApplication in 0.211 seconds (process running for 20013.377) 
2024-09-13T14:54:17.779 [restartedMain] INFO o.s.b.d.a.ConditionEvaluationDeltaLoggingListener - Condition evaluation unchanged 
2024-09-13T14:54:32.495 [File Watcher] INFO o.s.b.d.a.LocalDevToolsAutoConfiguration$RestartingClassPathChangeChangedEventListener - Restarting due to 1 class path change (0 additions, 0 deletions, 1 modification) 
2024-09-13T14:54:32.496 [Thread-223] INFO o.a.c.h.Http11NioProtocol - Stopping ProtocolHandler ["http-nio-8080"] 
2024-09-13T14:54:32.646 [restartedMain] INFO c.e.ZerglingApplication - Starting ZerglingApplication using Java 17.0.11 with PID 2280 (C:\factory\ws_sts4_4240\repo_zergling\zergling\bin\main started by chlee in C:\factory\ws_sts4_4240\repo_zergling\zergling) 
2024-09-13T14:54:32.646 [restartedMain] INFO c.e.ZerglingApplication - No active profile set, falling back to 1 default profile: "default" 
2024-09-13T14:54:32.744 [restartedMain] INFO o.s.b.w.e.t.TomcatWebServer - Tomcat initialized with port 8080 (http) 
2024-09-13T14:54:32.744 [restartedMain] INFO o.a.c.h.Http11NioProtocol - Initializing ProtocolHandler ["http-nio-8080"] 
2024-09-13T14:54:32.744 [restartedMain] INFO o.a.c.c.StandardService - Starting service [Tomcat] 
2024-09-13T14:54:32.744 [restartedMain] INFO o.a.c.c.StandardEngine - Starting Servlet engine: [Apache Tomcat/10.1.28] 
2024-09-13T14:54:32.750 [restartedMain] INFO o.a.c.c.C.[.[.[/] - Initializing Spring embedded WebApplicationContext 
2024-09-13T14:54:32.750 [restartedMain] INFO o.s.b.w.s.c.ServletWebServerApplicationContext - Root WebApplicationContext: initialization completed in 103 ms 
2024-09-13T14:54:32.838 [restartedMain] INFO o.s.b.d.a.OptionalLiveReloadServer - LiveReload server is running on port 35729 
2024-09-13T14:54:32.841 [restartedMain] INFO o.a.c.h.Http11NioProtocol - Starting ProtocolHandler ["http-nio-8080"] 
2024-09-13T14:54:32.843 [restartedMain] INFO o.s.b.w.e.t.TomcatWebServer - Tomcat started on port 8080 (http) with context path '/' 
2024-09-13T14:54:32.846 [restartedMain] INFO c.e.ZerglingApplication - Started ZerglingApplication in 0.211 seconds (process running for 20028.445) 
2024-09-13T14:54:32.848 [restartedMain] INFO o.s.b.d.a.ConditionEvaluationDeltaLoggingListener - Condition evaluation unchanged 
2024-09-13T14:54:39.898 [File Watcher] INFO o.s.b.d.a.LocalDevToolsAutoConfiguration$RestartingClassPathChangeChangedEventListener - Restarting due to 1 class path change (0 additions, 0 deletions, 1 modification) 
2024-09-13T14:54:39.899 [Thread-227] INFO o.a.c.h.Http11NioProtocol - Stopping ProtocolHandler ["http-nio-8080"] 
2024-09-13T14:54:40.043 [restartedMain] INFO c.e.ZerglingApplication - Starting ZerglingApplication using Java 17.0.11 with PID 2280 (C:\factory\ws_sts4_4240\repo_zergling\zergling\bin\main started by chlee in C:\factory\ws_sts4_4240\repo_zergling\zergling) 
2024-09-13T14:54:40.043 [restartedMain] INFO c.e.ZerglingApplication - No active profile set, falling back to 1 default profile: "default" 
2024-09-13T14:54:40.138 [restartedMain] INFO o.s.b.w.e.t.TomcatWebServer - Tomcat initialized with port 8080 (http) 
2024-09-13T14:54:40.138 [restartedMain] INFO o.a.c.h.Http11NioProtocol - Initializing ProtocolHandler ["http-nio-8080"] 
2024-09-13T14:54:40.138 [restartedMain] INFO o.a.c.c.StandardService - Starting service [Tomcat] 
2024-09-13T14:54:40.138 [restartedMain] INFO o.a.c.c.StandardEngine - Starting Servlet engine: [Apache Tomcat/10.1.28] 
2024-09-13T14:54:40.144 [restartedMain] INFO o.a.c.c.C.[.[.[/] - Initializing Spring embedded WebApplicationContext 
2024-09-13T14:54:40.144 [restartedMain] INFO o.s.b.w.s.c.ServletWebServerApplicationContext - Root WebApplicationContext: initialization completed in 100 ms 
2024-09-13T14:54:40.225 [restartedMain] INFO o.s.b.d.a.OptionalLiveReloadServer - LiveReload server is running on port 35729 
2024-09-13T14:54:40.228 [restartedMain] INFO o.a.c.h.Http11NioProtocol - Starting ProtocolHandler ["http-nio-8080"] 
2024-09-13T14:54:40.232 [restartedMain] INFO o.s.b.w.e.t.TomcatWebServer - Tomcat started on port 8080 (http) with context path '/' 
2024-09-13T14:54:40.237 [restartedMain] INFO c.e.ZerglingApplication - Started ZerglingApplication in 0.206 seconds (process running for 20035.836) 
2024-09-13T14:54:40.238 [restartedMain] INFO o.s.b.d.a.ConditionEvaluationDeltaLoggingListener - Condition evaluation unchanged 
2024-09-13T14:54:50.588 [File Watcher] INFO o.s.b.d.a.LocalDevToolsAutoConfiguration$RestartingClassPathChangeChangedEventListener - Restarting due to 1 class path change (0 additions, 0 deletions, 1 modification) 
2024-09-13T14:54:50.590 [Thread-231] INFO o.a.c.h.Http11NioProtocol - Stopping ProtocolHandler ["http-nio-8080"] 
2024-09-13T14:54:50.742 [restartedMain] INFO c.e.ZerglingApplication - Starting ZerglingApplication using Java 17.0.11 with PID 2280 (C:\factory\ws_sts4_4240\repo_zergling\zergling\bin\main started by chlee in C:\factory\ws_sts4_4240\repo_zergling\zergling) 
2024-09-13T14:54:50.742 [restartedMain] INFO c.e.ZerglingApplication - No active profile set, falling back to 1 default profile: "default" 
2024-09-13T14:54:50.863 [restartedMain] INFO o.s.b.w.e.t.TomcatWebServer - Tomcat initialized with port 8080 (http) 
2024-09-13T14:54:50.863 [restartedMain] INFO o.a.c.h.Http11NioProtocol - Initializing ProtocolHandler ["http-nio-8080"] 
2024-09-13T14:54:50.863 [restartedMain] INFO o.a.c.c.StandardService - Starting service [Tomcat] 
2024-09-13T14:54:50.863 [restartedMain] INFO o.a.c.c.StandardEngine - Starting Servlet engine: [Apache Tomcat/10.1.28] 
2024-09-13T14:54:50.870 [restartedMain] INFO o.a.c.c.C.[.[.[/] - Initializing Spring embedded WebApplicationContext 
2024-09-13T14:54:50.870 [restartedMain] INFO o.s.b.w.s.c.ServletWebServerApplicationContext - Root WebApplicationContext: initialization completed in 127 ms 
2024-09-13T14:54:50.960 [restartedMain] INFO o.s.b.d.a.OptionalLiveReloadServer - LiveReload server is running on port 35729 
2024-09-13T14:54:50.964 [restartedMain] INFO o.a.c.h.Http11NioProtocol - Starting ProtocolHandler ["http-nio-8080"] 
2024-09-13T14:54:50.967 [restartedMain] INFO o.s.b.w.e.t.TomcatWebServer - Tomcat started on port 8080 (http) with context path '/' 
2024-09-13T14:54:50.971 [restartedMain] INFO c.e.ZerglingApplication - Started ZerglingApplication in 0.244 seconds (process running for 20046.57) 
2024-09-13T14:54:50.972 [restartedMain] INFO o.s.b.d.a.ConditionEvaluationDeltaLoggingListener - Condition evaluation unchanged 
2024-09-13T14:56:20.544 [File Watcher] INFO o.s.b.d.a.LocalDevToolsAutoConfiguration$RestartingClassPathChangeChangedEventListener - Restarting due to 1 class path change (0 additions, 0 deletions, 1 modification) 
2024-09-13T14:56:20.545 [Thread-235] INFO o.a.c.h.Http11NioProtocol - Stopping ProtocolHandler ["http-nio-8080"] 
2024-09-13T14:56:20.702 [restartedMain] INFO c.e.ZerglingApplication - Starting ZerglingApplication using Java 17.0.11 with PID 2280 (C:\factory\ws_sts4_4240\repo_zergling\zergling\bin\main started by chlee in C:\factory\ws_sts4_4240\repo_zergling\zergling) 
2024-09-13T14:56:20.702 [restartedMain] INFO c.e.ZerglingApplication - No active profile set, falling back to 1 default profile: "default" 
2024-09-13T14:56:20.820 [restartedMain] INFO o.s.b.w.e.t.TomcatWebServer - Tomcat initialized with port 8080 (http) 
2024-09-13T14:56:20.820 [restartedMain] INFO o.a.c.h.Http11NioProtocol - Initializing ProtocolHandler ["http-nio-8080"] 
2024-09-13T14:56:20.821 [restartedMain] INFO o.a.c.c.StandardService - Starting service [Tomcat] 
2024-09-13T14:56:20.821 [restartedMain] INFO o.a.c.c.StandardEngine - Starting Servlet engine: [Apache Tomcat/10.1.28] 
2024-09-13T14:56:20.828 [restartedMain] INFO o.a.c.c.C.[.[.[/] - Initializing Spring embedded WebApplicationContext 
2024-09-13T14:56:20.828 [restartedMain] INFO o.s.b.w.s.c.ServletWebServerApplicationContext - Root WebApplicationContext: initialization completed in 125 ms 
2024-09-13T14:56:20.942 [restartedMain] INFO o.s.b.d.a.OptionalLiveReloadServer - LiveReload server is running on port 35729 
2024-09-13T14:56:20.946 [restartedMain] INFO o.a.c.h.Http11NioProtocol - Starting ProtocolHandler ["http-nio-8080"] 
2024-09-13T14:56:20.948 [restartedMain] INFO o.s.b.w.e.t.TomcatWebServer - Tomcat started on port 8080 (http) with context path '/' 
2024-09-13T14:56:20.954 [restartedMain] INFO c.e.ZerglingApplication - Started ZerglingApplication in 0.263 seconds (process running for 20136.552) 
2024-09-13T14:56:20.954 [restartedMain] INFO o.s.b.d.a.ConditionEvaluationDeltaLoggingListener - Condition evaluation unchanged 
2024-09-13T14:57:13.037 [File Watcher] INFO o.s.b.d.a.LocalDevToolsAutoConfiguration$RestartingClassPathChangeChangedEventListener - Restarting due to 1 class path change (0 additions, 0 deletions, 1 modification) 
2024-09-13T14:57:13.039 [Thread-239] INFO o.a.c.h.Http11NioProtocol - Stopping ProtocolHandler ["http-nio-8080"] 
2024-09-13T14:57:13.177 [restartedMain] INFO c.e.ZerglingApplication - Starting ZerglingApplication using Java 17.0.11 with PID 2280 (C:\factory\ws_sts4_4240\repo_zergling\zergling\bin\main started by chlee in C:\factory\ws_sts4_4240\repo_zergling\zergling) 
2024-09-13T14:57:13.177 [restartedMain] INFO c.e.ZerglingApplication - No active profile set, falling back to 1 default profile: "default" 
2024-09-13T14:57:13.297 [restartedMain] INFO o.s.b.w.e.t.TomcatWebServer - Tomcat initialized with port 8080 (http) 
2024-09-13T14:57:13.297 [restartedMain] INFO o.a.c.h.Http11NioProtocol - Initializing ProtocolHandler ["http-nio-8080"] 
2024-09-13T14:57:13.297 [restartedMain] INFO o.a.c.c.StandardService - Starting service [Tomcat] 
2024-09-13T14:57:13.297 [restartedMain] INFO o.a.c.c.StandardEngine - Starting Servlet engine: [Apache Tomcat/10.1.28] 
2024-09-13T14:57:13.302 [restartedMain] INFO o.a.c.c.C.[.[.[/] - Initializing Spring embedded WebApplicationContext 
2024-09-13T14:57:13.302 [restartedMain] INFO o.s.b.w.s.c.ServletWebServerApplicationContext - Root WebApplicationContext: initialization completed in 123 ms 
2024-09-13T14:57:13.379 [restartedMain] INFO o.s.b.d.a.OptionalLiveReloadServer - LiveReload server is running on port 35729 
2024-09-13T14:57:13.382 [restartedMain] INFO o.a.c.h.Http11NioProtocol - Starting ProtocolHandler ["http-nio-8080"] 
2024-09-13T14:57:13.384 [restartedMain] INFO o.s.b.w.e.t.TomcatWebServer - Tomcat started on port 8080 (http) with context path '/' 
2024-09-13T14:57:13.388 [restartedMain] INFO c.e.ZerglingApplication - Started ZerglingApplication in 0.22 seconds (process running for 20188.986) 
2024-09-13T14:57:13.389 [restartedMain] INFO o.s.b.d.a.ConditionEvaluationDeltaLoggingListener - Condition evaluation unchanged 
2024-09-13T14:57:14.939 [File Watcher] INFO o.s.b.d.a.LocalDevToolsAutoConfiguration$RestartingClassPathChangeChangedEventListener - Restarting due to 1 class path change (0 additions, 0 deletions, 1 modification) 
2024-09-13T14:57:14.940 [Thread-243] INFO o.a.c.h.Http11NioProtocol - Stopping ProtocolHandler ["http-nio-8080"] 
2024-09-13T14:57:15.070 [restartedMain] INFO c.e.ZerglingApplication - Starting ZerglingApplication using Java 17.0.11 with PID 2280 (C:\factory\ws_sts4_4240\repo_zergling\zergling\bin\main started by chlee in C:\factory\ws_sts4_4240\repo_zergling\zergling) 
2024-09-13T14:57:15.070 [restartedMain] INFO c.e.ZerglingApplication - No active profile set, falling back to 1 default profile: "default" 
2024-09-13T14:57:15.159 [restartedMain] INFO o.s.b.w.e.t.TomcatWebServer - Tomcat initialized with port 8080 (http) 
2024-09-13T14:57:15.159 [restartedMain] INFO o.a.c.h.Http11NioProtocol - Initializing ProtocolHandler ["http-nio-8080"] 
2024-09-13T14:57:15.159 [restartedMain] INFO o.a.c.c.StandardService - Starting service [Tomcat] 
2024-09-13T14:57:15.159 [restartedMain] INFO o.a.c.c.StandardEngine - Starting Servlet engine: [Apache Tomcat/10.1.28] 
2024-09-13T14:57:15.164 [restartedMain] INFO o.a.c.c.C.[.[.[/] - Initializing Spring embedded WebApplicationContext 
2024-09-13T14:57:15.164 [restartedMain] INFO o.s.b.w.s.c.ServletWebServerApplicationContext - Root WebApplicationContext: initialization completed in 93 ms 
2024-09-13T14:57:15.242 [restartedMain] INFO o.s.b.d.a.OptionalLiveReloadServer - LiveReload server is running on port 35729 
2024-09-13T14:57:15.246 [restartedMain] INFO o.a.c.h.Http11NioProtocol - Starting ProtocolHandler ["http-nio-8080"] 
2024-09-13T14:57:15.248 [restartedMain] INFO o.s.b.w.e.t.TomcatWebServer - Tomcat started on port 8080 (http) with context path '/' 
2024-09-13T14:57:15.252 [restartedMain] INFO c.e.ZerglingApplication - Started ZerglingApplication in 0.192 seconds (process running for 20190.851) 
2024-09-13T14:57:15.253 [restartedMain] INFO o.s.b.d.a.ConditionEvaluationDeltaLoggingListener - Condition evaluation unchanged 
2024-09-13T14:57:23.276 [File Watcher] INFO o.s.b.d.a.LocalDevToolsAutoConfiguration$RestartingClassPathChangeChangedEventListener - Restarting due to 1 class path change (0 additions, 0 deletions, 1 modification) 
2024-09-13T14:57:23.279 [Thread-247] INFO o.a.c.h.Http11NioProtocol - Stopping ProtocolHandler ["http-nio-8080"] 
2024-09-13T14:57:23.541 [restartedMain] INFO c.e.ZerglingApplication - Starting ZerglingApplication using Java 17.0.11 with PID 2280 (C:\factory\ws_sts4_4240\repo_zergling\zergling\bin\main started by chlee in C:\factory\ws_sts4_4240\repo_zergling\zergling) 
2024-09-13T14:57:23.541 [restartedMain] INFO c.e.ZerglingApplication - No active profile set, falling back to 1 default profile: "default" 
2024-09-13T14:57:23.645 [restartedMain] INFO o.s.b.w.e.t.TomcatWebServer - Tomcat initialized with port 8080 (http) 
2024-09-13T14:57:23.645 [restartedMain] INFO o.a.c.h.Http11NioProtocol - Initializing ProtocolHandler ["http-nio-8080"] 
2024-09-13T14:57:23.646 [restartedMain] INFO o.a.c.c.StandardService - Starting service [Tomcat] 
2024-09-13T14:57:23.646 [restartedMain] INFO o.a.c.c.StandardEngine - Starting Servlet engine: [Apache Tomcat/10.1.28] 
2024-09-13T14:57:23.655 [restartedMain] INFO o.a.c.c.C.[.[.[/] - Initializing Spring embedded WebApplicationContext 
2024-09-13T14:57:23.655 [restartedMain] INFO o.s.b.w.s.c.ServletWebServerApplicationContext - Root WebApplicationContext: initialization completed in 113 ms 
2024-09-13T14:57:23.749 [restartedMain] INFO o.s.b.d.a.OptionalLiveReloadServer - LiveReload server is running on port 35729 
2024-09-13T14:57:23.752 [restartedMain] INFO o.a.c.h.Http11NioProtocol - Starting ProtocolHandler ["http-nio-8080"] 
2024-09-13T14:57:23.754 [restartedMain] INFO o.s.b.w.e.t.TomcatWebServer - Tomcat started on port 8080 (http) with context path '/' 
2024-09-13T14:57:23.758 [restartedMain] INFO c.e.ZerglingApplication - Started ZerglingApplication in 0.231 seconds (process running for 20199.357) 
2024-09-13T14:57:23.759 [restartedMain] INFO o.s.b.d.a.ConditionEvaluationDeltaLoggingListener - Condition evaluation unchanged 
2024-09-13T14:57:23.969 [http-nio-8080-exec-3] INFO o.a.c.c.C.[.[.[/] - Initializing Spring DispatcherServlet 'dispatcherServlet' 
2024-09-13T14:57:23.970 [http-nio-8080-exec-3] INFO o.s.w.s.DispatcherServlet - Initializing Servlet 'dispatcherServlet' 
2024-09-13T14:57:23.970 [http-nio-8080-exec-3] INFO o.s.w.s.DispatcherServlet - Completed initialization in 0 ms 
2024-09-13T14:57:23.971 [http-nio-8080-exec-3] INFO c.z.h.HikariDataSource - HikariPool-14 - Starting... 
2024-09-13T14:57:23.982 [http-nio-8080-exec-3] INFO c.z.h.p.HikariPool - HikariPool-14 - Added connection net.sf.log4jdbc.sql.jdbcapi.ConnectionSpy@4298ebd1 
2024-09-13T14:57:23.982 [http-nio-8080-exec-3] INFO c.z.h.HikariDataSource - HikariPool-14 - Start completed. 
2024-09-13T14:57:23.983 [http-nio-8080-exec-3] DEBUG j.sqltiming -  com.zaxxer.hikari.pool.ProxyPreparedStatement.execute(ProxyPreparedStatement.java:44)
198. select
				a.seq
			    ,a.admNy
			    ,a.name
			    ,a.userId
			    ,a.userPassword
			    ,a.gender
			    ,a.dateOfBirth
			    ,a.email
			    ,a.phoneNum
			    ,a.userDesc
			    ,a.regDate
			    ,a.modDate
			    ,a.delNy
			from
				user a
			where 1=1

			order by a.seq desc
 {executed in 1 msec} 
2024-09-13T14:57:23.985 [http-nio-8080-exec-3] DEBUG j.sqltiming -  com.zaxxer.hikari.pool.ProxyPreparedStatement.execute(ProxyPreparedStatement.java:44)
198. select
				a.seq
			    ,a.admNy
			    ,a.name
			    ,a.userId
			    ,a.userPassword
			    ,a.gender
			    ,a.dateOfBirth
			    ,a.email
			    ,a.phoneNum
			    ,a.userDesc
			    ,a.regDate
			    ,a.modDate
			    ,a.delNy
			from
				user a
			where 1=1

			order by a.seq desc
 {executed in 0 msec} 
2024-09-13T14:57:36.474 [http-nio-8080-exec-9] DEBUG j.sqltiming -  com.zaxxer.hikari.pool.ProxyPreparedStatement.execute(ProxyPreparedStatement.java:44)
198. select
				a.seq
			    ,a.admNy
			    ,a.name
			    ,a.userId
			    ,a.userPassword
			    ,a.gender
			    ,a.dateOfBirth
			    ,a.email
			    ,a.phoneNum
			    ,a.userDesc
			    ,a.regDate
			    ,a.modDate
			    ,a.delNy
			from
				user a
			where 1=1

			order by a.seq desc
 {executed in 1 msec} 
2024-09-13T14:57:36.478 [http-nio-8080-exec-9] DEBUG j.sqltiming -  com.zaxxer.hikari.pool.ProxyPreparedStatement.execute(ProxyPreparedStatement.java:44)
198. select
				a.seq
			    ,a.admNy
			    ,a.name
			    ,a.userId
			    ,a.userPassword
			    ,a.gender
			    ,a.dateOfBirth
			    ,a.email
			    ,a.phoneNum
			    ,a.userDesc
			    ,a.regDate
			    ,a.modDate
			    ,a.delNy
			from
				user a
			where 1=1

			order by a.seq desc
 {executed in 0 msec} 
2024-09-13T14:57:44.908 [http-nio-8080-exec-3] DEBUG j.sqltiming -  com.zaxxer.hikari.pool.ProxyPreparedStatement.execute(ProxyPreparedStatement.java:44)
198. select
				a.seq
			    ,a.admNy
			    ,a.name
			    ,a.userId
			    ,a.userPassword
			    ,a.gender
			    ,a.dateOfBirth
			    ,a.email
			    ,a.phoneNum
			    ,a.userDesc
			    ,a.regDate
			    ,a.modDate
			    ,a.delNy
			from
				user a
			where 1=1

			order by a.seq desc
 {executed in 0 msec} 
2024-09-13T14:57:44.909 [http-nio-8080-exec-3] DEBUG j.sqltiming -  com.zaxxer.hikari.pool.ProxyPreparedStatement.execute(ProxyPreparedStatement.java:44)
198. select
				a.seq
			    ,a.admNy
			    ,a.name
			    ,a.userId
			    ,a.userPassword
			    ,a.gender
			    ,a.dateOfBirth
			    ,a.email
			    ,a.phoneNum
			    ,a.userDesc
			    ,a.regDate
			    ,a.modDate
			    ,a.delNy
			from
				user a
			where 1=1

			order by a.seq desc
 {executed in 1 msec} 
2024-09-13T14:57:47.857 [http-nio-8080-exec-3] DEBUG j.sqltiming -  com.zaxxer.hikari.pool.ProxyPreparedStatement.execute(ProxyPreparedStatement.java:44)
198. select
				a.seq
			    ,a.admNy
			    ,a.name
			    ,a.userId
			    ,a.userPassword
			    ,a.gender
			    ,a.dateOfBirth
			    ,a.email
			    ,a.phoneNum
			    ,a.userDesc
			    ,a.regDate
			    ,a.modDate
			    ,a.delNy
			from
				user a
			where 1=1

			order by a.seq desc
 {executed in 1 msec} 
2024-09-13T14:57:47.859 [http-nio-8080-exec-3] DEBUG j.sqltiming -  com.zaxxer.hikari.pool.ProxyPreparedStatement.execute(ProxyPreparedStatement.java:44)
198. select
				a.seq
			    ,a.admNy
			    ,a.name
			    ,a.userId
			    ,a.userPassword
			    ,a.gender
			    ,a.dateOfBirth
			    ,a.email
			    ,a.phoneNum
			    ,a.userDesc
			    ,a.regDate
			    ,a.modDate
			    ,a.delNy
			from
				user a
			where 1=1

			order by a.seq desc
 {executed in 1 msec} 
2024-09-13T14:58:19.772 [File Watcher] INFO o.s.b.d.a.LocalDevToolsAutoConfiguration$RestartingClassPathChangeChangedEventListener - Restarting due to 2 class path changes (0 additions, 0 deletions, 2 modifications) 
2024-09-13T14:58:19.773 [Thread-251] INFO o.a.c.h.Http11NioProtocol - Stopping ProtocolHandler ["http-nio-8080"] 
2024-09-13T14:58:19.856 [Thread-251] INFO c.z.h.HikariDataSource - HikariPool-14 - Shutdown initiated... 
2024-09-13T14:58:19.859 [Thread-251] INFO c.z.h.HikariDataSource - HikariPool-14 - Shutdown completed. 
2024-09-13T14:58:19.928 [restartedMain] INFO c.e.ZerglingApplication - Starting ZerglingApplication using Java 17.0.11 with PID 2280 (C:\factory\ws_sts4_4240\repo_zergling\zergling\bin\main started by chlee in C:\factory\ws_sts4_4240\repo_zergling\zergling) 
2024-09-13T14:58:19.928 [restartedMain] INFO c.e.ZerglingApplication - No active profile set, falling back to 1 default profile: "default" 
2024-09-13T14:58:20.032 [restartedMain] INFO o.s.b.w.e.t.TomcatWebServer - Tomcat initialized with port 8080 (http) 
2024-09-13T14:58:20.032 [restartedMain] INFO o.a.c.h.Http11NioProtocol - Initializing ProtocolHandler ["http-nio-8080"] 
2024-09-13T14:58:20.032 [restartedMain] INFO o.a.c.c.StandardService - Starting service [Tomcat] 
2024-09-13T14:58:20.032 [restartedMain] INFO o.a.c.c.StandardEngine - Starting Servlet engine: [Apache Tomcat/10.1.28] 
2024-09-13T14:58:20.039 [restartedMain] INFO o.a.c.c.C.[.[.[/] - Initializing Spring embedded WebApplicationContext 
2024-09-13T14:58:20.039 [restartedMain] INFO o.s.b.w.s.c.ServletWebServerApplicationContext - Root WebApplicationContext: initialization completed in 110 ms 
2024-09-13T14:58:20.133 [restartedMain] INFO o.s.b.d.a.OptionalLiveReloadServer - LiveReload server is running on port 35729 
2024-09-13T14:58:20.137 [restartedMain] INFO o.a.c.h.Http11NioProtocol - Starting ProtocolHandler ["http-nio-8080"] 
2024-09-13T14:58:20.140 [restartedMain] INFO o.s.b.w.e.t.TomcatWebServer - Tomcat started on port 8080 (http) with context path '/' 
2024-09-13T14:58:20.144 [restartedMain] INFO c.e.ZerglingApplication - Started ZerglingApplication in 0.231 seconds (process running for 20255.742) 
2024-09-13T14:58:20.146 [restartedMain] INFO o.s.b.d.a.ConditionEvaluationDeltaLoggingListener - Condition evaluation unchanged 
2024-09-13T14:58:30.510 [File Watcher] INFO o.s.b.d.a.LocalDevToolsAutoConfiguration$RestartingClassPathChangeChangedEventListener - Restarting due to 2 class path changes (0 additions, 0 deletions, 2 modifications) 
2024-09-13T14:58:30.513 [Thread-255] INFO o.a.c.h.Http11NioProtocol - Stopping ProtocolHandler ["http-nio-8080"] 
2024-09-13T14:58:30.661 [restartedMain] INFO c.e.ZerglingApplication - Starting ZerglingApplication using Java 17.0.11 with PID 2280 (C:\factory\ws_sts4_4240\repo_zergling\zergling\bin\main started by chlee in C:\factory\ws_sts4_4240\repo_zergling\zergling) 
2024-09-13T14:58:30.662 [restartedMain] INFO c.e.ZerglingApplication - No active profile set, falling back to 1 default profile: "default" 
2024-09-13T14:58:30.761 [restartedMain] INFO o.s.b.w.e.t.TomcatWebServer - Tomcat initialized with port 8080 (http) 
2024-09-13T14:58:30.762 [restartedMain] INFO o.a.c.h.Http11NioProtocol - Initializing ProtocolHandler ["http-nio-8080"] 
2024-09-13T14:58:30.762 [restartedMain] INFO o.a.c.c.StandardService - Starting service [Tomcat] 
2024-09-13T14:58:30.762 [restartedMain] INFO o.a.c.c.StandardEngine - Starting Servlet engine: [Apache Tomcat/10.1.28] 
2024-09-13T14:58:30.767 [restartedMain] INFO o.a.c.c.C.[.[.[/] - Initializing Spring embedded WebApplicationContext 
2024-09-13T14:58:30.767 [restartedMain] INFO o.s.b.w.s.c.ServletWebServerApplicationContext - Root WebApplicationContext: initialization completed in 105 ms 
2024-09-13T14:58:30.848 [restartedMain] INFO o.s.b.d.a.OptionalLiveReloadServer - LiveReload server is running on port 35729 
2024-09-13T14:58:30.851 [restartedMain] INFO o.a.c.h.Http11NioProtocol - Starting ProtocolHandler ["http-nio-8080"] 
2024-09-13T14:58:30.853 [restartedMain] INFO o.s.b.w.e.t.TomcatWebServer - Tomcat started on port 8080 (http) with context path '/' 
2024-09-13T14:58:30.858 [restartedMain] INFO c.e.ZerglingApplication - Started ZerglingApplication in 0.209 seconds (process running for 20266.456) 
2024-09-13T14:58:30.860 [restartedMain] INFO o.s.b.d.a.ConditionEvaluationDeltaLoggingListener - Condition evaluation unchanged 
2024-09-13T14:58:34.564 [File Watcher] INFO o.s.b.d.a.LocalDevToolsAutoConfiguration$RestartingClassPathChangeChangedEventListener - Restarting due to 1 class path change (0 additions, 0 deletions, 1 modification) 
2024-09-13T14:58:34.565 [Thread-259] INFO o.a.c.h.Http11NioProtocol - Stopping ProtocolHandler ["http-nio-8080"] 
2024-09-13T14:58:34.709 [restartedMain] INFO c.e.ZerglingApplication - Starting ZerglingApplication using Java 17.0.11 with PID 2280 (C:\factory\ws_sts4_4240\repo_zergling\zergling\bin\main started by chlee in C:\factory\ws_sts4_4240\repo_zergling\zergling) 
2024-09-13T14:58:34.709 [restartedMain] INFO c.e.ZerglingApplication - No active profile set, falling back to 1 default profile: "default" 
2024-09-13T14:58:34.813 [restartedMain] INFO o.s.b.w.e.t.TomcatWebServer - Tomcat initialized with port 8080 (http) 
2024-09-13T14:58:34.813 [restartedMain] INFO o.a.c.h.Http11NioProtocol - Initializing ProtocolHandler ["http-nio-8080"] 
2024-09-13T14:58:34.813 [restartedMain] INFO o.a.c.c.StandardService - Starting service [Tomcat] 
2024-09-13T14:58:34.813 [restartedMain] INFO o.a.c.c.StandardEngine - Starting Servlet engine: [Apache Tomcat/10.1.28] 
2024-09-13T14:58:34.818 [restartedMain] INFO o.a.c.c.C.[.[.[/] - Initializing Spring embedded WebApplicationContext 
2024-09-13T14:58:34.819 [restartedMain] INFO o.s.b.w.s.c.ServletWebServerApplicationContext - Root WebApplicationContext: initialization completed in 109 ms 
2024-09-13T14:58:34.895 [restartedMain] INFO o.s.b.d.a.OptionalLiveReloadServer - LiveReload server is running on port 35729 
2024-09-13T14:58:34.898 [restartedMain] INFO o.a.c.h.Http11NioProtocol - Starting ProtocolHandler ["http-nio-8080"] 
2024-09-13T14:58:34.900 [restartedMain] INFO o.s.b.w.e.t.TomcatWebServer - Tomcat started on port 8080 (http) with context path '/' 
2024-09-13T14:58:34.908 [restartedMain] INFO c.e.ZerglingApplication - Started ZerglingApplication in 0.212 seconds (process running for 20270.507) 
2024-09-13T14:58:34.909 [restartedMain] INFO o.s.b.d.a.ConditionEvaluationDeltaLoggingListener - Condition evaluation unchanged 
2024-09-13T14:58:47.390 [File Watcher] INFO o.s.b.d.a.LocalDevToolsAutoConfiguration$RestartingClassPathChangeChangedEventListener - Restarting due to 1 class path change (0 additions, 0 deletions, 1 modification) 
2024-09-13T14:58:47.392 [Thread-263] INFO o.a.c.h.Http11NioProtocol - Stopping ProtocolHandler ["http-nio-8080"] 
2024-09-13T14:58:47.554 [restartedMain] INFO c.e.ZerglingApplication - Starting ZerglingApplication using Java 17.0.11 with PID 2280 (C:\factory\ws_sts4_4240\repo_zergling\zergling\bin\main started by chlee in C:\factory\ws_sts4_4240\repo_zergling\zergling) 
2024-09-13T14:58:47.555 [restartedMain] INFO c.e.ZerglingApplication - No active profile set, falling back to 1 default profile: "default" 
2024-09-13T14:58:47.680 [restartedMain] INFO o.s.b.w.e.t.TomcatWebServer - Tomcat initialized with port 8080 (http) 
2024-09-13T14:58:47.680 [restartedMain] INFO o.a.c.h.Http11NioProtocol - Initializing ProtocolHandler ["http-nio-8080"] 
2024-09-13T14:58:47.680 [restartedMain] INFO o.a.c.c.StandardService - Starting service [Tomcat] 
2024-09-13T14:58:47.680 [restartedMain] INFO o.a.c.c.StandardEngine - Starting Servlet engine: [Apache Tomcat/10.1.28] 
2024-09-13T14:58:47.686 [restartedMain] INFO o.a.c.c.C.[.[.[/] - Initializing Spring embedded WebApplicationContext 
2024-09-13T14:58:47.686 [restartedMain] INFO o.s.b.w.s.c.ServletWebServerApplicationContext - Root WebApplicationContext: initialization completed in 131 ms 
2024-09-13T14:58:47.778 [restartedMain] INFO o.s.b.d.a.OptionalLiveReloadServer - LiveReload server is running on port 35729 
2024-09-13T14:58:47.783 [restartedMain] INFO o.a.c.h.Http11NioProtocol - Starting ProtocolHandler ["http-nio-8080"] 
2024-09-13T14:58:47.784 [restartedMain] INFO o.s.b.w.e.t.TomcatWebServer - Tomcat started on port 8080 (http) with context path '/' 
2024-09-13T14:58:47.790 [restartedMain] INFO c.e.ZerglingApplication - Started ZerglingApplication in 0.25 seconds (process running for 20283.388) 
2024-09-13T14:58:47.791 [restartedMain] INFO o.s.b.d.a.ConditionEvaluationDeltaLoggingListener - Condition evaluation unchanged 
2024-09-13T14:58:51.527 [File Watcher] INFO o.s.b.d.a.LocalDevToolsAutoConfiguration$RestartingClassPathChangeChangedEventListener - Restarting due to 1 class path change (0 additions, 0 deletions, 1 modification) 
2024-09-13T14:58:51.529 [Thread-267] INFO o.a.c.h.Http11NioProtocol - Stopping ProtocolHandler ["http-nio-8080"] 
2024-09-13T14:58:51.700 [restartedMain] INFO c.e.ZerglingApplication - Starting ZerglingApplication using Java 17.0.11 with PID 2280 (C:\factory\ws_sts4_4240\repo_zergling\zergling\bin\main started by chlee in C:\factory\ws_sts4_4240\repo_zergling\zergling) 
2024-09-13T14:58:51.701 [restartedMain] INFO c.e.ZerglingApplication - No active profile set, falling back to 1 default profile: "default" 
2024-09-13T14:58:51.817 [restartedMain] INFO o.s.b.w.e.t.TomcatWebServer - Tomcat initialized with port 8080 (http) 
2024-09-13T14:58:51.817 [restartedMain] INFO o.a.c.h.Http11NioProtocol - Initializing ProtocolHandler ["http-nio-8080"] 
2024-09-13T14:58:51.817 [restartedMain] INFO o.a.c.c.StandardService - Starting service [Tomcat] 
2024-09-13T14:58:51.817 [restartedMain] INFO o.a.c.c.StandardEngine - Starting Servlet engine: [Apache Tomcat/10.1.28] 
2024-09-13T14:58:51.825 [restartedMain] INFO o.a.c.c.C.[.[.[/] - Initializing Spring embedded WebApplicationContext 
2024-09-13T14:58:51.825 [restartedMain] INFO o.s.b.w.s.c.ServletWebServerApplicationContext - Root WebApplicationContext: initialization completed in 124 ms 
2024-09-13T14:58:51.918 [restartedMain] INFO o.s.b.d.a.OptionalLiveReloadServer - LiveReload server is running on port 35729 
2024-09-13T14:58:51.923 [restartedMain] INFO o.a.c.h.Http11NioProtocol - Starting ProtocolHandler ["http-nio-8080"] 
2024-09-13T14:58:51.924 [restartedMain] INFO o.s.b.w.e.t.TomcatWebServer - Tomcat started on port 8080 (http) with context path '/' 
2024-09-13T14:58:51.926 [restartedMain] INFO c.e.ZerglingApplication - Started ZerglingApplication in 0.238 seconds (process running for 20287.525) 
2024-09-13T14:58:51.927 [restartedMain] INFO o.s.b.d.a.ConditionEvaluationDeltaLoggingListener - Condition evaluation unchanged 
2024-09-13T14:58:56.716 [File Watcher] INFO o.s.b.d.a.LocalDevToolsAutoConfiguration$RestartingClassPathChangeChangedEventListener - Restarting due to 1 class path change (0 additions, 0 deletions, 1 modification) 
2024-09-13T14:58:56.717 [Thread-271] INFO o.a.c.h.Http11NioProtocol - Stopping ProtocolHandler ["http-nio-8080"] 
2024-09-13T14:58:56.876 [restartedMain] INFO c.e.ZerglingApplication - Starting ZerglingApplication using Java 17.0.11 with PID 2280 (C:\factory\ws_sts4_4240\repo_zergling\zergling\bin\main started by chlee in C:\factory\ws_sts4_4240\repo_zergling\zergling) 
2024-09-13T14:58:56.876 [restartedMain] INFO c.e.ZerglingApplication - No active profile set, falling back to 1 default profile: "default" 
2024-09-13T14:58:57.050 [restartedMain] INFO o.s.b.w.e.t.TomcatWebServer - Tomcat initialized with port 8080 (http) 
2024-09-13T14:58:57.051 [restartedMain] INFO o.a.c.h.Http11NioProtocol - Initializing ProtocolHandler ["http-nio-8080"] 
2024-09-13T14:58:57.051 [restartedMain] INFO o.a.c.c.StandardService - Starting service [Tomcat] 
2024-09-13T14:58:57.051 [restartedMain] INFO o.a.c.c.StandardEngine - Starting Servlet engine: [Apache Tomcat/10.1.28] 
2024-09-13T14:58:57.058 [restartedMain] INFO o.a.c.c.C.[.[.[/] - Initializing Spring embedded WebApplicationContext 
2024-09-13T14:58:57.058 [restartedMain] INFO o.s.b.w.s.c.ServletWebServerApplicationContext - Root WebApplicationContext: initialization completed in 181 ms 
2024-09-13T14:58:57.146 [restartedMain] INFO o.s.b.d.a.OptionalLiveReloadServer - LiveReload server is running on port 35729 
2024-09-13T14:58:57.149 [restartedMain] INFO o.a.c.h.Http11NioProtocol - Starting ProtocolHandler ["http-nio-8080"] 
2024-09-13T14:58:57.155 [restartedMain] INFO o.s.b.w.e.t.TomcatWebServer - Tomcat started on port 8080 (http) with context path '/' 
2024-09-13T14:58:57.158 [restartedMain] INFO c.e.ZerglingApplication - Started ZerglingApplication in 0.295 seconds (process running for 20292.757) 
2024-09-13T14:58:57.159 [restartedMain] INFO o.s.b.d.a.ConditionEvaluationDeltaLoggingListener - Condition evaluation unchanged 
2024-09-13T14:58:58.755 [File Watcher] INFO o.s.b.d.a.LocalDevToolsAutoConfiguration$RestartingClassPathChangeChangedEventListener - Restarting due to 1 class path change (0 additions, 0 deletions, 1 modification) 
2024-09-13T14:58:58.756 [Thread-275] INFO o.a.c.h.Http11NioProtocol - Stopping ProtocolHandler ["http-nio-8080"] 
2024-09-13T14:58:58.898 [restartedMain] INFO c.e.ZerglingApplication - Starting ZerglingApplication using Java 17.0.11 with PID 2280 (C:\factory\ws_sts4_4240\repo_zergling\zergling\bin\main started by chlee in C:\factory\ws_sts4_4240\repo_zergling\zergling) 
2024-09-13T14:58:58.898 [restartedMain] INFO c.e.ZerglingApplication - No active profile set, falling back to 1 default profile: "default" 
2024-09-13T14:58:58.992 [restartedMain] INFO o.s.b.w.e.t.TomcatWebServer - Tomcat initialized with port 8080 (http) 
2024-09-13T14:58:58.992 [restartedMain] INFO o.a.c.h.Http11NioProtocol - Initializing ProtocolHandler ["http-nio-8080"] 
2024-09-13T14:58:58.992 [restartedMain] INFO o.a.c.c.StandardService - Starting service [Tomcat] 
2024-09-13T14:58:58.994 [restartedMain] INFO o.a.c.c.StandardEngine - Starting Servlet engine: [Apache Tomcat/10.1.28] 
2024-09-13T14:58:58.998 [restartedMain] INFO o.a.c.c.C.[.[.[/] - Initializing Spring embedded WebApplicationContext 
2024-09-13T14:58:58.998 [restartedMain] INFO o.s.b.w.s.c.ServletWebServerApplicationContext - Root WebApplicationContext: initialization completed in 99 ms 
2024-09-13T14:58:59.085 [restartedMain] INFO o.s.b.d.a.OptionalLiveReloadServer - LiveReload server is running on port 35729 
2024-09-13T14:58:59.090 [restartedMain] INFO o.a.c.h.Http11NioProtocol - Starting ProtocolHandler ["http-nio-8080"] 
2024-09-13T14:58:59.096 [restartedMain] INFO o.s.b.w.e.t.TomcatWebServer - Tomcat started on port 8080 (http) with context path '/' 
2024-09-13T14:58:59.099 [restartedMain] INFO c.e.ZerglingApplication - Started ZerglingApplication in 0.213 seconds (process running for 20294.698) 
2024-09-13T14:58:59.100 [restartedMain] INFO o.s.b.d.a.ConditionEvaluationDeltaLoggingListener - Condition evaluation unchanged 
2024-09-13T14:59:01.634 [http-nio-8080-exec-5] INFO o.a.c.c.C.[.[.[/] - Initializing Spring DispatcherServlet 'dispatcherServlet' 
2024-09-13T14:59:01.634 [http-nio-8080-exec-5] INFO o.s.w.s.DispatcherServlet - Initializing Servlet 'dispatcherServlet' 
2024-09-13T14:59:01.634 [http-nio-8080-exec-5] INFO o.s.w.s.DispatcherServlet - Completed initialization in 0 ms 
2024-09-13T14:59:01.637 [http-nio-8080-exec-5] INFO c.z.h.HikariDataSource - HikariPool-15 - Starting... 
2024-09-13T14:59:01.645 [http-nio-8080-exec-5] INFO c.z.h.p.HikariPool - HikariPool-15 - Added connection net.sf.log4jdbc.sql.jdbcapi.ConnectionSpy@735870dd 
2024-09-13T14:59:01.645 [http-nio-8080-exec-5] INFO c.z.h.HikariDataSource - HikariPool-15 - Start completed. 
2024-09-13T14:59:01.646 [http-nio-8080-exec-5] DEBUG j.sqltiming -  com.zaxxer.hikari.pool.ProxyPreparedStatement.execute(ProxyPreparedStatement.java:44)
208. select
				a.seq
			    ,a.admNy
			    ,a.name
			    ,a.userId
			    ,a.userPassword
			    ,a.gender
			    ,a.dateOfBirth
			    ,a.email
			    ,a.phoneNum
			    ,a.userDesc
			    ,a.regDate
			    ,a.modDate
			    ,a.delNy
			from
				user a
			where 1=1

			order by a.seq desc
 {executed in 1 msec} 
2024-09-13T14:59:01.648 [http-nio-8080-exec-5] DEBUG j.sqltiming -  com.zaxxer.hikari.pool.ProxyPreparedStatement.execute(ProxyPreparedStatement.java:44)
208. select
				a.seq
			    ,a.admNy
			    ,a.name
			    ,a.userId
			    ,a.userPassword
			    ,a.gender
			    ,a.dateOfBirth
			    ,a.email
			    ,a.phoneNum
			    ,a.userDesc
			    ,a.regDate
			    ,a.modDate
			    ,a.delNy
			from
				user a
			where 1=1

			order by a.seq desc
 {executed in 0 msec} 
2024-09-13T14:59:07.268 [http-nio-8080-exec-5] DEBUG j.sqltiming -  com.zaxxer.hikari.pool.ProxyPreparedStatement.execute(ProxyPreparedStatement.java:44)
208. select
				a.seq
			    ,a.admNy
			    ,a.name
			    ,a.userId
			    ,a.userPassword
			    ,a.gender
			    ,a.dateOfBirth
			    ,a.email
			    ,a.phoneNum
			    ,a.userDesc
			    ,a.regDate
			    ,a.modDate
			    ,a.delNy
			from
				user a
			where 1=1

			order by a.seq desc
 {executed in 12 msec} 
2024-09-13T14:59:07.275 [http-nio-8080-exec-5] DEBUG j.sqltiming -  com.zaxxer.hikari.pool.ProxyPreparedStatement.execute(ProxyPreparedStatement.java:44)
208. select
				a.seq
			    ,a.admNy
			    ,a.name
			    ,a.userId
			    ,a.userPassword
			    ,a.gender
			    ,a.dateOfBirth
			    ,a.email
			    ,a.phoneNum
			    ,a.userDesc
			    ,a.regDate
			    ,a.modDate
			    ,a.delNy
			from
				user a
			where 1=1

			order by a.seq desc
 {executed in 1 msec} 
2024-09-13T14:59:11.120 [http-nio-8080-exec-4] DEBUG j.sqltiming -  com.zaxxer.hikari.pool.ProxyPreparedStatement.execute(ProxyPreparedStatement.java:44)
208. select
				a.seq
			    ,a.admNy
			    ,a.name
			    ,a.userId
			    ,a.userPassword
			    ,a.gender
			    ,a.dateOfBirth
			    ,a.email
			    ,a.phoneNum
			    ,a.userDesc
			    ,a.regDate
			    ,a.modDate
			    ,a.delNy
			from
				user a
			where 1=1

			order by a.seq desc
 {executed in 1 msec} 
2024-09-13T14:59:11.123 [http-nio-8080-exec-4] DEBUG j.sqltiming -  com.zaxxer.hikari.pool.ProxyPreparedStatement.execute(ProxyPreparedStatement.java:44)
208. select
				a.seq
			    ,a.admNy
			    ,a.name
			    ,a.userId
			    ,a.userPassword
			    ,a.gender
			    ,a.dateOfBirth
			    ,a.email
			    ,a.phoneNum
			    ,a.userDesc
			    ,a.regDate
			    ,a.modDate
			    ,a.delNy
			from
				user a
			where 1=1

			order by a.seq desc
 {executed in 1 msec} 
2024-09-13T14:59:53.722 [http-nio-8080-exec-4] DEBUG j.sqltiming -  com.zaxxer.hikari.pool.ProxyPreparedStatement.execute(ProxyPreparedStatement.java:44)
208. select
				a.seq
			    ,a.admNy
			    ,a.name
			    ,a.userId
			    ,a.userPassword
			    ,a.gender
			    ,a.dateOfBirth
			    ,a.email
			    ,a.phoneNum
			    ,a.userDesc
			    ,a.regDate
			    ,a.modDate
			    ,a.delNy
			from
				user a
			where 1=1
				 AND a.delNy = 1 

			order by a.seq desc
 {executed in 1 msec} 
2024-09-13T14:59:53.724 [http-nio-8080-exec-4] DEBUG j.sqltiming -  com.zaxxer.hikari.pool.ProxyPreparedStatement.execute(ProxyPreparedStatement.java:44)
208. select
				a.seq
			    ,a.admNy
			    ,a.name
			    ,a.userId
			    ,a.userPassword
			    ,a.gender
			    ,a.dateOfBirth
			    ,a.email
			    ,a.phoneNum
			    ,a.userDesc
			    ,a.regDate
			    ,a.modDate
			    ,a.delNy
			from
				user a
			where 1=1
				 AND a.delNy = 1 

			order by a.seq desc
 {executed in 1 msec} 
2024-09-13T14:59:57.002 [http-nio-8080-exec-3] DEBUG j.sqltiming -  com.zaxxer.hikari.pool.ProxyPreparedStatement.execute(ProxyPreparedStatement.java:44)
208. select
				a.seq
			    ,a.admNy
			    ,a.name
			    ,a.userId
			    ,a.userPassword
			    ,a.gender
			    ,a.dateOfBirth
			    ,a.email
			    ,a.phoneNum
			    ,a.userDesc
			    ,a.regDate
			    ,a.modDate
			    ,a.delNy
			from
				user a
			where 1=1
				 AND a.delNy = 0 

			order by a.seq desc
 {executed in 0 msec} 
2024-09-13T14:59:57.002 [http-nio-8080-exec-3] DEBUG j.sqltiming -  com.zaxxer.hikari.pool.ProxyPreparedStatement.execute(ProxyPreparedStatement.java:44)
208. select
				a.seq
			    ,a.admNy
			    ,a.name
			    ,a.userId
			    ,a.userPassword
			    ,a.gender
			    ,a.dateOfBirth
			    ,a.email
			    ,a.phoneNum
			    ,a.userDesc
			    ,a.regDate
			    ,a.modDate
			    ,a.delNy
			from
				user a
			where 1=1
				 AND a.delNy = 0 

			order by a.seq desc
 {executed in 0 msec} 
