2024-09-20T11:03:02.622 [http-nio-8080-exec-6] DEBUG j.sqltiming -  com.zaxxer.hikari.pool.ProxyPreparedStatement.execute(ProxyPreparedStatement.java:44)
81. select
				a.seq
			    ,a.title
			    ,a.prodType
			    ,b.name
			    ,a.publisher
			    ,a.makeDate
			    ,a.price
			    ,a.sale
			    ,a.salePrice
			    ,a.point
			    ,a.stockQty
			    ,a.imgSrc
			    ,a.intro
			    ,a.reviewNum
			    ,a.shipDate
			    ,a.tableOfContents
			    ,a.publisherReview
			    ,a.preivew
			    ,a.viewNumber
			    ,a.buyNumber
			    ,a.bestNy
			    ,a.todayPickNy
			    ,a.sliderText
				,a.regDate
				,a.modDate
			    ,a.delNy
			    ,prodType.codeName as prodTypeName
			    ,publisher.codeName as publisherName
			from
				product a
				left join productAuthor c on c.product_seq = a.seq
				left join author b on c.author_seq = b.seq
				join commoncode d on b.authorType = d.seq
				left join commoncode prodType on a.prodType = prodType.seq
				left join commoncode publisher on a.publisher = publisher.seq
			where 1=1
				AND prodType.codeGroup_seq = 12
				AND publisher.codeGroup_seq = 3

				        AND a.salePrice BETWEEN 0 AND 50000

				        AND a.reviewNum BETWEEN 0.0 AND 10.0

			order by a.makeDate desc
 {executed in 2 msec} 
2024-09-20T11:03:02.626 [http-nio-8080-exec-6] DEBUG j.sqltiming -  com.zaxxer.hikari.pool.ProxyPreparedStatement.execute(ProxyPreparedStatement.java:44)
81. SELECT
			a.seq
			,a.codeName
			,a.codeGroup_seq
		FROM
			commoncode a
			join codegroup b on a.codeGroup_seq = b.seq
		WHERE 1 = 1
			and a.codeGroup_seq = 4
 {executed in 1 msec} 
2024-09-20T11:03:56.248 [http-nio-8080-exec-7] DEBUG j.sqltiming -  com.zaxxer.hikari.pool.ProxyPreparedStatement.execute(ProxyPreparedStatement.java:44)
81. select
				a.seq
			    ,a.title
			    ,a.prodType
			    ,b.name
			    ,a.publisher
			    ,a.makeDate
			    ,a.price
			    ,a.sale
			    ,a.salePrice
			    ,a.point
			    ,a.stockQty
			    ,a.imgSrc
			    ,a.intro
			    ,a.reviewNum
			    ,a.shipDate
			    ,a.tableOfContents
			    ,a.publisherReview
			    ,a.preivew
			    ,a.viewNumber
			    ,a.buyNumber
			    ,a.bestNy
			    ,a.todayPickNy
			    ,a.sliderText
				,a.regDate
				,a.modDate
			    ,a.delNy
			    ,prodType.codeName as prodTypeName
			    ,publisher.codeName as publisherName
			from
				product a
				left join productAuthor c on c.product_seq = a.seq
				left join author b on c.author_seq = b.seq
				join commoncode d on b.authorType = d.seq
				left join commoncode prodType on a.prodType = prodType.seq
				left join commoncode publisher on a.publisher = publisher.seq
			where 1=1
				AND prodType.codeGroup_seq = 12
				AND publisher.codeGroup_seq = 3

				        AND a.salePrice BETWEEN 0 AND 50000

				        AND a.reviewNum BETWEEN 0.0 AND 10.0

			order by a.makeDate desc
 {executed in 0 msec} 
2024-09-20T11:03:56.248 [http-nio-8080-exec-7] DEBUG j.sqltiming -  com.zaxxer.hikari.pool.ProxyPreparedStatement.execute(ProxyPreparedStatement.java:44)
81. SELECT
			a.seq
			,a.codeName
			,a.codeGroup_seq
		FROM
			commoncode a
			join codegroup b on a.codeGroup_seq = b.seq
		WHERE 1 = 1
			and a.codeGroup_seq = 4
 {executed in 0 msec} 
2024-09-20T11:04:51.801 [http-nio-8080-exec-3] DEBUG j.sqltiming -  com.zaxxer.hikari.pool.ProxyPreparedStatement.execute(ProxyPreparedStatement.java:44)
81. select
				a.seq
			    ,a.title
			    ,a.prodType
			    ,b.name
			    ,a.publisher
			    ,a.makeDate
			    ,a.price
			    ,a.sale
			    ,a.salePrice
			    ,a.point
			    ,a.stockQty
			    ,a.imgSrc
			    ,a.intro
			    ,a.reviewNum
			    ,a.shipDate
			    ,a.tableOfContents
			    ,a.publisherReview
			    ,a.preivew
			    ,a.viewNumber
			    ,a.buyNumber
			    ,a.bestNy
			    ,a.todayPickNy
			    ,a.sliderText
				,a.regDate
				,a.modDate
			    ,a.delNy
			    ,prodType.codeName as prodTypeName
			    ,publisher.codeName as publisherName
			from
				product a
				left join productAuthor c on c.product_seq = a.seq
				left join author b on c.author_seq = b.seq
				join commoncode d on b.authorType = d.seq
				left join commoncode prodType on a.prodType = prodType.seq
				left join commoncode publisher on a.publisher = publisher.seq
			where 1=1
				AND prodType.codeGroup_seq = 12
				AND publisher.codeGroup_seq = 3

				        AND a.salePrice BETWEEN 0 AND 50000

				        AND a.reviewNum BETWEEN 0.0 AND 10.0

			order by a.makeDate desc
 {executed in 0 msec} 
2024-09-20T11:04:51.801 [http-nio-8080-exec-3] DEBUG j.sqltiming -  com.zaxxer.hikari.pool.ProxyPreparedStatement.execute(ProxyPreparedStatement.java:44)
81. SELECT
			a.seq
			,a.codeName
			,a.codeGroup_seq
		FROM
			commoncode a
			join codegroup b on a.codeGroup_seq = b.seq
		WHERE 1 = 1
			and a.codeGroup_seq = 4
 {executed in 0 msec} 
2024-09-20T11:05:01.104 [http-nio-8080-exec-10] DEBUG j.sqltiming -  com.zaxxer.hikari.pool.ProxyPreparedStatement.execute(ProxyPreparedStatement.java:44)
81. select
				a.seq
			    ,a.title
			    ,a.prodType
			    ,b.name
			    ,a.publisher
			    ,a.makeDate
			    ,a.price
			    ,a.sale
			    ,a.salePrice
			    ,a.point
			    ,a.stockQty
			    ,a.imgSrc
			    ,a.intro
			    ,a.reviewNum
			    ,a.shipDate
			    ,a.tableOfContents
			    ,a.publisherReview
			    ,a.preivew
			    ,a.viewNumber
			    ,a.buyNumber
			    ,a.bestNy
			    ,a.todayPickNy
			    ,a.sliderText
				,a.regDate
				,a.modDate
			    ,a.delNy
			    ,prodType.codeName as prodTypeName
			    ,publisher.codeName as publisherName
			from
				product a
				left join productAuthor c on c.product_seq = a.seq
				left join author b on c.author_seq = b.seq
				join commoncode d on b.authorType = d.seq
				left join commoncode prodType on a.prodType = prodType.seq
				left join commoncode publisher on a.publisher = publisher.seq
			where 1=1
				AND prodType.codeGroup_seq = 12
				AND publisher.codeGroup_seq = 3

				        AND a.salePrice BETWEEN 0 AND 50000

				        AND a.reviewNum BETWEEN 0.0 AND 10.0

			order by a.makeDate desc
 {executed in 5 msec} 
2024-09-20T11:05:01.106 [http-nio-8080-exec-10] DEBUG j.sqltiming -  com.zaxxer.hikari.pool.ProxyPreparedStatement.execute(ProxyPreparedStatement.java:44)
81. SELECT
			a.seq
			,a.codeName
			,a.codeGroup_seq
		FROM
			commoncode a
			join codegroup b on a.codeGroup_seq = b.seq
		WHERE 1 = 1
			and a.codeGroup_seq = 4
 {executed in 0 msec} 
2024-09-20T11:05:28.265 [http-nio-8080-exec-7] DEBUG j.sqltiming -  com.zaxxer.hikari.pool.ProxyPreparedStatement.execute(ProxyPreparedStatement.java:44)
81. select
				a.seq
			    ,a.title
			    ,a.prodType
			    ,b.name
			    ,a.publisher
			    ,a.makeDate
			    ,a.price
			    ,a.sale
			    ,a.salePrice
			    ,a.point
			    ,a.stockQty
			    ,a.imgSrc
			    ,a.intro
			    ,a.reviewNum
			    ,a.shipDate
			    ,a.tableOfContents
			    ,a.publisherReview
			    ,a.preivew
			    ,a.viewNumber
			    ,a.buyNumber
			    ,a.bestNy
			    ,a.todayPickNy
			    ,a.sliderText
				,a.regDate
				,a.modDate
			    ,a.delNy
			    ,prodType.codeName as prodTypeName
			    ,publisher.codeName as publisherName
			from
				product a
				left join productAuthor c on c.product_seq = a.seq
				left join author b on c.author_seq = b.seq
				join commoncode d on b.authorType = d.seq
				left join commoncode prodType on a.prodType = prodType.seq
				left join commoncode publisher on a.publisher = publisher.seq
			where 1=1
				AND prodType.codeGroup_seq = 12
				AND publisher.codeGroup_seq = 3

				        AND a.salePrice BETWEEN 0 AND 50000

				        AND a.reviewNum BETWEEN 0.0 AND 10.0

			order by a.makeDate desc
 {executed in 1 msec} 
2024-09-20T11:05:28.265 [http-nio-8080-exec-7] DEBUG j.sqltiming -  com.zaxxer.hikari.pool.ProxyPreparedStatement.execute(ProxyPreparedStatement.java:44)
81. SELECT
			a.seq
			,a.codeName
			,a.codeGroup_seq
		FROM
			commoncode a
			join codegroup b on a.codeGroup_seq = b.seq
		WHERE 1 = 1
			and a.codeGroup_seq = 4
 {executed in 0 msec} 
2024-09-20T11:06:12.543 [http-nio-8080-exec-8] DEBUG j.sqltiming -  com.zaxxer.hikari.pool.ProxyPreparedStatement.execute(ProxyPreparedStatement.java:44)
81. select
				a.seq
			    ,a.title
			    ,a.prodType
			    ,b.name
			    ,a.publisher
			    ,a.makeDate
			    ,a.price
			    ,a.sale
			    ,a.salePrice
			    ,a.point
			    ,a.stockQty
			    ,a.imgSrc
			    ,a.intro
			    ,a.reviewNum
			    ,a.shipDate
			    ,a.tableOfContents
			    ,a.publisherReview
			    ,a.preivew
			    ,a.viewNumber
			    ,a.buyNumber
			    ,a.bestNy
			    ,a.todayPickNy
			    ,a.sliderText
				,a.regDate
				,a.modDate
			    ,a.delNy
			    ,prodType.codeName as prodTypeName
			    ,publisher.codeName as publisherName
			from
				product a
				left join productAuthor c on c.product_seq = a.seq
				left join author b on c.author_seq = b.seq
				join commoncode d on b.authorType = d.seq
				left join commoncode prodType on a.prodType = prodType.seq
				left join commoncode publisher on a.publisher = publisher.seq
			where 1=1
				AND prodType.codeGroup_seq = 12
				AND publisher.codeGroup_seq = 3

				        AND a.salePrice BETWEEN 0 AND 50000

				        AND a.reviewNum BETWEEN 0.0 AND 10.0

			order by a.makeDate desc
 {executed in 2 msec} 
2024-09-20T11:06:12.545 [http-nio-8080-exec-8] DEBUG j.sqltiming -  com.zaxxer.hikari.pool.ProxyPreparedStatement.execute(ProxyPreparedStatement.java:44)
81. SELECT
			a.seq
			,a.codeName
			,a.codeGroup_seq
		FROM
			commoncode a
			join codegroup b on a.codeGroup_seq = b.seq
		WHERE 1 = 1
			and a.codeGroup_seq = 4
 {executed in 1 msec} 
2024-09-20T11:06:49.885 [http-nio-8080-exec-8] DEBUG j.sqltiming -  com.zaxxer.hikari.pool.ProxyPreparedStatement.execute(ProxyPreparedStatement.java:44)
81. select
				a.seq
			    ,a.title
			    ,a.prodType
			    ,b.name
			    ,a.publisher
			    ,a.makeDate
			    ,a.price
			    ,a.sale
			    ,a.salePrice
			    ,a.point
			    ,a.stockQty
			    ,a.imgSrc
			    ,a.intro
			    ,a.reviewNum
			    ,a.shipDate
			    ,a.tableOfContents
			    ,a.publisherReview
			    ,a.preivew
			    ,a.viewNumber
			    ,a.buyNumber
			    ,a.bestNy
			    ,a.todayPickNy
			    ,a.sliderText
				,a.regDate
				,a.modDate
			    ,a.delNy
			    ,prodType.codeName as prodTypeName
			    ,publisher.codeName as publisherName
			from
				product a
				left join productAuthor c on c.product_seq = a.seq
				left join author b on c.author_seq = b.seq
				join commoncode d on b.authorType = d.seq
				left join commoncode prodType on a.prodType = prodType.seq
				left join commoncode publisher on a.publisher = publisher.seq
			where 1=1
				AND prodType.codeGroup_seq = 12
				AND publisher.codeGroup_seq = 3

				        AND a.salePrice BETWEEN 0 AND 50000

				        AND a.reviewNum BETWEEN 0.0 AND 10.0

			order by a.makeDate desc
 {executed in 0 msec} 
2024-09-20T11:06:49.885 [http-nio-8080-exec-8] DEBUG j.sqltiming -  com.zaxxer.hikari.pool.ProxyPreparedStatement.execute(ProxyPreparedStatement.java:44)
81. SELECT
			a.seq
			,a.codeName
			,a.codeGroup_seq
		FROM
			commoncode a
			join codegroup b on a.codeGroup_seq = b.seq
		WHERE 1 = 1
			and a.codeGroup_seq = 4
 {executed in 0 msec} 
2024-09-20T11:09:07.515 [http-nio-8080-exec-9] DEBUG j.sqltiming -  com.zaxxer.hikari.pool.ProxyPreparedStatement.execute(ProxyPreparedStatement.java:44)
81. select
				a.seq
			    ,a.title
			    ,a.prodType
			    ,b.name
			    ,a.publisher
			    ,a.makeDate
			    ,a.price
			    ,a.sale
			    ,a.salePrice
			    ,a.point
			    ,a.stockQty
			    ,a.imgSrc
			    ,a.intro
			    ,a.reviewNum
			    ,a.shipDate
			    ,a.tableOfContents
			    ,a.publisherReview
			    ,a.preivew
			    ,a.viewNumber
			    ,a.buyNumber
			    ,a.bestNy
			    ,a.todayPickNy
			    ,a.sliderText
				,a.regDate
				,a.modDate
			    ,a.delNy
			    ,prodType.codeName as prodTypeName
			    ,publisher.codeName as publisherName
			from
				product a
				left join productAuthor c on c.product_seq = a.seq
				left join author b on c.author_seq = b.seq
				join commoncode d on b.authorType = d.seq
				left join commoncode prodType on a.prodType = prodType.seq
				left join commoncode publisher on a.publisher = publisher.seq
			where 1=1
				AND prodType.codeGroup_seq = 12
				AND publisher.codeGroup_seq = 3

				        AND a.salePrice BETWEEN 0 AND 50000

				        AND a.reviewNum BETWEEN 0.0 AND 10.0

			order by a.makeDate desc
 {executed in 0 msec} 
2024-09-20T11:09:07.515 [http-nio-8080-exec-9] DEBUG j.sqltiming -  com.zaxxer.hikari.pool.ProxyPreparedStatement.execute(ProxyPreparedStatement.java:44)
81. SELECT
			a.seq
			,a.codeName
			,a.codeGroup_seq
		FROM
			commoncode a
			join codegroup b on a.codeGroup_seq = b.seq
		WHERE 1 = 1
			and a.codeGroup_seq = 4
 {executed in 0 msec} 
2024-09-20T11:11:03.313 [http-nio-8080-exec-9] DEBUG j.sqltiming -  com.zaxxer.hikari.pool.ProxyPreparedStatement.execute(ProxyPreparedStatement.java:44)
81. select
				a.seq
			    ,a.title
			    ,a.prodType
			    ,b.name
			    ,a.publisher
			    ,a.makeDate
			    ,a.price
			    ,a.sale
			    ,a.salePrice
			    ,a.point
			    ,a.stockQty
			    ,a.imgSrc
			    ,a.intro
			    ,a.reviewNum
			    ,a.shipDate
			    ,a.tableOfContents
			    ,a.publisherReview
			    ,a.preivew
			    ,a.viewNumber
			    ,a.buyNumber
			    ,a.bestNy
			    ,a.todayPickNy
			    ,a.sliderText
				,a.regDate
				,a.modDate
			    ,a.delNy
			    ,prodType.codeName as prodTypeName
			    ,publisher.codeName as publisherName
			from
				product a
				left join productAuthor c on c.product_seq = a.seq
				left join author b on c.author_seq = b.seq
				join commoncode d on b.authorType = d.seq
				left join commoncode prodType on a.prodType = prodType.seq
				left join commoncode publisher on a.publisher = publisher.seq
			where 1=1
				AND prodType.codeGroup_seq = 12
				AND publisher.codeGroup_seq = 3

				        AND a.salePrice BETWEEN 0 AND 50000

				        AND a.reviewNum BETWEEN 0.0 AND 10.0

			order by a.makeDate desc
 {executed in 2 msec} 
2024-09-20T11:11:03.313 [http-nio-8080-exec-9] DEBUG j.sqltiming -  com.zaxxer.hikari.pool.ProxyPreparedStatement.execute(ProxyPreparedStatement.java:44)
81. SELECT
			a.seq
			,a.codeName
			,a.codeGroup_seq
		FROM
			commoncode a
			join codegroup b on a.codeGroup_seq = b.seq
		WHERE 1 = 1
			and a.codeGroup_seq = 4
 {executed in 0 msec} 
2024-09-20T11:12:01.961 [http-nio-8080-exec-5] DEBUG j.sqltiming -  com.zaxxer.hikari.pool.ProxyPreparedStatement.execute(ProxyPreparedStatement.java:44)
81. select
				a.seq
			    ,a.title
			    ,a.prodType
			    ,b.name
			    ,a.publisher
			    ,a.makeDate
			    ,a.price
			    ,a.sale
			    ,a.salePrice
			    ,a.point
			    ,a.stockQty
			    ,a.imgSrc
			    ,a.intro
			    ,a.reviewNum
			    ,a.shipDate
			    ,a.tableOfContents
			    ,a.publisherReview
			    ,a.preivew
			    ,a.viewNumber
			    ,a.buyNumber
			    ,a.bestNy
			    ,a.todayPickNy
			    ,a.sliderText
				,a.regDate
				,a.modDate
			    ,a.delNy
			    ,prodType.codeName as prodTypeName
			    ,publisher.codeName as publisherName
			from
				product a
				left join productAuthor c on c.product_seq = a.seq
				left join author b on c.author_seq = b.seq
				join commoncode d on b.authorType = d.seq
				left join commoncode prodType on a.prodType = prodType.seq
				left join commoncode publisher on a.publisher = publisher.seq
			where 1=1
				AND prodType.codeGroup_seq = 12
				AND publisher.codeGroup_seq = 3

				        AND a.salePrice BETWEEN 0 AND 50000

				        AND a.reviewNum BETWEEN 0.0 AND 10.0

			order by a.makeDate desc
 {executed in 0 msec} 
2024-09-20T11:12:01.964 [http-nio-8080-exec-5] DEBUG j.sqltiming -  com.zaxxer.hikari.pool.ProxyPreparedStatement.execute(ProxyPreparedStatement.java:44)
81. SELECT
			a.seq
			,a.codeName
			,a.codeGroup_seq
		FROM
			commoncode a
			join codegroup b on a.codeGroup_seq = b.seq
		WHERE 1 = 1
			and a.codeGroup_seq = 4
 {executed in 1 msec} 
2024-09-20T11:13:31.597 [http-nio-8080-exec-10] DEBUG j.sqltiming -  com.zaxxer.hikari.pool.ProxyPreparedStatement.execute(ProxyPreparedStatement.java:44)
81. select
				a.seq
			    ,a.title
			    ,a.prodType
			    ,b.name
			    ,a.publisher
			    ,a.makeDate
			    ,a.price
			    ,a.sale
			    ,a.salePrice
			    ,a.point
			    ,a.stockQty
			    ,a.imgSrc
			    ,a.intro
			    ,a.reviewNum
			    ,a.shipDate
			    ,a.tableOfContents
			    ,a.publisherReview
			    ,a.preivew
			    ,a.viewNumber
			    ,a.buyNumber
			    ,a.bestNy
			    ,a.todayPickNy
			    ,a.sliderText
				,a.regDate
				,a.modDate
			    ,a.delNy
			    ,prodType.codeName as prodTypeName
			    ,publisher.codeName as publisherName
			from
				product a
				left join productAuthor c on c.product_seq = a.seq
				left join author b on c.author_seq = b.seq
				join commoncode d on b.authorType = d.seq
				left join commoncode prodType on a.prodType = prodType.seq
				left join commoncode publisher on a.publisher = publisher.seq
			where 1=1
				AND prodType.codeGroup_seq = 12
				AND publisher.codeGroup_seq = 3

				        AND a.salePrice BETWEEN 0 AND 50000

				        AND a.reviewNum BETWEEN 0.0 AND 10.0

			order by a.makeDate desc
 {executed in 2 msec} 
2024-09-20T11:13:31.597 [http-nio-8080-exec-10] DEBUG j.sqltiming -  com.zaxxer.hikari.pool.ProxyPreparedStatement.execute(ProxyPreparedStatement.java:44)
81. SELECT
			a.seq
			,a.codeName
			,a.codeGroup_seq
		FROM
			commoncode a
			join codegroup b on a.codeGroup_seq = b.seq
		WHERE 1 = 1
			and a.codeGroup_seq = 4
 {executed in 0 msec} 
2024-09-20T11:15:23.771 [http-nio-8080-exec-2] DEBUG j.sqltiming -  com.zaxxer.hikari.pool.ProxyPreparedStatement.execute(ProxyPreparedStatement.java:44)
81. select
				a.seq
			    ,a.title
			    ,a.prodType
			    ,b.name
			    ,a.publisher
			    ,a.makeDate
			    ,a.price
			    ,a.sale
			    ,a.salePrice
			    ,a.point
			    ,a.stockQty
			    ,a.imgSrc
			    ,a.intro
			    ,a.reviewNum
			    ,a.shipDate
			    ,a.tableOfContents
			    ,a.publisherReview
			    ,a.preivew
			    ,a.viewNumber
			    ,a.buyNumber
			    ,a.bestNy
			    ,a.todayPickNy
			    ,a.sliderText
				,a.regDate
				,a.modDate
			    ,a.delNy
			    ,prodType.codeName as prodTypeName
			    ,publisher.codeName as publisherName
			from
				product a
				left join productAuthor c on c.product_seq = a.seq
				left join author b on c.author_seq = b.seq
				join commoncode d on b.authorType = d.seq
				left join commoncode prodType on a.prodType = prodType.seq
				left join commoncode publisher on a.publisher = publisher.seq
			where 1=1
				AND prodType.codeGroup_seq = 12
				AND publisher.codeGroup_seq = 3

				        AND a.salePrice BETWEEN 0 AND 50000

				        AND a.reviewNum BETWEEN 0.0 AND 10.0

			order by a.makeDate desc
 {executed in 1 msec} 
2024-09-20T11:15:23.773 [http-nio-8080-exec-2] DEBUG j.sqltiming -  com.zaxxer.hikari.pool.ProxyPreparedStatement.execute(ProxyPreparedStatement.java:44)
81. SELECT
			a.seq
			,a.codeName
			,a.codeGroup_seq
		FROM
			commoncode a
			join codegroup b on a.codeGroup_seq = b.seq
		WHERE 1 = 1
			and a.codeGroup_seq = 4
 {executed in 1 msec} 
2024-09-20T11:15:48.091 [http-nio-8080-exec-7] DEBUG j.sqltiming -  com.zaxxer.hikari.pool.ProxyPreparedStatement.execute(ProxyPreparedStatement.java:44)
82. select
				a.seq
			    ,a.title
			    ,a.prodType
			    ,b.name
			    ,a.publisher
			    ,a.makeDate
			    ,a.price
			    ,a.sale
			    ,a.salePrice
			    ,a.point
			    ,a.stockQty
			    ,a.imgSrc
			    ,a.intro
			    ,a.reviewNum
			    ,a.shipDate
			    ,a.tableOfContents
			    ,a.publisherReview
			    ,a.preivew
			    ,a.viewNumber
			    ,a.buyNumber
			    ,a.bestNy
			    ,a.todayPickNy
			    ,a.sliderText
				,a.regDate
				,a.modDate
			    ,a.delNy
			    ,prodType.codeName as prodTypeName
			    ,publisher.codeName as publisherName
			from
				product a
				left join productAuthor c on c.product_seq = a.seq
				left join author b on c.author_seq = b.seq
				join commoncode d on b.authorType = d.seq
				left join commoncode prodType on a.prodType = prodType.seq
				left join commoncode publisher on a.publisher = publisher.seq
			where 1=1
				AND prodType.codeGroup_seq = 12
				AND publisher.codeGroup_seq = 3

				        AND a.salePrice BETWEEN 0 AND 50000

				        AND a.reviewNum BETWEEN 0.0 AND 10.0

			order by a.makeDate desc
 {executed in 4 msec} 
2024-09-20T11:15:48.091 [http-nio-8080-exec-7] DEBUG j.sqltiming -  com.zaxxer.hikari.pool.ProxyPreparedStatement.execute(ProxyPreparedStatement.java:44)
82. SELECT
			a.seq
			,a.codeName
			,a.codeGroup_seq
		FROM
			commoncode a
			join codegroup b on a.codeGroup_seq = b.seq
		WHERE 1 = 1
			and a.codeGroup_seq = 4
 {executed in 0 msec} 
2024-09-20T11:16:54.616 [http-nio-8080-exec-6] DEBUG j.sqltiming -  com.zaxxer.hikari.pool.ProxyPreparedStatement.execute(ProxyPreparedStatement.java:44)
91. select
				a.seq
			    ,a.title
			    ,a.prodType
			    ,b.name
			    ,a.publisher
			    ,a.makeDate
			    ,a.price
			    ,a.sale
			    ,a.salePrice
			    ,a.point
			    ,a.stockQty
			    ,a.imgSrc
			    ,a.intro
			    ,a.reviewNum
			    ,a.shipDate
			    ,a.tableOfContents
			    ,a.publisherReview
			    ,a.preivew
			    ,a.viewNumber
			    ,a.buyNumber
			    ,a.bestNy
			    ,a.todayPickNy
			    ,a.sliderText
				,a.regDate
				,a.modDate
			    ,a.delNy
			    ,prodType.codeName as prodTypeName
			    ,publisher.codeName as publisherName
			from
				product a
				left join productAuthor c on c.product_seq = a.seq
				left join author b on c.author_seq = b.seq
				join commoncode d on b.authorType = d.seq
				left join commoncode prodType on a.prodType = prodType.seq
				left join commoncode publisher on a.publisher = publisher.seq
			where 1=1
				AND prodType.codeGroup_seq = 12
				AND publisher.codeGroup_seq = 3

				        AND a.salePrice BETWEEN 0 AND 50000

				        AND a.reviewNum BETWEEN 0.0 AND 10.0

			order by a.makeDate desc
 {executed in 16 msec} 
2024-09-20T11:16:54.616 [http-nio-8080-exec-6] DEBUG j.sqltiming -  com.zaxxer.hikari.pool.ProxyPreparedStatement.execute(ProxyPreparedStatement.java:44)
91. SELECT
			a.seq
			,a.codeName
			,a.codeGroup_seq
		FROM
			commoncode a
			join codegroup b on a.codeGroup_seq = b.seq
		WHERE 1 = 1
			and a.codeGroup_seq = 4
 {executed in 0 msec} 
2024-09-20T11:18:02.701 [http-nio-8080-exec-4] DEBUG j.sqltiming -  com.zaxxer.hikari.pool.ProxyPreparedStatement.execute(ProxyPreparedStatement.java:44)
91. select
				a.seq
			    ,a.title
			    ,a.prodType
			    ,b.name
			    ,a.publisher
			    ,a.makeDate
			    ,a.price
			    ,a.sale
			    ,a.salePrice
			    ,a.point
			    ,a.stockQty
			    ,a.imgSrc
			    ,a.intro
			    ,a.reviewNum
			    ,a.shipDate
			    ,a.tableOfContents
			    ,a.publisherReview
			    ,a.preivew
			    ,a.viewNumber
			    ,a.buyNumber
			    ,a.bestNy
			    ,a.todayPickNy
			    ,a.sliderText
				,a.regDate
				,a.modDate
			    ,a.delNy
			    ,prodType.codeName as prodTypeName
			    ,publisher.codeName as publisherName
			from
				product a
				left join productAuthor c on c.product_seq = a.seq
				left join author b on c.author_seq = b.seq
				join commoncode d on b.authorType = d.seq
				left join commoncode prodType on a.prodType = prodType.seq
				left join commoncode publisher on a.publisher = publisher.seq
			where 1=1
				AND prodType.codeGroup_seq = 12
				AND publisher.codeGroup_seq = 3

				        AND a.salePrice BETWEEN 0 AND 50000

				        AND a.reviewNum BETWEEN 0.0 AND 10.0

			order by a.makeDate desc
 {executed in 0 msec} 
2024-09-20T11:18:02.701 [http-nio-8080-exec-4] DEBUG j.sqltiming -  com.zaxxer.hikari.pool.ProxyPreparedStatement.execute(ProxyPreparedStatement.java:44)
91. SELECT
			a.seq
			,a.codeName
			,a.codeGroup_seq
		FROM
			commoncode a
			join codegroup b on a.codeGroup_seq = b.seq
		WHERE 1 = 1
			and a.codeGroup_seq = 4
 {executed in 0 msec} 
2024-09-20T11:19:04.904 [RMI TCP Connection(200)-127.0.0.1] INFO o.s.b.a.SpringApplicationAdminMXBeanRegistrar$SpringApplicationAdmin - Application shutdown requested. 
2024-09-20T11:19:04.908 [RMI TCP Connection(200)-127.0.0.1] INFO o.a.c.h.Http11NioProtocol - Stopping ProtocolHandler ["http-nio-8080"] 
2024-09-20T11:19:05.170 [RMI TCP Connection(200)-127.0.0.1] INFO c.z.h.HikariDataSource - HikariPool-8 - Shutdown initiated... 
2024-09-20T11:19:05.175 [RMI TCP Connection(200)-127.0.0.1] INFO c.z.h.HikariDataSource - HikariPool-8 - Shutdown completed. 
2024-09-20T11:19:13.631 [restartedMain] INFO c.e.ZerglingApplication - Starting ZerglingApplication using Java 17.0.11 with PID 13184 (C:\factory\ws_sts4_4240\repo_zergling\zergling\bin\main started by chlee in C:\factory\ws_sts4_4240\repo_zergling\zergling) 
2024-09-20T11:19:13.632 [restartedMain] INFO c.e.ZerglingApplication - No active profile set, falling back to 1 default profile: "default" 
2024-09-20T11:19:13.662 [restartedMain] INFO o.s.b.d.e.DevToolsPropertyDefaultsPostProcessor - Devtools property defaults active! Set 'spring.devtools.add-properties' to 'false' to disable 
2024-09-20T11:19:13.662 [restartedMain] INFO o.s.b.d.e.DevToolsPropertyDefaultsPostProcessor - For additional web related logging consider setting the 'logging.level.web' property to 'DEBUG' 
2024-09-20T11:19:14.244 [restartedMain] INFO o.s.b.w.e.t.TomcatWebServer - Tomcat initialized with port 8080 (http) 
2024-09-20T11:19:14.250 [restartedMain] INFO o.a.c.h.Http11NioProtocol - Initializing ProtocolHandler ["http-nio-8080"] 
2024-09-20T11:19:14.252 [restartedMain] INFO o.a.c.c.StandardService - Starting service [Tomcat] 
2024-09-20T11:19:14.252 [restartedMain] INFO o.a.c.c.StandardEngine - Starting Servlet engine: [Apache Tomcat/10.1.28] 
2024-09-20T11:19:14.282 [restartedMain] INFO o.a.c.c.C.[.[.[/] - Initializing Spring embedded WebApplicationContext 
2024-09-20T11:19:14.282 [restartedMain] INFO o.s.b.w.s.c.ServletWebServerApplicationContext - Root WebApplicationContext: initialization completed in 620 ms 
2024-09-20T11:19:14.839 [restartedMain] INFO o.s.b.d.a.OptionalLiveReloadServer - LiveReload server is running on port 35729 
2024-09-20T11:19:14.862 [restartedMain] INFO o.a.c.h.Http11NioProtocol - Starting ProtocolHandler ["http-nio-8080"] 
2024-09-20T11:19:14.882 [restartedMain] INFO o.s.b.w.e.t.TomcatWebServer - Tomcat started on port 8080 (http) with context path '/' 
2024-09-20T11:19:14.889 [restartedMain] INFO c.e.ZerglingApplication - Started ZerglingApplication in 1.455 seconds (process running for 1.954) 
2024-09-20T11:19:21.491 [http-nio-8080-exec-1] INFO o.a.c.c.C.[.[.[/] - Initializing Spring DispatcherServlet 'dispatcherServlet' 
2024-09-20T11:19:21.491 [http-nio-8080-exec-1] INFO o.s.w.s.DispatcherServlet - Initializing Servlet 'dispatcherServlet' 
2024-09-20T11:19:21.491 [http-nio-8080-exec-1] INFO o.s.w.s.DispatcherServlet - Completed initialization in 0 ms 
2024-09-20T11:19:21.544 [http-nio-8080-exec-1] INFO c.z.h.HikariDataSource - HikariPool-1 - Starting... 
2024-09-20T11:19:21.703 [http-nio-8080-exec-1] INFO c.z.h.p.HikariPool - HikariPool-1 - Added connection net.sf.log4jdbc.sql.jdbcapi.ConnectionSpy@4e41c2fe 
2024-09-20T11:19:21.705 [http-nio-8080-exec-1] INFO c.z.h.HikariDataSource - HikariPool-1 - Start completed. 
2024-09-20T11:19:21.725 [http-nio-8080-exec-1] DEBUG j.sqltiming -  com.zaxxer.hikari.pool.ProxyPreparedStatement.execute(ProxyPreparedStatement.java:44)
1. select
				a.seq
			    ,a.title
			    ,a.prodType
			    ,b.name
			    ,a.publisher
			    ,a.makeDate
			    ,a.price
			    ,a.sale
			    ,a.salePrice
			    ,a.point
			    ,a.stockQty
			    ,a.imgSrc
			    ,a.intro
			    ,a.reviewNum
			    ,a.shipDate
			    ,a.tableOfContents
			    ,a.publisherReview
			    ,a.preivew
			    ,a.viewNumber
			    ,a.buyNumber
			    ,a.bestNy
			    ,a.todayPickNy
			    ,a.sliderText
				,a.regDate
				,a.modDate
			    ,a.delNy
			    ,prodType.codeName as prodTypeName
			    ,publisher.codeName as publisherName
			from
				product a
				left join productAuthor c on c.product_seq = a.seq
				left join author b on c.author_seq = b.seq
				join commoncode d on b.authorType = d.seq
				left join commoncode prodType on a.prodType = prodType.seq
				left join commoncode publisher on a.publisher = publisher.seq
			where 1=1
				AND prodType.codeGroup_seq = 12
				AND publisher.codeGroup_seq = 3

				        AND a.salePrice BETWEEN 0 AND 50000

				        AND a.reviewNum BETWEEN 0.0 AND 10.0

			order by a.makeDate desc
 {executed in 7 msec} 
2024-09-20T11:19:21.740 [http-nio-8080-exec-1] DEBUG j.sqltiming -  com.zaxxer.hikari.pool.ProxyPreparedStatement.execute(ProxyPreparedStatement.java:44)
1. SELECT
			a.seq
			,a.codeName
			,a.codeGroup_seq
		FROM
			commoncode a
			join codegroup b on a.codeGroup_seq = b.seq
		WHERE 1 = 1
			and a.codeGroup_seq = 4
 {executed in 1 msec} 
2024-09-20T11:21:58.149 [http-nio-8080-exec-1] DEBUG j.sqltiming -  com.zaxxer.hikari.pool.ProxyPreparedStatement.execute(ProxyPreparedStatement.java:44)
1. select
				a.seq
			    ,a.title
			    ,a.prodType
			    ,b.name
			    ,a.publisher
			    ,a.makeDate
			    ,a.price
			    ,a.sale
			    ,a.salePrice
			    ,a.point
			    ,a.stockQty
			    ,a.imgSrc
			    ,a.intro
			    ,a.reviewNum
			    ,a.shipDate
			    ,a.tableOfContents
			    ,a.publisherReview
			    ,a.preivew
			    ,a.viewNumber
			    ,a.buyNumber
			    ,a.bestNy
			    ,a.todayPickNy
			    ,a.sliderText
				,a.regDate
				,a.modDate
			    ,a.delNy
			    ,prodType.codeName as prodTypeName
			    ,publisher.codeName as publisherName
			from
				product a
				left join productAuthor c on c.product_seq = a.seq
				left join author b on c.author_seq = b.seq
				join commoncode d on b.authorType = d.seq
				left join commoncode prodType on a.prodType = prodType.seq
				left join commoncode publisher on a.publisher = publisher.seq
			where 1=1
				AND prodType.codeGroup_seq = 12
				AND publisher.codeGroup_seq = 3

				        AND a.salePrice BETWEEN 0 AND 50000

				        AND a.reviewNum BETWEEN 0.0 AND 10.0

			order by a.makeDate desc
 {executed in 8 msec} 
2024-09-20T11:21:58.170 [http-nio-8080-exec-1] DEBUG j.sqltiming -  com.zaxxer.hikari.pool.ProxyPreparedStatement.execute(ProxyPreparedStatement.java:44)
1. SELECT
			a.seq
			,a.codeName
			,a.codeGroup_seq
		FROM
			commoncode a
			join codegroup b on a.codeGroup_seq = b.seq
		WHERE 1 = 1
			and a.codeGroup_seq = 4
 {executed in 15 msec} 
2024-09-20T11:22:30.875 [http-nio-8080-exec-10] DEBUG j.sqltiming -  com.zaxxer.hikari.pool.ProxyPreparedStatement.execute(ProxyPreparedStatement.java:44)
1. select
				a.seq
			    ,a.title
			    ,a.prodType
			    ,b.name
			    ,a.publisher
			    ,a.makeDate
			    ,a.price
			    ,a.sale
			    ,a.salePrice
			    ,a.point
			    ,a.stockQty
			    ,a.imgSrc
			    ,a.intro
			    ,a.reviewNum
			    ,a.shipDate
			    ,a.tableOfContents
			    ,a.publisherReview
			    ,a.preivew
			    ,a.viewNumber
			    ,a.buyNumber
			    ,a.bestNy
			    ,a.todayPickNy
			    ,a.sliderText
				,a.regDate
				,a.modDate
			    ,a.delNy
			    ,prodType.codeName as prodTypeName
			    ,publisher.codeName as publisherName
			from
				product a
				left join productAuthor c on c.product_seq = a.seq
				left join author b on c.author_seq = b.seq
				join commoncode d on b.authorType = d.seq
				left join commoncode prodType on a.prodType = prodType.seq
				left join commoncode publisher on a.publisher = publisher.seq
			where 1=1
				AND prodType.codeGroup_seq = 12
				AND publisher.codeGroup_seq = 3

				        AND a.salePrice BETWEEN 0 AND 50000

				        AND a.reviewNum BETWEEN 0.0 AND 10.0

			order by a.makeDate desc
 {executed in 0 msec} 
2024-09-20T11:22:30.891 [http-nio-8080-exec-10] DEBUG j.sqltiming -  com.zaxxer.hikari.pool.ProxyPreparedStatement.execute(ProxyPreparedStatement.java:44)
1. SELECT
			a.seq
			,a.codeName
			,a.codeGroup_seq
		FROM
			commoncode a
			join codegroup b on a.codeGroup_seq = b.seq
		WHERE 1 = 1
			and a.codeGroup_seq = 4
 {executed in 16 msec} 
2024-09-20T11:22:47.786 [http-nio-8080-exec-7] DEBUG j.sqltiming -  com.zaxxer.hikari.pool.ProxyPreparedStatement.execute(ProxyPreparedStatement.java:44)
1. select
				a.seq
			    ,a.title
			    ,a.prodType
			    ,b.name
			    ,a.publisher
			    ,a.makeDate
			    ,a.price
			    ,a.sale
			    ,a.salePrice
			    ,a.point
			    ,a.stockQty
			    ,a.imgSrc
			    ,a.intro
			    ,a.reviewNum
			    ,a.shipDate
			    ,a.tableOfContents
			    ,a.publisherReview
			    ,a.preivew
			    ,a.viewNumber
			    ,a.buyNumber
			    ,a.bestNy
			    ,a.todayPickNy
			    ,a.sliderText
				,a.regDate
				,a.modDate
			    ,a.delNy
			    ,prodType.codeName as prodTypeName
			    ,publisher.codeName as publisherName
			from
				product a
				left join productAuthor c on c.product_seq = a.seq
				left join author b on c.author_seq = b.seq
				join commoncode d on b.authorType = d.seq
				left join commoncode prodType on a.prodType = prodType.seq
				left join commoncode publisher on a.publisher = publisher.seq
			where 1=1
				AND prodType.codeGroup_seq = 12
				AND publisher.codeGroup_seq = 3

				        AND a.salePrice BETWEEN 0 AND 50000

				        AND a.reviewNum BETWEEN 0.0 AND 10.0

			order by a.makeDate desc
 {executed in 1 msec} 
2024-09-20T11:22:47.789 [http-nio-8080-exec-7] DEBUG j.sqltiming -  com.zaxxer.hikari.pool.ProxyPreparedStatement.execute(ProxyPreparedStatement.java:44)
1. SELECT
			a.seq
			,a.codeName
			,a.codeGroup_seq
		FROM
			commoncode a
			join codegroup b on a.codeGroup_seq = b.seq
		WHERE 1 = 1
			and a.codeGroup_seq = 4
 {executed in 1 msec} 
2024-09-20T11:23:33.904 [http-nio-8080-exec-8] DEBUG j.sqltiming -  com.zaxxer.hikari.pool.ProxyPreparedStatement.execute(ProxyPreparedStatement.java:44)
1. select
				a.seq
			    ,a.title
			    ,a.prodType
			    ,b.name
			    ,a.publisher
			    ,a.makeDate
			    ,a.price
			    ,a.sale
			    ,a.salePrice
			    ,a.point
			    ,a.stockQty
			    ,a.imgSrc
			    ,a.intro
			    ,a.reviewNum
			    ,a.shipDate
			    ,a.tableOfContents
			    ,a.publisherReview
			    ,a.preivew
			    ,a.viewNumber
			    ,a.buyNumber
			    ,a.bestNy
			    ,a.todayPickNy
			    ,a.sliderText
				,a.regDate
				,a.modDate
			    ,a.delNy
			    ,prodType.codeName as prodTypeName
			    ,publisher.codeName as publisherName
			from
				product a
				left join productAuthor c on c.product_seq = a.seq
				left join author b on c.author_seq = b.seq
				join commoncode d on b.authorType = d.seq
				left join commoncode prodType on a.prodType = prodType.seq
				left join commoncode publisher on a.publisher = publisher.seq
			where 1=1
				AND prodType.codeGroup_seq = 12
				AND publisher.codeGroup_seq = 3

				        AND a.salePrice BETWEEN 0 AND 50000

				        AND a.reviewNum BETWEEN 0.0 AND 10.0

			order by a.makeDate desc
 {executed in 0 msec} 
2024-09-20T11:23:33.904 [http-nio-8080-exec-8] DEBUG j.sqltiming -  com.zaxxer.hikari.pool.ProxyPreparedStatement.execute(ProxyPreparedStatement.java:44)
1. SELECT
			a.seq
			,a.codeName
			,a.codeGroup_seq
		FROM
			commoncode a
			join codegroup b on a.codeGroup_seq = b.seq
		WHERE 1 = 1
			and a.codeGroup_seq = 4
 {executed in 0 msec} 
2024-09-20T11:25:03.769 [http-nio-8080-exec-3] DEBUG j.sqltiming -  com.zaxxer.hikari.pool.ProxyPreparedStatement.execute(ProxyPreparedStatement.java:44)
1. select
				a.seq
			    ,a.title
			    ,a.prodType
			    ,b.name
			    ,a.publisher
			    ,a.makeDate
			    ,a.price
			    ,a.sale
			    ,a.salePrice
			    ,a.point
			    ,a.stockQty
			    ,a.imgSrc
			    ,a.intro
			    ,a.reviewNum
			    ,a.shipDate
			    ,a.tableOfContents
			    ,a.publisherReview
			    ,a.preivew
			    ,a.viewNumber
			    ,a.buyNumber
			    ,a.bestNy
			    ,a.todayPickNy
			    ,a.sliderText
				,a.regDate
				,a.modDate
			    ,a.delNy
			    ,prodType.codeName as prodTypeName
			    ,publisher.codeName as publisherName
			from
				product a
				left join productAuthor c on c.product_seq = a.seq
				left join author b on c.author_seq = b.seq
				join commoncode d on b.authorType = d.seq
				left join commoncode prodType on a.prodType = prodType.seq
				left join commoncode publisher on a.publisher = publisher.seq
			where 1=1
				AND prodType.codeGroup_seq = 12
				AND publisher.codeGroup_seq = 3

				        AND a.salePrice BETWEEN 0 AND 50000

				        AND a.reviewNum BETWEEN 0.0 AND 10.0

			order by a.makeDate desc
 {executed in 0 msec} 
2024-09-20T11:25:03.779 [http-nio-8080-exec-3] DEBUG j.sqltiming -  com.zaxxer.hikari.pool.ProxyPreparedStatement.execute(ProxyPreparedStatement.java:44)
1. SELECT
			a.seq
			,a.codeName
			,a.codeGroup_seq
		FROM
			commoncode a
			join codegroup b on a.codeGroup_seq = b.seq
		WHERE 1 = 1
			and a.codeGroup_seq = 4
 {executed in 0 msec} 
2024-09-20T11:25:55.234 [http-nio-8080-exec-8] DEBUG j.sqltiming -  com.zaxxer.hikari.pool.ProxyPreparedStatement.execute(ProxyPreparedStatement.java:44)
1. select
				a.seq
			    ,a.title
			    ,a.prodType
			    ,b.name
			    ,a.publisher
			    ,a.makeDate
			    ,a.price
			    ,a.sale
			    ,a.salePrice
			    ,a.point
			    ,a.stockQty
			    ,a.imgSrc
			    ,a.intro
			    ,a.reviewNum
			    ,a.shipDate
			    ,a.tableOfContents
			    ,a.publisherReview
			    ,a.preivew
			    ,a.viewNumber
			    ,a.buyNumber
			    ,a.bestNy
			    ,a.todayPickNy
			    ,a.sliderText
				,a.regDate
				,a.modDate
			    ,a.delNy
			    ,prodType.codeName as prodTypeName
			    ,publisher.codeName as publisherName
			from
				product a
				left join productAuthor c on c.product_seq = a.seq
				left join author b on c.author_seq = b.seq
				join commoncode d on b.authorType = d.seq
				left join commoncode prodType on a.prodType = prodType.seq
				left join commoncode publisher on a.publisher = publisher.seq
			where 1=1
				AND prodType.codeGroup_seq = 12
				AND publisher.codeGroup_seq = 3

				        AND a.salePrice BETWEEN 0 AND 50000

				        AND a.reviewNum BETWEEN 0.0 AND 10.0

			order by a.makeDate desc
 {executed in 2 msec} 
2024-09-20T11:25:55.244 [http-nio-8080-exec-8] DEBUG j.sqltiming -  com.zaxxer.hikari.pool.ProxyPreparedStatement.execute(ProxyPreparedStatement.java:44)
1. SELECT
			a.seq
			,a.codeName
			,a.codeGroup_seq
		FROM
			commoncode a
			join codegroup b on a.codeGroup_seq = b.seq
		WHERE 1 = 1
			and a.codeGroup_seq = 4
 {executed in 0 msec} 
2024-09-20T11:26:01.018 [http-nio-8080-exec-4] DEBUG j.sqltiming -  com.zaxxer.hikari.pool.ProxyPreparedStatement.execute(ProxyPreparedStatement.java:44)
1. select
				a.seq
			    ,a.title
			    ,a.prodType
			    ,b.name
			    ,a.publisher
			    ,a.makeDate
			    ,a.price
			    ,a.sale
			    ,a.salePrice
			    ,a.point
			    ,a.stockQty
			    ,a.imgSrc
			    ,a.intro
			    ,a.reviewNum
			    ,a.shipDate
			    ,a.tableOfContents
			    ,a.publisherReview
			    ,a.preivew
			    ,a.viewNumber
			    ,a.buyNumber
			    ,a.bestNy
			    ,a.todayPickNy
			    ,a.sliderText
				,a.regDate
				,a.modDate
			    ,a.delNy
			    ,prodType.codeName as prodTypeName
			    ,publisher.codeName as publisherName
			from
				product a
				left join productAuthor c on c.product_seq = a.seq
				left join author b on c.author_seq = b.seq
				join commoncode d on b.authorType = d.seq
				left join commoncode prodType on a.prodType = prodType.seq
				left join commoncode publisher on a.publisher = publisher.seq
			where 1=1
				AND prodType.codeGroup_seq = 12
				AND publisher.codeGroup_seq = 3

				        AND a.salePrice BETWEEN 0 AND 50000

				        AND a.reviewNum BETWEEN 0.0 AND 10.0

			order by a.makeDate desc
 {executed in 0 msec} 
2024-09-20T11:26:01.018 [http-nio-8080-exec-4] DEBUG j.sqltiming -  com.zaxxer.hikari.pool.ProxyPreparedStatement.execute(ProxyPreparedStatement.java:44)
1. SELECT
			a.seq
			,a.codeName
			,a.codeGroup_seq
		FROM
			commoncode a
			join codegroup b on a.codeGroup_seq = b.seq
		WHERE 1 = 1
			and a.codeGroup_seq = 4
 {executed in 0 msec} 
2024-09-20T11:26:37.727 [http-nio-8080-exec-6] DEBUG j.sqltiming -  com.zaxxer.hikari.pool.ProxyPreparedStatement.execute(ProxyPreparedStatement.java:44)
1. select
				a.seq
			    ,a.title
			    ,a.prodType
			    ,b.name
			    ,a.publisher
			    ,a.makeDate
			    ,a.price
			    ,a.sale
			    ,a.salePrice
			    ,a.point
			    ,a.stockQty
			    ,a.imgSrc
			    ,a.intro
			    ,a.reviewNum
			    ,a.shipDate
			    ,a.tableOfContents
			    ,a.publisherReview
			    ,a.preivew
			    ,a.viewNumber
			    ,a.buyNumber
			    ,a.bestNy
			    ,a.todayPickNy
			    ,a.sliderText
				,a.regDate
				,a.modDate
			    ,a.delNy
			    ,prodType.codeName as prodTypeName
			    ,publisher.codeName as publisherName
			from
				product a
				left join productAuthor c on c.product_seq = a.seq
				left join author b on c.author_seq = b.seq
				join commoncode d on b.authorType = d.seq
				left join commoncode prodType on a.prodType = prodType.seq
				left join commoncode publisher on a.publisher = publisher.seq
			where 1=1
				AND prodType.codeGroup_seq = 12
				AND publisher.codeGroup_seq = 3

				        AND a.salePrice BETWEEN 0 AND 50000

				        AND a.reviewNum BETWEEN 0.0 AND 10.0

			order by a.makeDate desc
 {executed in 1 msec} 
2024-09-20T11:26:37.729 [http-nio-8080-exec-6] DEBUG j.sqltiming -  com.zaxxer.hikari.pool.ProxyPreparedStatement.execute(ProxyPreparedStatement.java:44)
1. SELECT
			a.seq
			,a.codeName
			,a.codeGroup_seq
		FROM
			commoncode a
			join codegroup b on a.codeGroup_seq = b.seq
		WHERE 1 = 1
			and a.codeGroup_seq = 4
 {executed in 0 msec} 
2024-09-20T11:27:02.720 [http-nio-8080-exec-2] DEBUG j.sqltiming -  com.zaxxer.hikari.pool.ProxyPreparedStatement.execute(ProxyPreparedStatement.java:44)
1. select
				a.seq
			    ,a.title
			    ,a.prodType
			    ,b.name
			    ,a.publisher
			    ,a.makeDate
			    ,a.price
			    ,a.sale
			    ,a.salePrice
			    ,a.point
			    ,a.stockQty
			    ,a.imgSrc
			    ,a.intro
			    ,a.reviewNum
			    ,a.shipDate
			    ,a.tableOfContents
			    ,a.publisherReview
			    ,a.preivew
			    ,a.viewNumber
			    ,a.buyNumber
			    ,a.bestNy
			    ,a.todayPickNy
			    ,a.sliderText
				,a.regDate
				,a.modDate
			    ,a.delNy
			    ,prodType.codeName as prodTypeName
			    ,publisher.codeName as publisherName
			from
				product a
				left join productAuthor c on c.product_seq = a.seq
				left join author b on c.author_seq = b.seq
				join commoncode d on b.authorType = d.seq
				left join commoncode prodType on a.prodType = prodType.seq
				left join commoncode publisher on a.publisher = publisher.seq
			where 1=1
				AND prodType.codeGroup_seq = 12
				AND publisher.codeGroup_seq = 3

				        AND a.salePrice BETWEEN 0 AND 50000

				        AND a.reviewNum BETWEEN 0.0 AND 10.0

			order by a.makeDate desc
 {executed in 2 msec} 
2024-09-20T11:27:02.724 [http-nio-8080-exec-2] DEBUG j.sqltiming -  com.zaxxer.hikari.pool.ProxyPreparedStatement.execute(ProxyPreparedStatement.java:44)
1. SELECT
			a.seq
			,a.codeName
			,a.codeGroup_seq
		FROM
			commoncode a
			join codegroup b on a.codeGroup_seq = b.seq
		WHERE 1 = 1
			and a.codeGroup_seq = 4
 {executed in 1 msec} 
2024-09-20T11:29:59.495 [http-nio-8080-exec-8] DEBUG j.sqltiming -  com.zaxxer.hikari.pool.ProxyPreparedStatement.execute(ProxyPreparedStatement.java:44)
1. select
				a.seq
			    ,a.title
			    ,a.prodType
			    ,b.name
			    ,a.publisher
			    ,a.makeDate
			    ,a.price
			    ,a.sale
			    ,a.salePrice
			    ,a.point
			    ,a.stockQty
			    ,a.imgSrc
			    ,a.intro
			    ,a.reviewNum
			    ,a.shipDate
			    ,a.tableOfContents
			    ,a.publisherReview
			    ,a.preivew
			    ,a.viewNumber
			    ,a.buyNumber
			    ,a.bestNy
			    ,a.todayPickNy
			    ,a.sliderText
				,a.regDate
				,a.modDate
			    ,a.delNy
			    ,prodType.codeName as prodTypeName
			    ,publisher.codeName as publisherName
			from
				product a
				left join productAuthor c on c.product_seq = a.seq
				left join author b on c.author_seq = b.seq
				join commoncode d on b.authorType = d.seq
				left join commoncode prodType on a.prodType = prodType.seq
				left join commoncode publisher on a.publisher = publisher.seq
			where 1=1
				AND prodType.codeGroup_seq = 12
				AND publisher.codeGroup_seq = 3

				        AND a.salePrice BETWEEN 0 AND 50000

				        AND a.reviewNum BETWEEN 0.0 AND 10.0

			order by a.makeDate desc
 {executed in 0 msec} 
2024-09-20T11:29:59.497 [http-nio-8080-exec-8] DEBUG j.sqltiming -  com.zaxxer.hikari.pool.ProxyPreparedStatement.execute(ProxyPreparedStatement.java:44)
1. SELECT
			a.seq
			,a.codeName
			,a.codeGroup_seq
		FROM
			commoncode a
			join codegroup b on a.codeGroup_seq = b.seq
		WHERE 1 = 1
			and a.codeGroup_seq = 4
 {executed in 0 msec} 
2024-09-20T11:32:18.576 [http-nio-8080-exec-3] DEBUG j.sqltiming -  com.zaxxer.hikari.pool.ProxyPreparedStatement.execute(ProxyPreparedStatement.java:44)
1. select
				a.seq
			    ,a.title
			    ,a.prodType
			    ,b.name
			    ,a.publisher
			    ,a.makeDate
			    ,a.price
			    ,a.sale
			    ,a.salePrice
			    ,a.point
			    ,a.stockQty
			    ,a.imgSrc
			    ,a.intro
			    ,a.reviewNum
			    ,a.shipDate
			    ,a.tableOfContents
			    ,a.publisherReview
			    ,a.preivew
			    ,a.viewNumber
			    ,a.buyNumber
			    ,a.bestNy
			    ,a.todayPickNy
			    ,a.sliderText
				,a.regDate
				,a.modDate
			    ,a.delNy
			    ,prodType.codeName as prodTypeName
			    ,publisher.codeName as publisherName
			from
				product a
				left join productAuthor c on c.product_seq = a.seq
				left join author b on c.author_seq = b.seq
				join commoncode d on b.authorType = d.seq
				left join commoncode prodType on a.prodType = prodType.seq
				left join commoncode publisher on a.publisher = publisher.seq
			where 1=1
				AND prodType.codeGroup_seq = 12
				AND publisher.codeGroup_seq = 3

				        AND a.salePrice BETWEEN 0 AND 50000

				        AND a.reviewNum BETWEEN 0.0 AND 10.0

			order by a.makeDate desc
 {executed in 0 msec} 
2024-09-20T11:32:18.576 [http-nio-8080-exec-3] DEBUG j.sqltiming -  com.zaxxer.hikari.pool.ProxyPreparedStatement.execute(ProxyPreparedStatement.java:44)
1. SELECT
			a.seq
			,a.codeName
			,a.codeGroup_seq
		FROM
			commoncode a
			join codegroup b on a.codeGroup_seq = b.seq
		WHERE 1 = 1
			and a.codeGroup_seq = 4
 {executed in 0 msec} 
2024-09-20T11:35:15.431 [http-nio-8080-exec-9] DEBUG j.sqltiming -  com.zaxxer.hikari.pool.ProxyPreparedStatement.execute(ProxyPreparedStatement.java:44)
1. select
				a.seq
			    ,a.title
			    ,a.prodType
			    ,b.name
			    ,a.publisher
			    ,a.makeDate
			    ,a.price
			    ,a.sale
			    ,a.salePrice
			    ,a.point
			    ,a.stockQty
			    ,a.imgSrc
			    ,a.intro
			    ,a.reviewNum
			    ,a.shipDate
			    ,a.tableOfContents
			    ,a.publisherReview
			    ,a.preivew
			    ,a.viewNumber
			    ,a.buyNumber
			    ,a.bestNy
			    ,a.todayPickNy
			    ,a.sliderText
				,a.regDate
				,a.modDate
			    ,a.delNy
			    ,prodType.codeName as prodTypeName
			    ,publisher.codeName as publisherName
			from
				product a
				left join productAuthor c on c.product_seq = a.seq
				left join author b on c.author_seq = b.seq
				join commoncode d on b.authorType = d.seq
				left join commoncode prodType on a.prodType = prodType.seq
				left join commoncode publisher on a.publisher = publisher.seq
			where 1=1
				AND prodType.codeGroup_seq = 12
				AND publisher.codeGroup_seq = 3

				        AND a.salePrice BETWEEN 0 AND 50000

				        AND a.reviewNum BETWEEN 0.0 AND 10.0

			order by a.makeDate desc
 {executed in 0 msec} 
2024-09-20T11:35:15.446 [http-nio-8080-exec-9] DEBUG j.sqltiming -  com.zaxxer.hikari.pool.ProxyPreparedStatement.execute(ProxyPreparedStatement.java:44)
1. SELECT
			a.seq
			,a.codeName
			,a.codeGroup_seq
		FROM
			commoncode a
			join codegroup b on a.codeGroup_seq = b.seq
		WHERE 1 = 1
			and a.codeGroup_seq = 4
 {executed in 15 msec} 
2024-09-20T11:35:20.504 [http-nio-8080-exec-3] DEBUG j.sqltiming -  com.zaxxer.hikari.pool.ProxyPreparedStatement.execute(ProxyPreparedStatement.java:44)
1. select
				a.seq
			    ,a.title
			    ,a.prodType
			    ,b.name
			    ,a.publisher
			    ,a.makeDate
			    ,a.price
			    ,a.sale
			    ,a.salePrice
			    ,a.point
			    ,a.stockQty
			    ,a.imgSrc
			    ,a.intro
			    ,a.reviewNum
			    ,a.shipDate
			    ,a.tableOfContents
			    ,a.publisherReview
			    ,a.preivew
			    ,a.viewNumber
			    ,a.buyNumber
			    ,a.bestNy
			    ,a.todayPickNy
			    ,a.sliderText
				,a.regDate
				,a.modDate
			    ,a.delNy
			    ,prodType.codeName as prodTypeName
			    ,publisher.codeName as publisherName
			from
				product a
				left join productAuthor c on c.product_seq = a.seq
				left join author b on c.author_seq = b.seq
				join commoncode d on b.authorType = d.seq
				left join commoncode prodType on a.prodType = prodType.seq
				left join commoncode publisher on a.publisher = publisher.seq
			where 1=1
				AND prodType.codeGroup_seq = 12
				AND publisher.codeGroup_seq = 3

				        AND a.salePrice BETWEEN 0 AND 50000

				        AND a.reviewNum BETWEEN 0.0 AND 10.0

			order by a.makeDate desc
 {executed in 11 msec} 
2024-09-20T11:35:20.504 [http-nio-8080-exec-3] DEBUG j.sqltiming -  com.zaxxer.hikari.pool.ProxyPreparedStatement.execute(ProxyPreparedStatement.java:44)
1. SELECT
			a.seq
			,a.codeName
			,a.codeGroup_seq
		FROM
			commoncode a
			join codegroup b on a.codeGroup_seq = b.seq
		WHERE 1 = 1
			and a.codeGroup_seq = 4
 {executed in 0 msec} 
2024-09-20T11:37:08.480 [http-nio-8080-exec-1] DEBUG j.sqltiming -  com.zaxxer.hikari.pool.ProxyPreparedStatement.execute(ProxyPreparedStatement.java:44)
1. select
				a.seq
			    ,a.title
			    ,a.prodType
			    ,b.name
			    ,a.publisher
			    ,a.makeDate
			    ,a.price
			    ,a.sale
			    ,a.salePrice
			    ,a.point
			    ,a.stockQty
			    ,a.imgSrc
			    ,a.intro
			    ,a.reviewNum
			    ,a.shipDate
			    ,a.tableOfContents
			    ,a.publisherReview
			    ,a.preivew
			    ,a.viewNumber
			    ,a.buyNumber
			    ,a.bestNy
			    ,a.todayPickNy
			    ,a.sliderText
				,a.regDate
				,a.modDate
			    ,a.delNy
			    ,prodType.codeName as prodTypeName
			    ,publisher.codeName as publisherName
			from
				product a
				left join productAuthor c on c.product_seq = a.seq
				left join author b on c.author_seq = b.seq
				join commoncode d on b.authorType = d.seq
				left join commoncode prodType on a.prodType = prodType.seq
				left join commoncode publisher on a.publisher = publisher.seq
			where 1=1
				AND prodType.codeGroup_seq = 12
				AND publisher.codeGroup_seq = 3

				        AND a.salePrice BETWEEN 0 AND 50000

				        AND a.reviewNum BETWEEN 0.0 AND 10.0

			order by a.makeDate desc
 {executed in 1 msec} 
2024-09-20T11:37:08.482 [http-nio-8080-exec-1] DEBUG j.sqltiming -  com.zaxxer.hikari.pool.ProxyPreparedStatement.execute(ProxyPreparedStatement.java:44)
1. SELECT
			a.seq
			,a.codeName
			,a.codeGroup_seq
		FROM
			commoncode a
			join codegroup b on a.codeGroup_seq = b.seq
		WHERE 1 = 1
			and a.codeGroup_seq = 4
 {executed in 1 msec} 
2024-09-20T11:41:20.678 [http-nio-8080-exec-6] DEBUG j.sqltiming -  com.zaxxer.hikari.pool.ProxyPreparedStatement.execute(ProxyPreparedStatement.java:44)
1. select
				a.seq
			    ,a.title
			    ,a.prodType
			    ,b.name
			    ,a.publisher
			    ,a.makeDate
			    ,a.price
			    ,a.sale
			    ,a.salePrice
			    ,a.point
			    ,a.stockQty
			    ,a.imgSrc
			    ,a.intro
			    ,a.reviewNum
			    ,a.shipDate
			    ,a.tableOfContents
			    ,a.publisherReview
			    ,a.preivew
			    ,a.viewNumber
			    ,a.buyNumber
			    ,a.bestNy
			    ,a.todayPickNy
			    ,a.sliderText
				,a.regDate
				,a.modDate
			    ,a.delNy
			    ,prodType.codeName as prodTypeName
			    ,publisher.codeName as publisherName
			from
				product a
				left join productAuthor c on c.product_seq = a.seq
				left join author b on c.author_seq = b.seq
				join commoncode d on b.authorType = d.seq
				left join commoncode prodType on a.prodType = prodType.seq
				left join commoncode publisher on a.publisher = publisher.seq
			where 1=1
				AND prodType.codeGroup_seq = 12
				AND publisher.codeGroup_seq = 3

				        AND a.salePrice BETWEEN 0 AND 50000

				        AND a.reviewNum BETWEEN 0.0 AND 10.0

			order by a.makeDate desc
 {executed in 1 msec} 
2024-09-20T11:41:20.681 [http-nio-8080-exec-6] DEBUG j.sqltiming -  com.zaxxer.hikari.pool.ProxyPreparedStatement.execute(ProxyPreparedStatement.java:44)
1. SELECT
			a.seq
			,a.codeName
			,a.codeGroup_seq
		FROM
			commoncode a
			join codegroup b on a.codeGroup_seq = b.seq
		WHERE 1 = 1
			and a.codeGroup_seq = 4
 {executed in 3 msec} 
2024-09-20T11:41:35.778 [http-nio-8080-exec-7] DEBUG j.sqltiming -  com.zaxxer.hikari.pool.ProxyPreparedStatement.execute(ProxyPreparedStatement.java:44)
1. select
				a.seq
			    ,a.title
			    ,a.prodType
			    ,b.name
			    ,a.publisher
			    ,a.makeDate
			    ,a.price
			    ,a.sale
			    ,a.salePrice
			    ,a.point
			    ,a.stockQty
			    ,a.imgSrc
			    ,a.intro
			    ,a.reviewNum
			    ,a.shipDate
			    ,a.tableOfContents
			    ,a.publisherReview
			    ,a.preivew
			    ,a.viewNumber
			    ,a.buyNumber
			    ,a.bestNy
			    ,a.todayPickNy
			    ,a.sliderText
				,a.regDate
				,a.modDate
			    ,a.delNy
			    ,prodType.codeName as prodTypeName
			    ,publisher.codeName as publisherName
			from
				product a
				left join productAuthor c on c.product_seq = a.seq
				left join author b on c.author_seq = b.seq
				join commoncode d on b.authorType = d.seq
				left join commoncode prodType on a.prodType = prodType.seq
				left join commoncode publisher on a.publisher = publisher.seq
			where 1=1
				AND prodType.codeGroup_seq = 12
				AND publisher.codeGroup_seq = 3

				        AND a.salePrice BETWEEN 0 AND 50000

				        AND a.reviewNum BETWEEN 0.0 AND 10.0

			order by a.makeDate desc
 {executed in 0 msec} 
2024-09-20T11:41:35.778 [http-nio-8080-exec-7] DEBUG j.sqltiming -  com.zaxxer.hikari.pool.ProxyPreparedStatement.execute(ProxyPreparedStatement.java:44)
1. SELECT
			a.seq
			,a.codeName
			,a.codeGroup_seq
		FROM
			commoncode a
			join codegroup b on a.codeGroup_seq = b.seq
		WHERE 1 = 1
			and a.codeGroup_seq = 4
 {executed in 0 msec} 
2024-09-20T11:45:18.535 [http-nio-8080-exec-9] DEBUG j.sqltiming -  com.zaxxer.hikari.pool.ProxyPreparedStatement.execute(ProxyPreparedStatement.java:44)
1. select
				a.seq
			    ,a.title
			    ,a.prodType
			    ,b.name
			    ,a.publisher
			    ,a.makeDate
			    ,a.price
			    ,a.sale
			    ,a.salePrice
			    ,a.point
			    ,a.stockQty
			    ,a.imgSrc
			    ,a.intro
			    ,a.reviewNum
			    ,a.shipDate
			    ,a.tableOfContents
			    ,a.publisherReview
			    ,a.preivew
			    ,a.viewNumber
			    ,a.buyNumber
			    ,a.bestNy
			    ,a.todayPickNy
			    ,a.sliderText
				,a.regDate
				,a.modDate
			    ,a.delNy
			    ,prodType.codeName as prodTypeName
			    ,publisher.codeName as publisherName
			from
				product a
				left join productAuthor c on c.product_seq = a.seq
				left join author b on c.author_seq = b.seq
				join commoncode d on b.authorType = d.seq
				left join commoncode prodType on a.prodType = prodType.seq
				left join commoncode publisher on a.publisher = publisher.seq
			where 1=1
				AND prodType.codeGroup_seq = 12
				AND publisher.codeGroup_seq = 3

				        AND a.salePrice BETWEEN 0 AND 50000

				        AND a.reviewNum BETWEEN 0.0 AND 10.0

			order by a.makeDate desc
 {executed in 2 msec} 
2024-09-20T11:45:18.539 [http-nio-8080-exec-9] DEBUG j.sqltiming -  com.zaxxer.hikari.pool.ProxyPreparedStatement.execute(ProxyPreparedStatement.java:44)
1. SELECT
			a.seq
			,a.codeName
			,a.codeGroup_seq
		FROM
			commoncode a
			join codegroup b on a.codeGroup_seq = b.seq
		WHERE 1 = 1
			and a.codeGroup_seq = 4
 {executed in 1 msec} 
2024-09-20T11:50:12.626 [http-nio-8080-exec-7] DEBUG j.sqltiming -  com.zaxxer.hikari.pool.ProxyPreparedStatement.execute(ProxyPreparedStatement.java:44)
11. select
				a.seq
			    ,a.title
			    ,a.prodType
			    ,b.name
			    ,a.publisher
			    ,a.makeDate
			    ,a.price
			    ,a.sale
			    ,a.salePrice
			    ,a.point
			    ,a.stockQty
			    ,a.imgSrc
			    ,a.intro
			    ,a.reviewNum
			    ,a.shipDate
			    ,a.tableOfContents
			    ,a.publisherReview
			    ,a.preivew
			    ,a.viewNumber
			    ,a.buyNumber
			    ,a.bestNy
			    ,a.todayPickNy
			    ,a.sliderText
				,a.regDate
				,a.modDate
			    ,a.delNy
			    ,prodType.codeName as prodTypeName
			    ,publisher.codeName as publisherName
			from
				product a
				left join productAuthor c on c.product_seq = a.seq
				left join author b on c.author_seq = b.seq
				join commoncode d on b.authorType = d.seq
				left join commoncode prodType on a.prodType = prodType.seq
				left join commoncode publisher on a.publisher = publisher.seq
			where 1=1
				AND prodType.codeGroup_seq = 12
				AND publisher.codeGroup_seq = 3

				        AND a.salePrice BETWEEN 0 AND 50000

				        AND a.reviewNum BETWEEN 0.0 AND 10.0

			order by a.makeDate desc
 {executed in 0 msec} 
2024-09-20T11:50:12.632 [http-nio-8080-exec-7] DEBUG j.sqltiming -  com.zaxxer.hikari.pool.ProxyPreparedStatement.execute(ProxyPreparedStatement.java:44)
11. SELECT
			a.seq
			,a.codeName
			,a.codeGroup_seq
		FROM
			commoncode a
			join codegroup b on a.codeGroup_seq = b.seq
		WHERE 1 = 1
			and a.codeGroup_seq = 4
 {executed in 6 msec} 
2024-09-20T11:50:22.593 [http-nio-8080-exec-5] DEBUG j.sqltiming -  com.zaxxer.hikari.pool.ProxyPreparedStatement.execute(ProxyPreparedStatement.java:44)
11. select
				a.seq
			    ,a.title
			    ,a.prodType
			    ,b.name
			    ,a.publisher
			    ,a.makeDate
			    ,a.price
			    ,a.sale
			    ,a.salePrice
			    ,a.point
			    ,a.stockQty
			    ,a.imgSrc
			    ,a.intro
			    ,a.reviewNum
			    ,a.shipDate
			    ,a.tableOfContents
			    ,a.publisherReview
			    ,a.preivew
			    ,a.viewNumber
			    ,a.buyNumber
			    ,a.bestNy
			    ,a.todayPickNy
			    ,a.sliderText
				,a.regDate
				,a.modDate
			    ,a.delNy
			    ,prodType.codeName as prodTypeName
			    ,publisher.codeName as publisherName
			from
				product a
				left join productAuthor c on c.product_seq = a.seq
				left join author b on c.author_seq = b.seq
				join commoncode d on b.authorType = d.seq
				left join commoncode prodType on a.prodType = prodType.seq
				left join commoncode publisher on a.publisher = publisher.seq
			where 1=1
				AND prodType.codeGroup_seq = 12
				AND publisher.codeGroup_seq = 3

				        AND a.salePrice BETWEEN 0 AND 50000

				        AND a.reviewNum BETWEEN 0.0 AND 10.0

			order by a.makeDate desc
 {executed in 0 msec} 
2024-09-20T11:50:22.610 [http-nio-8080-exec-5] DEBUG j.sqltiming -  com.zaxxer.hikari.pool.ProxyPreparedStatement.execute(ProxyPreparedStatement.java:44)
11. SELECT
			a.seq
			,a.codeName
			,a.codeGroup_seq
		FROM
			commoncode a
			join codegroup b on a.codeGroup_seq = b.seq
		WHERE 1 = 1
			and a.codeGroup_seq = 4
 {executed in 0 msec} 
2024-09-20T11:51:26.813 [http-nio-8080-exec-5] DEBUG j.sqltiming -  com.zaxxer.hikari.pool.ProxyPreparedStatement.execute(ProxyPreparedStatement.java:44)
11. select
				a.seq
			    ,a.title
			    ,a.prodType
			    ,b.name
			    ,a.publisher
			    ,a.makeDate
			    ,a.price
			    ,a.sale
			    ,a.salePrice
			    ,a.point
			    ,a.stockQty
			    ,a.imgSrc
			    ,a.intro
			    ,a.reviewNum
			    ,a.shipDate
			    ,a.tableOfContents
			    ,a.publisherReview
			    ,a.preivew
			    ,a.viewNumber
			    ,a.buyNumber
			    ,a.bestNy
			    ,a.todayPickNy
			    ,a.sliderText
				,a.regDate
				,a.modDate
			    ,a.delNy
			    ,prodType.codeName as prodTypeName
			    ,publisher.codeName as publisherName
			from
				product a
				left join productAuthor c on c.product_seq = a.seq
				left join author b on c.author_seq = b.seq
				join commoncode d on b.authorType = d.seq
				left join commoncode prodType on a.prodType = prodType.seq
				left join commoncode publisher on a.publisher = publisher.seq
			where 1=1
				AND prodType.codeGroup_seq = 12
				AND publisher.codeGroup_seq = 3

				        AND a.salePrice BETWEEN 0 AND 50000

				        AND a.reviewNum BETWEEN 0.0 AND 10.0

			order by a.makeDate desc
 {executed in 0 msec} 
2024-09-20T11:51:26.813 [http-nio-8080-exec-5] DEBUG j.sqltiming -  com.zaxxer.hikari.pool.ProxyPreparedStatement.execute(ProxyPreparedStatement.java:44)
11. SELECT
			a.seq
			,a.codeName
			,a.codeGroup_seq
		FROM
			commoncode a
			join codegroup b on a.codeGroup_seq = b.seq
		WHERE 1 = 1
			and a.codeGroup_seq = 4
 {executed in 0 msec} 
2024-09-20T11:51:36.901 [http-nio-8080-exec-8] DEBUG j.sqltiming -  com.zaxxer.hikari.pool.ProxyPreparedStatement.execute(ProxyPreparedStatement.java:44)
11. select
				a.seq
			    ,a.title
			    ,a.prodType
			    ,b.name
			    ,a.publisher
			    ,a.makeDate
			    ,a.price
			    ,a.sale
			    ,a.salePrice
			    ,a.point
			    ,a.stockQty
			    ,a.imgSrc
			    ,a.intro
			    ,a.reviewNum
			    ,a.shipDate
			    ,a.tableOfContents
			    ,a.publisherReview
			    ,a.preivew
			    ,a.viewNumber
			    ,a.buyNumber
			    ,a.bestNy
			    ,a.todayPickNy
			    ,a.sliderText
				,a.regDate
				,a.modDate
			    ,a.delNy
			    ,prodType.codeName as prodTypeName
			    ,publisher.codeName as publisherName
			from
				product a
				left join productAuthor c on c.product_seq = a.seq
				left join author b on c.author_seq = b.seq
				join commoncode d on b.authorType = d.seq
				left join commoncode prodType on a.prodType = prodType.seq
				left join commoncode publisher on a.publisher = publisher.seq
			where 1=1
				AND prodType.codeGroup_seq = 12
				AND publisher.codeGroup_seq = 3

				        AND a.salePrice BETWEEN 0 AND 50000

				        AND a.reviewNum BETWEEN 0.0 AND 10.0

			order by a.makeDate desc
 {executed in 0 msec} 
2024-09-20T11:51:36.901 [http-nio-8080-exec-8] DEBUG j.sqltiming -  com.zaxxer.hikari.pool.ProxyPreparedStatement.execute(ProxyPreparedStatement.java:44)
11. SELECT
			a.seq
			,a.codeName
			,a.codeGroup_seq
		FROM
			commoncode a
			join codegroup b on a.codeGroup_seq = b.seq
		WHERE 1 = 1
			and a.codeGroup_seq = 4
 {executed in 0 msec} 
2024-09-20T11:52:04.765 [http-nio-8080-exec-6] DEBUG j.sqltiming -  com.zaxxer.hikari.pool.ProxyPreparedStatement.execute(ProxyPreparedStatement.java:44)
11. select
				a.seq
			    ,a.title
			    ,a.prodType
			    ,b.name
			    ,a.publisher
			    ,a.makeDate
			    ,a.price
			    ,a.sale
			    ,a.salePrice
			    ,a.point
			    ,a.stockQty
			    ,a.imgSrc
			    ,a.intro
			    ,a.reviewNum
			    ,a.shipDate
			    ,a.tableOfContents
			    ,a.publisherReview
			    ,a.preivew
			    ,a.viewNumber
			    ,a.buyNumber
			    ,a.bestNy
			    ,a.todayPickNy
			    ,a.sliderText
				,a.regDate
				,a.modDate
			    ,a.delNy
			    ,prodType.codeName as prodTypeName
			    ,publisher.codeName as publisherName
			from
				product a
				left join productAuthor c on c.product_seq = a.seq
				left join author b on c.author_seq = b.seq
				join commoncode d on b.authorType = d.seq
				left join commoncode prodType on a.prodType = prodType.seq
				left join commoncode publisher on a.publisher = publisher.seq
			where 1=1
				AND prodType.codeGroup_seq = 12
				AND publisher.codeGroup_seq = 3

				        AND a.salePrice BETWEEN 0 AND 50000

				        AND a.reviewNum BETWEEN 0.0 AND 10.0

			order by a.makeDate desc
 {executed in 1 msec} 
2024-09-20T11:52:04.767 [http-nio-8080-exec-6] DEBUG j.sqltiming -  com.zaxxer.hikari.pool.ProxyPreparedStatement.execute(ProxyPreparedStatement.java:44)
11. SELECT
			a.seq
			,a.codeName
			,a.codeGroup_seq
		FROM
			commoncode a
			join codegroup b on a.codeGroup_seq = b.seq
		WHERE 1 = 1
			and a.codeGroup_seq = 4
 {executed in 1 msec} 
2024-09-20T11:57:10.494 [http-nio-8080-exec-8] DEBUG j.sqltiming -  com.zaxxer.hikari.pool.ProxyPreparedStatement.execute(ProxyPreparedStatement.java:44)
11. select
				a.seq
			    ,a.title
			    ,a.prodType
			    ,b.name
			    ,a.publisher
			    ,a.makeDate
			    ,a.price
			    ,a.sale
			    ,a.salePrice
			    ,a.point
			    ,a.stockQty
			    ,a.imgSrc
			    ,a.intro
			    ,a.reviewNum
			    ,a.shipDate
			    ,a.tableOfContents
			    ,a.publisherReview
			    ,a.preivew
			    ,a.viewNumber
			    ,a.buyNumber
			    ,a.bestNy
			    ,a.todayPickNy
			    ,a.sliderText
				,a.regDate
				,a.modDate
			    ,a.delNy
			    ,prodType.codeName as prodTypeName
			    ,publisher.codeName as publisherName
			from
				product a
				left join productAuthor c on c.product_seq = a.seq
				left join author b on c.author_seq = b.seq
				join commoncode d on b.authorType = d.seq
				left join commoncode prodType on a.prodType = prodType.seq
				left join commoncode publisher on a.publisher = publisher.seq
			where 1=1
				AND prodType.codeGroup_seq = 12
				AND publisher.codeGroup_seq = 3

				 AND a.bestNy = 1 

				        AND a.salePrice BETWEEN 0 AND 50000

				        AND a.reviewNum BETWEEN 0.0 AND 10.0

			order by a.makeDate desc
 {executed in 1 msec} 
2024-09-20T11:57:10.494 [http-nio-8080-exec-8] DEBUG j.sqltiming -  com.zaxxer.hikari.pool.ProxyPreparedStatement.execute(ProxyPreparedStatement.java:44)
11. SELECT
			a.seq
			,a.codeName
			,a.codeGroup_seq
		FROM
			commoncode a
			join codegroup b on a.codeGroup_seq = b.seq
		WHERE 1 = 1
			and a.codeGroup_seq = 4
 {executed in 0 msec} 
