2024-09-22T21:27:15.274 [http-nio-8080-exec-1] INFO o.a.c.c.C.[.[.[/] - Initializing Spring DispatcherServlet 'dispatcherServlet' 
2024-09-22T21:27:15.274 [http-nio-8080-exec-1] INFO o.s.w.s.DispatcherServlet - Initializing Servlet 'dispatcherServlet' 
2024-09-22T21:27:15.284 [http-nio-8080-exec-1] INFO o.s.w.s.DispatcherServlet - Completed initialization in 10 ms 
2024-09-22T21:27:15.422 [http-nio-8080-exec-1] INFO c.z.h.HikariDataSource - HikariPool-1 - Starting... 
2024-09-22T21:27:15.994 [http-nio-8080-exec-1] INFO c.z.h.p.HikariPool - HikariPool-1 - Added connection net.sf.log4jdbc.sql.jdbcapi.ConnectionSpy@776bf939 
2024-09-22T21:27:15.997 [http-nio-8080-exec-1] INFO c.z.h.HikariDataSource - HikariPool-1 - Start completed. 
2024-09-22T21:27:16.069 [http-nio-8080-exec-1] DEBUG j.sqltiming -  com.zaxxer.hikari.pool.ProxyPreparedStatement.execute(ProxyPreparedStatement.java:44)
1. select
				a.seq
			    ,a.authorType
			    ,d.codeName
			    ,a.name	
			    ,a.authorInfo
			    ,b.title
				,a.regDate
				,a.modDate
			    ,a.delNy
			from
				author a
				left join productAuthor c on c.author_seq = a.seq
				left join product b on c.product_seq = b.seq
				join commoncode d on a.authorType = d.seq
			where 1=1

			order by a.seq desc
 {executed in 24 msec} 
2024-09-22T21:27:16.127 [http-nio-8080-exec-1] DEBUG j.sqltiming -  com.zaxxer.hikari.pool.ProxyPreparedStatement.execute(ProxyPreparedStatement.java:44)
1. SELECT
			a.seq
			,a.codeName
			,a.codeGroup_seq
		FROM
			commoncode a
			join codegroup b on a.codeGroup_seq = b.seq
		WHERE 1 = 1
			and a.codeGroup_seq = 10
 {executed in 3 msec} 
2024-09-22T21:27:18.508 [http-nio-8080-exec-2] DEBUG j.sqltiming -  com.zaxxer.hikari.pool.ProxyPreparedStatement.execute(ProxyPreparedStatement.java:44)
1. select
				a.seq
			    ,a.authorType
			    ,d.codeName
			    ,a.name	
			    ,a.authorInfo

				,a.regDate
				,a.modDate
			    ,a.delNy
			from
				author a

				join commoncode d on a.authorType = d.seq
			where 1 = 1
				and a.seq = '17'
 {executed in 1 msec} 
2024-09-22T21:27:18.512 [http-nio-8080-exec-2] DEBUG j.sqltiming -  com.zaxxer.hikari.pool.ProxyPreparedStatement.execute(ProxyPreparedStatement.java:44)
1. select
				a.seq
			    ,a.authorType
			    ,d.codeName
			    ,a.name	
			    ,a.authorInfo

				,a.regDate
				,a.modDate
			    ,a.delNy
			from
				author a

				join commoncode d on a.authorType = d.seq
			where 1 = 1
				and a.seq = '17'
 {executed in 2 msec} 
2024-09-22T21:27:18.517 [http-nio-8080-exec-2] DEBUG j.sqltiming -  com.zaxxer.hikari.pool.ProxyPreparedStatement.execute(ProxyPreparedStatement.java:44)
1. select
		  		a.seq
			    ,a.codeName
			from
				commoncode a
			where 1=1
				AND a.codeGroup_seq = 10
			order by a.seq desc
 {executed in 1 msec} 
2024-09-22T21:27:25.332 [http-nio-8080-exec-2] DEBUG j.sqltiming -  com.zaxxer.hikari.pool.ProxyPreparedStatement.execute(ProxyPreparedStatement.java:44)
1. select
				a.seq

			    ,a.title
			    ,a.prodType
			    ,b.name
			    ,a.publisher
			    ,a.makeDate
			    ,a.price
			    ,a.sale
			    ,a.salePrice
			    ,a.point
			    ,a.stockQty
			    ,a.imgSrc
			    ,a.intro
			    ,a.reviewNum
			    ,a.shipDate
			    ,a.tableOfContents
			    ,a.publisherReview
			    ,a.preivew
			    ,a.viewNumber
			    ,a.buyNumber
			    ,a.bestNy
			    ,a.todayPickNy
			    ,a.mdPickNy
			    ,a.freeShippingNy
			    ,a.taxDeductionNy
			    ,a.sliderText
				,a.regDate
				,a.modDate
			    ,a.delNy
			    ,prodType.codeName as prodTypeName
			    ,publisher.codeName as publisherName
			from
				product a
				left join productAuthor c on c.product_seq = a.seq
				left join author b on c.author_seq = b.seq
				left join commoncode prodType on a.prodType = prodType.seq
				left join commoncode publisher on a.publisher = publisher.seq
			where 1=1
				AND prodType.codeGroup_seq = 12
				AND publisher.codeGroup_seq = 3

				        AND a.salePrice BETWEEN 0 AND 50000

				        AND a.reviewNum BETWEEN 0.0 AND 10.0

			order by a.seq desc
 {executed in 4 msec} 
2024-09-22T21:27:25.354 [http-nio-8080-exec-2] DEBUG j.sqltiming -  com.zaxxer.hikari.pool.ProxyPreparedStatement.execute(ProxyPreparedStatement.java:44)
1. SELECT
			a.seq
			,a.codeName
			,a.codeGroup_seq
		FROM
			commoncode a
			join codegroup b on a.codeGroup_seq = b.seq
		WHERE 1 = 1
			and a.codeGroup_seq = 12
 {executed in 3 msec} 
2024-09-22T21:27:27.922 [http-nio-8080-exec-4] DEBUG j.sqltiming -  com.zaxxer.hikari.pool.ProxyPreparedStatement.execute(ProxyPreparedStatement.java:44)
1. select
				a.seq
			    ,a.title
			    ,a.prodType
			    ,a.publisher
			    ,a.makeDate
			    ,a.price
			    ,a.sale
			    ,a.salePrice
			    ,a.point
			    ,a.stockQty
			    ,a.intro
			    ,a.reviewNum
			    ,a.shipDate
			    ,a.tableOfContents
			    ,a.publisherReview
			    ,a.preivew
			    ,a.viewNumber
			    ,a.buyNumber
			    ,a.bestNy
			    ,a.todayPickNy
			    ,a.mdPickNy
			    ,a.freeShippingNy
			    ,a.taxDeductionNy
			    ,a.sliderText
				,a.regDate
				,a.modDate
			    ,a.delNy
			from
				product a 
			where 1 = 1
				and a.seq = '11'
 {executed in 2 msec} 
2024-09-22T21:27:27.927 [http-nio-8080-exec-4] DEBUG j.sqltiming -  com.zaxxer.hikari.pool.ProxyPreparedStatement.execute(ProxyPreparedStatement.java:44)
1. select
				a.seq
			    ,a.authorType
			    ,d.codeName
			    ,a.name	
			    ,a.authorInfo

				,a.regDate
				,a.modDate
			    ,a.delNy
			from
				author a

				join commoncode d on a.authorType = d.seq
			where 1 = 1
				and a.seq = '11'
 {executed in 1 msec} 
2024-09-22T21:27:27.929 [http-nio-8080-exec-4] DEBUG j.sqltiming -  com.zaxxer.hikari.pool.ProxyPreparedStatement.execute(ProxyPreparedStatement.java:44)
1. SELECT
			a.seq
			,a.codeName
			,a.codeGroup_seq
		FROM
			commoncode a
			join codegroup b on a.codeGroup_seq = b.seq
		WHERE 1 = 1
			and a.codeGroup_seq = 12
 {executed in 1 msec} 
2024-09-22T21:27:58.858 [http-nio-8080-exec-1] DEBUG j.sqltiming -  com.zaxxer.hikari.pool.ProxyPreparedStatement.execute(ProxyPreparedStatement.java:44)
1. SELECT
			a.seq
			,a.codeName
			,a.codeGroup_seq
		FROM
			commoncode a
			join codegroup b on a.codeGroup_seq = b.seq
		WHERE 1 = 1
			and a.codeGroup_seq = 3
 {executed in 0 msec} 
2024-09-22T21:27:58.864 [http-nio-8080-exec-1] DEBUG j.sqltiming -  com.zaxxer.hikari.pool.ProxyPreparedStatement.execute(ProxyPreparedStatement.java:44)
1. SELECT
			a.seq
			,a.codeName
			,a.codeGroup_seq
		FROM
			commoncode a
			join codegroup b on a.codeGroup_seq = b.seq
		WHERE 1 = 1
			and a.codeGroup_seq = 12
 {executed in 1 msec} 
2024-09-22T21:27:58.867 [http-nio-8080-exec-1] DEBUG j.sqltiming -  com.zaxxer.hikari.pool.ProxyPreparedStatement.execute(ProxyPreparedStatement.java:44)
1. select
				a.seq
			    ,a.authorType
			    ,d.codeName
			    ,a.name	
			    ,a.authorInfo
			    ,b.title
				,a.regDate
				,a.modDate
			    ,a.delNy
			from
				author a
				left join productAuthor c on c.author_seq = a.seq
				left join product b on c.product_seq = b.seq
				join commoncode d on a.authorType = d.seq
			where 1=1

			order by a.seq desc
 {executed in 2 msec} 
2024-09-22T21:30:18.689 [http-nio-8080-exec-3] DEBUG j.sqltiming -  com.zaxxer.hikari.pool.ProxyPreparedStatement.execute(ProxyPreparedStatement.java:44)
1. SELECT
			a.seq
			,a.codeName
			,a.codeGroup_seq
		FROM
			commoncode a
			join codegroup b on a.codeGroup_seq = b.seq
		WHERE 1 = 1
			and a.codeGroup_seq = 3
 {executed in 1 msec} 
2024-09-22T21:30:18.691 [http-nio-8080-exec-3] DEBUG j.sqltiming -  com.zaxxer.hikari.pool.ProxyPreparedStatement.execute(ProxyPreparedStatement.java:44)
1. SELECT
			a.seq
			,a.codeName
			,a.codeGroup_seq
		FROM
			commoncode a
			join codegroup b on a.codeGroup_seq = b.seq
		WHERE 1 = 1
			and a.codeGroup_seq = 12
 {executed in 1 msec} 
2024-09-22T21:30:18.696 [http-nio-8080-exec-3] DEBUG j.sqltiming -  com.zaxxer.hikari.pool.ProxyPreparedStatement.execute(ProxyPreparedStatement.java:44)
1. select
				a.seq
			    ,a.authorType
			    ,d.codeName
			    ,a.name	
			    ,a.authorInfo
			    ,b.title
				,a.regDate
				,a.modDate
			    ,a.delNy
			from
				author a
				left join productAuthor c on c.author_seq = a.seq
				left join product b on c.product_seq = b.seq
				join commoncode d on a.authorType = d.seq
			where 1=1

			order by a.seq desc
 {executed in 1 msec} 
2024-09-22T21:35:29.884 [http-nio-8080-exec-9] DEBUG j.sqltiming -  com.zaxxer.hikari.pool.ProxyPreparedStatement.execute(ProxyPreparedStatement.java:44)
1. SELECT
			a.seq
			,a.codeName
			,a.codeGroup_seq
		FROM
			commoncode a
			join codegroup b on a.codeGroup_seq = b.seq
		WHERE 1 = 1
			and a.codeGroup_seq = 3
 {executed in 1 msec} 
2024-09-22T21:35:29.886 [http-nio-8080-exec-9] DEBUG j.sqltiming -  com.zaxxer.hikari.pool.ProxyPreparedStatement.execute(ProxyPreparedStatement.java:44)
1. SELECT
			a.seq
			,a.codeName
			,a.codeGroup_seq
		FROM
			commoncode a
			join codegroup b on a.codeGroup_seq = b.seq
		WHERE 1 = 1
			and a.codeGroup_seq = 12
 {executed in 0 msec} 
2024-09-22T21:35:29.888 [http-nio-8080-exec-9] DEBUG j.sqltiming -  com.zaxxer.hikari.pool.ProxyPreparedStatement.execute(ProxyPreparedStatement.java:44)
1. select
				a.seq
			    ,a.authorType
			    ,d.codeName
			    ,a.name	
			    ,a.authorInfo
			    ,b.title
				,a.regDate
				,a.modDate
			    ,a.delNy
			from
				author a
				left join productAuthor c on c.author_seq = a.seq
				left join product b on c.product_seq = b.seq
				join commoncode d on a.authorType = d.seq
			where 1=1

			order by a.seq desc
 {executed in 1 msec} 
2024-09-22T21:35:32.496 [http-nio-8080-exec-9] DEBUG j.sqltiming -  com.zaxxer.hikari.pool.ProxyPreparedStatement.execute(ProxyPreparedStatement.java:44)
1. select
				a.seq

			    ,a.title
			    ,a.prodType
			    ,b.name
			    ,a.publisher
			    ,a.makeDate
			    ,a.price
			    ,a.sale
			    ,a.salePrice
			    ,a.point
			    ,a.stockQty
			    ,a.imgSrc
			    ,a.intro
			    ,a.reviewNum
			    ,a.shipDate
			    ,a.tableOfContents
			    ,a.publisherReview
			    ,a.preivew
			    ,a.viewNumber
			    ,a.buyNumber
			    ,a.bestNy
			    ,a.todayPickNy
			    ,a.mdPickNy
			    ,a.freeShippingNy
			    ,a.taxDeductionNy
			    ,a.sliderText
				,a.regDate
				,a.modDate
			    ,a.delNy
			    ,prodType.codeName as prodTypeName
			    ,publisher.codeName as publisherName
			from
				product a
				left join productAuthor c on c.product_seq = a.seq
				left join author b on c.author_seq = b.seq
				left join commoncode prodType on a.prodType = prodType.seq
				left join commoncode publisher on a.publisher = publisher.seq
			where 1=1
				AND prodType.codeGroup_seq = 12
				AND publisher.codeGroup_seq = 3

				        AND a.salePrice BETWEEN 0 AND 50000

				        AND a.reviewNum BETWEEN 0.0 AND 10.0

			order by a.seq desc
 {executed in 2 msec} 
2024-09-22T21:35:32.504 [http-nio-8080-exec-9] DEBUG j.sqltiming -  com.zaxxer.hikari.pool.ProxyPreparedStatement.execute(ProxyPreparedStatement.java:44)
1. SELECT
			a.seq
			,a.codeName
			,a.codeGroup_seq
		FROM
			commoncode a
			join codegroup b on a.codeGroup_seq = b.seq
		WHERE 1 = 1
			and a.codeGroup_seq = 12
 {executed in 1 msec} 
2024-09-22T21:35:34.319 [http-nio-8080-exec-1] DEBUG j.sqltiming -  com.zaxxer.hikari.pool.ProxyPreparedStatement.execute(ProxyPreparedStatement.java:44)
1. select
				a.seq
			    ,a.title
			    ,a.prodType
			    ,a.publisher
			    ,a.makeDate
			    ,a.price
			    ,a.sale
			    ,a.salePrice
			    ,a.point
			    ,a.stockQty
			    ,a.intro
			    ,a.reviewNum
			    ,a.shipDate
			    ,a.tableOfContents
			    ,a.publisherReview
			    ,a.preivew
			    ,a.viewNumber
			    ,a.buyNumber
			    ,a.bestNy
			    ,a.todayPickNy
			    ,a.mdPickNy
			    ,a.freeShippingNy
			    ,a.taxDeductionNy
			    ,a.sliderText
				,a.regDate
				,a.modDate
			    ,a.delNy
			from
				product a 
			where 1 = 1
				and a.seq = '11'
 {executed in 1 msec} 
2024-09-22T21:35:34.322 [http-nio-8080-exec-1] DEBUG j.sqltiming -  com.zaxxer.hikari.pool.ProxyPreparedStatement.execute(ProxyPreparedStatement.java:44)
1. select
				a.seq
			    ,a.authorType
			    ,d.codeName
			    ,a.name	
			    ,a.authorInfo

				,a.regDate
				,a.modDate
			    ,a.delNy
			from
				author a

				join commoncode d on a.authorType = d.seq
			where 1 = 1
				and a.seq = '11'
 {executed in 1 msec} 
2024-09-22T21:35:34.323 [http-nio-8080-exec-1] DEBUG j.sqltiming -  com.zaxxer.hikari.pool.ProxyPreparedStatement.execute(ProxyPreparedStatement.java:44)
1. SELECT
			a.seq
			,a.codeName
			,a.codeGroup_seq
		FROM
			commoncode a
			join codegroup b on a.codeGroup_seq = b.seq
		WHERE 1 = 1
			and a.codeGroup_seq = 12
 {executed in 1 msec} 
2024-09-22T21:35:47.882 [http-nio-8080-exec-2] DEBUG j.sqltiming -  com.zaxxer.hikari.pool.ProxyPreparedStatement.execute(ProxyPreparedStatement.java:44)
1. select
				a.seq
			    ,a.title
			    ,a.prodType
			    ,a.publisher
			    ,a.makeDate
			    ,a.price
			    ,a.sale
			    ,a.salePrice
			    ,a.point
			    ,a.stockQty
			    ,a.intro
			    ,a.reviewNum
			    ,a.shipDate
			    ,a.tableOfContents
			    ,a.publisherReview
			    ,a.preivew
			    ,a.viewNumber
			    ,a.buyNumber
			    ,a.bestNy
			    ,a.todayPickNy
			    ,a.mdPickNy
			    ,a.freeShippingNy
			    ,a.taxDeductionNy
			    ,a.sliderText
				,a.regDate
				,a.modDate
			    ,a.delNy
			from
				product a 
			where 1 = 1
				and a.seq = '11'
 {executed in 0 msec} 
2024-09-22T21:35:47.882 [http-nio-8080-exec-2] DEBUG j.sqltiming -  com.zaxxer.hikari.pool.ProxyPreparedStatement.execute(ProxyPreparedStatement.java:44)
1. select
				a.seq
			    ,a.authorType
			    ,d.codeName
			    ,a.name	
			    ,a.authorInfo

				,a.regDate
				,a.modDate
			    ,a.delNy
			from
				author a

				join commoncode d on a.authorType = d.seq
			where 1 = 1
				and a.seq = '11'
 {executed in 0 msec} 
2024-09-22T21:35:47.882 [http-nio-8080-exec-2] DEBUG j.sqltiming -  com.zaxxer.hikari.pool.ProxyPreparedStatement.execute(ProxyPreparedStatement.java:44)
1. SELECT
			a.seq
			,a.codeName
			,a.codeGroup_seq
		FROM
			commoncode a
			join codegroup b on a.codeGroup_seq = b.seq
		WHERE 1 = 1
			and a.codeGroup_seq = 12
 {executed in 0 msec} 
2024-09-22T21:54:14.483 [http-nio-8080-exec-6] DEBUG j.sqltiming -  com.zaxxer.hikari.pool.ProxyPreparedStatement.execute(ProxyPreparedStatement.java:44)
1. select
				a.seq
			    ,a.title
			    ,a.prodType
			    ,a.publisher
			    ,a.makeDate
			    ,a.price
			    ,a.sale
			    ,a.salePrice
			    ,a.point
			    ,a.stockQty
			    ,a.intro
			    ,a.reviewNum
			    ,a.shipDate
			    ,a.tableOfContents
			    ,a.publisherReview
			    ,a.preivew
			    ,a.viewNumber
			    ,a.buyNumber
			    ,a.bestNy
			    ,a.todayPickNy
			    ,a.mdPickNy
			    ,a.freeShippingNy
			    ,a.taxDeductionNy
			    ,a.sliderText
				,a.regDate
				,a.modDate
			    ,a.delNy
			from
				product a 
			where 1 = 1
				and a.seq = '11'
 {executed in 1 msec} 
2024-09-22T21:54:14.485 [http-nio-8080-exec-6] DEBUG j.sqltiming -  com.zaxxer.hikari.pool.ProxyPreparedStatement.execute(ProxyPreparedStatement.java:44)
1. select
				a.seq
			    ,a.authorType
			    ,d.codeName
			    ,a.name	
			    ,a.authorInfo

				,a.regDate
				,a.modDate
			    ,a.delNy
			from
				author a

				join commoncode d on a.authorType = d.seq
			where 1 = 1
				and a.seq = '11'
 {executed in 1 msec} 
2024-09-22T21:54:14.488 [http-nio-8080-exec-6] DEBUG j.sqltiming -  com.zaxxer.hikari.pool.ProxyPreparedStatement.execute(ProxyPreparedStatement.java:44)
1. SELECT
			a.seq
			,a.codeName
			,a.codeGroup_seq
		FROM
			commoncode a
			join codegroup b on a.codeGroup_seq = b.seq
		WHERE 1 = 1
			and a.codeGroup_seq = 12
 {executed in 2 msec} 
2024-09-22T21:54:19.786 [http-nio-8080-exec-9] DEBUG j.sqltiming -  com.zaxxer.hikari.pool.ProxyPreparedStatement.execute(ProxyPreparedStatement.java:44)
1. select
				a.seq

			    ,a.title
			    ,a.prodType
			    ,b.name
			    ,a.publisher
			    ,a.makeDate
			    ,a.price
			    ,a.sale
			    ,a.salePrice
			    ,a.point
			    ,a.stockQty
			    ,a.imgSrc
			    ,a.intro
			    ,a.reviewNum
			    ,a.shipDate
			    ,a.tableOfContents
			    ,a.publisherReview
			    ,a.preivew
			    ,a.viewNumber
			    ,a.buyNumber
			    ,a.bestNy
			    ,a.todayPickNy
			    ,a.mdPickNy
			    ,a.freeShippingNy
			    ,a.taxDeductionNy
			    ,a.sliderText
				,a.regDate
				,a.modDate
			    ,a.delNy
			    ,prodType.codeName as prodTypeName
			    ,publisher.codeName as publisherName
			from
				product a
				left join productAuthor c on c.product_seq = a.seq
				left join author b on c.author_seq = b.seq
				left join commoncode prodType on a.prodType = prodType.seq
				left join commoncode publisher on a.publisher = publisher.seq
			where 1=1
				AND prodType.codeGroup_seq = 12
				AND publisher.codeGroup_seq = 3

				        AND a.salePrice BETWEEN 0 AND 50000

				        AND a.reviewNum BETWEEN 0.0 AND 10.0

			order by a.seq desc
 {executed in 2 msec} 
2024-09-22T21:54:19.793 [http-nio-8080-exec-9] DEBUG j.sqltiming -  com.zaxxer.hikari.pool.ProxyPreparedStatement.execute(ProxyPreparedStatement.java:44)
1. SELECT
			a.seq
			,a.codeName
			,a.codeGroup_seq
		FROM
			commoncode a
			join codegroup b on a.codeGroup_seq = b.seq
		WHERE 1 = 1
			and a.codeGroup_seq = 12
 {executed in 1 msec} 
2024-09-22T21:54:21.841 [http-nio-8080-exec-3] DEBUG j.sqltiming -  com.zaxxer.hikari.pool.ProxyPreparedStatement.execute(ProxyPreparedStatement.java:44)
1. select
				a.seq
			    ,a.title
			    ,a.prodType
			    ,a.publisher
			    ,a.makeDate
			    ,a.price
			    ,a.sale
			    ,a.salePrice
			    ,a.point
			    ,a.stockQty
			    ,a.intro
			    ,a.reviewNum
			    ,a.shipDate
			    ,a.tableOfContents
			    ,a.publisherReview
			    ,a.preivew
			    ,a.viewNumber
			    ,a.buyNumber
			    ,a.bestNy
			    ,a.todayPickNy
			    ,a.mdPickNy
			    ,a.freeShippingNy
			    ,a.taxDeductionNy
			    ,a.sliderText
				,a.regDate
				,a.modDate
			    ,a.delNy
			from
				product a 
			where 1 = 1
				and a.seq = '10'
 {executed in 1 msec} 
2024-09-22T21:54:21.843 [http-nio-8080-exec-3] DEBUG j.sqltiming -  com.zaxxer.hikari.pool.ProxyPreparedStatement.execute(ProxyPreparedStatement.java:44)
1. select
				a.seq
			    ,a.authorType
			    ,d.codeName
			    ,a.name	
			    ,a.authorInfo

				,a.regDate
				,a.modDate
			    ,a.delNy
			from
				author a

				join commoncode d on a.authorType = d.seq
			where 1 = 1
				and a.seq = '10'
 {executed in 1 msec} 
2024-09-22T21:54:21.844 [http-nio-8080-exec-3] DEBUG j.sqltiming -  com.zaxxer.hikari.pool.ProxyPreparedStatement.execute(ProxyPreparedStatement.java:44)
1. SELECT
			a.seq
			,a.codeName
			,a.codeGroup_seq
		FROM
			commoncode a
			join codegroup b on a.codeGroup_seq = b.seq
		WHERE 1 = 1
			and a.codeGroup_seq = 12
 {executed in 1 msec} 
2024-09-22T21:57:12.400 [File Watcher] INFO o.s.b.d.a.LocalDevToolsAutoConfiguration$RestartingClassPathChangeChangedEventListener - Restarting due to 1 class path change (0 additions, 0 deletions, 1 modification) 
2024-09-22T21:57:12.406 [Thread-5] INFO o.a.c.h.Http11NioProtocol - Stopping ProtocolHandler ["http-nio-8080"] 
2024-09-22T21:57:12.483 [Thread-5] INFO c.z.h.HikariDataSource - HikariPool-1 - Shutdown initiated... 
2024-09-22T21:57:12.487 [Thread-5] INFO c.z.h.HikariDataSource - HikariPool-1 - Shutdown completed. 
2024-09-22T21:57:12.543 [restartedMain] INFO c.e.ZerglingApplication - Starting ZerglingApplication using Java 17.0.11 with PID 2208 (C:\factory\ws_sts4_4240\repo_zergling\zergling\bin\main started by chlee in C:\factory\ws_sts4_4240\repo_zergling\zergling) 
2024-09-22T21:57:12.543 [restartedMain] INFO c.e.ZerglingApplication - No active profile set, falling back to 1 default profile: "default" 
2024-09-22T21:57:12.680 [restartedMain] INFO o.s.b.w.e.t.TomcatWebServer - Tomcat initialized with port 8080 (http) 
2024-09-22T21:57:12.680 [restartedMain] INFO o.a.c.h.Http11NioProtocol - Initializing ProtocolHandler ["http-nio-8080"] 
2024-09-22T21:57:12.681 [restartedMain] INFO o.a.c.c.StandardService - Starting service [Tomcat] 
2024-09-22T21:57:12.681 [restartedMain] INFO o.a.c.c.StandardEngine - Starting Servlet engine: [Apache Tomcat/10.1.28] 
2024-09-22T21:57:12.688 [restartedMain] INFO o.a.c.c.C.[.[.[/] - Initializing Spring embedded WebApplicationContext 
2024-09-22T21:57:12.688 [restartedMain] INFO o.s.b.w.s.c.ServletWebServerApplicationContext - Root WebApplicationContext: initialization completed in 143 ms 
2024-09-22T21:57:12.822 [restartedMain] INFO o.s.b.d.a.OptionalLiveReloadServer - LiveReload server is running on port 35729 
2024-09-22T21:57:12.827 [restartedMain] INFO o.a.c.h.Http11NioProtocol - Starting ProtocolHandler ["http-nio-8080"] 
2024-09-22T21:57:12.829 [restartedMain] INFO o.s.b.w.e.t.TomcatWebServer - Tomcat started on port 8080 (http) with context path '/' 
2024-09-22T21:57:12.835 [restartedMain] INFO c.e.ZerglingApplication - Started ZerglingApplication in 0.311 seconds (process running for 3626.61) 
2024-09-22T21:57:12.837 [restartedMain] INFO o.s.b.d.a.ConditionEvaluationDeltaLoggingListener - Condition evaluation unchanged 
2024-09-22T21:57:22.021 [File Watcher] INFO o.s.b.d.a.LocalDevToolsAutoConfiguration$RestartingClassPathChangeChangedEventListener - Restarting due to 1 class path change (0 additions, 0 deletions, 1 modification) 
2024-09-22T21:57:22.023 [Thread-7] INFO o.a.c.h.Http11NioProtocol - Stopping ProtocolHandler ["http-nio-8080"] 
2024-09-22T21:57:22.172 [restartedMain] INFO c.e.ZerglingApplication - Starting ZerglingApplication using Java 17.0.11 with PID 2208 (C:\factory\ws_sts4_4240\repo_zergling\zergling\bin\main started by chlee in C:\factory\ws_sts4_4240\repo_zergling\zergling) 
2024-09-22T21:57:22.172 [restartedMain] INFO c.e.ZerglingApplication - No active profile set, falling back to 1 default profile: "default" 
2024-09-22T21:57:22.321 [restartedMain] INFO o.s.b.w.e.t.TomcatWebServer - Tomcat initialized with port 8080 (http) 
2024-09-22T21:57:22.321 [restartedMain] INFO o.a.c.h.Http11NioProtocol - Initializing ProtocolHandler ["http-nio-8080"] 
2024-09-22T21:57:22.321 [restartedMain] INFO o.a.c.c.StandardService - Starting service [Tomcat] 
2024-09-22T21:57:22.321 [restartedMain] INFO o.a.c.c.StandardEngine - Starting Servlet engine: [Apache Tomcat/10.1.28] 
2024-09-22T21:57:22.327 [restartedMain] INFO o.a.c.c.C.[.[.[/] - Initializing Spring embedded WebApplicationContext 
2024-09-22T21:57:22.328 [restartedMain] INFO o.s.b.w.s.c.ServletWebServerApplicationContext - Root WebApplicationContext: initialization completed in 154 ms 
2024-09-22T21:57:22.440 [restartedMain] INFO o.s.b.d.a.OptionalLiveReloadServer - LiveReload server is running on port 35729 
2024-09-22T21:57:22.444 [restartedMain] INFO o.a.c.h.Http11NioProtocol - Starting ProtocolHandler ["http-nio-8080"] 
2024-09-22T21:57:22.445 [restartedMain] INFO o.s.b.w.e.t.TomcatWebServer - Tomcat started on port 8080 (http) with context path '/' 
2024-09-22T21:57:22.450 [restartedMain] INFO c.e.ZerglingApplication - Started ZerglingApplication in 0.308 seconds (process running for 3636.226) 
2024-09-22T21:57:22.452 [restartedMain] INFO o.s.b.d.a.ConditionEvaluationDeltaLoggingListener - Condition evaluation unchanged 
2024-09-22T21:57:34.949 [File Watcher] INFO o.s.b.d.a.LocalDevToolsAutoConfiguration$RestartingClassPathChangeChangedEventListener - Restarting due to 1 class path change (0 additions, 0 deletions, 1 modification) 
2024-09-22T21:57:34.950 [Thread-11] INFO o.a.c.h.Http11NioProtocol - Stopping ProtocolHandler ["http-nio-8080"] 
2024-09-22T21:57:35.069 [restartedMain] INFO c.e.ZerglingApplication - Starting ZerglingApplication using Java 17.0.11 with PID 2208 (C:\factory\ws_sts4_4240\repo_zergling\zergling\bin\main started by chlee in C:\factory\ws_sts4_4240\repo_zergling\zergling) 
2024-09-22T21:57:35.069 [restartedMain] INFO c.e.ZerglingApplication - No active profile set, falling back to 1 default profile: "default" 
2024-09-22T21:57:35.202 [restartedMain] INFO o.s.b.w.e.t.TomcatWebServer - Tomcat initialized with port 8080 (http) 
2024-09-22T21:57:35.202 [restartedMain] INFO o.a.c.h.Http11NioProtocol - Initializing ProtocolHandler ["http-nio-8080"] 
2024-09-22T21:57:35.202 [restartedMain] INFO o.a.c.c.StandardService - Starting service [Tomcat] 
2024-09-22T21:57:35.202 [restartedMain] INFO o.a.c.c.StandardEngine - Starting Servlet engine: [Apache Tomcat/10.1.28] 
2024-09-22T21:57:35.210 [restartedMain] INFO o.a.c.c.C.[.[.[/] - Initializing Spring embedded WebApplicationContext 
2024-09-22T21:57:35.210 [restartedMain] INFO o.s.b.w.s.c.ServletWebServerApplicationContext - Root WebApplicationContext: initialization completed in 138 ms 
2024-09-22T21:57:35.313 [restartedMain] INFO o.s.b.d.a.OptionalLiveReloadServer - LiveReload server is running on port 35729 
2024-09-22T21:57:35.317 [restartedMain] INFO o.a.c.h.Http11NioProtocol - Starting ProtocolHandler ["http-nio-8080"] 
2024-09-22T21:57:35.320 [restartedMain] INFO o.s.b.w.e.t.TomcatWebServer - Tomcat started on port 8080 (http) with context path '/' 
2024-09-22T21:57:35.324 [restartedMain] INFO c.e.ZerglingApplication - Started ZerglingApplication in 0.269 seconds (process running for 3649.1) 
2024-09-22T21:57:35.326 [restartedMain] INFO o.s.b.d.a.ConditionEvaluationDeltaLoggingListener - Condition evaluation unchanged 
2024-09-22T21:58:54.299 [http-nio-8080-exec-1] INFO o.a.c.c.C.[.[.[/] - Initializing Spring DispatcherServlet 'dispatcherServlet' 
2024-09-22T21:58:54.299 [http-nio-8080-exec-1] INFO o.s.w.s.DispatcherServlet - Initializing Servlet 'dispatcherServlet' 
2024-09-22T21:58:54.300 [http-nio-8080-exec-1] INFO o.s.w.s.DispatcherServlet - Completed initialization in 0 ms 
2024-09-22T21:58:54.303 [http-nio-8080-exec-1] INFO c.z.h.HikariDataSource - HikariPool-2 - Starting... 
2024-09-22T21:58:54.315 [http-nio-8080-exec-1] INFO c.z.h.p.HikariPool - HikariPool-2 - Added connection net.sf.log4jdbc.sql.jdbcapi.ConnectionSpy@58c7c255 
2024-09-22T21:58:54.315 [http-nio-8080-exec-1] INFO c.z.h.HikariDataSource - HikariPool-2 - Start completed. 
2024-09-22T21:58:54.317 [http-nio-8080-exec-1] DEBUG j.sqltiming -  com.zaxxer.hikari.pool.ProxyPreparedStatement.execute(ProxyPreparedStatement.java:44)
20. select
				a.seq
			    ,a.title
			    ,a.prodType
			    ,a.publisher
			    ,a.makeDate
			    ,a.price
			    ,a.sale
			    ,a.salePrice
			    ,a.point
			    ,a.stockQty
			    ,a.intro
			    ,a.reviewNum
			    ,a.shipDate
			    ,a.tableOfContents
			    ,a.publisherReview
			    ,a.preivew
			    ,a.viewNumber
			    ,a.buyNumber
			    ,a.bestNy
			    ,a.todayPickNy
			    ,a.mdPickNy
			    ,a.freeShippingNy
			    ,a.taxDeductionNy
			    ,a.sliderText
				,a.regDate
				,a.modDate
			    ,a.delNy
			from
				product a 
			where 1 = 1
				and a.seq = '10'
 {executed in 1 msec} 
2024-09-22T21:58:54.319 [http-nio-8080-exec-1] DEBUG j.sqltiming -  com.zaxxer.hikari.pool.ProxyPreparedStatement.execute(ProxyPreparedStatement.java:44)
20. select
				a.seq
			    ,a.authorType
			    ,d.codeName
			    ,a.name	
			    ,a.authorInfo

				,a.regDate
				,a.modDate
			    ,a.delNy
			from
				author a

				join commoncode d on a.authorType = d.seq
			where 1 = 1
				and a.seq = '10'
 {executed in 1 msec} 
2024-09-22T21:58:54.321 [http-nio-8080-exec-1] DEBUG j.sqltiming -  com.zaxxer.hikari.pool.ProxyPreparedStatement.execute(ProxyPreparedStatement.java:44)
20. select
				a.seq
			    ,a.authorType
			    ,d.codeName
			    ,a.name	
			    ,a.authorInfo
			    ,b.title
				,a.regDate
				,a.modDate
			    ,a.delNy
			from
				author a
				left join productAuthor c on c.author_seq = a.seq
				left join product b on c.product_seq = b.seq
				join commoncode d on a.authorType = d.seq
			where 1=1

			order by a.seq desc
 {executed in 1 msec} 
2024-09-22T21:58:54.323 [http-nio-8080-exec-1] DEBUG j.sqltiming -  com.zaxxer.hikari.pool.ProxyPreparedStatement.execute(ProxyPreparedStatement.java:44)
20. SELECT
			a.seq
			,a.codeName
			,a.codeGroup_seq
		FROM
			commoncode a
			join codegroup b on a.codeGroup_seq = b.seq
		WHERE 1 = 1
			and a.codeGroup_seq = 12
 {executed in 1 msec} 
