2024-09-13T10:00:21.070 [http-nio-8080-exec-5] DEBUG j.sqltiming -  com.zaxxer.hikari.pool.ProxyPreparedStatement.execute(ProxyPreparedStatement.java:44)
21. select
				a.seq
			    ,a.title
			    ,a.prodType
			    ,b.name
			    ,a.publisher
			    ,a.makeDate
			    ,a.price
			    ,a.sale
			    ,a.salePrice
			    ,a.point
			    ,a.stockQty
			    ,a.imgSrc
			    ,a.intro
			    ,a.reviewNum
			    ,a.shipDate
			    ,a.tableOfContents
			    ,a.publisherReview
			    ,a.preivew
			    ,a.viewNumber
			    ,a.buyNumber
			    ,a.bestNy
			    ,a.todayPickNy
			    ,a.sliderText
				,a.regDate
				,a.modDate
			    ,a.delNy
			from
				product a
				left join productAuthor c on c.product_seq = a.seq
				left join author b on c.author_seq = b.seq
				join commoncode d on b.authorType = d.seq
			where 1=1

			order by a.makeDate desc
 {executed in 0 msec} 
2024-09-13T10:00:23.297 [http-nio-8080-exec-3] DEBUG j.sqltiming -  com.zaxxer.hikari.pool.ProxyPreparedStatement.execute(ProxyPreparedStatement.java:44)
21. select
				a.seq
			    ,a.title
			    ,a.prodType
			    ,b.name
			    ,a.publisher
			    ,a.makeDate
			    ,a.price
			    ,a.sale
			    ,a.salePrice
			    ,a.point
			    ,a.stockQty
			    ,a.imgSrc
			    ,a.intro
			    ,a.reviewNum
			    ,a.shipDate
			    ,a.tableOfContents
			    ,a.publisherReview
			    ,a.preivew
			    ,a.viewNumber
			    ,a.buyNumber
			    ,a.bestNy
			    ,a.todayPickNy
			    ,a.sliderText
				,a.regDate
				,a.modDate
			    ,a.delNy
			from
				product a
				left join productAuthor c on c.product_seq = a.seq
				left join author b on c.author_seq = b.seq
				join commoncode d on b.authorType = d.seq
			where 1=1

				        AND a.salePrice BETWEEN 25000 AND 25000

				  AND a.makeDate BETWEEN DATE_SUB(NOW(), INTERVAL 1 MONTH) AND NOW() 
			order by a.makeDate desc
 {executed in 0 msec} 
2024-09-13T10:01:11.390 [http-nio-8080-exec-5] DEBUG j.sqltiming -  com.zaxxer.hikari.pool.ProxyPreparedStatement.execute(ProxyPreparedStatement.java:44)
21. select
				a.seq
			    ,a.title
			    ,a.prodType
			    ,b.name
			    ,a.publisher
			    ,a.makeDate
			    ,a.price
			    ,a.sale
			    ,a.salePrice
			    ,a.point
			    ,a.stockQty
			    ,a.imgSrc
			    ,a.intro
			    ,a.reviewNum
			    ,a.shipDate
			    ,a.tableOfContents
			    ,a.publisherReview
			    ,a.preivew
			    ,a.viewNumber
			    ,a.buyNumber
			    ,a.bestNy
			    ,a.todayPickNy
			    ,a.sliderText
				,a.regDate
				,a.modDate
			    ,a.delNy
			from
				product a
				left join productAuthor c on c.product_seq = a.seq
				left join author b on c.author_seq = b.seq
				join commoncode d on b.authorType = d.seq
			where 1=1

				        AND a.salePrice BETWEEN 25000 AND 25000

				  AND a.makeDate BETWEEN DATE_SUB(NOW(), INTERVAL 1 MONTH) AND NOW() 
			order by a.makeDate desc
 {executed in 1 msec} 
2024-09-13T10:01:14.139 [http-nio-8080-exec-8] DEBUG j.sqltiming -  com.zaxxer.hikari.pool.ProxyPreparedStatement.execute(ProxyPreparedStatement.java:44)
21. select
				a.seq
			    ,a.title
			    ,a.prodType
			    ,b.name
			    ,a.publisher
			    ,a.makeDate
			    ,a.price
			    ,a.sale
			    ,a.salePrice
			    ,a.point
			    ,a.stockQty
			    ,a.imgSrc
			    ,a.intro
			    ,a.reviewNum
			    ,a.shipDate
			    ,a.tableOfContents
			    ,a.publisherReview
			    ,a.preivew
			    ,a.viewNumber
			    ,a.buyNumber
			    ,a.bestNy
			    ,a.todayPickNy
			    ,a.sliderText
				,a.regDate
				,a.modDate
			    ,a.delNy
			from
				product a
				left join productAuthor c on c.product_seq = a.seq
				left join author b on c.author_seq = b.seq
				join commoncode d on b.authorType = d.seq
			where 1=1

			order by a.makeDate desc
 {executed in 1 msec} 
2024-09-13T10:01:15.146 [http-nio-8080-exec-5] DEBUG j.sqltiming -  com.zaxxer.hikari.pool.ProxyPreparedStatement.execute(ProxyPreparedStatement.java:44)
21. select
				a.seq
			    ,a.title
			    ,a.prodType
			    ,b.name
			    ,a.publisher
			    ,a.makeDate
			    ,a.price
			    ,a.sale
			    ,a.salePrice
			    ,a.point
			    ,a.stockQty
			    ,a.imgSrc
			    ,a.intro
			    ,a.reviewNum
			    ,a.shipDate
			    ,a.tableOfContents
			    ,a.publisherReview
			    ,a.preivew
			    ,a.viewNumber
			    ,a.buyNumber
			    ,a.bestNy
			    ,a.todayPickNy
			    ,a.sliderText
				,a.regDate
				,a.modDate
			    ,a.delNy
			from
				product a
				left join productAuthor c on c.product_seq = a.seq
				left join author b on c.author_seq = b.seq
				join commoncode d on b.authorType = d.seq
			where 1=1

			order by a.makeDate desc
 {executed in 1 msec} 
2024-09-13T10:01:26.713 [http-nio-8080-exec-4] DEBUG j.sqltiming -  com.zaxxer.hikari.pool.ProxyPreparedStatement.execute(ProxyPreparedStatement.java:44)
21. select
				a.seq
			    ,a.title
			    ,a.prodType
			    ,b.name
			    ,a.publisher
			    ,a.makeDate
			    ,a.price
			    ,a.sale
			    ,a.salePrice
			    ,a.point
			    ,a.stockQty
			    ,a.imgSrc
			    ,a.intro
			    ,a.reviewNum
			    ,a.shipDate
			    ,a.tableOfContents
			    ,a.publisherReview
			    ,a.preivew
			    ,a.viewNumber
			    ,a.buyNumber
			    ,a.bestNy
			    ,a.todayPickNy
			    ,a.sliderText
				,a.regDate
				,a.modDate
			    ,a.delNy
			from
				product a
				left join productAuthor c on c.product_seq = a.seq
				left join author b on c.author_seq = b.seq
				join commoncode d on b.authorType = d.seq
			where 1=1

				        AND a.salePrice BETWEEN 25000 AND 25000

				  AND a.makeDate BETWEEN DATE_SUB(NOW(), INTERVAL 1 MONTH) AND NOW() 
			order by a.makeDate desc
 {executed in 2 msec} 
2024-09-13T10:02:35.301 [http-nio-8080-exec-7] DEBUG j.sqltiming -  com.zaxxer.hikari.pool.ProxyPreparedStatement.execute(ProxyPreparedStatement.java:44)
21. select
				a.seq
			    ,a.title
			    ,a.prodType
			    ,b.name
			    ,a.publisher
			    ,a.makeDate
			    ,a.price
			    ,a.sale
			    ,a.salePrice
			    ,a.point
			    ,a.stockQty
			    ,a.imgSrc
			    ,a.intro
			    ,a.reviewNum
			    ,a.shipDate
			    ,a.tableOfContents
			    ,a.publisherReview
			    ,a.preivew
			    ,a.viewNumber
			    ,a.buyNumber
			    ,a.bestNy
			    ,a.todayPickNy
			    ,a.sliderText
				,a.regDate
				,a.modDate
			    ,a.delNy
			from
				product a
				left join productAuthor c on c.product_seq = a.seq
				left join author b on c.author_seq = b.seq
				join commoncode d on b.authorType = d.seq
			where 1=1

				        AND a.salePrice BETWEEN 25000 AND 25000

				  AND a.makeDate BETWEEN DATE_SUB(NOW(), INTERVAL 1 MONTH) AND NOW() 
			order by a.makeDate desc
 {executed in 2 msec} 
2024-09-13T10:02:41.249 [http-nio-8080-exec-7] DEBUG j.sqltiming -  com.zaxxer.hikari.pool.ProxyPreparedStatement.execute(ProxyPreparedStatement.java:44)
21. select
				a.seq
			    ,a.title
			    ,a.prodType
			    ,b.name
			    ,a.publisher
			    ,a.makeDate
			    ,a.price
			    ,a.sale
			    ,a.salePrice
			    ,a.point
			    ,a.stockQty
			    ,a.imgSrc
			    ,a.intro
			    ,a.reviewNum
			    ,a.shipDate
			    ,a.tableOfContents
			    ,a.publisherReview
			    ,a.preivew
			    ,a.viewNumber
			    ,a.buyNumber
			    ,a.bestNy
			    ,a.todayPickNy
			    ,a.sliderText
				,a.regDate
				,a.modDate
			    ,a.delNy
			from
				product a
				left join productAuthor c on c.product_seq = a.seq
				left join author b on c.author_seq = b.seq
				join commoncode d on b.authorType = d.seq
			where 1=1

			order by a.makeDate desc
 {executed in 0 msec} 
2024-09-13T10:02:42.410 [http-nio-8080-exec-5] DEBUG j.sqltiming -  com.zaxxer.hikari.pool.ProxyPreparedStatement.execute(ProxyPreparedStatement.java:44)
21. select
				a.seq
			    ,a.title
			    ,a.prodType
			    ,b.name
			    ,a.publisher
			    ,a.makeDate
			    ,a.price
			    ,a.sale
			    ,a.salePrice
			    ,a.point
			    ,a.stockQty
			    ,a.imgSrc
			    ,a.intro
			    ,a.reviewNum
			    ,a.shipDate
			    ,a.tableOfContents
			    ,a.publisherReview
			    ,a.preivew
			    ,a.viewNumber
			    ,a.buyNumber
			    ,a.bestNy
			    ,a.todayPickNy
			    ,a.sliderText
				,a.regDate
				,a.modDate
			    ,a.delNy
			from
				product a
				left join productAuthor c on c.product_seq = a.seq
				left join author b on c.author_seq = b.seq
				join commoncode d on b.authorType = d.seq
			where 1=1

			order by a.makeDate desc
 {executed in 0 msec} 
2024-09-13T10:02:43.627 [http-nio-8080-exec-2] DEBUG j.sqltiming -  com.zaxxer.hikari.pool.ProxyPreparedStatement.execute(ProxyPreparedStatement.java:44)
21. select
				a.seq
			    ,a.title
			    ,a.prodType
			    ,b.name
			    ,a.publisher
			    ,a.makeDate
			    ,a.price
			    ,a.sale
			    ,a.salePrice
			    ,a.point
			    ,a.stockQty
			    ,a.imgSrc
			    ,a.intro
			    ,a.reviewNum
			    ,a.shipDate
			    ,a.tableOfContents
			    ,a.publisherReview
			    ,a.preivew
			    ,a.viewNumber
			    ,a.buyNumber
			    ,a.bestNy
			    ,a.todayPickNy
			    ,a.sliderText
				,a.regDate
				,a.modDate
			    ,a.delNy
			from
				product a
				left join productAuthor c on c.product_seq = a.seq
				left join author b on c.author_seq = b.seq
				join commoncode d on b.authorType = d.seq
			where 1=1

			order by a.makeDate desc
 {executed in 0 msec} 
2024-09-13T10:02:48.978 [http-nio-8080-exec-7] DEBUG j.sqltiming -  com.zaxxer.hikari.pool.ProxyPreparedStatement.execute(ProxyPreparedStatement.java:44)
21. select
				a.seq
			    ,a.title
			    ,a.prodType
			    ,b.name
			    ,a.publisher
			    ,a.makeDate
			    ,a.price
			    ,a.sale
			    ,a.salePrice
			    ,a.point
			    ,a.stockQty
			    ,a.imgSrc
			    ,a.intro
			    ,a.reviewNum
			    ,a.shipDate
			    ,a.tableOfContents
			    ,a.publisherReview
			    ,a.preivew
			    ,a.viewNumber
			    ,a.buyNumber
			    ,a.bestNy
			    ,a.todayPickNy
			    ,a.sliderText
				,a.regDate
				,a.modDate
			    ,a.delNy
			from
				product a
				left join productAuthor c on c.product_seq = a.seq
				left join author b on c.author_seq = b.seq
				join commoncode d on b.authorType = d.seq
			where 1=1

				        AND a.salePrice BETWEEN 25000 AND 25000

			order by a.makeDate desc
 {executed in 0 msec} 
2024-09-13T10:03:43.862 [File Watcher] INFO o.s.b.d.a.LocalDevToolsAutoConfiguration$RestartingClassPathChangeChangedEventListener - Restarting due to 1 class path change (0 additions, 0 deletions, 1 modification) 
2024-09-13T10:03:43.865 [Thread-35] INFO o.a.c.h.Http11NioProtocol - Stopping ProtocolHandler ["http-nio-8080"] 
2024-09-13T10:03:43.962 [Thread-35] INFO c.z.h.HikariDataSource - HikariPool-2 - Shutdown initiated... 
2024-09-13T10:03:43.965 [Thread-35] INFO c.z.h.HikariDataSource - HikariPool-2 - Shutdown completed. 
2024-09-13T10:03:44.033 [restartedMain] INFO c.e.ZerglingApplication - Starting ZerglingApplication using Java 17.0.11 with PID 2280 (C:\factory\ws_sts4_4240\repo_zergling\zergling\bin\main started by chlee in C:\factory\ws_sts4_4240\repo_zergling\zergling) 
2024-09-13T10:03:44.034 [restartedMain] INFO c.e.ZerglingApplication - No active profile set, falling back to 1 default profile: "default" 
2024-09-13T10:03:44.200 [restartedMain] INFO o.s.b.w.e.t.TomcatWebServer - Tomcat initialized with port 8080 (http) 
2024-09-13T10:03:44.201 [restartedMain] INFO o.a.c.h.Http11NioProtocol - Initializing ProtocolHandler ["http-nio-8080"] 
2024-09-13T10:03:44.201 [restartedMain] INFO o.a.c.c.StandardService - Starting service [Tomcat] 
2024-09-13T10:03:44.202 [restartedMain] INFO o.a.c.c.StandardEngine - Starting Servlet engine: [Apache Tomcat/10.1.28] 
2024-09-13T10:03:44.213 [restartedMain] INFO o.a.c.c.C.[.[.[/] - Initializing Spring embedded WebApplicationContext 
2024-09-13T10:03:44.213 [restartedMain] INFO o.s.b.w.s.c.ServletWebServerApplicationContext - Root WebApplicationContext: initialization completed in 177 ms 
2024-09-13T10:03:44.340 [restartedMain] INFO o.s.b.d.a.OptionalLiveReloadServer - LiveReload server is running on port 35729 
2024-09-13T10:03:44.345 [restartedMain] INFO o.a.c.h.Http11NioProtocol - Starting ProtocolHandler ["http-nio-8080"] 
2024-09-13T10:03:44.347 [restartedMain] INFO o.s.b.w.e.t.TomcatWebServer - Tomcat started on port 8080 (http) with context path '/' 
2024-09-13T10:03:44.352 [restartedMain] INFO c.e.ZerglingApplication - Started ZerglingApplication in 0.34 seconds (process running for 2577.758) 
2024-09-13T10:03:44.353 [restartedMain] INFO o.s.b.d.a.ConditionEvaluationDeltaLoggingListener - Condition evaluation unchanged 
2024-09-13T10:03:46.809 [http-nio-8080-exec-1] INFO o.a.c.c.C.[.[.[/] - Initializing Spring DispatcherServlet 'dispatcherServlet' 
2024-09-13T10:03:46.809 [http-nio-8080-exec-1] INFO o.s.w.s.DispatcherServlet - Initializing Servlet 'dispatcherServlet' 
2024-09-13T10:03:46.810 [http-nio-8080-exec-1] INFO o.s.w.s.DispatcherServlet - Completed initialization in 1 ms 
2024-09-13T10:03:46.811 [http-nio-8080-exec-1] INFO c.z.h.HikariDataSource - HikariPool-3 - Starting... 
2024-09-13T10:03:46.824 [http-nio-8080-exec-1] INFO c.z.h.p.HikariPool - HikariPool-3 - Added connection net.sf.log4jdbc.sql.jdbcapi.ConnectionSpy@32855f0c 
2024-09-13T10:03:46.824 [http-nio-8080-exec-1] INFO c.z.h.HikariDataSource - HikariPool-3 - Start completed. 
2024-09-13T10:03:46.826 [http-nio-8080-exec-1] DEBUG j.sqltiming -  com.zaxxer.hikari.pool.ProxyPreparedStatement.execute(ProxyPreparedStatement.java:44)
31. select
				a.seq
			    ,a.title
			    ,a.prodType
			    ,b.name
			    ,a.publisher
			    ,a.makeDate
			    ,a.price
			    ,a.sale
			    ,a.salePrice
			    ,a.point
			    ,a.stockQty
			    ,a.imgSrc
			    ,a.intro
			    ,a.reviewNum
			    ,a.shipDate
			    ,a.tableOfContents
			    ,a.publisherReview
			    ,a.preivew
			    ,a.viewNumber
			    ,a.buyNumber
			    ,a.bestNy
			    ,a.todayPickNy
			    ,a.sliderText
				,a.regDate
				,a.modDate
			    ,a.delNy
			from
				product a
				left join productAuthor c on c.product_seq = a.seq
				left join author b on c.author_seq = b.seq
				join commoncode d on b.authorType = d.seq
			where 1=1

			order by a.makeDate desc
 {executed in 1 msec} 
2024-09-13T10:03:48.753 [http-nio-8080-exec-2] DEBUG j.sqltiming -  com.zaxxer.hikari.pool.ProxyPreparedStatement.execute(ProxyPreparedStatement.java:44)
31. select
				a.seq
			    ,a.title
			    ,a.prodType
			    ,b.name
			    ,a.publisher
			    ,a.makeDate
			    ,a.price
			    ,a.sale
			    ,a.salePrice
			    ,a.point
			    ,a.stockQty
			    ,a.imgSrc
			    ,a.intro
			    ,a.reviewNum
			    ,a.shipDate
			    ,a.tableOfContents
			    ,a.publisherReview
			    ,a.preivew
			    ,a.viewNumber
			    ,a.buyNumber
			    ,a.bestNy
			    ,a.todayPickNy
			    ,a.sliderText
				,a.regDate
				,a.modDate
			    ,a.delNy
			from
				product a
				left join productAuthor c on c.product_seq = a.seq
				left join author b on c.author_seq = b.seq
				join commoncode d on b.authorType = d.seq
			where 1=1

			order by a.makeDate desc
 {executed in 0 msec} 
2024-09-13T10:03:51.090 [http-nio-8080-exec-8] DEBUG j.sqltiming -  com.zaxxer.hikari.pool.ProxyPreparedStatement.execute(ProxyPreparedStatement.java:44)
31. select
				a.seq
			    ,a.title
			    ,a.prodType
			    ,b.name
			    ,a.publisher
			    ,a.makeDate
			    ,a.price
			    ,a.sale
			    ,a.salePrice
			    ,a.point
			    ,a.stockQty
			    ,a.imgSrc
			    ,a.intro
			    ,a.reviewNum
			    ,a.shipDate
			    ,a.tableOfContents
			    ,a.publisherReview
			    ,a.preivew
			    ,a.viewNumber
			    ,a.buyNumber
			    ,a.bestNy
			    ,a.todayPickNy
			    ,a.sliderText
				,a.regDate
				,a.modDate
			    ,a.delNy
			from
				product a
				left join productAuthor c on c.product_seq = a.seq
				left join author b on c.author_seq = b.seq
				join commoncode d on b.authorType = d.seq
			where 1=1

			order by a.makeDate desc
 {executed in 0 msec} 
2024-09-13T10:03:56.057 [http-nio-8080-exec-2] DEBUG j.sqltiming -  com.zaxxer.hikari.pool.ProxyPreparedStatement.execute(ProxyPreparedStatement.java:44)
31. select
				a.seq
			    ,a.title
			    ,a.prodType
			    ,b.name
			    ,a.publisher
			    ,a.makeDate
			    ,a.price
			    ,a.sale
			    ,a.salePrice
			    ,a.point
			    ,a.stockQty
			    ,a.imgSrc
			    ,a.intro
			    ,a.reviewNum
			    ,a.shipDate
			    ,a.tableOfContents
			    ,a.publisherReview
			    ,a.preivew
			    ,a.viewNumber
			    ,a.buyNumber
			    ,a.bestNy
			    ,a.todayPickNy
			    ,a.sliderText
				,a.regDate
				,a.modDate
			    ,a.delNy
			from
				product a
				left join productAuthor c on c.product_seq = a.seq
				left join author b on c.author_seq = b.seq
				join commoncode d on b.authorType = d.seq
			where 1=1

			order by a.makeDate desc
 {executed in 0 msec} 
2024-09-13T10:41:20.250 [http-nio-8080-exec-5] DEBUG j.sqltiming -  com.zaxxer.hikari.pool.ProxyPreparedStatement.execute(ProxyPreparedStatement.java:44)
41. select
				a.seq
			    ,a.title
			    ,a.prodType
			    ,b.name
			    ,a.publisher
			    ,a.makeDate
			    ,a.price
			    ,a.sale
			    ,a.salePrice
			    ,a.point
			    ,a.stockQty
			    ,a.imgSrc
			    ,a.intro
			    ,a.reviewNum
			    ,a.shipDate
			    ,a.tableOfContents
			    ,a.publisherReview
			    ,a.preivew
			    ,a.viewNumber
			    ,a.buyNumber
			    ,a.bestNy
			    ,a.todayPickNy
			    ,a.sliderText
				,a.regDate
				,a.modDate
			    ,a.delNy
			from
				product a
				left join productAuthor c on c.product_seq = a.seq
				left join author b on c.author_seq = b.seq
				join commoncode d on b.authorType = d.seq
			where 1=1

			order by a.makeDate desc
 {executed in 5 msec} 
2024-09-13T10:41:24.076 [http-nio-8080-exec-7] DEBUG j.sqltiming -  com.zaxxer.hikari.pool.ProxyPreparedStatement.execute(ProxyPreparedStatement.java:44)
41. select
				a.seq
			    ,a.title
			    ,a.prodType
			    ,b.name
			    ,a.publisher
			    ,a.makeDate
			    ,a.price
			    ,a.sale
			    ,a.salePrice
			    ,a.point
			    ,a.stockQty
			    ,a.imgSrc
			    ,a.intro
			    ,a.reviewNum
			    ,a.shipDate
			    ,a.tableOfContents
			    ,a.publisherReview
			    ,a.preivew
			    ,a.viewNumber
			    ,a.buyNumber
			    ,a.bestNy
			    ,a.todayPickNy
			    ,a.sliderText
				,a.regDate
				,a.modDate
			    ,a.delNy
			from
				product a
				left join productAuthor c on c.product_seq = a.seq
				left join author b on c.author_seq = b.seq
				join commoncode d on b.authorType = d.seq
			where 1=1

			order by a.makeDate desc
 {executed in 0 msec} 
2024-09-13T10:42:57.738 [File Watcher] INFO o.s.b.d.a.LocalDevToolsAutoConfiguration$RestartingClassPathChangeChangedEventListener - Restarting due to 1 class path change (0 additions, 0 deletions, 1 modification) 
2024-09-13T10:42:57.741 [Thread-39] INFO o.a.c.h.Http11NioProtocol - Stopping ProtocolHandler ["http-nio-8080"] 
2024-09-13T10:42:57.831 [Thread-39] INFO c.z.h.HikariDataSource - HikariPool-3 - Shutdown initiated... 
2024-09-13T10:42:57.834 [Thread-39] INFO c.z.h.HikariDataSource - HikariPool-3 - Shutdown completed. 
2024-09-13T10:42:57.925 [restartedMain] INFO c.e.ZerglingApplication - Starting ZerglingApplication using Java 17.0.11 with PID 2280 (C:\factory\ws_sts4_4240\repo_zergling\zergling\bin\main started by chlee in C:\factory\ws_sts4_4240\repo_zergling\zergling) 
2024-09-13T10:42:57.925 [restartedMain] INFO c.e.ZerglingApplication - No active profile set, falling back to 1 default profile: "default" 
2024-09-13T10:42:58.060 [restartedMain] INFO o.s.b.w.e.t.TomcatWebServer - Tomcat initialized with port 8080 (http) 
2024-09-13T10:42:58.061 [restartedMain] INFO o.a.c.h.Http11NioProtocol - Initializing ProtocolHandler ["http-nio-8080"] 
2024-09-13T10:42:58.061 [restartedMain] INFO o.a.c.c.StandardService - Starting service [Tomcat] 
2024-09-13T10:42:58.061 [restartedMain] INFO o.a.c.c.StandardEngine - Starting Servlet engine: [Apache Tomcat/10.1.28] 
2024-09-13T10:42:58.069 [restartedMain] INFO o.a.c.c.C.[.[.[/] - Initializing Spring embedded WebApplicationContext 
2024-09-13T10:42:58.069 [restartedMain] INFO o.s.b.w.s.c.ServletWebServerApplicationContext - Root WebApplicationContext: initialization completed in 142 ms 
2024-09-13T10:42:58.227 [restartedMain] INFO o.s.b.d.a.OptionalLiveReloadServer - LiveReload server is running on port 35729 
2024-09-13T10:42:58.231 [restartedMain] INFO o.a.c.h.Http11NioProtocol - Starting ProtocolHandler ["http-nio-8080"] 
2024-09-13T10:42:58.253 [restartedMain] INFO o.s.b.w.e.t.TomcatWebServer - Tomcat started on port 8080 (http) with context path '/' 
2024-09-13T10:42:58.263 [restartedMain] INFO c.e.ZerglingApplication - Started ZerglingApplication in 0.377 seconds (process running for 4931.669) 
2024-09-13T10:42:58.266 [restartedMain] INFO o.s.b.d.a.ConditionEvaluationDeltaLoggingListener - Condition evaluation unchanged 
2024-09-13T10:42:58.661 [http-nio-8080-exec-4] INFO o.a.c.c.C.[.[.[/] - Initializing Spring DispatcherServlet 'dispatcherServlet' 
2024-09-13T10:42:58.661 [http-nio-8080-exec-4] INFO o.s.w.s.DispatcherServlet - Initializing Servlet 'dispatcherServlet' 
2024-09-13T10:42:58.662 [http-nio-8080-exec-4] INFO o.s.w.s.DispatcherServlet - Completed initialization in 1 ms 
2024-09-13T10:42:58.665 [http-nio-8080-exec-4] INFO c.z.h.HikariDataSource - HikariPool-4 - Starting... 
2024-09-13T10:42:58.680 [http-nio-8080-exec-4] INFO c.z.h.p.HikariPool - HikariPool-4 - Added connection net.sf.log4jdbc.sql.jdbcapi.ConnectionSpy@342b31b1 
2024-09-13T10:42:58.680 [http-nio-8080-exec-4] INFO c.z.h.HikariDataSource - HikariPool-4 - Start completed. 
2024-09-13T10:42:58.682 [http-nio-8080-exec-4] DEBUG j.sqltiming -  com.zaxxer.hikari.pool.ProxyPreparedStatement.execute(ProxyPreparedStatement.java:44)
51. select
				a.seq
			    ,a.title
			    ,a.prodType
			    ,b.name
			    ,a.publisher
			    ,a.makeDate
			    ,a.price
			    ,a.sale
			    ,a.salePrice
			    ,a.point
			    ,a.stockQty
			    ,a.imgSrc
			    ,a.intro
			    ,a.reviewNum
			    ,a.shipDate
			    ,a.tableOfContents
			    ,a.publisherReview
			    ,a.preivew
			    ,a.viewNumber
			    ,a.buyNumber
			    ,a.bestNy
			    ,a.todayPickNy
			    ,a.sliderText
				,a.regDate
				,a.modDate
			    ,a.delNy
			from
				product a
				left join productAuthor c on c.product_seq = a.seq
				left join author b on c.author_seq = b.seq
				join commoncode d on b.authorType = d.seq
			where 1=1

			order by a.makeDate desc
 {executed in 2 msec} 
2024-09-13T10:43:04.872 [http-nio-8080-exec-9] DEBUG j.sqltiming -  com.zaxxer.hikari.pool.ProxyPreparedStatement.execute(ProxyPreparedStatement.java:44)
51. select
				a.seq
			    ,a.title
			    ,a.prodType
			    ,b.name
			    ,a.publisher
			    ,a.makeDate
			    ,a.price
			    ,a.sale
			    ,a.salePrice
			    ,a.point
			    ,a.stockQty
			    ,a.imgSrc
			    ,a.intro
			    ,a.reviewNum
			    ,a.shipDate
			    ,a.tableOfContents
			    ,a.publisherReview
			    ,a.preivew
			    ,a.viewNumber
			    ,a.buyNumber
			    ,a.bestNy
			    ,a.todayPickNy
			    ,a.sliderText
				,a.regDate
				,a.modDate
			    ,a.delNy
			from
				product a
				left join productAuthor c on c.product_seq = a.seq
				left join author b on c.author_seq = b.seq
				join commoncode d on b.authorType = d.seq
			where 1=1

			order by a.makeDate desc
 {executed in 7 msec} 
2024-09-13T10:43:22.579 [http-nio-8080-exec-5] DEBUG j.sqltiming -  com.zaxxer.hikari.pool.ProxyPreparedStatement.execute(ProxyPreparedStatement.java:44)
51. select
				a.seq
			    ,a.title
			    ,a.prodType
			    ,b.name
			    ,a.publisher
			    ,a.makeDate
			    ,a.price
			    ,a.sale
			    ,a.salePrice
			    ,a.point
			    ,a.stockQty
			    ,a.imgSrc
			    ,a.intro
			    ,a.reviewNum
			    ,a.shipDate
			    ,a.tableOfContents
			    ,a.publisherReview
			    ,a.preivew
			    ,a.viewNumber
			    ,a.buyNumber
			    ,a.bestNy
			    ,a.todayPickNy
			    ,a.sliderText
				,a.regDate
				,a.modDate
			    ,a.delNy
			from
				product a
				left join productAuthor c on c.product_seq = a.seq
				left join author b on c.author_seq = b.seq
				join commoncode d on b.authorType = d.seq
			where 1=1

			order by a.makeDate desc
 {executed in 2 msec} 
2024-09-13T10:44:03.236 [http-nio-8080-exec-2] DEBUG j.sqltiming -  com.zaxxer.hikari.pool.ProxyPreparedStatement.execute(ProxyPreparedStatement.java:44)
51. select
				a.seq
			    ,a.title
			    ,a.prodType
			    ,b.name
			    ,a.publisher
			    ,a.makeDate
			    ,a.price
			    ,a.sale
			    ,a.salePrice
			    ,a.point
			    ,a.stockQty
			    ,a.imgSrc
			    ,a.intro
			    ,a.reviewNum
			    ,a.shipDate
			    ,a.tableOfContents
			    ,a.publisherReview
			    ,a.preivew
			    ,a.viewNumber
			    ,a.buyNumber
			    ,a.bestNy
			    ,a.todayPickNy
			    ,a.sliderText
				,a.regDate
				,a.modDate
			    ,a.delNy
			from
				product a
				left join productAuthor c on c.product_seq = a.seq
				left join author b on c.author_seq = b.seq
				join commoncode d on b.authorType = d.seq
			where 1=1

			order by a.makeDate desc
 {executed in 8 msec} 
2024-09-13T10:46:57.553 [http-nio-8080-exec-1] DEBUG j.sqltiming -  com.zaxxer.hikari.pool.ProxyPreparedStatement.execute(ProxyPreparedStatement.java:44)
51. select
				a.seq
			    ,a.title
			    ,a.prodType
			    ,b.name
			    ,a.publisher
			    ,a.makeDate
			    ,a.price
			    ,a.sale
			    ,a.salePrice
			    ,a.point
			    ,a.stockQty
			    ,a.imgSrc
			    ,a.intro
			    ,a.reviewNum
			    ,a.shipDate
			    ,a.tableOfContents
			    ,a.publisherReview
			    ,a.preivew
			    ,a.viewNumber
			    ,a.buyNumber
			    ,a.bestNy
			    ,a.todayPickNy
			    ,a.sliderText
				,a.regDate
				,a.modDate
			    ,a.delNy
			from
				product a
				left join productAuthor c on c.product_seq = a.seq
				left join author b on c.author_seq = b.seq
				join commoncode d on b.authorType = d.seq
			where 1=1

				  AND a.makeDate BETWEEN DATE_SUB(NOW(), INTERVAL 1 MONTH) AND NOW() 
			order by a.makeDate desc
 {executed in 3 msec} 
2024-09-13T10:47:00.269 [http-nio-8080-exec-9] DEBUG j.sqltiming -  com.zaxxer.hikari.pool.ProxyPreparedStatement.execute(ProxyPreparedStatement.java:44)
51. select
				a.seq
			    ,a.title
			    ,a.prodType
			    ,b.name
			    ,a.publisher
			    ,a.makeDate
			    ,a.price
			    ,a.sale
			    ,a.salePrice
			    ,a.point
			    ,a.stockQty
			    ,a.imgSrc
			    ,a.intro
			    ,a.reviewNum
			    ,a.shipDate
			    ,a.tableOfContents
			    ,a.publisherReview
			    ,a.preivew
			    ,a.viewNumber
			    ,a.buyNumber
			    ,a.bestNy
			    ,a.todayPickNy
			    ,a.sliderText
				,a.regDate
				,a.modDate
			    ,a.delNy
			from
				product a
				left join productAuthor c on c.product_seq = a.seq
				left join author b on c.author_seq = b.seq
				join commoncode d on b.authorType = d.seq
			where 1=1

				  AND a.makeDate BETWEEN DATE_SUB(NOW(), INTERVAL 12 MONTH) AND NOW() 
			order by a.makeDate desc
 {executed in 12 msec} 
2024-09-13T10:47:03.541 [http-nio-8080-exec-7] DEBUG j.sqltiming -  com.zaxxer.hikari.pool.ProxyPreparedStatement.execute(ProxyPreparedStatement.java:44)
51. select
				a.seq
			    ,a.title
			    ,a.prodType
			    ,b.name
			    ,a.publisher
			    ,a.makeDate
			    ,a.price
			    ,a.sale
			    ,a.salePrice
			    ,a.point
			    ,a.stockQty
			    ,a.imgSrc
			    ,a.intro
			    ,a.reviewNum
			    ,a.shipDate
			    ,a.tableOfContents
			    ,a.publisherReview
			    ,a.preivew
			    ,a.viewNumber
			    ,a.buyNumber
			    ,a.bestNy
			    ,a.todayPickNy
			    ,a.sliderText
				,a.regDate
				,a.modDate
			    ,a.delNy
			from
				product a
				left join productAuthor c on c.product_seq = a.seq
				left join author b on c.author_seq = b.seq
				join commoncode d on b.authorType = d.seq
			where 1=1

				  AND a.makeDate BETWEEN DATE_SUB(NOW(), INTERVAL 6 MONTH) AND NOW() 
			order by a.makeDate desc
 {executed in 0 msec} 
2024-09-13T10:47:09.278 [http-nio-8080-exec-7] DEBUG j.sqltiming -  com.zaxxer.hikari.pool.ProxyPreparedStatement.execute(ProxyPreparedStatement.java:44)
51. select
				a.seq
			    ,a.title
			    ,a.prodType
			    ,b.name
			    ,a.publisher
			    ,a.makeDate
			    ,a.price
			    ,a.sale
			    ,a.salePrice
			    ,a.point
			    ,a.stockQty
			    ,a.imgSrc
			    ,a.intro
			    ,a.reviewNum
			    ,a.shipDate
			    ,a.tableOfContents
			    ,a.publisherReview
			    ,a.preivew
			    ,a.viewNumber
			    ,a.buyNumber
			    ,a.bestNy
			    ,a.todayPickNy
			    ,a.sliderText
				,a.regDate
				,a.modDate
			    ,a.delNy
			from
				product a
				left join productAuthor c on c.product_seq = a.seq
				left join author b on c.author_seq = b.seq
				join commoncode d on b.authorType = d.seq
			where 1=1

				  AND a.makeDate BETWEEN DATE_SUB(NOW(), INTERVAL 12 MONTH) AND NOW() 
			order by a.makeDate desc
 {executed in 0 msec} 
2024-09-13T10:47:11.080 [http-nio-8080-exec-5] DEBUG j.sqltiming -  com.zaxxer.hikari.pool.ProxyPreparedStatement.execute(ProxyPreparedStatement.java:44)
51. select
				a.seq
			    ,a.title
			    ,a.prodType
			    ,b.name
			    ,a.publisher
			    ,a.makeDate
			    ,a.price
			    ,a.sale
			    ,a.salePrice
			    ,a.point
			    ,a.stockQty
			    ,a.imgSrc
			    ,a.intro
			    ,a.reviewNum
			    ,a.shipDate
			    ,a.tableOfContents
			    ,a.publisherReview
			    ,a.preivew
			    ,a.viewNumber
			    ,a.buyNumber
			    ,a.bestNy
			    ,a.todayPickNy
			    ,a.sliderText
				,a.regDate
				,a.modDate
			    ,a.delNy
			from
				product a
				left join productAuthor c on c.product_seq = a.seq
				left join author b on c.author_seq = b.seq
				join commoncode d on b.authorType = d.seq
			where 1=1

				  AND a.makeDate BETWEEN DATE_SUB(NOW(), INTERVAL 1 MONTH) AND NOW() 
			order by a.makeDate desc
 {executed in 8 msec} 
2024-09-13T10:47:28.007 [http-nio-8080-exec-2] DEBUG j.sqltiming -  com.zaxxer.hikari.pool.ProxyPreparedStatement.execute(ProxyPreparedStatement.java:44)
51. select
				a.seq
			    ,a.title
			    ,a.prodType
			    ,b.name
			    ,a.publisher
			    ,a.makeDate
			    ,a.price
			    ,a.sale
			    ,a.salePrice
			    ,a.point
			    ,a.stockQty
			    ,a.imgSrc
			    ,a.intro
			    ,a.reviewNum
			    ,a.shipDate
			    ,a.tableOfContents
			    ,a.publisherReview
			    ,a.preivew
			    ,a.viewNumber
			    ,a.buyNumber
			    ,a.bestNy
			    ,a.todayPickNy
			    ,a.sliderText
				,a.regDate
				,a.modDate
			    ,a.delNy
			from
				product a
				left join productAuthor c on c.product_seq = a.seq
				left join author b on c.author_seq = b.seq
				join commoncode d on b.authorType = d.seq
			where 1=1

				  AND a.makeDate BETWEEN DATE_SUB(NOW(), INTERVAL 3 MONTH) AND NOW() 
			order by a.makeDate desc
 {executed in 3 msec} 
2024-09-13T10:47:41.856 [http-nio-8080-exec-9] DEBUG j.sqltiming -  com.zaxxer.hikari.pool.ProxyPreparedStatement.execute(ProxyPreparedStatement.java:44)
51. select
				a.seq
			    ,a.title
			    ,a.prodType
			    ,b.name
			    ,a.publisher
			    ,a.makeDate
			    ,a.price
			    ,a.sale
			    ,a.salePrice
			    ,a.point
			    ,a.stockQty
			    ,a.imgSrc
			    ,a.intro
			    ,a.reviewNum
			    ,a.shipDate
			    ,a.tableOfContents
			    ,a.publisherReview
			    ,a.preivew
			    ,a.viewNumber
			    ,a.buyNumber
			    ,a.bestNy
			    ,a.todayPickNy
			    ,a.sliderText
				,a.regDate
				,a.modDate
			    ,a.delNy
			from
				product a
				left join productAuthor c on c.product_seq = a.seq
				left join author b on c.author_seq = b.seq
				join commoncode d on b.authorType = d.seq
			where 1=1

				  AND a.makeDate BETWEEN DATE_SUB(NOW(), INTERVAL 3 MONTH) AND NOW() 
			order by a.makeDate desc
 {executed in 2 msec} 
2024-09-13T10:47:45.444 [http-nio-8080-exec-6] DEBUG j.sqltiming -  com.zaxxer.hikari.pool.ProxyPreparedStatement.execute(ProxyPreparedStatement.java:44)
51. select
				a.seq
			    ,a.title
			    ,a.prodType
			    ,b.name
			    ,a.publisher
			    ,a.makeDate
			    ,a.price
			    ,a.sale
			    ,a.salePrice
			    ,a.point
			    ,a.stockQty
			    ,a.imgSrc
			    ,a.intro
			    ,a.reviewNum
			    ,a.shipDate
			    ,a.tableOfContents
			    ,a.publisherReview
			    ,a.preivew
			    ,a.viewNumber
			    ,a.buyNumber
			    ,a.bestNy
			    ,a.todayPickNy
			    ,a.sliderText
				,a.regDate
				,a.modDate
			    ,a.delNy
			from
				product a
				left join productAuthor c on c.product_seq = a.seq
				left join author b on c.author_seq = b.seq
				join commoncode d on b.authorType = d.seq
			where 1=1

			order by a.makeDate desc
 {executed in 2 msec} 
2024-09-13T10:47:46.796 [http-nio-8080-exec-1] DEBUG j.sqltiming -  com.zaxxer.hikari.pool.ProxyPreparedStatement.execute(ProxyPreparedStatement.java:44)
51. select
				a.seq
			    ,a.title
			    ,a.prodType
			    ,b.name
			    ,a.publisher
			    ,a.makeDate
			    ,a.price
			    ,a.sale
			    ,a.salePrice
			    ,a.point
			    ,a.stockQty
			    ,a.imgSrc
			    ,a.intro
			    ,a.reviewNum
			    ,a.shipDate
			    ,a.tableOfContents
			    ,a.publisherReview
			    ,a.preivew
			    ,a.viewNumber
			    ,a.buyNumber
			    ,a.bestNy
			    ,a.todayPickNy
			    ,a.sliderText
				,a.regDate
				,a.modDate
			    ,a.delNy
			from
				product a
				left join productAuthor c on c.product_seq = a.seq
				left join author b on c.author_seq = b.seq
				join commoncode d on b.authorType = d.seq
			where 1=1

				  AND a.makeDate BETWEEN DATE_SUB(NOW(), INTERVAL 12 MONTH) AND NOW() 
			order by a.makeDate desc
 {executed in 8 msec} 
2024-09-13T10:47:49.667 [http-nio-8080-exec-7] DEBUG j.sqltiming -  com.zaxxer.hikari.pool.ProxyPreparedStatement.execute(ProxyPreparedStatement.java:44)
51. select
				a.seq
			    ,a.title
			    ,a.prodType
			    ,b.name
			    ,a.publisher
			    ,a.makeDate
			    ,a.price
			    ,a.sale
			    ,a.salePrice
			    ,a.point
			    ,a.stockQty
			    ,a.imgSrc
			    ,a.intro
			    ,a.reviewNum
			    ,a.shipDate
			    ,a.tableOfContents
			    ,a.publisherReview
			    ,a.preivew
			    ,a.viewNumber
			    ,a.buyNumber
			    ,a.bestNy
			    ,a.todayPickNy
			    ,a.sliderText
				,a.regDate
				,a.modDate
			    ,a.delNy
			from
				product a
				left join productAuthor c on c.product_seq = a.seq
				left join author b on c.author_seq = b.seq
				join commoncode d on b.authorType = d.seq
			where 1=1

				  AND a.makeDate BETWEEN DATE_SUB(NOW(), INTERVAL 3 MONTH) AND NOW() 
			order by a.makeDate desc
 {executed in 15 msec} 
2024-09-13T10:48:25.575 [File Watcher] INFO o.s.b.d.a.LocalDevToolsAutoConfiguration$RestartingClassPathChangeChangedEventListener - Restarting due to 1 class path change (0 additions, 0 deletions, 1 modification) 
2024-09-13T10:48:25.577 [Thread-43] INFO o.a.c.h.Http11NioProtocol - Stopping ProtocolHandler ["http-nio-8080"] 
2024-09-13T10:48:25.673 [Thread-43] INFO c.z.h.HikariDataSource - HikariPool-4 - Shutdown initiated... 
2024-09-13T10:48:25.677 [Thread-43] INFO c.z.h.HikariDataSource - HikariPool-4 - Shutdown completed. 
2024-09-13T10:48:25.753 [restartedMain] INFO c.e.ZerglingApplication - Starting ZerglingApplication using Java 17.0.11 with PID 2280 (C:\factory\ws_sts4_4240\repo_zergling\zergling\bin\main started by chlee in C:\factory\ws_sts4_4240\repo_zergling\zergling) 
2024-09-13T10:48:25.753 [restartedMain] INFO c.e.ZerglingApplication - No active profile set, falling back to 1 default profile: "default" 
2024-09-13T10:48:25.901 [restartedMain] INFO o.s.b.w.e.t.TomcatWebServer - Tomcat initialized with port 8080 (http) 
2024-09-13T10:48:25.901 [restartedMain] INFO o.a.c.h.Http11NioProtocol - Initializing ProtocolHandler ["http-nio-8080"] 
2024-09-13T10:48:25.902 [restartedMain] INFO o.a.c.c.StandardService - Starting service [Tomcat] 
2024-09-13T10:48:25.902 [restartedMain] INFO o.a.c.c.StandardEngine - Starting Servlet engine: [Apache Tomcat/10.1.28] 
2024-09-13T10:48:25.911 [restartedMain] INFO o.a.c.c.C.[.[.[/] - Initializing Spring embedded WebApplicationContext 
2024-09-13T10:48:25.911 [restartedMain] INFO o.s.b.w.s.c.ServletWebServerApplicationContext - Root WebApplicationContext: initialization completed in 157 ms 
2024-09-13T10:48:26.036 [restartedMain] INFO o.s.b.d.a.OptionalLiveReloadServer - LiveReload server is running on port 35729 
2024-09-13T10:48:26.041 [restartedMain] INFO o.a.c.h.Http11NioProtocol - Starting ProtocolHandler ["http-nio-8080"] 
2024-09-13T10:48:26.063 [restartedMain] INFO o.s.b.w.e.t.TomcatWebServer - Tomcat started on port 8080 (http) with context path '/' 
2024-09-13T10:48:26.067 [restartedMain] INFO c.e.ZerglingApplication - Started ZerglingApplication in 0.337 seconds (process running for 5259.474) 
2024-09-13T10:48:26.068 [restartedMain] INFO o.s.b.d.a.ConditionEvaluationDeltaLoggingListener - Condition evaluation unchanged 
2024-09-13T10:48:27.645 [File Watcher] INFO o.s.b.d.a.LocalDevToolsAutoConfiguration$RestartingClassPathChangeChangedEventListener - Restarting due to 1 class path change (0 additions, 0 deletions, 1 modification) 
2024-09-13T10:48:27.646 [Thread-47] INFO o.a.c.h.Http11NioProtocol - Stopping ProtocolHandler ["http-nio-8080"] 
2024-09-13T10:48:27.846 [restartedMain] INFO c.e.ZerglingApplication - Starting ZerglingApplication using Java 17.0.11 with PID 2280 (C:\factory\ws_sts4_4240\repo_zergling\zergling\bin\main started by chlee in C:\factory\ws_sts4_4240\repo_zergling\zergling) 
2024-09-13T10:48:27.846 [restartedMain] INFO c.e.ZerglingApplication - No active profile set, falling back to 1 default profile: "default" 
2024-09-13T10:48:27.986 [restartedMain] INFO o.s.b.w.e.t.TomcatWebServer - Tomcat initialized with port 8080 (http) 
2024-09-13T10:48:27.986 [restartedMain] INFO o.a.c.h.Http11NioProtocol - Initializing ProtocolHandler ["http-nio-8080"] 
2024-09-13T10:48:27.986 [restartedMain] INFO o.a.c.c.StandardService - Starting service [Tomcat] 
2024-09-13T10:48:27.986 [restartedMain] INFO o.a.c.c.StandardEngine - Starting Servlet engine: [Apache Tomcat/10.1.28] 
2024-09-13T10:48:27.996 [restartedMain] INFO o.a.c.c.C.[.[.[/] - Initializing Spring embedded WebApplicationContext 
2024-09-13T10:48:27.996 [restartedMain] INFO o.s.b.w.s.c.ServletWebServerApplicationContext - Root WebApplicationContext: initialization completed in 148 ms 
2024-09-13T10:48:28.115 [restartedMain] INFO o.s.b.d.a.OptionalLiveReloadServer - LiveReload server is running on port 35729 
2024-09-13T10:48:28.120 [restartedMain] INFO o.a.c.h.Http11NioProtocol - Starting ProtocolHandler ["http-nio-8080"] 
2024-09-13T10:48:28.141 [restartedMain] INFO o.s.b.w.e.t.TomcatWebServer - Tomcat started on port 8080 (http) with context path '/' 
2024-09-13T10:48:28.145 [restartedMain] INFO c.e.ZerglingApplication - Started ZerglingApplication in 0.314 seconds (process running for 5261.553) 
2024-09-13T10:48:28.147 [restartedMain] INFO o.s.b.d.a.ConditionEvaluationDeltaLoggingListener - Condition evaluation unchanged 
2024-09-13T10:50:02.126 [http-nio-8080-exec-1] INFO o.a.c.c.C.[.[.[/] - Initializing Spring DispatcherServlet 'dispatcherServlet' 
2024-09-13T10:50:02.127 [http-nio-8080-exec-1] INFO o.s.w.s.DispatcherServlet - Initializing Servlet 'dispatcherServlet' 
2024-09-13T10:50:02.129 [http-nio-8080-exec-1] INFO o.s.w.s.DispatcherServlet - Completed initialization in 2 ms 
2024-09-13T10:50:02.132 [http-nio-8080-exec-1] INFO c.z.h.HikariDataSource - HikariPool-5 - Starting... 
2024-09-13T10:50:02.144 [http-nio-8080-exec-1] INFO c.z.h.p.HikariPool - HikariPool-5 - Added connection net.sf.log4jdbc.sql.jdbcapi.ConnectionSpy@2cbfc969 
2024-09-13T10:50:02.144 [http-nio-8080-exec-1] INFO c.z.h.HikariDataSource - HikariPool-5 - Start completed. 
2024-09-13T10:50:02.147 [http-nio-8080-exec-1] DEBUG j.sqltiming -  com.zaxxer.hikari.pool.ProxyPreparedStatement.execute(ProxyPreparedStatement.java:44)
61. select
				a.seq
			    ,a.title
			    ,a.prodType
			    ,b.name
			    ,a.publisher
			    ,a.makeDate
			    ,a.price
			    ,a.sale
			    ,a.salePrice
			    ,a.point
			    ,a.stockQty
			    ,a.imgSrc
			    ,a.intro
			    ,a.reviewNum
			    ,a.shipDate
			    ,a.tableOfContents
			    ,a.publisherReview
			    ,a.preivew
			    ,a.viewNumber
			    ,a.buyNumber
			    ,a.bestNy
			    ,a.todayPickNy
			    ,a.sliderText
				,a.regDate
				,a.modDate
			    ,a.delNy
			from
				product a
				left join productAuthor c on c.product_seq = a.seq
				left join author b on c.author_seq = b.seq
				join commoncode d on b.authorType = d.seq
			where 1=1

				  AND a.makeDate BETWEEN DATE_SUB(NOW(), INTERVAL 3 MONTH) AND NOW() 
			order by a.makeDate desc
 {executed in 2 msec} 
2024-09-13T10:50:09.401 [http-nio-8080-exec-7] DEBUG j.sqltiming -  com.zaxxer.hikari.pool.ProxyPreparedStatement.execute(ProxyPreparedStatement.java:44)
61. select
				a.seq
			    ,a.title
			    ,a.prodType
			    ,b.name
			    ,a.publisher
			    ,a.makeDate
			    ,a.price
			    ,a.sale
			    ,a.salePrice
			    ,a.point
			    ,a.stockQty
			    ,a.imgSrc
			    ,a.intro
			    ,a.reviewNum
			    ,a.shipDate
			    ,a.tableOfContents
			    ,a.publisherReview
			    ,a.preivew
			    ,a.viewNumber
			    ,a.buyNumber
			    ,a.bestNy
			    ,a.todayPickNy
			    ,a.sliderText
				,a.regDate
				,a.modDate
			    ,a.delNy
			from
				product a
				left join productAuthor c on c.product_seq = a.seq
				left join author b on c.author_seq = b.seq
				join commoncode d on b.authorType = d.seq
			where 1=1

			order by a.makeDate desc
 {executed in 0 msec} 
2024-09-13T10:50:17.792 [http-nio-8080-exec-2] DEBUG j.sqltiming -  com.zaxxer.hikari.pool.ProxyPreparedStatement.execute(ProxyPreparedStatement.java:44)
61. select
				a.seq
			    ,a.title
			    ,a.prodType
			    ,b.name
			    ,a.publisher
			    ,a.makeDate
			    ,a.price
			    ,a.sale
			    ,a.salePrice
			    ,a.point
			    ,a.stockQty
			    ,a.imgSrc
			    ,a.intro
			    ,a.reviewNum
			    ,a.shipDate
			    ,a.tableOfContents
			    ,a.publisherReview
			    ,a.preivew
			    ,a.viewNumber
			    ,a.buyNumber
			    ,a.bestNy
			    ,a.todayPickNy
			    ,a.sliderText
				,a.regDate
				,a.modDate
			    ,a.delNy
			from
				product a
				left join productAuthor c on c.product_seq = a.seq
				left join author b on c.author_seq = b.seq
				join commoncode d on b.authorType = d.seq
			where 1=1

			order by a.makeDate desc
 {executed in 0 msec} 
2024-09-13T10:50:22.356 [http-nio-8080-exec-3] DEBUG j.sqltiming -  com.zaxxer.hikari.pool.ProxyPreparedStatement.execute(ProxyPreparedStatement.java:44)
61. select
				a.seq
			    ,a.title
			    ,a.prodType
			    ,b.name
			    ,a.publisher
			    ,a.makeDate
			    ,a.price
			    ,a.sale
			    ,a.salePrice
			    ,a.point
			    ,a.stockQty
			    ,a.imgSrc
			    ,a.intro
			    ,a.reviewNum
			    ,a.shipDate
			    ,a.tableOfContents
			    ,a.publisherReview
			    ,a.preivew
			    ,a.viewNumber
			    ,a.buyNumber
			    ,a.bestNy
			    ,a.todayPickNy
			    ,a.sliderText
				,a.regDate
				,a.modDate
			    ,a.delNy
			from
				product a
				left join productAuthor c on c.product_seq = a.seq
				left join author b on c.author_seq = b.seq
				join commoncode d on b.authorType = d.seq
			where 1=1

			order by a.makeDate desc
 {executed in 8 msec} 
2024-09-13T10:51:03.750 [File Watcher] INFO o.s.b.d.a.LocalDevToolsAutoConfiguration$RestartingClassPathChangeChangedEventListener - Restarting due to 1 class path change (0 additions, 0 deletions, 1 modification) 
2024-09-13T10:51:03.752 [Thread-51] INFO o.a.c.h.Http11NioProtocol - Stopping ProtocolHandler ["http-nio-8080"] 
2024-09-13T10:51:03.860 [Thread-51] INFO c.z.h.HikariDataSource - HikariPool-5 - Shutdown initiated... 
2024-09-13T10:51:03.864 [Thread-51] INFO c.z.h.HikariDataSource - HikariPool-5 - Shutdown completed. 
2024-09-13T10:51:03.931 [restartedMain] INFO c.e.ZerglingApplication - Starting ZerglingApplication using Java 17.0.11 with PID 2280 (C:\factory\ws_sts4_4240\repo_zergling\zergling\bin\main started by chlee in C:\factory\ws_sts4_4240\repo_zergling\zergling) 
2024-09-13T10:51:03.931 [restartedMain] INFO c.e.ZerglingApplication - No active profile set, falling back to 1 default profile: "default" 
2024-09-13T10:51:04.082 [restartedMain] INFO o.s.b.w.e.t.TomcatWebServer - Tomcat initialized with port 8080 (http) 
2024-09-13T10:51:04.082 [restartedMain] INFO o.a.c.h.Http11NioProtocol - Initializing ProtocolHandler ["http-nio-8080"] 
2024-09-13T10:51:04.083 [restartedMain] INFO o.a.c.c.StandardService - Starting service [Tomcat] 
2024-09-13T10:51:04.083 [restartedMain] INFO o.a.c.c.StandardEngine - Starting Servlet engine: [Apache Tomcat/10.1.28] 
2024-09-13T10:51:04.091 [restartedMain] INFO o.a.c.c.C.[.[.[/] - Initializing Spring embedded WebApplicationContext 
2024-09-13T10:51:04.091 [restartedMain] INFO o.s.b.w.s.c.ServletWebServerApplicationContext - Root WebApplicationContext: initialization completed in 159 ms 
2024-09-13T10:51:04.228 [restartedMain] INFO o.s.b.d.a.OptionalLiveReloadServer - LiveReload server is running on port 35729 
2024-09-13T10:51:04.233 [restartedMain] INFO o.a.c.h.Http11NioProtocol - Starting ProtocolHandler ["http-nio-8080"] 
2024-09-13T10:51:04.236 [restartedMain] INFO o.s.b.w.e.t.TomcatWebServer - Tomcat started on port 8080 (http) with context path '/' 
2024-09-13T10:51:04.241 [restartedMain] INFO c.e.ZerglingApplication - Started ZerglingApplication in 0.326 seconds (process running for 5417.648) 
2024-09-13T10:51:04.243 [restartedMain] INFO o.s.b.d.a.ConditionEvaluationDeltaLoggingListener - Condition evaluation unchanged 
2024-09-13T10:51:13.910 [http-nio-8080-exec-1] INFO o.a.c.c.C.[.[.[/] - Initializing Spring DispatcherServlet 'dispatcherServlet' 
2024-09-13T10:51:13.910 [http-nio-8080-exec-1] INFO o.s.w.s.DispatcherServlet - Initializing Servlet 'dispatcherServlet' 
2024-09-13T10:51:13.911 [http-nio-8080-exec-1] INFO o.s.w.s.DispatcherServlet - Completed initialization in 1 ms 
2024-09-13T10:51:13.913 [http-nio-8080-exec-1] INFO c.z.h.HikariDataSource - HikariPool-6 - Starting... 
2024-09-13T10:51:13.923 [http-nio-8080-exec-1] INFO c.z.h.p.HikariPool - HikariPool-6 - Added connection net.sf.log4jdbc.sql.jdbcapi.ConnectionSpy@2fb91927 
2024-09-13T10:51:13.923 [http-nio-8080-exec-1] INFO c.z.h.HikariDataSource - HikariPool-6 - Start completed. 
2024-09-13T10:51:13.925 [http-nio-8080-exec-1] DEBUG j.sqltiming -  com.zaxxer.hikari.pool.ProxyPreparedStatement.execute(ProxyPreparedStatement.java:44)
71. select
				a.seq
			    ,a.title
			    ,a.prodType
			    ,b.name
			    ,a.publisher
			    ,a.makeDate
			    ,a.price
			    ,a.sale
			    ,a.salePrice
			    ,a.point
			    ,a.stockQty
			    ,a.imgSrc
			    ,a.intro
			    ,a.reviewNum
			    ,a.shipDate
			    ,a.tableOfContents
			    ,a.publisherReview
			    ,a.preivew
			    ,a.viewNumber
			    ,a.buyNumber
			    ,a.bestNy
			    ,a.todayPickNy
			    ,a.sliderText
				,a.regDate
				,a.modDate
			    ,a.delNy
			from
				product a
				left join productAuthor c on c.product_seq = a.seq
				left join author b on c.author_seq = b.seq
				join commoncode d on b.authorType = d.seq
			where 1=1

			order by a.makeDate desc
 {executed in 2 msec} 
2024-09-13T10:51:17.162 [http-nio-8080-exec-3] DEBUG j.sqltiming -  com.zaxxer.hikari.pool.ProxyPreparedStatement.execute(ProxyPreparedStatement.java:44)
71. select
				a.seq
			    ,a.title
			    ,a.prodType
			    ,b.name
			    ,a.publisher
			    ,a.makeDate
			    ,a.price
			    ,a.sale
			    ,a.salePrice
			    ,a.point
			    ,a.stockQty
			    ,a.imgSrc
			    ,a.intro
			    ,a.reviewNum
			    ,a.shipDate
			    ,a.tableOfContents
			    ,a.publisherReview
			    ,a.preivew
			    ,a.viewNumber
			    ,a.buyNumber
			    ,a.bestNy
			    ,a.todayPickNy
			    ,a.sliderText
				,a.regDate
				,a.modDate
			    ,a.delNy
			from
				product a
				left join productAuthor c on c.product_seq = a.seq
				left join author b on c.author_seq = b.seq
				join commoncode d on b.authorType = d.seq
			where 1=1

			order by a.makeDate desc
 {executed in 0 msec} 
2024-09-13T10:51:20.747 [http-nio-8080-exec-5] DEBUG j.sqltiming -  com.zaxxer.hikari.pool.ProxyPreparedStatement.execute(ProxyPreparedStatement.java:44)
71. select
				a.seq
			    ,a.title
			    ,a.prodType
			    ,b.name
			    ,a.publisher
			    ,a.makeDate
			    ,a.price
			    ,a.sale
			    ,a.salePrice
			    ,a.point
			    ,a.stockQty
			    ,a.imgSrc
			    ,a.intro
			    ,a.reviewNum
			    ,a.shipDate
			    ,a.tableOfContents
			    ,a.publisherReview
			    ,a.preivew
			    ,a.viewNumber
			    ,a.buyNumber
			    ,a.bestNy
			    ,a.todayPickNy
			    ,a.sliderText
				,a.regDate
				,a.modDate
			    ,a.delNy
			from
				product a
				left join productAuthor c on c.product_seq = a.seq
				left join author b on c.author_seq = b.seq
				join commoncode d on b.authorType = d.seq
			where 1=1

			order by a.makeDate desc
 {executed in 4 msec} 
2024-09-13T10:51:24.122 [http-nio-8080-exec-10] DEBUG j.sqltiming -  com.zaxxer.hikari.pool.ProxyPreparedStatement.execute(ProxyPreparedStatement.java:44)
71. select
				a.seq
			    ,a.title
			    ,a.prodType
			    ,b.name
			    ,a.publisher
			    ,a.makeDate
			    ,a.price
			    ,a.sale
			    ,a.salePrice
			    ,a.point
			    ,a.stockQty
			    ,a.imgSrc
			    ,a.intro
			    ,a.reviewNum
			    ,a.shipDate
			    ,a.tableOfContents
			    ,a.publisherReview
			    ,a.preivew
			    ,a.viewNumber
			    ,a.buyNumber
			    ,a.bestNy
			    ,a.todayPickNy
			    ,a.sliderText
				,a.regDate
				,a.modDate
			    ,a.delNy
			from
				product a
				left join productAuthor c on c.product_seq = a.seq
				left join author b on c.author_seq = b.seq
				join commoncode d on b.authorType = d.seq
			where 1=1

			order by a.makeDate desc
 {executed in 8 msec} 
2024-09-13T10:51:30.525 [http-nio-8080-exec-10] DEBUG j.sqltiming -  com.zaxxer.hikari.pool.ProxyPreparedStatement.execute(ProxyPreparedStatement.java:44)
71. select
				a.seq
			    ,a.title
			    ,a.prodType
			    ,b.name
			    ,a.publisher
			    ,a.makeDate
			    ,a.price
			    ,a.sale
			    ,a.salePrice
			    ,a.point
			    ,a.stockQty
			    ,a.imgSrc
			    ,a.intro
			    ,a.reviewNum
			    ,a.shipDate
			    ,a.tableOfContents
			    ,a.publisherReview
			    ,a.preivew
			    ,a.viewNumber
			    ,a.buyNumber
			    ,a.bestNy
			    ,a.todayPickNy
			    ,a.sliderText
				,a.regDate
				,a.modDate
			    ,a.delNy
			from
				product a
				left join productAuthor c on c.product_seq = a.seq
				left join author b on c.author_seq = b.seq
				join commoncode d on b.authorType = d.seq
			where 1=1

			order by a.makeDate desc
 {executed in 2 msec} 
2024-09-13T10:53:43.388 [http-nio-8080-exec-5] DEBUG j.sqltiming -  com.zaxxer.hikari.pool.ProxyPreparedStatement.execute(ProxyPreparedStatement.java:44)
71. select
				a.seq
			    ,a.title
			    ,a.prodType
			    ,b.name
			    ,a.publisher
			    ,a.makeDate
			    ,a.price
			    ,a.sale
			    ,a.salePrice
			    ,a.point
			    ,a.stockQty
			    ,a.imgSrc
			    ,a.intro
			    ,a.reviewNum
			    ,a.shipDate
			    ,a.tableOfContents
			    ,a.publisherReview
			    ,a.preivew
			    ,a.viewNumber
			    ,a.buyNumber
			    ,a.bestNy
			    ,a.todayPickNy
			    ,a.sliderText
				,a.regDate
				,a.modDate
			    ,a.delNy
			from
				product a
				left join productAuthor c on c.product_seq = a.seq
				left join author b on c.author_seq = b.seq
				join commoncode d on b.authorType = d.seq
			where 1=1

			order by a.makeDate desc
 {executed in 0 msec} 
2024-09-13T10:54:06.180 [http-nio-8080-exec-7] DEBUG j.sqltiming -  com.zaxxer.hikari.pool.ProxyPreparedStatement.execute(ProxyPreparedStatement.java:44)
71. select
				a.seq
			    ,a.title
			    ,a.prodType
			    ,b.name
			    ,a.publisher
			    ,a.makeDate
			    ,a.price
			    ,a.sale
			    ,a.salePrice
			    ,a.point
			    ,a.stockQty
			    ,a.imgSrc
			    ,a.intro
			    ,a.reviewNum
			    ,a.shipDate
			    ,a.tableOfContents
			    ,a.publisherReview
			    ,a.preivew
			    ,a.viewNumber
			    ,a.buyNumber
			    ,a.bestNy
			    ,a.todayPickNy
			    ,a.sliderText
				,a.regDate
				,a.modDate
			    ,a.delNy
			from
				product a
				left join productAuthor c on c.product_seq = a.seq
				left join author b on c.author_seq = b.seq
				join commoncode d on b.authorType = d.seq
			where 1=1

			order by a.makeDate desc
 {executed in 1 msec} 
2024-09-13T10:54:27.238 [http-nio-8080-exec-4] DEBUG j.sqltiming -  com.zaxxer.hikari.pool.ProxyPreparedStatement.execute(ProxyPreparedStatement.java:44)
71. select
				a.seq
			    ,a.title
			    ,a.prodType
			    ,b.name
			    ,a.publisher
			    ,a.makeDate
			    ,a.price
			    ,a.sale
			    ,a.salePrice
			    ,a.point
			    ,a.stockQty
			    ,a.imgSrc
			    ,a.intro
			    ,a.reviewNum
			    ,a.shipDate
			    ,a.tableOfContents
			    ,a.publisherReview
			    ,a.preivew
			    ,a.viewNumber
			    ,a.buyNumber
			    ,a.bestNy
			    ,a.todayPickNy
			    ,a.sliderText
				,a.regDate
				,a.modDate
			    ,a.delNy
			from
				product a
				left join productAuthor c on c.product_seq = a.seq
				left join author b on c.author_seq = b.seq
				join commoncode d on b.authorType = d.seq
			where 1=1

			order by a.makeDate desc
 {executed in 0 msec} 
2024-09-13T10:54:45.417 [http-nio-8080-exec-5] DEBUG j.sqltiming -  com.zaxxer.hikari.pool.ProxyPreparedStatement.execute(ProxyPreparedStatement.java:44)
71. select
				a.seq
			    ,a.title
			    ,a.prodType
			    ,b.name
			    ,a.publisher
			    ,a.makeDate
			    ,a.price
			    ,a.sale
			    ,a.salePrice
			    ,a.point
			    ,a.stockQty
			    ,a.imgSrc
			    ,a.intro
			    ,a.reviewNum
			    ,a.shipDate
			    ,a.tableOfContents
			    ,a.publisherReview
			    ,a.preivew
			    ,a.viewNumber
			    ,a.buyNumber
			    ,a.bestNy
			    ,a.todayPickNy
			    ,a.sliderText
				,a.regDate
				,a.modDate
			    ,a.delNy
			from
				product a
				left join productAuthor c on c.product_seq = a.seq
				left join author b on c.author_seq = b.seq
				join commoncode d on b.authorType = d.seq
			where 1=1

			order by a.makeDate desc
 {executed in 0 msec} 
2024-09-13T10:55:06.677 [File Watcher] INFO o.s.b.d.a.LocalDevToolsAutoConfiguration$RestartingClassPathChangeChangedEventListener - Restarting due to 1 class path change (0 additions, 0 deletions, 1 modification) 
2024-09-13T10:55:06.678 [Thread-55] INFO o.a.c.h.Http11NioProtocol - Stopping ProtocolHandler ["http-nio-8080"] 
2024-09-13T10:55:06.797 [Thread-55] INFO c.z.h.HikariDataSource - HikariPool-6 - Shutdown initiated... 
2024-09-13T10:55:06.802 [Thread-55] INFO c.z.h.HikariDataSource - HikariPool-6 - Shutdown completed. 
2024-09-13T10:55:06.865 [restartedMain] INFO c.e.ZerglingApplication - Starting ZerglingApplication using Java 17.0.11 with PID 2280 (C:\factory\ws_sts4_4240\repo_zergling\zergling\bin\main started by chlee in C:\factory\ws_sts4_4240\repo_zergling\zergling) 
2024-09-13T10:55:06.865 [restartedMain] INFO c.e.ZerglingApplication - No active profile set, falling back to 1 default profile: "default" 
2024-09-13T10:55:07.022 [restartedMain] INFO o.s.b.w.e.t.TomcatWebServer - Tomcat initialized with port 8080 (http) 
2024-09-13T10:55:07.022 [restartedMain] INFO o.a.c.h.Http11NioProtocol - Initializing ProtocolHandler ["http-nio-8080"] 
2024-09-13T10:55:07.022 [restartedMain] INFO o.a.c.c.StandardService - Starting service [Tomcat] 
2024-09-13T10:55:07.022 [restartedMain] INFO o.a.c.c.StandardEngine - Starting Servlet engine: [Apache Tomcat/10.1.28] 
2024-09-13T10:55:07.033 [restartedMain] INFO o.a.c.c.C.[.[.[/] - Initializing Spring embedded WebApplicationContext 
2024-09-13T10:55:07.033 [restartedMain] INFO o.s.b.w.s.c.ServletWebServerApplicationContext - Root WebApplicationContext: initialization completed in 166 ms 
2024-09-13T10:55:07.158 [restartedMain] INFO o.s.b.d.a.OptionalLiveReloadServer - LiveReload server is running on port 35729 
2024-09-13T10:55:07.162 [restartedMain] INFO o.a.c.h.Http11NioProtocol - Starting ProtocolHandler ["http-nio-8080"] 
2024-09-13T10:55:07.165 [restartedMain] INFO o.s.b.w.e.t.TomcatWebServer - Tomcat started on port 8080 (http) with context path '/' 
2024-09-13T10:55:07.168 [restartedMain] INFO c.e.ZerglingApplication - Started ZerglingApplication in 0.324 seconds (process running for 5660.575) 
2024-09-13T10:55:07.169 [restartedMain] INFO o.s.b.d.a.ConditionEvaluationDeltaLoggingListener - Condition evaluation unchanged 
2024-09-13T10:55:12.114 [File Watcher] INFO o.s.b.d.a.LocalDevToolsAutoConfiguration$RestartingClassPathChangeChangedEventListener - Restarting due to 1 class path change (0 additions, 0 deletions, 1 modification) 
2024-09-13T10:55:12.116 [Thread-59] INFO o.a.c.h.Http11NioProtocol - Stopping ProtocolHandler ["http-nio-8080"] 
2024-09-13T10:55:12.419 [restartedMain] INFO c.e.ZerglingApplication - Starting ZerglingApplication using Java 17.0.11 with PID 2280 (C:\factory\ws_sts4_4240\repo_zergling\zergling\bin\main started by chlee in C:\factory\ws_sts4_4240\repo_zergling\zergling) 
2024-09-13T10:55:12.419 [restartedMain] INFO c.e.ZerglingApplication - No active profile set, falling back to 1 default profile: "default" 
2024-09-13T10:55:12.639 [restartedMain] INFO o.s.b.w.e.t.TomcatWebServer - Tomcat initialized with port 8080 (http) 
2024-09-13T10:55:12.639 [restartedMain] INFO o.a.c.h.Http11NioProtocol - Initializing ProtocolHandler ["http-nio-8080"] 
2024-09-13T10:55:12.639 [restartedMain] INFO o.a.c.c.StandardService - Starting service [Tomcat] 
2024-09-13T10:55:12.639 [restartedMain] INFO o.a.c.c.StandardEngine - Starting Servlet engine: [Apache Tomcat/10.1.28] 
2024-09-13T10:55:12.658 [restartedMain] INFO o.a.c.c.C.[.[.[/] - Initializing Spring embedded WebApplicationContext 
2024-09-13T10:55:12.658 [restartedMain] INFO o.s.b.w.s.c.ServletWebServerApplicationContext - Root WebApplicationContext: initialization completed in 237 ms 
2024-09-13T10:55:12.794 [restartedMain] INFO o.s.b.d.a.OptionalLiveReloadServer - LiveReload server is running on port 35729 
2024-09-13T10:55:12.799 [restartedMain] INFO o.a.c.h.Http11NioProtocol - Starting ProtocolHandler ["http-nio-8080"] 
2024-09-13T10:55:12.802 [restartedMain] INFO o.s.b.w.e.t.TomcatWebServer - Tomcat started on port 8080 (http) with context path '/' 
2024-09-13T10:55:12.811 [restartedMain] INFO c.e.ZerglingApplication - Started ZerglingApplication in 0.413 seconds (process running for 5666.218) 
2024-09-13T10:55:12.813 [restartedMain] INFO o.s.b.d.a.ConditionEvaluationDeltaLoggingListener - Condition evaluation unchanged 
2024-09-13T10:55:13.863 [http-nio-8080-exec-1] INFO o.a.c.c.C.[.[.[/] - Initializing Spring DispatcherServlet 'dispatcherServlet' 
2024-09-13T10:55:13.863 [http-nio-8080-exec-1] INFO o.s.w.s.DispatcherServlet - Initializing Servlet 'dispatcherServlet' 
2024-09-13T10:55:13.864 [http-nio-8080-exec-1] INFO o.s.w.s.DispatcherServlet - Completed initialization in 1 ms 
2024-09-13T10:55:13.867 [http-nio-8080-exec-1] INFO c.z.h.HikariDataSource - HikariPool-7 - Starting... 
2024-09-13T10:55:13.892 [http-nio-8080-exec-1] INFO c.z.h.p.HikariPool - HikariPool-7 - Added connection net.sf.log4jdbc.sql.jdbcapi.ConnectionSpy@13dee65e 
2024-09-13T10:55:13.893 [http-nio-8080-exec-1] INFO c.z.h.HikariDataSource - HikariPool-7 - Start completed. 
2024-09-13T10:55:13.898 [http-nio-8080-exec-1] DEBUG j.sqltiming -  com.zaxxer.hikari.pool.ProxyPreparedStatement.execute(ProxyPreparedStatement.java:44)
81. select
				a.seq
			    ,a.title
			    ,a.prodType
			    ,b.name
			    ,a.publisher
			    ,a.makeDate
			    ,a.price
			    ,a.sale
			    ,a.salePrice
			    ,a.point
			    ,a.stockQty
			    ,a.imgSrc
			    ,a.intro
			    ,a.reviewNum
			    ,a.shipDate
			    ,a.tableOfContents
			    ,a.publisherReview
			    ,a.preivew
			    ,a.viewNumber
			    ,a.buyNumber
			    ,a.bestNy
			    ,a.todayPickNy
			    ,a.sliderText
				,a.regDate
				,a.modDate
			    ,a.delNy
			from
				product a
				left join productAuthor c on c.product_seq = a.seq
				left join author b on c.author_seq = b.seq
				join commoncode d on b.authorType = d.seq
			where 1=1

				        AND a.salePrice BETWEEN 0 AND 13000

			order by a.makeDate desc
 {executed in 4 msec} 
2024-09-13T10:55:25.605 [http-nio-8080-exec-5] DEBUG j.sqltiming -  com.zaxxer.hikari.pool.ProxyPreparedStatement.execute(ProxyPreparedStatement.java:44)
81. select
				a.seq
			    ,a.title
			    ,a.prodType
			    ,b.name
			    ,a.publisher
			    ,a.makeDate
			    ,a.price
			    ,a.sale
			    ,a.salePrice
			    ,a.point
			    ,a.stockQty
			    ,a.imgSrc
			    ,a.intro
			    ,a.reviewNum
			    ,a.shipDate
			    ,a.tableOfContents
			    ,a.publisherReview
			    ,a.preivew
			    ,a.viewNumber
			    ,a.buyNumber
			    ,a.bestNy
			    ,a.todayPickNy
			    ,a.sliderText
				,a.regDate
				,a.modDate
			    ,a.delNy
			from
				product a
				left join productAuthor c on c.product_seq = a.seq
				left join author b on c.author_seq = b.seq
				join commoncode d on b.authorType = d.seq
			where 1=1

				        AND a.salePrice BETWEEN 0 AND 10500

			order by a.makeDate desc
 {executed in 5 msec} 
2024-09-13T10:55:35.634 [File Watcher] INFO o.s.b.d.a.LocalDevToolsAutoConfiguration$RestartingClassPathChangeChangedEventListener - Restarting due to 1 class path change (0 additions, 0 deletions, 1 modification) 
2024-09-13T10:55:35.634 [Thread-63] INFO o.a.c.h.Http11NioProtocol - Stopping ProtocolHandler ["http-nio-8080"] 
2024-09-13T10:55:35.761 [Thread-63] INFO c.z.h.HikariDataSource - HikariPool-7 - Shutdown initiated... 
2024-09-13T10:55:35.761 [Thread-63] INFO c.z.h.HikariDataSource - HikariPool-7 - Shutdown completed. 
2024-09-13T10:55:35.823 [restartedMain] INFO c.e.ZerglingApplication - Starting ZerglingApplication using Java 17.0.11 with PID 2280 (C:\factory\ws_sts4_4240\repo_zergling\zergling\bin\main started by chlee in C:\factory\ws_sts4_4240\repo_zergling\zergling) 
2024-09-13T10:55:35.823 [restartedMain] INFO c.e.ZerglingApplication - No active profile set, falling back to 1 default profile: "default" 
2024-09-13T10:55:35.930 [restartedMain] INFO o.s.b.w.e.t.TomcatWebServer - Tomcat initialized with port 8080 (http) 
2024-09-13T10:55:35.930 [restartedMain] INFO o.a.c.h.Http11NioProtocol - Initializing ProtocolHandler ["http-nio-8080"] 
2024-09-13T10:55:35.930 [restartedMain] INFO o.a.c.c.StandardService - Starting service [Tomcat] 
2024-09-13T10:55:35.930 [restartedMain] INFO o.a.c.c.StandardEngine - Starting Servlet engine: [Apache Tomcat/10.1.28] 
2024-09-13T10:55:35.946 [restartedMain] INFO o.a.c.c.C.[.[.[/] - Initializing Spring embedded WebApplicationContext 
2024-09-13T10:55:35.946 [restartedMain] INFO o.s.b.w.s.c.ServletWebServerApplicationContext - Root WebApplicationContext: initialization completed in 123 ms 
2024-09-13T10:55:36.048 [restartedMain] INFO o.s.b.d.a.OptionalLiveReloadServer - LiveReload server is running on port 35729 
2024-09-13T10:55:36.048 [restartedMain] INFO o.a.c.h.Http11NioProtocol - Starting ProtocolHandler ["http-nio-8080"] 
2024-09-13T10:55:36.057 [restartedMain] INFO o.s.b.w.e.t.TomcatWebServer - Tomcat started on port 8080 (http) with context path '/' 
2024-09-13T10:55:36.057 [restartedMain] INFO c.e.ZerglingApplication - Started ZerglingApplication in 0.249 seconds (process running for 5689.466) 
2024-09-13T10:55:36.057 [restartedMain] INFO o.s.b.d.a.ConditionEvaluationDeltaLoggingListener - Condition evaluation unchanged 
2024-09-13T10:56:13.278 [File Watcher] INFO o.s.b.d.a.LocalDevToolsAutoConfiguration$RestartingClassPathChangeChangedEventListener - Restarting due to 1 class path change (0 additions, 0 deletions, 1 modification) 
2024-09-13T10:56:13.280 [Thread-67] INFO o.a.c.h.Http11NioProtocol - Stopping ProtocolHandler ["http-nio-8080"] 
2024-09-13T10:56:13.463 [restartedMain] INFO c.e.ZerglingApplication - Starting ZerglingApplication using Java 17.0.11 with PID 2280 (C:\factory\ws_sts4_4240\repo_zergling\zergling\bin\main started by chlee in C:\factory\ws_sts4_4240\repo_zergling\zergling) 
2024-09-13T10:56:13.463 [restartedMain] INFO c.e.ZerglingApplication - No active profile set, falling back to 1 default profile: "default" 
2024-09-13T10:56:13.610 [restartedMain] INFO o.s.b.w.e.t.TomcatWebServer - Tomcat initialized with port 8080 (http) 
2024-09-13T10:56:13.610 [restartedMain] INFO o.a.c.h.Http11NioProtocol - Initializing ProtocolHandler ["http-nio-8080"] 
2024-09-13T10:56:13.610 [restartedMain] INFO o.a.c.c.StandardService - Starting service [Tomcat] 
2024-09-13T10:56:13.610 [restartedMain] INFO o.a.c.c.StandardEngine - Starting Servlet engine: [Apache Tomcat/10.1.28] 
2024-09-13T10:56:13.617 [restartedMain] INFO o.a.c.c.C.[.[.[/] - Initializing Spring embedded WebApplicationContext 
2024-09-13T10:56:13.617 [restartedMain] INFO o.s.b.w.s.c.ServletWebServerApplicationContext - Root WebApplicationContext: initialization completed in 153 ms 
2024-09-13T10:56:13.718 [restartedMain] INFO o.s.b.d.a.OptionalLiveReloadServer - LiveReload server is running on port 35729 
2024-09-13T10:56:13.722 [restartedMain] INFO o.a.c.h.Http11NioProtocol - Starting ProtocolHandler ["http-nio-8080"] 
2024-09-13T10:56:13.724 [restartedMain] INFO o.s.b.w.e.t.TomcatWebServer - Tomcat started on port 8080 (http) with context path '/' 
2024-09-13T10:56:13.730 [restartedMain] INFO c.e.ZerglingApplication - Started ZerglingApplication in 0.287 seconds (process running for 5727.137) 
2024-09-13T10:56:13.731 [restartedMain] INFO o.s.b.d.a.ConditionEvaluationDeltaLoggingListener - Condition evaluation unchanged 
2024-09-13T10:56:19.548 [http-nio-8080-exec-1] INFO o.a.c.c.C.[.[.[/] - Initializing Spring DispatcherServlet 'dispatcherServlet' 
2024-09-13T10:56:19.549 [http-nio-8080-exec-1] INFO o.s.w.s.DispatcherServlet - Initializing Servlet 'dispatcherServlet' 
2024-09-13T10:56:19.550 [http-nio-8080-exec-1] INFO o.s.w.s.DispatcherServlet - Completed initialization in 1 ms 
2024-09-13T10:56:19.556 [http-nio-8080-exec-1] INFO c.z.h.HikariDataSource - HikariPool-8 - Starting... 
2024-09-13T10:56:19.575 [http-nio-8080-exec-1] INFO c.z.h.p.HikariPool - HikariPool-8 - Added connection net.sf.log4jdbc.sql.jdbcapi.ConnectionSpy@72def6 
2024-09-13T10:56:19.575 [http-nio-8080-exec-1] INFO c.z.h.HikariDataSource - HikariPool-8 - Start completed. 
2024-09-13T10:56:19.575 [http-nio-8080-exec-1] DEBUG j.sqltiming -  com.zaxxer.hikari.pool.ProxyPreparedStatement.execute(ProxyPreparedStatement.java:44)
91. select
				a.seq
			    ,a.title
			    ,a.prodType
			    ,b.name
			    ,a.publisher
			    ,a.makeDate
			    ,a.price
			    ,a.sale
			    ,a.salePrice
			    ,a.point
			    ,a.stockQty
			    ,a.imgSrc
			    ,a.intro
			    ,a.reviewNum
			    ,a.shipDate
			    ,a.tableOfContents
			    ,a.publisherReview
			    ,a.preivew
			    ,a.viewNumber
			    ,a.buyNumber
			    ,a.bestNy
			    ,a.todayPickNy
			    ,a.sliderText
				,a.regDate
				,a.modDate
			    ,a.delNy
			from
				product a
				left join productAuthor c on c.product_seq = a.seq
				left join author b on c.author_seq = b.seq
				join commoncode d on b.authorType = d.seq
			where 1=1

				        AND a.salePrice BETWEEN 0 AND 10500

			order by a.makeDate desc
 {executed in 0 msec} 
2024-09-13T10:56:28.064 [http-nio-8080-exec-10] DEBUG j.sqltiming -  com.zaxxer.hikari.pool.ProxyPreparedStatement.execute(ProxyPreparedStatement.java:44)
91. select
				a.seq
			    ,a.title
			    ,a.prodType
			    ,b.name
			    ,a.publisher
			    ,a.makeDate
			    ,a.price
			    ,a.sale
			    ,a.salePrice
			    ,a.point
			    ,a.stockQty
			    ,a.imgSrc
			    ,a.intro
			    ,a.reviewNum
			    ,a.shipDate
			    ,a.tableOfContents
			    ,a.publisherReview
			    ,a.preivew
			    ,a.viewNumber
			    ,a.buyNumber
			    ,a.bestNy
			    ,a.todayPickNy
			    ,a.sliderText
				,a.regDate
				,a.modDate
			    ,a.delNy
			from
				product a
				left join productAuthor c on c.product_seq = a.seq
				left join author b on c.author_seq = b.seq
				join commoncode d on b.authorType = d.seq
			where 1=1

				        AND a.salePrice BETWEEN 0 AND 16000

			order by a.makeDate desc
 {executed in 7 msec} 
2024-09-13T10:56:36.890 [http-nio-8080-exec-9] DEBUG j.sqltiming -  com.zaxxer.hikari.pool.ProxyPreparedStatement.execute(ProxyPreparedStatement.java:44)
91. select
				a.seq
			    ,a.title
			    ,a.prodType
			    ,b.name
			    ,a.publisher
			    ,a.makeDate
			    ,a.price
			    ,a.sale
			    ,a.salePrice
			    ,a.point
			    ,a.stockQty
			    ,a.imgSrc
			    ,a.intro
			    ,a.reviewNum
			    ,a.shipDate
			    ,a.tableOfContents
			    ,a.publisherReview
			    ,a.preivew
			    ,a.viewNumber
			    ,a.buyNumber
			    ,a.bestNy
			    ,a.todayPickNy
			    ,a.sliderText
				,a.regDate
				,a.modDate
			    ,a.delNy
			from
				product a
				left join productAuthor c on c.product_seq = a.seq
				left join author b on c.author_seq = b.seq
				join commoncode d on b.authorType = d.seq
			where 1=1

				        AND a.salePrice BETWEEN 15500 AND 23500

			order by a.makeDate desc
 {executed in 3 msec} 
2024-09-13T10:56:48.399 [http-nio-8080-exec-1] DEBUG j.sqltiming -  com.zaxxer.hikari.pool.ProxyPreparedStatement.execute(ProxyPreparedStatement.java:44)
91. select
				a.seq
			    ,a.title
			    ,a.prodType
			    ,b.name
			    ,a.publisher
			    ,a.makeDate
			    ,a.price
			    ,a.sale
			    ,a.salePrice
			    ,a.point
			    ,a.stockQty
			    ,a.imgSrc
			    ,a.intro
			    ,a.reviewNum
			    ,a.shipDate
			    ,a.tableOfContents
			    ,a.publisherReview
			    ,a.preivew
			    ,a.viewNumber
			    ,a.buyNumber
			    ,a.bestNy
			    ,a.todayPickNy
			    ,a.sliderText
				,a.regDate
				,a.modDate
			    ,a.delNy
			from
				product a
				left join productAuthor c on c.product_seq = a.seq
				left join author b on c.author_seq = b.seq
				join commoncode d on b.authorType = d.seq
			where 1=1

				        AND a.salePrice BETWEEN 15500 AND 23500

				  AND a.makeDate BETWEEN DATE_SUB(NOW(), INTERVAL 3 MONTH) AND NOW() 
			order by a.makeDate desc
 {executed in 0 msec} 
2024-09-13T10:56:54.989 [http-nio-8080-exec-6] DEBUG j.sqltiming -  com.zaxxer.hikari.pool.ProxyPreparedStatement.execute(ProxyPreparedStatement.java:44)
91. select
				a.seq
			    ,a.title
			    ,a.prodType
			    ,b.name
			    ,a.publisher
			    ,a.makeDate
			    ,a.price
			    ,a.sale
			    ,a.salePrice
			    ,a.point
			    ,a.stockQty
			    ,a.imgSrc
			    ,a.intro
			    ,a.reviewNum
			    ,a.shipDate
			    ,a.tableOfContents
			    ,a.publisherReview
			    ,a.preivew
			    ,a.viewNumber
			    ,a.buyNumber
			    ,a.bestNy
			    ,a.todayPickNy
			    ,a.sliderText
				,a.regDate
				,a.modDate
			    ,a.delNy
			from
				product a
				left join productAuthor c on c.product_seq = a.seq
				left join author b on c.author_seq = b.seq
				join commoncode d on b.authorType = d.seq
			where 1=1

				        AND a.salePrice BETWEEN 0 AND 5000

				  AND a.makeDate BETWEEN DATE_SUB(NOW(), INTERVAL 6 MONTH) AND NOW() 
			order by a.makeDate desc
 {executed in 0 msec} 
2024-09-13T10:56:59.698 [http-nio-8080-exec-3] DEBUG j.sqltiming -  com.zaxxer.hikari.pool.ProxyPreparedStatement.execute(ProxyPreparedStatement.java:44)
91. select
				a.seq
			    ,a.title
			    ,a.prodType
			    ,b.name
			    ,a.publisher
			    ,a.makeDate
			    ,a.price
			    ,a.sale
			    ,a.salePrice
			    ,a.point
			    ,a.stockQty
			    ,a.imgSrc
			    ,a.intro
			    ,a.reviewNum
			    ,a.shipDate
			    ,a.tableOfContents
			    ,a.publisherReview
			    ,a.preivew
			    ,a.viewNumber
			    ,a.buyNumber
			    ,a.bestNy
			    ,a.todayPickNy
			    ,a.sliderText
				,a.regDate
				,a.modDate
			    ,a.delNy
			from
				product a
				left join productAuthor c on c.product_seq = a.seq
				left join author b on c.author_seq = b.seq
				join commoncode d on b.authorType = d.seq
			where 1=1

				        AND a.salePrice BETWEEN 0 AND 50000

				  AND a.makeDate BETWEEN DATE_SUB(NOW(), INTERVAL 12 MONTH) AND NOW() 
			order by a.makeDate desc
 {executed in 4 msec} 
2024-09-13T10:57:02.199 [http-nio-8080-exec-4] DEBUG j.sqltiming -  com.zaxxer.hikari.pool.ProxyPreparedStatement.execute(ProxyPreparedStatement.java:44)
91. select
				a.seq
			    ,a.title
			    ,a.prodType
			    ,b.name
			    ,a.publisher
			    ,a.makeDate
			    ,a.price
			    ,a.sale
			    ,a.salePrice
			    ,a.point
			    ,a.stockQty
			    ,a.imgSrc
			    ,a.intro
			    ,a.reviewNum
			    ,a.shipDate
			    ,a.tableOfContents
			    ,a.publisherReview
			    ,a.preivew
			    ,a.viewNumber
			    ,a.buyNumber
			    ,a.bestNy
			    ,a.todayPickNy
			    ,a.sliderText
				,a.regDate
				,a.modDate
			    ,a.delNy
			from
				product a
				left join productAuthor c on c.product_seq = a.seq
				left join author b on c.author_seq = b.seq
				join commoncode d on b.authorType = d.seq
			where 1=1

				        AND a.salePrice BETWEEN 0 AND 50000

				  AND a.makeDate < DATE_SUB(NOW(), INTERVAL 12 MONTH)  
			order by a.makeDate desc
 {executed in 0 msec} 
2024-09-13T10:57:08.063 [http-nio-8080-exec-2] DEBUG j.sqltiming -  com.zaxxer.hikari.pool.ProxyPreparedStatement.execute(ProxyPreparedStatement.java:44)
91. select
				a.seq
			    ,a.title
			    ,a.prodType
			    ,b.name
			    ,a.publisher
			    ,a.makeDate
			    ,a.price
			    ,a.sale
			    ,a.salePrice
			    ,a.point
			    ,a.stockQty
			    ,a.imgSrc
			    ,a.intro
			    ,a.reviewNum
			    ,a.shipDate
			    ,a.tableOfContents
			    ,a.publisherReview
			    ,a.preivew
			    ,a.viewNumber
			    ,a.buyNumber
			    ,a.bestNy
			    ,a.todayPickNy
			    ,a.sliderText
				,a.regDate
				,a.modDate
			    ,a.delNy
			from
				product a
				left join productAuthor c on c.product_seq = a.seq
				left join author b on c.author_seq = b.seq
				join commoncode d on b.authorType = d.seq
			where 1=1

				        AND a.salePrice BETWEEN 0 AND 50000

				  AND a.makeDate BETWEEN DATE_SUB(NOW(), INTERVAL 1 MONTH) AND NOW() 
			order by a.makeDate desc
 {executed in 8 msec} 
2024-09-13T10:57:13.171 [http-nio-8080-exec-6] DEBUG j.sqltiming -  com.zaxxer.hikari.pool.ProxyPreparedStatement.execute(ProxyPreparedStatement.java:44)
91. select
				a.seq
			    ,a.title
			    ,a.prodType
			    ,b.name
			    ,a.publisher
			    ,a.makeDate
			    ,a.price
			    ,a.sale
			    ,a.salePrice
			    ,a.point
			    ,a.stockQty
			    ,a.imgSrc
			    ,a.intro
			    ,a.reviewNum
			    ,a.shipDate
			    ,a.tableOfContents
			    ,a.publisherReview
			    ,a.preivew
			    ,a.viewNumber
			    ,a.buyNumber
			    ,a.bestNy
			    ,a.todayPickNy
			    ,a.sliderText
				,a.regDate
				,a.modDate
			    ,a.delNy
			from
				product a
				left join productAuthor c on c.product_seq = a.seq
				left join author b on c.author_seq = b.seq
				join commoncode d on b.authorType = d.seq
			where 1=1

				        AND a.salePrice BETWEEN 0 AND 50000

				  AND a.makeDate BETWEEN DATE_SUB(NOW(), INTERVAL 3 MONTH) AND NOW() 
			order by a.makeDate desc
 {executed in 0 msec} 
2024-09-13T10:57:19.211 [http-nio-8080-exec-3] DEBUG j.sqltiming -  com.zaxxer.hikari.pool.ProxyPreparedStatement.execute(ProxyPreparedStatement.java:44)
91. select
				a.seq
			    ,a.title
			    ,a.prodType
			    ,b.name
			    ,a.publisher
			    ,a.makeDate
			    ,a.price
			    ,a.sale
			    ,a.salePrice
			    ,a.point
			    ,a.stockQty
			    ,a.imgSrc
			    ,a.intro
			    ,a.reviewNum
			    ,a.shipDate
			    ,a.tableOfContents
			    ,a.publisherReview
			    ,a.preivew
			    ,a.viewNumber
			    ,a.buyNumber
			    ,a.bestNy
			    ,a.todayPickNy
			    ,a.sliderText
				,a.regDate
				,a.modDate
			    ,a.delNy
			from
				product a
				left join productAuthor c on c.product_seq = a.seq
				left join author b on c.author_seq = b.seq
				join commoncode d on b.authorType = d.seq
			where 1=1

				        AND a.salePrice BETWEEN 0 AND 50000

				  AND a.makeDate BETWEEN DATE_SUB(NOW(), INTERVAL 6 MONTH) AND NOW() 
			order by a.makeDate desc
 {executed in 0 msec} 
2024-09-13T10:57:22.787 [http-nio-8080-exec-6] DEBUG j.sqltiming -  com.zaxxer.hikari.pool.ProxyPreparedStatement.execute(ProxyPreparedStatement.java:44)
91. select
				a.seq
			    ,a.title
			    ,a.prodType
			    ,b.name
			    ,a.publisher
			    ,a.makeDate
			    ,a.price
			    ,a.sale
			    ,a.salePrice
			    ,a.point
			    ,a.stockQty
			    ,a.imgSrc
			    ,a.intro
			    ,a.reviewNum
			    ,a.shipDate
			    ,a.tableOfContents
			    ,a.publisherReview
			    ,a.preivew
			    ,a.viewNumber
			    ,a.buyNumber
			    ,a.bestNy
			    ,a.todayPickNy
			    ,a.sliderText
				,a.regDate
				,a.modDate
			    ,a.delNy
			from
				product a
				left join productAuthor c on c.product_seq = a.seq
				left join author b on c.author_seq = b.seq
				join commoncode d on b.authorType = d.seq
			where 1=1

				        AND a.salePrice BETWEEN 0 AND 50000

				  AND a.makeDate BETWEEN DATE_SUB(NOW(), INTERVAL 12 MONTH) AND NOW() 
			order by a.makeDate desc
 {executed in 0 msec} 
2024-09-13T10:57:27.163 [http-nio-8080-exec-6] DEBUG j.sqltiming -  com.zaxxer.hikari.pool.ProxyPreparedStatement.execute(ProxyPreparedStatement.java:44)
91. select
				a.seq
			    ,a.title
			    ,a.prodType
			    ,b.name
			    ,a.publisher
			    ,a.makeDate
			    ,a.price
			    ,a.sale
			    ,a.salePrice
			    ,a.point
			    ,a.stockQty
			    ,a.imgSrc
			    ,a.intro
			    ,a.reviewNum
			    ,a.shipDate
			    ,a.tableOfContents
			    ,a.publisherReview
			    ,a.preivew
			    ,a.viewNumber
			    ,a.buyNumber
			    ,a.bestNy
			    ,a.todayPickNy
			    ,a.sliderText
				,a.regDate
				,a.modDate
			    ,a.delNy
			from
				product a
				left join productAuthor c on c.product_seq = a.seq
				left join author b on c.author_seq = b.seq
				join commoncode d on b.authorType = d.seq
			where 1=1

				        AND a.salePrice BETWEEN 0 AND 50000

				  AND a.makeDate < DATE_SUB(NOW(), INTERVAL 12 MONTH)  
			order by a.makeDate desc
 {executed in 0 msec} 
2024-09-13T10:58:56.340 [http-nio-8080-exec-1] DEBUG j.sqltiming -  com.zaxxer.hikari.pool.ProxyPreparedStatement.execute(ProxyPreparedStatement.java:44)
91. select
				a.seq
			    ,a.title
			    ,a.prodType
			    ,b.name
			    ,a.publisher
			    ,a.makeDate
			    ,a.price
			    ,a.sale
			    ,a.salePrice
			    ,a.point
			    ,a.stockQty
			    ,a.imgSrc
			    ,a.intro
			    ,a.reviewNum
			    ,a.shipDate
			    ,a.tableOfContents
			    ,a.publisherReview
			    ,a.preivew
			    ,a.viewNumber
			    ,a.buyNumber
			    ,a.bestNy
			    ,a.todayPickNy
			    ,a.sliderText
				,a.regDate
				,a.modDate
			    ,a.delNy
			from
				product a
				left join productAuthor c on c.product_seq = a.seq
				left join author b on c.author_seq = b.seq
				join commoncode d on b.authorType = d.seq
			where 1=1

				        AND a.salePrice BETWEEN 0 AND 50000

				  AND a.makeDate < DATE_SUB(NOW(), INTERVAL 12 MONTH)  
			order by a.makeDate desc
 {executed in 1 msec} 
2024-09-13T10:59:06.521 [http-nio-8080-exec-6] DEBUG j.sqltiming -  com.zaxxer.hikari.pool.ProxyPreparedStatement.execute(ProxyPreparedStatement.java:44)
91. select
				a.seq
			    ,a.title
			    ,a.prodType
			    ,b.name
			    ,a.publisher
			    ,a.makeDate
			    ,a.price
			    ,a.sale
			    ,a.salePrice
			    ,a.point
			    ,a.stockQty
			    ,a.imgSrc
			    ,a.intro
			    ,a.reviewNum
			    ,a.shipDate
			    ,a.tableOfContents
			    ,a.publisherReview
			    ,a.preivew
			    ,a.viewNumber
			    ,a.buyNumber
			    ,a.bestNy
			    ,a.todayPickNy
			    ,a.sliderText
				,a.regDate
				,a.modDate
			    ,a.delNy
			from
				product a
				left join productAuthor c on c.product_seq = a.seq
				left join author b on c.author_seq = b.seq
				join commoncode d on b.authorType = d.seq
			where 1=1

				        AND a.salePrice BETWEEN 0 AND 50000

			order by a.makeDate desc
 {executed in 2 msec} 
2024-09-13T10:59:24.153 [http-nio-8080-exec-5] DEBUG j.sqltiming -  com.zaxxer.hikari.pool.ProxyPreparedStatement.execute(ProxyPreparedStatement.java:44)
91. select
				a.seq
			    ,a.title
			    ,a.prodType
			    ,b.name
			    ,a.publisher
			    ,a.makeDate
			    ,a.price
			    ,a.sale
			    ,a.salePrice
			    ,a.point
			    ,a.stockQty
			    ,a.imgSrc
			    ,a.intro
			    ,a.reviewNum
			    ,a.shipDate
			    ,a.tableOfContents
			    ,a.publisherReview
			    ,a.preivew
			    ,a.viewNumber
			    ,a.buyNumber
			    ,a.bestNy
			    ,a.todayPickNy
			    ,a.sliderText
				,a.regDate
				,a.modDate
			    ,a.delNy
			from
				product a
				left join productAuthor c on c.product_seq = a.seq
				left join author b on c.author_seq = b.seq
				join commoncode d on b.authorType = d.seq
			where 1=1

				        AND a.salePrice BETWEEN 16000 AND 21000

			order by a.makeDate desc
 {executed in 4 msec} 
