2024-09-14T21:15:43.641 [http-nio-8080-exec-2] DEBUG j.sqltiming -  com.zaxxer.hikari.pool.ProxyPreparedStatement.execute(ProxyPreparedStatement.java:44)
1. select
				a.seq
			    ,a.title
			    ,a.prodType
			    ,b.name
			    ,a.publisher
			    ,a.makeDate
			    ,a.price
			    ,a.sale
			    ,a.salePrice
			    ,a.point
			    ,a.stockQty
			    ,a.imgSrc
			    ,a.intro
			    ,a.reviewNum
			    ,a.shipDate
			    ,a.tableOfContents
			    ,a.publisherReview
			    ,a.preivew
			    ,a.viewNumber
			    ,a.buyNumber
			    ,a.bestNy
			    ,a.todayPickNy
			    ,a.sliderText
				,a.regDate
				,a.modDate
			    ,a.delNy
			from
				product a
				left join productAuthor c on c.product_seq = a.seq
				left join author b on c.author_seq = b.seq
				join commoncode d on b.authorType = d.seq
			order by a.seq desc
 {executed in 1 msec} 
2024-09-14T21:16:01.764 [http-nio-8080-exec-1] DEBUG j.sqltiming -  com.zaxxer.hikari.pool.ProxyPreparedStatement.execute(ProxyPreparedStatement.java:44)
1. select
				a.seq
			    ,a.title
			    ,a.prodType
			    ,b.name
			    ,a.publisher
			    ,a.makeDate
			    ,a.price
			    ,a.sale
			    ,a.salePrice
			    ,a.point
			    ,a.stockQty
			    ,a.imgSrc
			    ,a.intro
			    ,a.reviewNum
			    ,a.shipDate
			    ,a.tableOfContents
			    ,a.publisherReview
			    ,a.preivew
			    ,a.viewNumber
			    ,a.buyNumber
			    ,a.bestNy
			    ,a.todayPickNy
			    ,a.sliderText
				,a.regDate
				,a.modDate
			    ,a.delNy
			from
				product a
				left join productAuthor c on c.product_seq = a.seq
				left join author b on c.author_seq = b.seq
				join commoncode d on b.authorType = d.seq
			order by a.seq desc
 {executed in 0 msec} 
2024-09-14T21:16:22.439 [http-nio-8080-exec-8] DEBUG j.sqltiming -  com.zaxxer.hikari.pool.ProxyPreparedStatement.execute(ProxyPreparedStatement.java:44)
1. select
				a.seq
			    ,a.title
			    ,a.prodType
			    ,b.name
			    ,a.publisher
			    ,a.makeDate
			    ,a.price
			    ,a.sale
			    ,a.salePrice
			    ,a.point
			    ,a.stockQty
			    ,a.imgSrc
			    ,a.intro
			    ,a.reviewNum
			    ,a.shipDate
			    ,a.tableOfContents
			    ,a.publisherReview
			    ,a.preivew
			    ,a.viewNumber
			    ,a.buyNumber
			    ,a.bestNy
			    ,a.todayPickNy
			    ,a.sliderText
				,a.regDate
				,a.modDate
			    ,a.delNy
			from
				product a
				left join productAuthor c on c.product_seq = a.seq
				left join author b on c.author_seq = b.seq
				join commoncode d on b.authorType = d.seq
			order by a.seq desc
 {executed in 2 msec} 
2024-09-14T21:22:21.899 [http-nio-8080-exec-6] DEBUG j.sqltiming -  com.zaxxer.hikari.pool.ProxyPreparedStatement.execute(ProxyPreparedStatement.java:44)
1. select
				a.seq
			    ,a.title
			    ,a.prodType
			    ,b.name
			    ,a.publisher
			    ,a.makeDate
			    ,a.price
			    ,a.sale
			    ,a.salePrice
			    ,a.point
			    ,a.stockQty
			    ,a.imgSrc
			    ,a.intro
			    ,a.reviewNum
			    ,a.shipDate
			    ,a.tableOfContents
			    ,a.publisherReview
			    ,a.preivew
			    ,a.viewNumber
			    ,a.buyNumber
			    ,a.bestNy
			    ,a.todayPickNy
			    ,a.sliderText
				,a.regDate
				,a.modDate
			    ,a.delNy
			from
				product a
				left join productAuthor c on c.product_seq = a.seq
				left join author b on c.author_seq = b.seq
				join commoncode d on b.authorType = d.seq
			order by a.seq desc
 {executed in 1 msec} 
2024-09-14T21:22:47.725 [http-nio-8080-exec-2] DEBUG j.sqltiming -  com.zaxxer.hikari.pool.ProxyPreparedStatement.execute(ProxyPreparedStatement.java:44)
1. select
				a.seq
			    ,a.title
			    ,a.prodType
			    ,b.name
			    ,a.publisher
			    ,a.makeDate
			    ,a.price
			    ,a.sale
			    ,a.salePrice
			    ,a.point
			    ,a.stockQty
			    ,a.imgSrc
			    ,a.intro
			    ,a.reviewNum
			    ,a.shipDate
			    ,a.tableOfContents
			    ,a.publisherReview
			    ,a.preivew
			    ,a.viewNumber
			    ,a.buyNumber
			    ,a.bestNy
			    ,a.todayPickNy
			    ,a.sliderText
				,a.regDate
				,a.modDate
			    ,a.delNy
			from
				product a
				left join productAuthor c on c.product_seq = a.seq
				left join author b on c.author_seq = b.seq
				join commoncode d on b.authorType = d.seq
			order by a.seq desc
 {executed in 0 msec} 
2024-09-14T21:23:00.763 [http-nio-8080-exec-1] DEBUG j.sqltiming -  com.zaxxer.hikari.pool.ProxyPreparedStatement.execute(ProxyPreparedStatement.java:44)
1. select
				a.seq
			    ,a.title
			    ,a.prodType
			    ,b.name
			    ,a.publisher
			    ,a.makeDate
			    ,a.price
			    ,a.sale
			    ,a.salePrice
			    ,a.point
			    ,a.stockQty
			    ,a.imgSrc
			    ,a.intro
			    ,a.reviewNum
			    ,a.shipDate
			    ,a.tableOfContents
			    ,a.publisherReview
			    ,a.preivew
			    ,a.viewNumber
			    ,a.buyNumber
			    ,a.bestNy
			    ,a.todayPickNy
			    ,a.sliderText
				,a.regDate
				,a.modDate
			    ,a.delNy
			from
				product a
				left join productAuthor c on c.product_seq = a.seq
				left join author b on c.author_seq = b.seq
				join commoncode d on b.authorType = d.seq
			order by a.seq desc
 {executed in 0 msec} 
2024-09-14T21:23:04.158 [http-nio-8080-exec-1] DEBUG j.sqltiming -  com.zaxxer.hikari.pool.ProxyPreparedStatement.execute(ProxyPreparedStatement.java:44)
1. select
				a.seq
			    ,a.title
			    ,a.prodType
			    ,b.name
			    ,a.publisher
			    ,a.makeDate
			    ,a.price
			    ,a.sale
			    ,a.salePrice
			    ,a.point
			    ,a.stockQty
			    ,a.imgSrc
			    ,a.intro
			    ,a.reviewNum
			    ,a.shipDate
			    ,a.tableOfContents
			    ,a.publisherReview
			    ,a.preivew
			    ,a.viewNumber
			    ,a.buyNumber
			    ,a.bestNy
			    ,a.todayPickNy
			    ,a.sliderText
				,a.regDate
				,a.modDate
			    ,a.delNy
			from
				product a
				left join productAuthor c on c.product_seq = a.seq
				left join author b on c.author_seq = b.seq
				join commoncode d on b.authorType = d.seq
			order by a.seq desc
 {executed in 1 msec} 
2024-09-14T21:23:54.658 [http-nio-8080-exec-4] DEBUG j.sqltiming -  com.zaxxer.hikari.pool.ProxyPreparedStatement.execute(ProxyPreparedStatement.java:44)
5. select
				a.seq
			    ,a.title
			    ,a.prodType
			    ,b.name
			    ,a.publisher
			    ,a.makeDate
			    ,a.price
			    ,a.sale
			    ,a.salePrice
			    ,a.point
			    ,a.stockQty
			    ,a.imgSrc
			    ,a.intro
			    ,a.reviewNum
			    ,a.shipDate
			    ,a.tableOfContents
			    ,a.publisherReview
			    ,a.preivew
			    ,a.viewNumber
			    ,a.buyNumber
			    ,a.bestNy
			    ,a.todayPickNy
			    ,a.sliderText
				,a.regDate
				,a.modDate
			    ,a.delNy
			from
				product a
				left join productAuthor c on c.product_seq = a.seq
				left join author b on c.author_seq = b.seq
				join commoncode d on b.authorType = d.seq
			order by a.seq desc
 {executed in 0 msec} 
2024-09-14T21:24:36.909 [http-nio-8080-exec-6] DEBUG j.sqltiming -  com.zaxxer.hikari.pool.ProxyPreparedStatement.execute(ProxyPreparedStatement.java:44)
11. select
				a.seq
			    ,a.title
			    ,a.prodType
			    ,b.name
			    ,a.publisher
			    ,a.makeDate
			    ,a.price
			    ,a.sale
			    ,a.salePrice
			    ,a.point
			    ,a.stockQty
			    ,a.imgSrc
			    ,a.intro
			    ,a.reviewNum
			    ,a.shipDate
			    ,a.tableOfContents
			    ,a.publisherReview
			    ,a.preivew
			    ,a.viewNumber
			    ,a.buyNumber
			    ,a.bestNy
			    ,a.todayPickNy
			    ,a.sliderText
				,a.regDate
				,a.modDate
			    ,a.delNy
			from
				product a
				left join productAuthor c on c.product_seq = a.seq
				left join author b on c.author_seq = b.seq
				join commoncode d on b.authorType = d.seq
			order by a.seq desc
 {executed in 0 msec} 
2024-09-14T21:28:35.802 [File Watcher] INFO o.s.b.d.a.LocalDevToolsAutoConfiguration$RestartingClassPathChangeChangedEventListener - Restarting due to 1 class path change (0 additions, 0 deletions, 1 modification) 
2024-09-14T21:28:35.807 [Thread-5] INFO o.a.c.h.Http11NioProtocol - Stopping ProtocolHandler ["http-nio-8080"] 
2024-09-14T21:28:35.884 [Thread-5] INFO c.z.h.HikariDataSource - HikariPool-1 - Shutdown initiated... 
2024-09-14T21:28:35.889 [Thread-5] INFO c.z.h.HikariDataSource - HikariPool-1 - Shutdown completed. 
2024-09-14T21:28:35.942 [restartedMain] INFO c.e.ZerglingApplication - Starting ZerglingApplication using Java 17.0.11 with PID 8680 (C:\factory\ws_sts4_4240\repo_zergling\zergling\bin\main started by chlee in C:\factory\ws_sts4_4240\repo_zergling\zergling) 
2024-09-14T21:28:35.944 [restartedMain] INFO c.e.ZerglingApplication - No active profile set, falling back to 1 default profile: "default" 
2024-09-14T21:28:36.072 [restartedMain] INFO o.s.b.w.e.t.TomcatWebServer - Tomcat initialized with port 8080 (http) 
2024-09-14T21:28:36.072 [restartedMain] INFO o.a.c.h.Http11NioProtocol - Initializing ProtocolHandler ["http-nio-8080"] 
2024-09-14T21:28:36.072 [restartedMain] INFO o.a.c.c.StandardService - Starting service [Tomcat] 
2024-09-14T21:28:36.072 [restartedMain] INFO o.a.c.c.StandardEngine - Starting Servlet engine: [Apache Tomcat/10.1.28] 
2024-09-14T21:28:36.079 [restartedMain] INFO o.a.c.c.C.[.[.[/] - Initializing Spring embedded WebApplicationContext 
2024-09-14T21:28:36.079 [restartedMain] INFO o.s.b.w.s.c.ServletWebServerApplicationContext - Root WebApplicationContext: initialization completed in 134 ms 
2024-09-14T21:28:36.212 [restartedMain] INFO o.s.b.d.a.OptionalLiveReloadServer - LiveReload server is running on port 35729 
2024-09-14T21:28:36.217 [restartedMain] INFO o.a.c.h.Http11NioProtocol - Starting ProtocolHandler ["http-nio-8080"] 
2024-09-14T21:28:36.220 [restartedMain] INFO o.s.b.w.e.t.TomcatWebServer - Tomcat started on port 8080 (http) with context path '/' 
2024-09-14T21:28:36.224 [restartedMain] INFO c.e.ZerglingApplication - Started ZerglingApplication in 0.297 seconds (process running for 2074.109) 
2024-09-14T21:28:36.228 [restartedMain] INFO o.s.b.d.a.ConditionEvaluationDeltaLoggingListener - Condition evaluation unchanged 
2024-09-14T21:29:29.201 [File Watcher] INFO o.s.b.d.a.LocalDevToolsAutoConfiguration$RestartingClassPathChangeChangedEventListener - Restarting due to 1 class path change (0 additions, 0 deletions, 1 modification) 
2024-09-14T21:29:29.202 [Thread-7] INFO o.a.c.h.Http11NioProtocol - Stopping ProtocolHandler ["http-nio-8080"] 
2024-09-14T21:29:29.385 [restartedMain] INFO c.e.ZerglingApplication - Starting ZerglingApplication using Java 17.0.11 with PID 8680 (C:\factory\ws_sts4_4240\repo_zergling\zergling\bin\main started by chlee in C:\factory\ws_sts4_4240\repo_zergling\zergling) 
2024-09-14T21:29:29.385 [restartedMain] INFO c.e.ZerglingApplication - No active profile set, falling back to 1 default profile: "default" 
2024-09-14T21:29:29.506 [restartedMain] INFO o.s.b.w.e.t.TomcatWebServer - Tomcat initialized with port 8080 (http) 
2024-09-14T21:29:29.506 [restartedMain] INFO o.a.c.h.Http11NioProtocol - Initializing ProtocolHandler ["http-nio-8080"] 
2024-09-14T21:29:29.506 [restartedMain] INFO o.a.c.c.StandardService - Starting service [Tomcat] 
2024-09-14T21:29:29.506 [restartedMain] INFO o.a.c.c.StandardEngine - Starting Servlet engine: [Apache Tomcat/10.1.28] 
2024-09-14T21:29:29.513 [restartedMain] INFO o.a.c.c.C.[.[.[/] - Initializing Spring embedded WebApplicationContext 
2024-09-14T21:29:29.513 [restartedMain] INFO o.s.b.w.s.c.ServletWebServerApplicationContext - Root WebApplicationContext: initialization completed in 127 ms 
2024-09-14T21:29:29.652 [restartedMain] INFO o.s.b.d.a.OptionalLiveReloadServer - LiveReload server is running on port 35729 
2024-09-14T21:29:29.656 [restartedMain] INFO o.a.c.h.Http11NioProtocol - Starting ProtocolHandler ["http-nio-8080"] 
2024-09-14T21:29:29.658 [restartedMain] INFO o.s.b.w.e.t.TomcatWebServer - Tomcat started on port 8080 (http) with context path '/' 
2024-09-14T21:29:29.663 [restartedMain] INFO c.e.ZerglingApplication - Started ZerglingApplication in 0.292 seconds (process running for 2127.547) 
2024-09-14T21:29:29.665 [restartedMain] INFO o.s.b.d.a.ConditionEvaluationDeltaLoggingListener - Condition evaluation unchanged 
2024-09-14T21:30:35.824 [File Watcher] INFO o.s.b.d.a.LocalDevToolsAutoConfiguration$RestartingClassPathChangeChangedEventListener - Restarting due to 1 class path change (0 additions, 0 deletions, 1 modification) 
2024-09-14T21:30:35.827 [Thread-11] INFO o.a.c.h.Http11NioProtocol - Stopping ProtocolHandler ["http-nio-8080"] 
2024-09-14T21:30:35.950 [restartedMain] INFO c.e.ZerglingApplication - Starting ZerglingApplication using Java 17.0.11 with PID 8680 (C:\factory\ws_sts4_4240\repo_zergling\zergling\bin\main started by chlee in C:\factory\ws_sts4_4240\repo_zergling\zergling) 
2024-09-14T21:30:35.951 [restartedMain] INFO c.e.ZerglingApplication - No active profile set, falling back to 1 default profile: "default" 
2024-09-14T21:30:36.060 [restartedMain] INFO o.s.b.w.e.t.TomcatWebServer - Tomcat initialized with port 8080 (http) 
2024-09-14T21:30:36.060 [restartedMain] INFO o.a.c.h.Http11NioProtocol - Initializing ProtocolHandler ["http-nio-8080"] 
2024-09-14T21:30:36.061 [restartedMain] INFO o.a.c.c.StandardService - Starting service [Tomcat] 
2024-09-14T21:30:36.061 [restartedMain] INFO o.a.c.c.StandardEngine - Starting Servlet engine: [Apache Tomcat/10.1.28] 
2024-09-14T21:30:36.069 [restartedMain] INFO o.a.c.c.C.[.[.[/] - Initializing Spring embedded WebApplicationContext 
2024-09-14T21:30:36.070 [restartedMain] INFO o.s.b.w.s.c.ServletWebServerApplicationContext - Root WebApplicationContext: initialization completed in 118 ms 
2024-09-14T21:30:36.165 [restartedMain] INFO o.s.b.d.a.OptionalLiveReloadServer - LiveReload server is running on port 35729 
2024-09-14T21:30:36.169 [restartedMain] INFO o.a.c.h.Http11NioProtocol - Starting ProtocolHandler ["http-nio-8080"] 
2024-09-14T21:30:36.170 [restartedMain] INFO o.s.b.w.e.t.TomcatWebServer - Tomcat started on port 8080 (http) with context path '/' 
2024-09-14T21:30:36.175 [restartedMain] INFO c.e.ZerglingApplication - Started ZerglingApplication in 0.238 seconds (process running for 2194.059) 
2024-09-14T21:30:36.177 [restartedMain] INFO o.s.b.d.a.ConditionEvaluationDeltaLoggingListener - Condition evaluation unchanged 
2024-09-14T21:31:48.006 [File Watcher] INFO o.s.b.d.a.LocalDevToolsAutoConfiguration$RestartingClassPathChangeChangedEventListener - Restarting due to 1 class path change (0 additions, 0 deletions, 1 modification) 
2024-09-14T21:31:48.008 [Thread-15] INFO o.a.c.h.Http11NioProtocol - Stopping ProtocolHandler ["http-nio-8080"] 
2024-09-14T21:31:48.141 [restartedMain] INFO c.e.ZerglingApplication - Starting ZerglingApplication using Java 17.0.11 with PID 8680 (C:\factory\ws_sts4_4240\repo_zergling\zergling\bin\main started by chlee in C:\factory\ws_sts4_4240\repo_zergling\zergling) 
2024-09-14T21:31:48.141 [restartedMain] INFO c.e.ZerglingApplication - No active profile set, falling back to 1 default profile: "default" 
2024-09-14T21:31:48.258 [restartedMain] INFO o.s.b.w.e.t.TomcatWebServer - Tomcat initialized with port 8080 (http) 
2024-09-14T21:31:48.259 [restartedMain] INFO o.a.c.h.Http11NioProtocol - Initializing ProtocolHandler ["http-nio-8080"] 
2024-09-14T21:31:48.259 [restartedMain] INFO o.a.c.c.StandardService - Starting service [Tomcat] 
2024-09-14T21:31:48.259 [restartedMain] INFO o.a.c.c.StandardEngine - Starting Servlet engine: [Apache Tomcat/10.1.28] 
2024-09-14T21:31:48.267 [restartedMain] INFO o.a.c.c.C.[.[.[/] - Initializing Spring embedded WebApplicationContext 
2024-09-14T21:31:48.267 [restartedMain] INFO o.s.b.w.s.c.ServletWebServerApplicationContext - Root WebApplicationContext: initialization completed in 125 ms 
2024-09-14T21:31:48.374 [restartedMain] INFO o.s.b.d.a.OptionalLiveReloadServer - LiveReload server is running on port 35729 
2024-09-14T21:31:48.378 [restartedMain] INFO o.a.c.h.Http11NioProtocol - Starting ProtocolHandler ["http-nio-8080"] 
2024-09-14T21:31:48.381 [restartedMain] INFO o.s.b.w.e.t.TomcatWebServer - Tomcat started on port 8080 (http) with context path '/' 
2024-09-14T21:31:48.387 [restartedMain] INFO c.e.ZerglingApplication - Started ZerglingApplication in 0.26 seconds (process running for 2266.271) 
2024-09-14T21:31:48.389 [restartedMain] INFO o.s.b.d.a.ConditionEvaluationDeltaLoggingListener - Condition evaluation unchanged 
2024-09-14T21:34:16.440 [File Watcher] INFO o.s.b.d.a.LocalDevToolsAutoConfiguration$RestartingClassPathChangeChangedEventListener - Restarting due to 1 class path change (0 additions, 0 deletions, 1 modification) 
2024-09-14T21:34:16.442 [Thread-19] INFO o.a.c.h.Http11NioProtocol - Stopping ProtocolHandler ["http-nio-8080"] 
2024-09-14T21:34:16.575 [restartedMain] INFO c.e.ZerglingApplication - Starting ZerglingApplication using Java 17.0.11 with PID 8680 (C:\factory\ws_sts4_4240\repo_zergling\zergling\bin\main started by chlee in C:\factory\ws_sts4_4240\repo_zergling\zergling) 
2024-09-14T21:34:16.576 [restartedMain] INFO c.e.ZerglingApplication - No active profile set, falling back to 1 default profile: "default" 
2024-09-14T21:34:16.688 [restartedMain] INFO o.s.b.w.e.t.TomcatWebServer - Tomcat initialized with port 8080 (http) 
2024-09-14T21:34:16.688 [restartedMain] INFO o.a.c.h.Http11NioProtocol - Initializing ProtocolHandler ["http-nio-8080"] 
2024-09-14T21:34:16.688 [restartedMain] INFO o.a.c.c.StandardService - Starting service [Tomcat] 
2024-09-14T21:34:16.689 [restartedMain] INFO o.a.c.c.StandardEngine - Starting Servlet engine: [Apache Tomcat/10.1.28] 
2024-09-14T21:34:16.695 [restartedMain] INFO o.a.c.c.C.[.[.[/] - Initializing Spring embedded WebApplicationContext 
2024-09-14T21:34:16.695 [restartedMain] INFO o.s.b.w.s.c.ServletWebServerApplicationContext - Root WebApplicationContext: initialization completed in 118 ms 
2024-09-14T21:34:16.810 [restartedMain] INFO o.s.b.d.a.OptionalLiveReloadServer - LiveReload server is running on port 35729 
2024-09-14T21:34:16.814 [restartedMain] INFO o.a.c.h.Http11NioProtocol - Starting ProtocolHandler ["http-nio-8080"] 
2024-09-14T21:34:16.816 [restartedMain] INFO o.s.b.w.e.t.TomcatWebServer - Tomcat started on port 8080 (http) with context path '/' 
2024-09-14T21:34:16.821 [restartedMain] INFO c.e.ZerglingApplication - Started ZerglingApplication in 0.268 seconds (process running for 2414.705) 
2024-09-14T21:34:16.822 [restartedMain] INFO o.s.b.d.a.ConditionEvaluationDeltaLoggingListener - Condition evaluation unchanged 
2024-09-14T21:45:20.655 [File Watcher] INFO o.s.b.d.a.LocalDevToolsAutoConfiguration$RestartingClassPathChangeChangedEventListener - Restarting due to 1 class path change (0 additions, 0 deletions, 1 modification) 
2024-09-14T21:45:20.656 [Thread-23] INFO o.a.c.h.Http11NioProtocol - Stopping ProtocolHandler ["http-nio-8080"] 
2024-09-14T21:45:20.795 [restartedMain] INFO c.e.ZerglingApplication - Starting ZerglingApplication using Java 17.0.11 with PID 8680 (C:\factory\ws_sts4_4240\repo_zergling\zergling\bin\main started by chlee in C:\factory\ws_sts4_4240\repo_zergling\zergling) 
2024-09-14T21:45:20.796 [restartedMain] INFO c.e.ZerglingApplication - No active profile set, falling back to 1 default profile: "default" 
2024-09-14T21:45:20.915 [restartedMain] INFO o.s.b.w.e.t.TomcatWebServer - Tomcat initialized with port 8080 (http) 
2024-09-14T21:45:20.916 [restartedMain] INFO o.a.c.h.Http11NioProtocol - Initializing ProtocolHandler ["http-nio-8080"] 
2024-09-14T21:45:20.916 [restartedMain] INFO o.a.c.c.StandardService - Starting service [Tomcat] 
2024-09-14T21:45:20.916 [restartedMain] INFO o.a.c.c.StandardEngine - Starting Servlet engine: [Apache Tomcat/10.1.28] 
2024-09-14T21:45:20.922 [restartedMain] INFO o.a.c.c.C.[.[.[/] - Initializing Spring embedded WebApplicationContext 
2024-09-14T21:45:20.922 [restartedMain] INFO o.s.b.w.s.c.ServletWebServerApplicationContext - Root WebApplicationContext: initialization completed in 125 ms 
2024-09-14T21:45:21.028 [restartedMain] INFO o.s.b.d.a.OptionalLiveReloadServer - LiveReload server is running on port 35729 
2024-09-14T21:45:21.031 [restartedMain] INFO o.a.c.h.Http11NioProtocol - Starting ProtocolHandler ["http-nio-8080"] 
2024-09-14T21:45:21.034 [restartedMain] INFO o.s.b.w.e.t.TomcatWebServer - Tomcat started on port 8080 (http) with context path '/' 
2024-09-14T21:45:21.037 [restartedMain] INFO c.e.ZerglingApplication - Started ZerglingApplication in 0.26 seconds (process running for 3078.921) 
2024-09-14T21:45:21.038 [restartedMain] INFO o.s.b.d.a.ConditionEvaluationDeltaLoggingListener - Condition evaluation unchanged 
2024-09-14T21:45:47.687 [File Watcher] INFO o.s.b.d.a.LocalDevToolsAutoConfiguration$RestartingClassPathChangeChangedEventListener - Restarting due to 1 class path change (0 additions, 0 deletions, 1 modification) 
2024-09-14T21:45:47.689 [Thread-27] INFO o.a.c.h.Http11NioProtocol - Stopping ProtocolHandler ["http-nio-8080"] 
2024-09-14T21:45:47.806 [restartedMain] INFO c.e.ZerglingApplication - Starting ZerglingApplication using Java 17.0.11 with PID 8680 (C:\factory\ws_sts4_4240\repo_zergling\zergling\bin\main started by chlee in C:\factory\ws_sts4_4240\repo_zergling\zergling) 
2024-09-14T21:45:47.806 [restartedMain] INFO c.e.ZerglingApplication - No active profile set, falling back to 1 default profile: "default" 
2024-09-14T21:45:47.919 [restartedMain] INFO o.s.b.w.e.t.TomcatWebServer - Tomcat initialized with port 8080 (http) 
2024-09-14T21:45:47.919 [restartedMain] INFO o.a.c.h.Http11NioProtocol - Initializing ProtocolHandler ["http-nio-8080"] 
2024-09-14T21:45:47.920 [restartedMain] INFO o.a.c.c.StandardService - Starting service [Tomcat] 
2024-09-14T21:45:47.920 [restartedMain] INFO o.a.c.c.StandardEngine - Starting Servlet engine: [Apache Tomcat/10.1.28] 
2024-09-14T21:45:47.926 [restartedMain] INFO o.a.c.c.C.[.[.[/] - Initializing Spring embedded WebApplicationContext 
2024-09-14T21:45:47.926 [restartedMain] INFO o.s.b.w.s.c.ServletWebServerApplicationContext - Root WebApplicationContext: initialization completed in 119 ms 
2024-09-14T21:45:48.029 [restartedMain] INFO o.s.b.d.a.OptionalLiveReloadServer - LiveReload server is running on port 35729 
2024-09-14T21:45:48.034 [restartedMain] INFO o.a.c.h.Http11NioProtocol - Starting ProtocolHandler ["http-nio-8080"] 
2024-09-14T21:45:48.037 [restartedMain] INFO o.s.b.w.e.t.TomcatWebServer - Tomcat started on port 8080 (http) with context path '/' 
2024-09-14T21:45:48.041 [restartedMain] INFO c.e.ZerglingApplication - Started ZerglingApplication in 0.247 seconds (process running for 3105.926) 
2024-09-14T21:45:48.044 [restartedMain] INFO o.s.b.d.a.ConditionEvaluationDeltaLoggingListener - Condition evaluation unchanged 
