2024-09-14T20:54:03.182 [restartedMain] INFO c.e.ZerglingApplication - Starting ZerglingApplication using Java 17.0.11 with PID 8680 (C:\factory\ws_sts4_4240\repo_zergling\zergling\bin\main started by chlee in C:\factory\ws_sts4_4240\repo_zergling\zergling) 
2024-09-14T20:54:03.184 [restartedMain] INFO c.e.ZerglingApplication - No active profile set, falling back to 1 default profile: "default" 
2024-09-14T20:54:03.214 [restartedMain] INFO o.s.b.d.e.DevToolsPropertyDefaultsPostProcessor - Devtools property defaults active! Set 'spring.devtools.add-properties' to 'false' to disable 
2024-09-14T20:54:03.215 [restartedMain] INFO o.s.b.d.e.DevToolsPropertyDefaultsPostProcessor - For additional web related logging consider setting the 'logging.level.web' property to 'DEBUG' 
2024-09-14T20:54:03.945 [restartedMain] INFO o.s.b.w.e.t.TomcatWebServer - Tomcat initialized with port 8080 (http) 
2024-09-14T20:54:03.950 [restartedMain] INFO o.a.c.h.Http11NioProtocol - Initializing ProtocolHandler ["http-nio-8080"] 
2024-09-14T20:54:03.952 [restartedMain] INFO o.a.c.c.StandardService - Starting service [Tomcat] 
2024-09-14T20:54:03.952 [restartedMain] INFO o.a.c.c.StandardEngine - Starting Servlet engine: [Apache Tomcat/10.1.28] 
2024-09-14T20:54:03.978 [restartedMain] INFO o.a.c.c.C.[.[.[/] - Initializing Spring embedded WebApplicationContext 
2024-09-14T20:54:03.978 [restartedMain] INFO o.s.b.w.s.c.ServletWebServerApplicationContext - Root WebApplicationContext: initialization completed in 763 ms 
2024-09-14T20:54:04.461 [restartedMain] INFO o.s.b.d.a.OptionalLiveReloadServer - LiveReload server is running on port 35729 
2024-09-14T20:54:04.472 [restartedMain] INFO o.a.c.h.Http11NioProtocol - Starting ProtocolHandler ["http-nio-8080"] 
2024-09-14T20:54:04.500 [restartedMain] INFO o.s.b.w.e.t.TomcatWebServer - Tomcat started on port 8080 (http) with context path '/' 
2024-09-14T20:54:04.507 [restartedMain] INFO c.e.ZerglingApplication - Started ZerglingApplication in 1.515 seconds (process running for 2.391) 
2024-09-14T20:54:04.558 [http-nio-8080-exec-1] INFO o.a.c.c.C.[.[.[/] - Initializing Spring DispatcherServlet 'dispatcherServlet' 
2024-09-14T20:54:04.558 [http-nio-8080-exec-1] INFO o.s.w.s.DispatcherServlet - Initializing Servlet 'dispatcherServlet' 
2024-09-14T20:54:04.559 [http-nio-8080-exec-1] INFO o.s.w.s.DispatcherServlet - Completed initialization in 1 ms 
2024-09-14T20:54:04.612 [http-nio-8080-exec-1] INFO c.z.h.HikariDataSource - HikariPool-1 - Starting... 
2024-09-14T20:54:04.851 [http-nio-8080-exec-1] INFO c.z.h.p.HikariPool - HikariPool-1 - Added connection net.sf.log4jdbc.sql.jdbcapi.ConnectionSpy@769cf0b7 
2024-09-14T20:54:04.852 [http-nio-8080-exec-1] INFO c.z.h.HikariDataSource - HikariPool-1 - Start completed. 
2024-09-14T20:54:04.872 [http-nio-8080-exec-1] DEBUG j.sqltiming -  com.zaxxer.hikari.pool.ProxyPreparedStatement.execute(ProxyPreparedStatement.java:44)
1. select
				a.seq
			    ,a.admNy
			    ,a.name
			    ,a.userId
			    ,a.userPassword
			    ,a.gender
			    ,b.codeName
			    ,a.dateOfBirth
			    ,a.email
			    ,a.phoneNum
			    ,a.userDesc
			    ,a.regDate
			    ,a.modDate
			    ,a.delNy
			from
				user a
				join commoncode b on a.gender = b.seq
				join codegroup c on b.codeGroup_seq = c.seq
			where 1=1

			order by a.seq desc
 {executed in 6 msec} 
2024-09-14T20:54:04.887 [http-nio-8080-exec-1] DEBUG j.sqltiming -  com.zaxxer.hikari.pool.ProxyPreparedStatement.execute(ProxyPreparedStatement.java:44)
1. select
				a.seq
			    ,a.admNy
			    ,a.name
			    ,a.userId
			    ,a.userPassword
			    ,a.gender
			    ,b.codeName
			    ,a.dateOfBirth
			    ,a.email
			    ,a.phoneNum
			    ,a.userDesc
			    ,a.regDate
			    ,a.modDate
			    ,a.delNy
			from
				user a
				join commoncode b on a.gender = b.seq
				join codegroup c on b.codeGroup_seq = c.seq
			where 1=1

			order by a.seq desc
 {executed in 1 msec} 
2024-09-14T20:54:11.041 [http-nio-8080-exec-10] DEBUG j.sqltiming -  com.zaxxer.hikari.pool.ProxyPreparedStatement.execute(ProxyPreparedStatement.java:44)
1. select
				a.seq
			    ,a.admNy
			    ,a.name
			    ,a.userId
			    ,a.userPassword
			    ,a.gender
			    ,b.codeName
			    ,a.dateOfBirth
			    ,a.email
			    ,a.phoneNum
			    ,a.userDesc
			    ,a.regDate
			    ,a.modDate
			    ,a.delNy
			from
				user a
				join commoncode b on a.gender = b.seq
				join codegroup c on b.codeGroup_seq = c.seq
			where 1=1

			order by a.seq desc
 {executed in 2 msec} 
2024-09-14T20:54:11.050 [http-nio-8080-exec-10] DEBUG j.sqltiming -  com.zaxxer.hikari.pool.ProxyPreparedStatement.execute(ProxyPreparedStatement.java:44)
1. select
				a.seq
			    ,a.admNy
			    ,a.name
			    ,a.userId
			    ,a.userPassword
			    ,a.gender
			    ,b.codeName
			    ,a.dateOfBirth
			    ,a.email
			    ,a.phoneNum
			    ,a.userDesc
			    ,a.regDate
			    ,a.modDate
			    ,a.delNy
			from
				user a
				join commoncode b on a.gender = b.seq
				join codegroup c on b.codeGroup_seq = c.seq
			where 1=1

			order by a.seq desc
 {executed in 1 msec} 
2024-09-14T20:54:13.694 [http-nio-8080-exec-7] DEBUG j.sqltiming -  com.zaxxer.hikari.pool.ProxyPreparedStatement.execute(ProxyPreparedStatement.java:44)
1. select
				a.seq
			    ,a.admNy
			    ,a.name
			    ,a.userId
			    ,a.userPassword
			    ,a.gender
			    ,b.codeName
			    ,a.dateOfBirth
			    ,a.email
			    ,a.phoneNum
			    ,a.userDesc
			    ,a.regDate
			    ,a.modDate
			    ,a.delNy
			from
				user a
				join commoncode b on a.gender = b.seq
				join codegroup c on b.codeGroup_seq = c.seq
			where 1=1

			order by a.seq desc
 {executed in 10 msec} 
2024-09-14T20:54:13.700 [http-nio-8080-exec-7] DEBUG j.sqltiming -  com.zaxxer.hikari.pool.ProxyPreparedStatement.execute(ProxyPreparedStatement.java:44)
1. select
				a.seq
			    ,a.admNy
			    ,a.name
			    ,a.userId
			    ,a.userPassword
			    ,a.gender
			    ,b.codeName
			    ,a.dateOfBirth
			    ,a.email
			    ,a.phoneNum
			    ,a.userDesc
			    ,a.regDate
			    ,a.modDate
			    ,a.delNy
			from
				user a
				join commoncode b on a.gender = b.seq
				join codegroup c on b.codeGroup_seq = c.seq
			where 1=1

			order by a.seq desc
 {executed in 2 msec} 
2024-09-14T20:54:17.071 [http-nio-8080-exec-8] DEBUG j.sqltiming -  com.zaxxer.hikari.pool.ProxyPreparedStatement.execute(ProxyPreparedStatement.java:44)
1. select
				a.seq
			    ,a.admNy
			    ,a.name
			    ,a.userId
			    ,a.userPassword
			    ,a.gender
			    ,b.codeName
			    ,a.dateOfBirth
			    ,a.email
			    ,a.phoneNum
			    ,a.userDesc
			    ,a.regDate
			    ,a.modDate
			    ,a.delNy
			from
				user a
				join commoncode b on a.gender = b.seq
				join codegroup c on b.codeGroup_seq = c.seq
			where 1=1

				 AND a.admNy = 1 

			order by a.seq desc
 {executed in 0 msec} 
2024-09-14T20:54:17.077 [http-nio-8080-exec-8] DEBUG j.sqltiming -  com.zaxxer.hikari.pool.ProxyPreparedStatement.execute(ProxyPreparedStatement.java:44)
1. select
				a.seq
			    ,a.admNy
			    ,a.name
			    ,a.userId
			    ,a.userPassword
			    ,a.gender
			    ,b.codeName
			    ,a.dateOfBirth
			    ,a.email
			    ,a.phoneNum
			    ,a.userDesc
			    ,a.regDate
			    ,a.modDate
			    ,a.delNy
			from
				user a
				join commoncode b on a.gender = b.seq
				join codegroup c on b.codeGroup_seq = c.seq
			where 1=1

				 AND a.admNy = 1 

			order by a.seq desc
 {executed in 1 msec} 
2024-09-14T20:54:19.974 [http-nio-8080-exec-6] DEBUG j.sqltiming -  com.zaxxer.hikari.pool.ProxyPreparedStatement.execute(ProxyPreparedStatement.java:44)
1. select
				a.seq
			    ,a.admNy
			    ,a.name
			    ,a.userId
			    ,a.userPassword
			    ,a.gender
			    ,b.codeName
			    ,a.dateOfBirth
			    ,a.email
			    ,a.phoneNum
			    ,a.userDesc
			    ,a.regDate
			    ,a.modDate
			    ,a.delNy
			from
				user a
				join commoncode b on a.gender = b.seq
				join codegroup c on b.codeGroup_seq = c.seq
			where 1=1

				 AND a.admNy = 0 

			order by a.seq desc
 {executed in 10 msec} 
2024-09-14T20:54:19.976 [http-nio-8080-exec-6] DEBUG j.sqltiming -  com.zaxxer.hikari.pool.ProxyPreparedStatement.execute(ProxyPreparedStatement.java:44)
1. select
				a.seq
			    ,a.admNy
			    ,a.name
			    ,a.userId
			    ,a.userPassword
			    ,a.gender
			    ,b.codeName
			    ,a.dateOfBirth
			    ,a.email
			    ,a.phoneNum
			    ,a.userDesc
			    ,a.regDate
			    ,a.modDate
			    ,a.delNy
			from
				user a
				join commoncode b on a.gender = b.seq
				join codegroup c on b.codeGroup_seq = c.seq
			where 1=1

				 AND a.admNy = 0 

			order by a.seq desc
 {executed in 0 msec} 
2024-09-14T20:54:23.512 [http-nio-8080-exec-5] DEBUG j.sqltiming -  com.zaxxer.hikari.pool.ProxyPreparedStatement.execute(ProxyPreparedStatement.java:44)
1. select
				a.seq
			    ,a.admNy
			    ,a.name
			    ,a.userId
			    ,a.userPassword
			    ,a.gender
			    ,b.codeName
			    ,a.dateOfBirth
			    ,a.email
			    ,a.phoneNum
			    ,a.userDesc
			    ,a.regDate
			    ,a.modDate
			    ,a.delNy
			from
				user a
				join commoncode b on a.gender = b.seq
				join codegroup c on b.codeGroup_seq = c.seq
			where 1=1

				 AND a.gender = 1 

			order by a.seq desc
 {executed in 0 msec} 
2024-09-14T20:54:23.514 [http-nio-8080-exec-5] DEBUG j.sqltiming -  com.zaxxer.hikari.pool.ProxyPreparedStatement.execute(ProxyPreparedStatement.java:44)
1. select
				a.seq
			    ,a.admNy
			    ,a.name
			    ,a.userId
			    ,a.userPassword
			    ,a.gender
			    ,b.codeName
			    ,a.dateOfBirth
			    ,a.email
			    ,a.phoneNum
			    ,a.userDesc
			    ,a.regDate
			    ,a.modDate
			    ,a.delNy
			from
				user a
				join commoncode b on a.gender = b.seq
				join codegroup c on b.codeGroup_seq = c.seq
			where 1=1

				 AND a.gender = 1 

			order by a.seq desc
 {executed in 0 msec} 
2024-09-14T20:54:38.459 [http-nio-8080-exec-6] DEBUG j.sqltiming -  com.zaxxer.hikari.pool.ProxyPreparedStatement.execute(ProxyPreparedStatement.java:44)
1. select
				a.seq
			    ,a.admNy
			    ,a.name
			    ,a.userId
			    ,a.userPassword
			    ,a.gender
			    ,b.codeName
			    ,a.dateOfBirth
			    ,a.email
			    ,a.phoneNum
			    ,a.userDesc
			    ,a.regDate
			    ,a.modDate
			    ,a.delNy
			from
				user a
				join commoncode b on a.gender = b.seq
				join codegroup c on b.codeGroup_seq = c.seq
			where 1=1

				 AND a.admNy = 0 
				 AND a.gender = 1 

			order by a.seq desc
 {executed in 0 msec} 
2024-09-14T20:54:38.464 [http-nio-8080-exec-6] DEBUG j.sqltiming -  com.zaxxer.hikari.pool.ProxyPreparedStatement.execute(ProxyPreparedStatement.java:44)
1. select
				a.seq
			    ,a.admNy
			    ,a.name
			    ,a.userId
			    ,a.userPassword
			    ,a.gender
			    ,b.codeName
			    ,a.dateOfBirth
			    ,a.email
			    ,a.phoneNum
			    ,a.userDesc
			    ,a.regDate
			    ,a.modDate
			    ,a.delNy
			from
				user a
				join commoncode b on a.gender = b.seq
				join codegroup c on b.codeGroup_seq = c.seq
			where 1=1

				 AND a.admNy = 0 
				 AND a.gender = 1 

			order by a.seq desc
 {executed in 0 msec} 
2024-09-14T20:54:42.034 [http-nio-8080-exec-1] DEBUG j.sqltiming -  com.zaxxer.hikari.pool.ProxyPreparedStatement.execute(ProxyPreparedStatement.java:44)
1. select
				a.seq
			    ,a.admNy
			    ,a.name
			    ,a.userId
			    ,a.userPassword
			    ,a.gender
			    ,b.codeName
			    ,a.dateOfBirth
			    ,a.email
			    ,a.phoneNum
			    ,a.userDesc
			    ,a.regDate
			    ,a.modDate
			    ,a.delNy
			from
				user a
				join commoncode b on a.gender = b.seq
				join codegroup c on b.codeGroup_seq = c.seq
			where 1=1

				 AND a.gender = 3 

			order by a.seq desc
 {executed in 0 msec} 
2024-09-14T20:54:42.037 [http-nio-8080-exec-1] DEBUG j.sqltiming -  com.zaxxer.hikari.pool.ProxyPreparedStatement.execute(ProxyPreparedStatement.java:44)
1. select
				a.seq
			    ,a.admNy
			    ,a.name
			    ,a.userId
			    ,a.userPassword
			    ,a.gender
			    ,b.codeName
			    ,a.dateOfBirth
			    ,a.email
			    ,a.phoneNum
			    ,a.userDesc
			    ,a.regDate
			    ,a.modDate
			    ,a.delNy
			from
				user a
				join commoncode b on a.gender = b.seq
				join codegroup c on b.codeGroup_seq = c.seq
			where 1=1

				 AND a.gender = 3 

			order by a.seq desc
 {executed in 0 msec} 
2024-09-14T20:54:55.244 [http-nio-8080-exec-3] DEBUG j.sqltiming -  com.zaxxer.hikari.pool.ProxyPreparedStatement.execute(ProxyPreparedStatement.java:44)
1. select
				a.seq
			    ,a.admNy
			    ,a.name
			    ,a.userId
			    ,a.userPassword
			    ,a.gender
			    ,b.codeName
			    ,a.dateOfBirth
			    ,a.email
			    ,a.phoneNum
			    ,a.userDesc
			    ,a.regDate
			    ,a.modDate
			    ,a.delNy
			from
				user a
				join commoncode b on a.gender = b.seq
				join codegroup c on b.codeGroup_seq = c.seq
			where 1=1

			order by a.seq desc
 {executed in 0 msec} 
2024-09-14T20:54:55.251 [http-nio-8080-exec-3] DEBUG j.sqltiming -  com.zaxxer.hikari.pool.ProxyPreparedStatement.execute(ProxyPreparedStatement.java:44)
1. select
				a.seq
			    ,a.admNy
			    ,a.name
			    ,a.userId
			    ,a.userPassword
			    ,a.gender
			    ,b.codeName
			    ,a.dateOfBirth
			    ,a.email
			    ,a.phoneNum
			    ,a.userDesc
			    ,a.regDate
			    ,a.modDate
			    ,a.delNy
			from
				user a
				join commoncode b on a.gender = b.seq
				join codegroup c on b.codeGroup_seq = c.seq
			where 1=1

			order by a.seq desc
 {executed in 5 msec} 
2024-09-14T20:55:05.454 [http-nio-8080-exec-9] DEBUG j.sqltiming -  com.zaxxer.hikari.pool.ProxyPreparedStatement.execute(ProxyPreparedStatement.java:44)
1. select
				a.seq
			    ,a.admNy
			    ,a.name
			    ,a.userId
			    ,a.userPassword
			    ,a.gender
			    ,b.codeName
			    ,a.dateOfBirth
			    ,a.email
			    ,a.phoneNum
			    ,a.userDesc
			    ,a.regDate
			    ,a.modDate
			    ,a.delNy
			from
				user a
				join commoncode b on a.gender = b.seq
				join codegroup c on b.codeGroup_seq = c.seq
			where 1=1

							AND(
								a.name Like CONCAT('%','1','%')
								OR a.userId Like CONCAT('%','1','%')
								OR a.userPassword Like CONCAT('%','1','%')
								OR a.email Like CONCAT('%','1','%')
							)

			order by a.seq desc
 {executed in 10 msec} 
2024-09-14T20:55:05.457 [http-nio-8080-exec-9] DEBUG j.sqltiming -  com.zaxxer.hikari.pool.ProxyPreparedStatement.execute(ProxyPreparedStatement.java:44)
1. select
				a.seq
			    ,a.admNy
			    ,a.name
			    ,a.userId
			    ,a.userPassword
			    ,a.gender
			    ,b.codeName
			    ,a.dateOfBirth
			    ,a.email
			    ,a.phoneNum
			    ,a.userDesc
			    ,a.regDate
			    ,a.modDate
			    ,a.delNy
			from
				user a
				join commoncode b on a.gender = b.seq
				join codegroup c on b.codeGroup_seq = c.seq
			where 1=1

							AND(
								a.name Like CONCAT('%','1','%')
								OR a.userId Like CONCAT('%','1','%')
								OR a.userPassword Like CONCAT('%','1','%')
								OR a.email Like CONCAT('%','1','%')
							)

			order by a.seq desc
 {executed in 0 msec} 
2024-09-14T20:55:11.794 [http-nio-8080-exec-9] DEBUG j.sqltiming -  com.zaxxer.hikari.pool.ProxyPreparedStatement.execute(ProxyPreparedStatement.java:44)
1. select
				a.seq
			    ,a.admNy
			    ,a.name
			    ,a.userId
			    ,a.userPassword
			    ,a.gender
			    ,b.codeName
			    ,a.dateOfBirth
			    ,a.email
			    ,a.phoneNum
			    ,a.userDesc
			    ,a.regDate
			    ,a.modDate
			    ,a.delNy
			from
				user a
				join commoncode b on a.gender = b.seq
				join codegroup c on b.codeGroup_seq = c.seq
			where 1=1

							AND(
								a.name Like CONCAT('%','7','%')
								OR a.userId Like CONCAT('%','7','%')
								OR a.userPassword Like CONCAT('%','7','%')
								OR a.email Like CONCAT('%','7','%')
							)

			order by a.seq desc
 {executed in 1 msec} 
2024-09-14T20:55:11.794 [http-nio-8080-exec-9] DEBUG j.sqltiming -  com.zaxxer.hikari.pool.ProxyPreparedStatement.execute(ProxyPreparedStatement.java:44)
1. select
				a.seq
			    ,a.admNy
			    ,a.name
			    ,a.userId
			    ,a.userPassword
			    ,a.gender
			    ,b.codeName
			    ,a.dateOfBirth
			    ,a.email
			    ,a.phoneNum
			    ,a.userDesc
			    ,a.regDate
			    ,a.modDate
			    ,a.delNy
			from
				user a
				join commoncode b on a.gender = b.seq
				join codegroup c on b.codeGroup_seq = c.seq
			where 1=1

							AND(
								a.name Like CONCAT('%','7','%')
								OR a.userId Like CONCAT('%','7','%')
								OR a.userPassword Like CONCAT('%','7','%')
								OR a.email Like CONCAT('%','7','%')
							)

			order by a.seq desc
 {executed in 0 msec} 
2024-09-14T20:55:20.107 [http-nio-8080-exec-9] DEBUG j.sqltiming -  com.zaxxer.hikari.pool.ProxyPreparedStatement.execute(ProxyPreparedStatement.java:44)
1. select
				a.seq
			    ,a.admNy
			    ,a.name
			    ,a.userId
			    ,a.userPassword
			    ,a.gender
			    ,b.codeName
			    ,a.dateOfBirth
			    ,a.email
			    ,a.phoneNum
			    ,a.userDesc
			    ,a.regDate
			    ,a.modDate
			    ,a.delNy
			from
				user a
				join commoncode b on a.gender = b.seq
				join codegroup c on b.codeGroup_seq = c.seq
			where 1=1

					AND a.dateOfBirth = '09/11/2024 00:00:00.000'

			order by a.seq desc
 {executed in 11 msec} 
2024-09-14T20:55:20.109 [http-nio-8080-exec-9] DEBUG j.sqltiming -  com.zaxxer.hikari.pool.ProxyPreparedStatement.execute(ProxyPreparedStatement.java:44)
1. select
				a.seq
			    ,a.admNy
			    ,a.name
			    ,a.userId
			    ,a.userPassword
			    ,a.gender
			    ,b.codeName
			    ,a.dateOfBirth
			    ,a.email
			    ,a.phoneNum
			    ,a.userDesc
			    ,a.regDate
			    ,a.modDate
			    ,a.delNy
			from
				user a
				join commoncode b on a.gender = b.seq
				join codegroup c on b.codeGroup_seq = c.seq
			where 1=1

					AND a.dateOfBirth = '09/11/2024 00:00:00.000'

			order by a.seq desc
 {executed in 0 msec} 
2024-09-14T20:55:38.047 [http-nio-8080-exec-7] DEBUG j.sqltiming -  com.zaxxer.hikari.pool.ProxyPreparedStatement.execute(ProxyPreparedStatement.java:44)
1. select
				a.seq
			    ,a.admNy
			    ,a.name
			    ,a.userId
			    ,a.userPassword
			    ,a.gender
			    ,b.codeName
			    ,a.dateOfBirth
			    ,a.email
			    ,a.phoneNum
			    ,a.userDesc
			    ,a.regDate
			    ,a.modDate
			    ,a.delNy
			from
				user a
				join commoncode b on a.gender = b.seq
				join codegroup c on b.codeGroup_seq = c.seq
			where 1=1

					AND a.dateOfBirth = '11/04/1998 00:00:00.000'

			order by a.seq desc
 {executed in 2 msec} 
2024-09-14T20:55:38.047 [http-nio-8080-exec-7] DEBUG j.sqltiming -  com.zaxxer.hikari.pool.ProxyPreparedStatement.execute(ProxyPreparedStatement.java:44)
1. select
				a.seq
			    ,a.admNy
			    ,a.name
			    ,a.userId
			    ,a.userPassword
			    ,a.gender
			    ,b.codeName
			    ,a.dateOfBirth
			    ,a.email
			    ,a.phoneNum
			    ,a.userDesc
			    ,a.regDate
			    ,a.modDate
			    ,a.delNy
			from
				user a
				join commoncode b on a.gender = b.seq
				join codegroup c on b.codeGroup_seq = c.seq
			where 1=1

					AND a.dateOfBirth = '11/04/1998 00:00:00.000'

			order by a.seq desc
 {executed in 0 msec} 
2024-09-14T20:55:42.844 [http-nio-8080-exec-2] DEBUG j.sqltiming -  com.zaxxer.hikari.pool.ProxyPreparedStatement.execute(ProxyPreparedStatement.java:44)
1. select
				a.seq
			    ,a.admNy
			    ,a.name
			    ,a.userId
			    ,a.userPassword
			    ,a.gender
			    ,b.codeName
			    ,a.dateOfBirth
			    ,a.email
			    ,a.phoneNum
			    ,a.userDesc
			    ,a.regDate
			    ,a.modDate
			    ,a.delNy
			from
				user a
				join commoncode b on a.gender = b.seq
				join codegroup c on b.codeGroup_seq = c.seq
			where 1=1

					AND a.dateOfBirth = '09/04/2024 00:00:00.000'

			order by a.seq desc
 {executed in 0 msec} 
2024-09-14T20:55:42.856 [http-nio-8080-exec-2] DEBUG j.sqltiming -  com.zaxxer.hikari.pool.ProxyPreparedStatement.execute(ProxyPreparedStatement.java:44)
1. select
				a.seq
			    ,a.admNy
			    ,a.name
			    ,a.userId
			    ,a.userPassword
			    ,a.gender
			    ,b.codeName
			    ,a.dateOfBirth
			    ,a.email
			    ,a.phoneNum
			    ,a.userDesc
			    ,a.regDate
			    ,a.modDate
			    ,a.delNy
			from
				user a
				join commoncode b on a.gender = b.seq
				join codegroup c on b.codeGroup_seq = c.seq
			where 1=1

					AND a.dateOfBirth = '09/04/2024 00:00:00.000'

			order by a.seq desc
 {executed in 1 msec} 
2024-09-14T20:55:59.035 [http-nio-8080-exec-10] DEBUG j.sqltiming -  com.zaxxer.hikari.pool.ProxyPreparedStatement.execute(ProxyPreparedStatement.java:44)
1. select
				a.seq
			    ,a.title
			    ,a.prodType
			    ,b.name
			    ,a.publisher
			    ,a.makeDate
			    ,a.price
			    ,a.sale
			    ,a.salePrice
			    ,a.point
			    ,a.stockQty
			    ,a.imgSrc
			    ,a.intro
			    ,a.reviewNum
			    ,a.shipDate
			    ,a.tableOfContents
			    ,a.publisherReview
			    ,a.preivew
			    ,a.viewNumber
			    ,a.buyNumber
			    ,a.bestNy
			    ,a.todayPickNy
			    ,a.sliderText
				,a.regDate
				,a.modDate
			    ,a.delNy
			from
				product a
				left join productAuthor c on c.product_seq = a.seq
				left join author b on c.author_seq = b.seq
				join commoncode d on b.authorType = d.seq
			order by a.seq desc
 {executed in 2 msec} 
2024-09-14T20:58:35.268 [http-nio-8080-exec-7] DEBUG j.sqltiming -  com.zaxxer.hikari.pool.ProxyPreparedStatement.execute(ProxyPreparedStatement.java:44)
1. select
				a.seq
			    ,a.title
			    ,a.prodType
			    ,b.name
			    ,a.publisher
			    ,a.makeDate
			    ,a.price
			    ,a.sale
			    ,a.salePrice
			    ,a.point
			    ,a.stockQty
			    ,a.imgSrc
			    ,a.intro
			    ,a.reviewNum
			    ,a.shipDate
			    ,a.tableOfContents
			    ,a.publisherReview
			    ,a.preivew
			    ,a.viewNumber
			    ,a.buyNumber
			    ,a.bestNy
			    ,a.todayPickNy
			    ,a.sliderText
				,a.regDate
				,a.modDate
			    ,a.delNy
			from
				product a
				left join productAuthor c on c.product_seq = a.seq
				left join author b on c.author_seq = b.seq
				join commoncode d on b.authorType = d.seq
			order by a.seq desc
 {executed in 1 msec} 
