2024-09-20T13:32:58.641 [http-nio-8080-exec-10] DEBUG j.sqltiming -  com.zaxxer.hikari.pool.ProxyPreparedStatement.execute(ProxyPreparedStatement.java:44)
51. select
				a.seq
			    ,a.title
			    ,a.prodType
			    ,b.name
			    ,a.publisher
			    ,a.makeDate
			    ,a.price
			    ,a.sale
			    ,a.salePrice
			    ,a.point
			    ,a.stockQty
			    ,a.imgSrc
			    ,a.intro
			    ,a.reviewNum
			    ,a.shipDate
			    ,a.tableOfContents
			    ,a.publisherReview
			    ,a.preivew
			    ,a.viewNumber
			    ,a.buyNumber
			    ,a.bestNy
			    ,a.todayPickNy
			    ,a.sliderText
				,a.regDate
				,a.modDate
			    ,a.delNy
			    ,prodType.codeName as prodTypeName
			    ,publisher.codeName as publisherName
			from
				product a
				left join productAuthor c on c.product_seq = a.seq
				left join author b on c.author_seq = b.seq
				join commoncode d on b.authorType = d.seq
				left join commoncode prodType on a.prodType = prodType.seq
				left join commoncode publisher on a.publisher = publisher.seq
			where 1=1
				AND prodType.codeGroup_seq = 12
				AND publisher.codeGroup_seq = 3

				        AND a.salePrice BETWEEN 0 AND 50000

				        AND a.reviewNum BETWEEN 0.0 AND 10.0

			order by a.makeDate desc
 {executed in 3 msec} 
2024-09-20T13:32:58.649 [http-nio-8080-exec-10] DEBUG j.sqltiming -  com.zaxxer.hikari.pool.ProxyPreparedStatement.execute(ProxyPreparedStatement.java:44)
51. SELECT
			a.seq
			,a.codeName
			,a.codeGroup_seq
		FROM
			commoncode a
			join codegroup b on a.codeGroup_seq = b.seq
		WHERE 1 = 1
			and a.codeGroup_seq = 4
 {executed in 1 msec} 
2024-09-20T13:34:34.100 [http-nio-8080-exec-3] DEBUG j.sqltiming -  com.zaxxer.hikari.pool.ProxyPreparedStatement.execute(ProxyPreparedStatement.java:44)
53. select
				a.seq
			    ,a.title
			    ,a.prodType
			    ,b.name
			    ,a.publisher
			    ,a.makeDate
			    ,a.price
			    ,a.sale
			    ,a.salePrice
			    ,a.point
			    ,a.stockQty
			    ,a.imgSrc
			    ,a.intro
			    ,a.reviewNum
			    ,a.shipDate
			    ,a.tableOfContents
			    ,a.publisherReview
			    ,a.preivew
			    ,a.viewNumber
			    ,a.buyNumber
			    ,a.bestNy
			    ,a.todayPickNy
			    ,a.sliderText
				,a.regDate
				,a.modDate
			    ,a.delNy
			    ,prodType.codeName as prodTypeName
			    ,publisher.codeName as publisherName
			from
				product a
				left join productAuthor c on c.product_seq = a.seq
				left join author b on c.author_seq = b.seq
				join commoncode d on b.authorType = d.seq
				left join commoncode prodType on a.prodType = prodType.seq
				left join commoncode publisher on a.publisher = publisher.seq
			where 1=1
				AND prodType.codeGroup_seq = 12
				AND publisher.codeGroup_seq = 3

				        AND a.salePrice BETWEEN 0 AND 50000

				        AND a.reviewNum BETWEEN 0.0 AND 10.0

			order by a.makeDate desc
 {executed in 4 msec} 
2024-09-20T13:34:34.106 [http-nio-8080-exec-3] DEBUG j.sqltiming -  com.zaxxer.hikari.pool.ProxyPreparedStatement.execute(ProxyPreparedStatement.java:44)
53. SELECT
			a.seq
			,a.codeName
			,a.codeGroup_seq
		FROM
			commoncode a
			join codegroup b on a.codeGroup_seq = b.seq
		WHERE 1 = 1
			and a.codeGroup_seq = 4
 {executed in 1 msec} 
2024-09-20T13:34:38.415 [http-nio-8080-exec-2] DEBUG j.sqltiming -  com.zaxxer.hikari.pool.ProxyPreparedStatement.execute(ProxyPreparedStatement.java:44)
53. select
				a.seq
			    ,a.title
			    ,a.prodType
			    ,b.name
			    ,a.publisher
			    ,a.makeDate
			    ,a.price
			    ,a.sale
			    ,a.salePrice
			    ,a.point
			    ,a.stockQty
			    ,a.imgSrc
			    ,a.intro
			    ,a.reviewNum
			    ,a.shipDate
			    ,a.tableOfContents
			    ,a.publisherReview
			    ,a.preivew
			    ,a.viewNumber
			    ,a.buyNumber
			    ,a.bestNy
			    ,a.todayPickNy
			    ,a.sliderText
				,a.regDate
				,a.modDate
			    ,a.delNy
			    ,prodType.codeName as prodTypeName
			    ,publisher.codeName as publisherName
			from
				product a
				left join productAuthor c on c.product_seq = a.seq
				left join author b on c.author_seq = b.seq
				join commoncode d on b.authorType = d.seq
				left join commoncode prodType on a.prodType = prodType.seq
				left join commoncode publisher on a.publisher = publisher.seq
			where 1=1
				AND prodType.codeGroup_seq = 12
				AND publisher.codeGroup_seq = 3

				        AND a.salePrice BETWEEN 0 AND 50000

				        AND a.reviewNum BETWEEN 0.0 AND 10.0

			order by a.makeDate desc
 {executed in 2 msec} 
2024-09-20T13:34:38.419 [http-nio-8080-exec-2] DEBUG j.sqltiming -  com.zaxxer.hikari.pool.ProxyPreparedStatement.execute(ProxyPreparedStatement.java:44)
53. SELECT
			a.seq
			,a.codeName
			,a.codeGroup_seq
		FROM
			commoncode a
			join codegroup b on a.codeGroup_seq = b.seq
		WHERE 1 = 1
			and a.codeGroup_seq = 4
 {executed in 0 msec} 
2024-09-20T13:35:08.664 [http-nio-8080-exec-3] DEBUG j.sqltiming -  com.zaxxer.hikari.pool.ProxyPreparedStatement.execute(ProxyPreparedStatement.java:44)
61. select
				a.seq
			    ,a.title
			    ,a.prodType
			    ,b.name
			    ,a.publisher
			    ,a.makeDate
			    ,a.price
			    ,a.sale
			    ,a.salePrice
			    ,a.point
			    ,a.stockQty
			    ,a.imgSrc
			    ,a.intro
			    ,a.reviewNum
			    ,a.shipDate
			    ,a.tableOfContents
			    ,a.publisherReview
			    ,a.preivew
			    ,a.viewNumber
			    ,a.buyNumber
			    ,a.bestNy
			    ,a.todayPickNy
			    ,a.sliderText
				,a.regDate
				,a.modDate
			    ,a.delNy
			    ,prodType.codeName as prodTypeName
			    ,publisher.codeName as publisherName
			from
				product a
				left join productAuthor c on c.product_seq = a.seq
				left join author b on c.author_seq = b.seq
				join commoncode d on b.authorType = d.seq
				left join commoncode prodType on a.prodType = prodType.seq
				left join commoncode publisher on a.publisher = publisher.seq
			where 1=1
				AND prodType.codeGroup_seq = 12
				AND publisher.codeGroup_seq = 3

				        AND a.salePrice BETWEEN 0 AND 50000

				        AND a.reviewNum BETWEEN 0.0 AND 10.0

			order by a.makeDate desc
 {executed in 2 msec} 
2024-09-20T13:35:08.666 [http-nio-8080-exec-3] DEBUG j.sqltiming -  com.zaxxer.hikari.pool.ProxyPreparedStatement.execute(ProxyPreparedStatement.java:44)
61. SELECT
			a.seq
			,a.codeName
			,a.codeGroup_seq
		FROM
			commoncode a
			join codegroup b on a.codeGroup_seq = b.seq
		WHERE 1 = 1
			and a.codeGroup_seq = 4
 {executed in 1 msec} 
2024-09-20T13:35:37.216 [http-nio-8080-exec-9] DEBUG j.sqltiming -  com.zaxxer.hikari.pool.ProxyPreparedStatement.execute(ProxyPreparedStatement.java:44)
61. select
				a.seq
			    ,a.title
			    ,a.prodType
			    ,b.name
			    ,a.publisher
			    ,a.makeDate
			    ,a.price
			    ,a.sale
			    ,a.salePrice
			    ,a.point
			    ,a.stockQty
			    ,a.imgSrc
			    ,a.intro
			    ,a.reviewNum
			    ,a.shipDate
			    ,a.tableOfContents
			    ,a.publisherReview
			    ,a.preivew
			    ,a.viewNumber
			    ,a.buyNumber
			    ,a.bestNy
			    ,a.todayPickNy
			    ,a.sliderText
				,a.regDate
				,a.modDate
			    ,a.delNy
			    ,prodType.codeName as prodTypeName
			    ,publisher.codeName as publisherName
			from
				product a
				left join productAuthor c on c.product_seq = a.seq
				left join author b on c.author_seq = b.seq
				join commoncode d on b.authorType = d.seq
				left join commoncode prodType on a.prodType = prodType.seq
				left join commoncode publisher on a.publisher = publisher.seq
			where 1=1
				AND prodType.codeGroup_seq = 12
				AND publisher.codeGroup_seq = 3

				 AND a.prodType = 33 

				        AND a.salePrice BETWEEN 0 AND 50000

				        AND a.reviewNum BETWEEN 0.0 AND 10.0

			order by a.makeDate desc
 {executed in 1 msec} 
2024-09-20T13:35:37.220 [http-nio-8080-exec-9] DEBUG j.sqltiming -  com.zaxxer.hikari.pool.ProxyPreparedStatement.execute(ProxyPreparedStatement.java:44)
61. SELECT
			a.seq
			,a.codeName
			,a.codeGroup_seq
		FROM
			commoncode a
			join codegroup b on a.codeGroup_seq = b.seq
		WHERE 1 = 1
			and a.codeGroup_seq = 4
 {executed in 1 msec} 
2024-09-20T13:35:38.674 [http-nio-8080-exec-9] DEBUG j.sqltiming -  com.zaxxer.hikari.pool.ProxyPreparedStatement.execute(ProxyPreparedStatement.java:44)
61. select
				a.seq
			    ,a.title
			    ,a.prodType
			    ,b.name
			    ,a.publisher
			    ,a.makeDate
			    ,a.price
			    ,a.sale
			    ,a.salePrice
			    ,a.point
			    ,a.stockQty
			    ,a.imgSrc
			    ,a.intro
			    ,a.reviewNum
			    ,a.shipDate
			    ,a.tableOfContents
			    ,a.publisherReview
			    ,a.preivew
			    ,a.viewNumber
			    ,a.buyNumber
			    ,a.bestNy
			    ,a.todayPickNy
			    ,a.sliderText
				,a.regDate
				,a.modDate
			    ,a.delNy
			    ,prodType.codeName as prodTypeName
			    ,publisher.codeName as publisherName
			from
				product a
				left join productAuthor c on c.product_seq = a.seq
				left join author b on c.author_seq = b.seq
				join commoncode d on b.authorType = d.seq
				left join commoncode prodType on a.prodType = prodType.seq
				left join commoncode publisher on a.publisher = publisher.seq
			where 1=1
				AND prodType.codeGroup_seq = 12
				AND publisher.codeGroup_seq = 3

				 AND a.prodType = 34 

				        AND a.salePrice BETWEEN 0 AND 50000

				        AND a.reviewNum BETWEEN 0.0 AND 10.0

			order by a.makeDate desc
 {executed in 0 msec} 
2024-09-20T13:35:38.677 [http-nio-8080-exec-9] DEBUG j.sqltiming -  com.zaxxer.hikari.pool.ProxyPreparedStatement.execute(ProxyPreparedStatement.java:44)
61. SELECT
			a.seq
			,a.codeName
			,a.codeGroup_seq
		FROM
			commoncode a
			join codegroup b on a.codeGroup_seq = b.seq
		WHERE 1 = 1
			and a.codeGroup_seq = 4
 {executed in 0 msec} 
2024-09-20T13:35:40.781 [http-nio-8080-exec-2] DEBUG j.sqltiming -  com.zaxxer.hikari.pool.ProxyPreparedStatement.execute(ProxyPreparedStatement.java:44)
61. select
				a.seq
			    ,a.title
			    ,a.prodType
			    ,b.name
			    ,a.publisher
			    ,a.makeDate
			    ,a.price
			    ,a.sale
			    ,a.salePrice
			    ,a.point
			    ,a.stockQty
			    ,a.imgSrc
			    ,a.intro
			    ,a.reviewNum
			    ,a.shipDate
			    ,a.tableOfContents
			    ,a.publisherReview
			    ,a.preivew
			    ,a.viewNumber
			    ,a.buyNumber
			    ,a.bestNy
			    ,a.todayPickNy
			    ,a.sliderText
				,a.regDate
				,a.modDate
			    ,a.delNy
			    ,prodType.codeName as prodTypeName
			    ,publisher.codeName as publisherName
			from
				product a
				left join productAuthor c on c.product_seq = a.seq
				left join author b on c.author_seq = b.seq
				join commoncode d on b.authorType = d.seq
				left join commoncode prodType on a.prodType = prodType.seq
				left join commoncode publisher on a.publisher = publisher.seq
			where 1=1
				AND prodType.codeGroup_seq = 12
				AND publisher.codeGroup_seq = 3

				 AND a.prodType = 33 

				        AND a.salePrice BETWEEN 0 AND 50000

				        AND a.reviewNum BETWEEN 0.0 AND 10.0

			order by a.makeDate desc
 {executed in 0 msec} 
2024-09-20T13:35:40.781 [http-nio-8080-exec-2] DEBUG j.sqltiming -  com.zaxxer.hikari.pool.ProxyPreparedStatement.execute(ProxyPreparedStatement.java:44)
61. SELECT
			a.seq
			,a.codeName
			,a.codeGroup_seq
		FROM
			commoncode a
			join codegroup b on a.codeGroup_seq = b.seq
		WHERE 1 = 1
			and a.codeGroup_seq = 4
 {executed in 0 msec} 
2024-09-20T13:35:41.673 [http-nio-8080-exec-1] DEBUG j.sqltiming -  com.zaxxer.hikari.pool.ProxyPreparedStatement.execute(ProxyPreparedStatement.java:44)
61. select
				a.seq
			    ,a.title
			    ,a.prodType
			    ,b.name
			    ,a.publisher
			    ,a.makeDate
			    ,a.price
			    ,a.sale
			    ,a.salePrice
			    ,a.point
			    ,a.stockQty
			    ,a.imgSrc
			    ,a.intro
			    ,a.reviewNum
			    ,a.shipDate
			    ,a.tableOfContents
			    ,a.publisherReview
			    ,a.preivew
			    ,a.viewNumber
			    ,a.buyNumber
			    ,a.bestNy
			    ,a.todayPickNy
			    ,a.sliderText
				,a.regDate
				,a.modDate
			    ,a.delNy
			    ,prodType.codeName as prodTypeName
			    ,publisher.codeName as publisherName
			from
				product a
				left join productAuthor c on c.product_seq = a.seq
				left join author b on c.author_seq = b.seq
				join commoncode d on b.authorType = d.seq
				left join commoncode prodType on a.prodType = prodType.seq
				left join commoncode publisher on a.publisher = publisher.seq
			where 1=1
				AND prodType.codeGroup_seq = 12
				AND publisher.codeGroup_seq = 3

				        AND a.salePrice BETWEEN 0 AND 50000

				        AND a.reviewNum BETWEEN 0.0 AND 10.0

			order by a.makeDate desc
 {executed in 1 msec} 
2024-09-20T13:35:41.673 [http-nio-8080-exec-1] DEBUG j.sqltiming -  com.zaxxer.hikari.pool.ProxyPreparedStatement.execute(ProxyPreparedStatement.java:44)
61. SELECT
			a.seq
			,a.codeName
			,a.codeGroup_seq
		FROM
			commoncode a
			join codegroup b on a.codeGroup_seq = b.seq
		WHERE 1 = 1
			and a.codeGroup_seq = 4
 {executed in 0 msec} 
2024-09-20T13:35:42.754 [http-nio-8080-exec-5] DEBUG j.sqltiming -  com.zaxxer.hikari.pool.ProxyPreparedStatement.execute(ProxyPreparedStatement.java:44)
61. select
				a.seq
			    ,a.title
			    ,a.prodType
			    ,b.name
			    ,a.publisher
			    ,a.makeDate
			    ,a.price
			    ,a.sale
			    ,a.salePrice
			    ,a.point
			    ,a.stockQty
			    ,a.imgSrc
			    ,a.intro
			    ,a.reviewNum
			    ,a.shipDate
			    ,a.tableOfContents
			    ,a.publisherReview
			    ,a.preivew
			    ,a.viewNumber
			    ,a.buyNumber
			    ,a.bestNy
			    ,a.todayPickNy
			    ,a.sliderText
				,a.regDate
				,a.modDate
			    ,a.delNy
			    ,prodType.codeName as prodTypeName
			    ,publisher.codeName as publisherName
			from
				product a
				left join productAuthor c on c.product_seq = a.seq
				left join author b on c.author_seq = b.seq
				join commoncode d on b.authorType = d.seq
				left join commoncode prodType on a.prodType = prodType.seq
				left join commoncode publisher on a.publisher = publisher.seq
			where 1=1
				AND prodType.codeGroup_seq = 12
				AND publisher.codeGroup_seq = 3

				 AND a.bestNy = 1 

				        AND a.salePrice BETWEEN 0 AND 50000

				        AND a.reviewNum BETWEEN 0.0 AND 10.0

			order by a.makeDate desc
 {executed in 1 msec} 
2024-09-20T13:35:42.757 [http-nio-8080-exec-5] DEBUG j.sqltiming -  com.zaxxer.hikari.pool.ProxyPreparedStatement.execute(ProxyPreparedStatement.java:44)
61. SELECT
			a.seq
			,a.codeName
			,a.codeGroup_seq
		FROM
			commoncode a
			join codegroup b on a.codeGroup_seq = b.seq
		WHERE 1 = 1
			and a.codeGroup_seq = 4
 {executed in 0 msec} 
2024-09-20T13:35:44.380 [http-nio-8080-exec-2] DEBUG j.sqltiming -  com.zaxxer.hikari.pool.ProxyPreparedStatement.execute(ProxyPreparedStatement.java:44)
61. select
				a.seq
			    ,a.title
			    ,a.prodType
			    ,b.name
			    ,a.publisher
			    ,a.makeDate
			    ,a.price
			    ,a.sale
			    ,a.salePrice
			    ,a.point
			    ,a.stockQty
			    ,a.imgSrc
			    ,a.intro
			    ,a.reviewNum
			    ,a.shipDate
			    ,a.tableOfContents
			    ,a.publisherReview
			    ,a.preivew
			    ,a.viewNumber
			    ,a.buyNumber
			    ,a.bestNy
			    ,a.todayPickNy
			    ,a.sliderText
				,a.regDate
				,a.modDate
			    ,a.delNy
			    ,prodType.codeName as prodTypeName
			    ,publisher.codeName as publisherName
			from
				product a
				left join productAuthor c on c.product_seq = a.seq
				left join author b on c.author_seq = b.seq
				join commoncode d on b.authorType = d.seq
				left join commoncode prodType on a.prodType = prodType.seq
				left join commoncode publisher on a.publisher = publisher.seq
			where 1=1
				AND prodType.codeGroup_seq = 12
				AND publisher.codeGroup_seq = 3

				 AND a.makeDate BETWEEN DATE_SUB(NOW(), INTERVAL 1 MONTH) AND NOW() 

				        AND a.salePrice BETWEEN 0 AND 50000

				        AND a.reviewNum BETWEEN 0.0 AND 10.0

			order by a.makeDate desc
 {executed in 1 msec} 
2024-09-20T13:35:44.380 [http-nio-8080-exec-2] DEBUG j.sqltiming -  com.zaxxer.hikari.pool.ProxyPreparedStatement.execute(ProxyPreparedStatement.java:44)
61. SELECT
			a.seq
			,a.codeName
			,a.codeGroup_seq
		FROM
			commoncode a
			join codegroup b on a.codeGroup_seq = b.seq
		WHERE 1 = 1
			and a.codeGroup_seq = 4
 {executed in 0 msec} 
2024-09-20T13:35:50.975 [http-nio-8080-exec-10] DEBUG j.sqltiming -  com.zaxxer.hikari.pool.ProxyPreparedStatement.execute(ProxyPreparedStatement.java:44)
61. select
				a.seq
			    ,a.title
			    ,a.prodType
			    ,b.name
			    ,a.publisher
			    ,a.makeDate
			    ,a.price
			    ,a.sale
			    ,a.salePrice
			    ,a.point
			    ,a.stockQty
			    ,a.imgSrc
			    ,a.intro
			    ,a.reviewNum
			    ,a.shipDate
			    ,a.tableOfContents
			    ,a.publisherReview
			    ,a.preivew
			    ,a.viewNumber
			    ,a.buyNumber
			    ,a.bestNy
			    ,a.todayPickNy
			    ,a.sliderText
				,a.regDate
				,a.modDate
			    ,a.delNy
			    ,prodType.codeName as prodTypeName
			    ,publisher.codeName as publisherName
			from
				product a
				left join productAuthor c on c.product_seq = a.seq
				left join author b on c.author_seq = b.seq
				join commoncode d on b.authorType = d.seq
				left join commoncode prodType on a.prodType = prodType.seq
				left join commoncode publisher on a.publisher = publisher.seq
			where 1=1
				AND prodType.codeGroup_seq = 12
				AND publisher.codeGroup_seq = 3
				 AND a.todayPickNy = 1 

				        AND a.salePrice BETWEEN 0 AND 50000

				        AND a.reviewNum BETWEEN 0.0 AND 10.0

			order by a.makeDate desc
 {executed in 0 msec} 
2024-09-20T13:35:50.975 [http-nio-8080-exec-10] DEBUG j.sqltiming -  com.zaxxer.hikari.pool.ProxyPreparedStatement.execute(ProxyPreparedStatement.java:44)
61. SELECT
			a.seq
			,a.codeName
			,a.codeGroup_seq
		FROM
			commoncode a
			join codegroup b on a.codeGroup_seq = b.seq
		WHERE 1 = 1
			and a.codeGroup_seq = 4
 {executed in 0 msec} 
2024-09-20T13:35:53.878 [http-nio-8080-exec-4] DEBUG j.sqltiming -  com.zaxxer.hikari.pool.ProxyPreparedStatement.execute(ProxyPreparedStatement.java:44)
61. select
				a.seq
			    ,a.title
			    ,a.prodType
			    ,b.name
			    ,a.publisher
			    ,a.makeDate
			    ,a.price
			    ,a.sale
			    ,a.salePrice
			    ,a.point
			    ,a.stockQty
			    ,a.imgSrc
			    ,a.intro
			    ,a.reviewNum
			    ,a.shipDate
			    ,a.tableOfContents
			    ,a.publisherReview
			    ,a.preivew
			    ,a.viewNumber
			    ,a.buyNumber
			    ,a.bestNy
			    ,a.todayPickNy
			    ,a.sliderText
				,a.regDate
				,a.modDate
			    ,a.delNy
			    ,prodType.codeName as prodTypeName
			    ,publisher.codeName as publisherName
			from
				product a
				left join productAuthor c on c.product_seq = a.seq
				left join author b on c.author_seq = b.seq
				join commoncode d on b.authorType = d.seq
				left join commoncode prodType on a.prodType = prodType.seq
				left join commoncode publisher on a.publisher = publisher.seq
			where 1=1
				AND prodType.codeGroup_seq = 12
				AND publisher.codeGroup_seq = 3

				        AND a.salePrice BETWEEN 0 AND 50000

				        AND a.reviewNum BETWEEN 0.0 AND 10.0

			order by a.makeDate desc
 {executed in 1 msec} 
2024-09-20T13:35:53.881 [http-nio-8080-exec-4] DEBUG j.sqltiming -  com.zaxxer.hikari.pool.ProxyPreparedStatement.execute(ProxyPreparedStatement.java:44)
61. SELECT
			a.seq
			,a.codeName
			,a.codeGroup_seq
		FROM
			commoncode a
			join codegroup b on a.codeGroup_seq = b.seq
		WHERE 1 = 1
			and a.codeGroup_seq = 4
 {executed in 0 msec} 
2024-09-20T13:35:54.974 [http-nio-8080-exec-8] DEBUG j.sqltiming -  com.zaxxer.hikari.pool.ProxyPreparedStatement.execute(ProxyPreparedStatement.java:44)
61. select
				a.seq
			    ,a.title
			    ,a.prodType
			    ,b.name
			    ,a.publisher
			    ,a.makeDate
			    ,a.price
			    ,a.sale
			    ,a.salePrice
			    ,a.point
			    ,a.stockQty
			    ,a.imgSrc
			    ,a.intro
			    ,a.reviewNum
			    ,a.shipDate
			    ,a.tableOfContents
			    ,a.publisherReview
			    ,a.preivew
			    ,a.viewNumber
			    ,a.buyNumber
			    ,a.bestNy
			    ,a.todayPickNy
			    ,a.sliderText
				,a.regDate
				,a.modDate
			    ,a.delNy
			    ,prodType.codeName as prodTypeName
			    ,publisher.codeName as publisherName
			from
				product a
				left join productAuthor c on c.product_seq = a.seq
				left join author b on c.author_seq = b.seq
				join commoncode d on b.authorType = d.seq
				left join commoncode prodType on a.prodType = prodType.seq
				left join commoncode publisher on a.publisher = publisher.seq
			where 1=1
				AND prodType.codeGroup_seq = 12
				AND publisher.codeGroup_seq = 3

				 AND a.prodType = 33 

				        AND a.salePrice BETWEEN 0 AND 50000

				        AND a.reviewNum BETWEEN 0.0 AND 10.0

			order by a.makeDate desc
 {executed in 0 msec} 
2024-09-20T13:35:54.988 [http-nio-8080-exec-8] DEBUG j.sqltiming -  com.zaxxer.hikari.pool.ProxyPreparedStatement.execute(ProxyPreparedStatement.java:44)
61. SELECT
			a.seq
			,a.codeName
			,a.codeGroup_seq
		FROM
			commoncode a
			join codegroup b on a.codeGroup_seq = b.seq
		WHERE 1 = 1
			and a.codeGroup_seq = 4
 {executed in 14 msec} 
2024-09-20T13:35:55.981 [http-nio-8080-exec-8] DEBUG j.sqltiming -  com.zaxxer.hikari.pool.ProxyPreparedStatement.execute(ProxyPreparedStatement.java:44)
61. select
				a.seq
			    ,a.title
			    ,a.prodType
			    ,b.name
			    ,a.publisher
			    ,a.makeDate
			    ,a.price
			    ,a.sale
			    ,a.salePrice
			    ,a.point
			    ,a.stockQty
			    ,a.imgSrc
			    ,a.intro
			    ,a.reviewNum
			    ,a.shipDate
			    ,a.tableOfContents
			    ,a.publisherReview
			    ,a.preivew
			    ,a.viewNumber
			    ,a.buyNumber
			    ,a.bestNy
			    ,a.todayPickNy
			    ,a.sliderText
				,a.regDate
				,a.modDate
			    ,a.delNy
			    ,prodType.codeName as prodTypeName
			    ,publisher.codeName as publisherName
			from
				product a
				left join productAuthor c on c.product_seq = a.seq
				left join author b on c.author_seq = b.seq
				join commoncode d on b.authorType = d.seq
				left join commoncode prodType on a.prodType = prodType.seq
				left join commoncode publisher on a.publisher = publisher.seq
			where 1=1
				AND prodType.codeGroup_seq = 12
				AND publisher.codeGroup_seq = 3

				 AND a.prodType = 34 

				        AND a.salePrice BETWEEN 0 AND 50000

				        AND a.reviewNum BETWEEN 0.0 AND 10.0

			order by a.makeDate desc
 {executed in 2 msec} 
2024-09-20T13:35:55.981 [http-nio-8080-exec-8] DEBUG j.sqltiming -  com.zaxxer.hikari.pool.ProxyPreparedStatement.execute(ProxyPreparedStatement.java:44)
61. SELECT
			a.seq
			,a.codeName
			,a.codeGroup_seq
		FROM
			commoncode a
			join codegroup b on a.codeGroup_seq = b.seq
		WHERE 1 = 1
			and a.codeGroup_seq = 4
 {executed in 0 msec} 
2024-09-20T13:35:58.666 [http-nio-8080-exec-5] DEBUG j.sqltiming -  com.zaxxer.hikari.pool.ProxyPreparedStatement.execute(ProxyPreparedStatement.java:44)
61. select
				a.seq
			    ,a.title
			    ,a.prodType
			    ,b.name
			    ,a.publisher
			    ,a.makeDate
			    ,a.price
			    ,a.sale
			    ,a.salePrice
			    ,a.point
			    ,a.stockQty
			    ,a.imgSrc
			    ,a.intro
			    ,a.reviewNum
			    ,a.shipDate
			    ,a.tableOfContents
			    ,a.publisherReview
			    ,a.preivew
			    ,a.viewNumber
			    ,a.buyNumber
			    ,a.bestNy
			    ,a.todayPickNy
			    ,a.sliderText
				,a.regDate
				,a.modDate
			    ,a.delNy
			    ,prodType.codeName as prodTypeName
			    ,publisher.codeName as publisherName
			from
				product a
				left join productAuthor c on c.product_seq = a.seq
				left join author b on c.author_seq = b.seq
				join commoncode d on b.authorType = d.seq
				left join commoncode prodType on a.prodType = prodType.seq
				left join commoncode publisher on a.publisher = publisher.seq
			where 1=1
				AND prodType.codeGroup_seq = 12
				AND publisher.codeGroup_seq = 3

				 AND a.prodType = 34 
				 AND a.bestNy = 1 

				        AND a.salePrice BETWEEN 0 AND 50000

				        AND a.reviewNum BETWEEN 0.0 AND 10.0

			order by a.makeDate desc
 {executed in 1 msec} 
2024-09-20T13:35:58.668 [http-nio-8080-exec-5] DEBUG j.sqltiming -  com.zaxxer.hikari.pool.ProxyPreparedStatement.execute(ProxyPreparedStatement.java:44)
61. SELECT
			a.seq
			,a.codeName
			,a.codeGroup_seq
		FROM
			commoncode a
			join codegroup b on a.codeGroup_seq = b.seq
		WHERE 1 = 1
			and a.codeGroup_seq = 4
 {executed in 1 msec} 
2024-09-20T13:36:01.472 [http-nio-8080-exec-3] DEBUG j.sqltiming -  com.zaxxer.hikari.pool.ProxyPreparedStatement.execute(ProxyPreparedStatement.java:44)
61. select
				a.seq
			    ,a.title
			    ,a.prodType
			    ,b.name
			    ,a.publisher
			    ,a.makeDate
			    ,a.price
			    ,a.sale
			    ,a.salePrice
			    ,a.point
			    ,a.stockQty
			    ,a.imgSrc
			    ,a.intro
			    ,a.reviewNum
			    ,a.shipDate
			    ,a.tableOfContents
			    ,a.publisherReview
			    ,a.preivew
			    ,a.viewNumber
			    ,a.buyNumber
			    ,a.bestNy
			    ,a.todayPickNy
			    ,a.sliderText
				,a.regDate
				,a.modDate
			    ,a.delNy
			    ,prodType.codeName as prodTypeName
			    ,publisher.codeName as publisherName
			from
				product a
				left join productAuthor c on c.product_seq = a.seq
				left join author b on c.author_seq = b.seq
				join commoncode d on b.authorType = d.seq
				left join commoncode prodType on a.prodType = prodType.seq
				left join commoncode publisher on a.publisher = publisher.seq
			where 1=1
				AND prodType.codeGroup_seq = 12
				AND publisher.codeGroup_seq = 3

				 AND a.makeDate BETWEEN DATE_SUB(NOW(), INTERVAL 1 MONTH) AND NOW() 
				 AND a.prodType = 34 

				        AND a.salePrice BETWEEN 0 AND 50000

				        AND a.reviewNum BETWEEN 0.0 AND 10.0

			order by a.makeDate desc
 {executed in 1 msec} 
2024-09-20T13:36:01.472 [http-nio-8080-exec-3] DEBUG j.sqltiming -  com.zaxxer.hikari.pool.ProxyPreparedStatement.execute(ProxyPreparedStatement.java:44)
61. SELECT
			a.seq
			,a.codeName
			,a.codeGroup_seq
		FROM
			commoncode a
			join codegroup b on a.codeGroup_seq = b.seq
		WHERE 1 = 1
			and a.codeGroup_seq = 4
 {executed in 0 msec} 
2024-09-20T13:36:03.325 [http-nio-8080-exec-2] DEBUG j.sqltiming -  com.zaxxer.hikari.pool.ProxyPreparedStatement.execute(ProxyPreparedStatement.java:44)
61. select
				a.seq
			    ,a.title
			    ,a.prodType
			    ,b.name
			    ,a.publisher
			    ,a.makeDate
			    ,a.price
			    ,a.sale
			    ,a.salePrice
			    ,a.point
			    ,a.stockQty
			    ,a.imgSrc
			    ,a.intro
			    ,a.reviewNum
			    ,a.shipDate
			    ,a.tableOfContents
			    ,a.publisherReview
			    ,a.preivew
			    ,a.viewNumber
			    ,a.buyNumber
			    ,a.bestNy
			    ,a.todayPickNy
			    ,a.sliderText
				,a.regDate
				,a.modDate
			    ,a.delNy
			    ,prodType.codeName as prodTypeName
			    ,publisher.codeName as publisherName
			from
				product a
				left join productAuthor c on c.product_seq = a.seq
				left join author b on c.author_seq = b.seq
				join commoncode d on b.authorType = d.seq
				left join commoncode prodType on a.prodType = prodType.seq
				left join commoncode publisher on a.publisher = publisher.seq
			where 1=1
				AND prodType.codeGroup_seq = 12
				AND publisher.codeGroup_seq = 3
				 AND a.todayPickNy = 1 

				 AND a.prodType = 34 

				        AND a.salePrice BETWEEN 0 AND 50000

				        AND a.reviewNum BETWEEN 0.0 AND 10.0

			order by a.makeDate desc
 {executed in 0 msec} 
2024-09-20T13:36:03.325 [http-nio-8080-exec-2] DEBUG j.sqltiming -  com.zaxxer.hikari.pool.ProxyPreparedStatement.execute(ProxyPreparedStatement.java:44)
61. SELECT
			a.seq
			,a.codeName
			,a.codeGroup_seq
		FROM
			commoncode a
			join codegroup b on a.codeGroup_seq = b.seq
		WHERE 1 = 1
			and a.codeGroup_seq = 4
 {executed in 0 msec} 
2024-09-20T13:36:05.593 [http-nio-8080-exec-8] DEBUG j.sqltiming -  com.zaxxer.hikari.pool.ProxyPreparedStatement.execute(ProxyPreparedStatement.java:44)
61. select
				a.seq
			    ,a.title
			    ,a.prodType
			    ,b.name
			    ,a.publisher
			    ,a.makeDate
			    ,a.price
			    ,a.sale
			    ,a.salePrice
			    ,a.point
			    ,a.stockQty
			    ,a.imgSrc
			    ,a.intro
			    ,a.reviewNum
			    ,a.shipDate
			    ,a.tableOfContents
			    ,a.publisherReview
			    ,a.preivew
			    ,a.viewNumber
			    ,a.buyNumber
			    ,a.bestNy
			    ,a.todayPickNy
			    ,a.sliderText
				,a.regDate
				,a.modDate
			    ,a.delNy
			    ,prodType.codeName as prodTypeName
			    ,publisher.codeName as publisherName
			from
				product a
				left join productAuthor c on c.product_seq = a.seq
				left join author b on c.author_seq = b.seq
				join commoncode d on b.authorType = d.seq
				left join commoncode prodType on a.prodType = prodType.seq
				left join commoncode publisher on a.publisher = publisher.seq
			where 1=1
				AND prodType.codeGroup_seq = 12
				AND publisher.codeGroup_seq = 3

				 AND a.prodType = 34 

				        AND a.salePrice BETWEEN 0 AND 50000

				        AND a.reviewNum BETWEEN 0.0 AND 10.0

			order by a.makeDate desc
 {executed in 3 msec} 
2024-09-20T13:36:05.593 [http-nio-8080-exec-8] DEBUG j.sqltiming -  com.zaxxer.hikari.pool.ProxyPreparedStatement.execute(ProxyPreparedStatement.java:44)
61. SELECT
			a.seq
			,a.codeName
			,a.codeGroup_seq
		FROM
			commoncode a
			join codegroup b on a.codeGroup_seq = b.seq
		WHERE 1 = 1
			and a.codeGroup_seq = 4
 {executed in 0 msec} 
2024-09-20T13:36:07.582 [http-nio-8080-exec-5] DEBUG j.sqltiming -  com.zaxxer.hikari.pool.ProxyPreparedStatement.execute(ProxyPreparedStatement.java:44)
61. select
				a.seq
			    ,a.title
			    ,a.prodType
			    ,b.name
			    ,a.publisher
			    ,a.makeDate
			    ,a.price
			    ,a.sale
			    ,a.salePrice
			    ,a.point
			    ,a.stockQty
			    ,a.imgSrc
			    ,a.intro
			    ,a.reviewNum
			    ,a.shipDate
			    ,a.tableOfContents
			    ,a.publisherReview
			    ,a.preivew
			    ,a.viewNumber
			    ,a.buyNumber
			    ,a.bestNy
			    ,a.todayPickNy
			    ,a.sliderText
				,a.regDate
				,a.modDate
			    ,a.delNy
			    ,prodType.codeName as prodTypeName
			    ,publisher.codeName as publisherName
			from
				product a
				left join productAuthor c on c.product_seq = a.seq
				left join author b on c.author_seq = b.seq
				join commoncode d on b.authorType = d.seq
				left join commoncode prodType on a.prodType = prodType.seq
				left join commoncode publisher on a.publisher = publisher.seq
			where 1=1
				AND prodType.codeGroup_seq = 12
				AND publisher.codeGroup_seq = 3

				        AND a.salePrice BETWEEN 0 AND 50000

				        AND a.reviewNum BETWEEN 0.0 AND 10.0

			order by a.makeDate desc
 {executed in 0 msec} 
2024-09-20T13:36:07.582 [http-nio-8080-exec-5] DEBUG j.sqltiming -  com.zaxxer.hikari.pool.ProxyPreparedStatement.execute(ProxyPreparedStatement.java:44)
61. SELECT
			a.seq
			,a.codeName
			,a.codeGroup_seq
		FROM
			commoncode a
			join codegroup b on a.codeGroup_seq = b.seq
		WHERE 1 = 1
			and a.codeGroup_seq = 4
 {executed in 0 msec} 
2024-09-20T13:50:53.285 [http-nio-8080-exec-4] DEBUG j.sqltiming -  com.zaxxer.hikari.pool.ProxyPreparedStatement.execute(ProxyPreparedStatement.java:44)
61. SELECT
			a.seq
			,a.codeName
			,a.codeGroup_seq
		FROM
			commoncode a
			join codegroup b on a.codeGroup_seq = b.seq
		WHERE 1 = 1
			and a.codeGroup_seq = 3
 {executed in 2 msec} 
2024-09-20T13:50:53.289 [http-nio-8080-exec-4] DEBUG j.sqltiming -  com.zaxxer.hikari.pool.ProxyPreparedStatement.execute(ProxyPreparedStatement.java:44)
61. SELECT
			a.seq
			,a.codeName
			,a.codeGroup_seq
		FROM
			commoncode a
			join codegroup b on a.codeGroup_seq = b.seq
		WHERE 1 = 1
			and a.codeGroup_seq = 12
 {executed in 1 msec} 
2024-09-20T13:50:53.294 [http-nio-8080-exec-4] DEBUG j.sqltiming -  com.zaxxer.hikari.pool.ProxyPreparedStatement.execute(ProxyPreparedStatement.java:44)
61. select
				a.seq
			    ,a.authorType
			    ,d.codeName
			    ,a.name	
			    ,a.authorInfo
			    ,b.title
				,a.regDate
				,a.modDate
			    ,a.delNy
			from
				author a
				left join productAuthor c on c.author_seq = a.seq
				left join product b on c.product_seq = b.seq
				join commoncode d on a.authorType = d.seq
			where 1=1

			order by a.seq desc
 {executed in 3 msec} 
