2024-09-15T19:29:31.018 [restartedMain] INFO c.e.ZerglingApplication - Starting ZerglingApplication using Java 17.0.11 with PID 16156 (C:\factory\ws_sts4_4240\repo_zergling\zergling\bin\main started by chlee in C:\factory\ws_sts4_4240\repo_zergling\zergling) 
2024-09-15T19:29:31.018 [restartedMain] INFO c.e.ZerglingApplication - No active profile set, falling back to 1 default profile: "default" 
2024-09-15T19:29:31.058 [restartedMain] INFO o.s.b.d.e.DevToolsPropertyDefaultsPostProcessor - Devtools property defaults active! Set 'spring.devtools.add-properties' to 'false' to disable 
2024-09-15T19:29:31.058 [restartedMain] INFO o.s.b.d.e.DevToolsPropertyDefaultsPostProcessor - For additional web related logging consider setting the 'logging.level.web' property to 'DEBUG' 
2024-09-15T19:29:31.868 [restartedMain] INFO o.s.b.w.e.t.TomcatWebServer - Tomcat initialized with port 8080 (http) 
2024-09-15T19:29:31.878 [restartedMain] INFO o.a.c.h.Http11NioProtocol - Initializing ProtocolHandler ["http-nio-8080"] 
2024-09-15T19:29:31.880 [restartedMain] INFO o.a.c.c.StandardService - Starting service [Tomcat] 
2024-09-15T19:29:31.880 [restartedMain] INFO o.a.c.c.StandardEngine - Starting Servlet engine: [Apache Tomcat/10.1.28] 
2024-09-15T19:29:31.908 [restartedMain] INFO o.a.c.c.C.[.[.[/] - Initializing Spring embedded WebApplicationContext 
2024-09-15T19:29:31.908 [restartedMain] INFO o.s.b.w.s.c.ServletWebServerApplicationContext - Root WebApplicationContext: initialization completed in 848 ms 
2024-09-15T19:29:32.518 [restartedMain] INFO o.s.b.d.a.OptionalLiveReloadServer - LiveReload server is running on port 35729 
2024-09-15T19:29:32.532 [restartedMain] INFO o.a.c.h.Http11NioProtocol - Starting ProtocolHandler ["http-nio-8080"] 
2024-09-15T19:29:32.548 [restartedMain] INFO o.s.b.w.e.t.TomcatWebServer - Tomcat started on port 8080 (http) with context path '/' 
2024-09-15T19:29:32.562 [restartedMain] INFO c.e.ZerglingApplication - Started ZerglingApplication in 1.781 seconds (process running for 2.245) 
2024-09-15T19:29:32.612 [http-nio-8080-exec-1] INFO o.a.c.c.C.[.[.[/] - Initializing Spring DispatcherServlet 'dispatcherServlet' 
2024-09-15T19:29:32.612 [http-nio-8080-exec-1] INFO o.s.w.s.DispatcherServlet - Initializing Servlet 'dispatcherServlet' 
2024-09-15T19:29:32.612 [http-nio-8080-exec-1] INFO o.s.w.s.DispatcherServlet - Completed initialization in 0 ms 
2024-09-15T19:29:32.663 [http-nio-8080-exec-1] INFO c.z.h.HikariDataSource - HikariPool-1 - Starting... 
2024-09-15T19:29:32.928 [http-nio-8080-exec-1] INFO c.z.h.p.HikariPool - HikariPool-1 - Added connection net.sf.log4jdbc.sql.jdbcapi.ConnectionSpy@7ae740f9 
2024-09-15T19:29:32.938 [http-nio-8080-exec-1] INFO c.z.h.HikariDataSource - HikariPool-1 - Start completed. 
2024-09-15T19:29:32.963 [http-nio-8080-exec-1] DEBUG j.sqltiming -  com.zaxxer.hikari.pool.ProxyPreparedStatement.execute(ProxyPreparedStatement.java:44)
1. select
				a.seq
			    ,a.admNy
			    ,a.name
			    ,a.userId
			    ,a.userPassword
			    ,a.gender
			    ,b.codeName
			    ,a.dateOfBirth
			    ,a.email
			    ,a.phoneNum
			    ,a.userDesc
			    ,a.regDate
			    ,a.modDate
			    ,a.delNy
			from
				user a
				join commoncode b on a.gender = b.seq
				join codegroup c on b.codeGroup_seq = c.seq
			where 1=1

			order by a.seq desc
 {executed in 12 msec} 
2024-09-15T19:29:32.987 [http-nio-8080-exec-1] DEBUG j.sqltiming -  com.zaxxer.hikari.pool.ProxyPreparedStatement.execute(ProxyPreparedStatement.java:44)
1. select
				a.seq
			    ,a.admNy
			    ,a.name
			    ,a.userId
			    ,a.userPassword
			    ,a.gender
			    ,b.codeName
			    ,a.dateOfBirth
			    ,a.email
			    ,a.phoneNum
			    ,a.userDesc
			    ,a.regDate
			    ,a.modDate
			    ,a.delNy
			from
				user a
				join commoncode b on a.gender = b.seq
				join codegroup c on b.codeGroup_seq = c.seq
			where 1=1

			order by a.seq desc
 {executed in 2 msec} 
2024-09-15T19:29:33.820 [http-nio-8080-exec-1] DEBUG j.sqltiming -  com.zaxxer.hikari.pool.ProxyPreparedStatement.execute(ProxyPreparedStatement.java:44)
1. select
				a.seq
			    ,a.title
			    ,a.prodType
			    ,b.name
			    ,a.publisher
			    ,a.makeDate
			    ,a.price
			    ,a.sale
			    ,a.salePrice
			    ,a.point
			    ,a.stockQty
			    ,a.imgSrc
			    ,a.intro
			    ,a.reviewNum
			    ,a.shipDate
			    ,a.tableOfContents
			    ,a.publisherReview
			    ,a.preivew
			    ,a.viewNumber
			    ,a.buyNumber
			    ,a.bestNy
			    ,a.todayPickNy
			    ,a.sliderText
				,a.regDate
				,a.modDate
			    ,a.delNy
			from
				product a
				left join productAuthor c on c.product_seq = a.seq
				left join author b on c.author_seq = b.seq
				join commoncode d on b.authorType = d.seq
			order by a.seq desc
 {executed in 6 msec} 
2024-09-15T19:34:57.668 [http-nio-8080-exec-2] DEBUG j.sqltiming -  com.zaxxer.hikari.pool.ProxyPreparedStatement.execute(ProxyPreparedStatement.java:44)
1. select
				a.seq
			    ,a.title
			    ,a.prodType
			    ,b.name
			    ,a.publisher
			    ,a.makeDate
			    ,a.price
			    ,a.sale
			    ,a.salePrice
			    ,a.point
			    ,a.stockQty
			    ,a.imgSrc
			    ,a.intro
			    ,a.reviewNum
			    ,a.shipDate
			    ,a.tableOfContents
			    ,a.publisherReview
			    ,a.preivew
			    ,a.viewNumber
			    ,a.buyNumber
			    ,a.bestNy
			    ,a.todayPickNy
			    ,a.sliderText
				,a.regDate
				,a.modDate
			    ,a.delNy
			from
				product a
				left join productAuthor c on c.product_seq = a.seq
				left join author b on c.author_seq = b.seq
				join commoncode d on b.authorType = d.seq
			order by a.seq desc
 {executed in 9 msec} 
2024-09-15T19:35:17.049 [http-nio-8080-exec-9] DEBUG j.sqltiming -  com.zaxxer.hikari.pool.ProxyPreparedStatement.execute(ProxyPreparedStatement.java:44)
1. select
				a.seq
			    ,a.title
			    ,a.prodType
			    ,b.name
			    ,a.publisher
			    ,a.makeDate
			    ,a.price
			    ,a.sale
			    ,a.salePrice
			    ,a.point
			    ,a.stockQty
			    ,a.imgSrc
			    ,a.intro
			    ,a.reviewNum
			    ,a.shipDate
			    ,a.tableOfContents
			    ,a.publisherReview
			    ,a.preivew
			    ,a.viewNumber
			    ,a.buyNumber
			    ,a.bestNy
			    ,a.todayPickNy
			    ,a.sliderText
				,a.regDate
				,a.modDate
			    ,a.delNy
			from
				product a
				left join productAuthor c on c.product_seq = a.seq
				left join author b on c.author_seq = b.seq
				join commoncode d on b.authorType = d.seq
			order by a.seq desc
 {executed in 2 msec} 
2024-09-15T19:35:36.792 [http-nio-8080-exec-9] DEBUG j.sqltiming -  com.zaxxer.hikari.pool.ProxyPreparedStatement.execute(ProxyPreparedStatement.java:44)
1. select
				a.seq
			    ,a.title
			    ,a.prodType
			    ,b.name
			    ,a.publisher
			    ,a.makeDate
			    ,a.price
			    ,a.sale
			    ,a.salePrice
			    ,a.point
			    ,a.stockQty
			    ,a.imgSrc
			    ,a.intro
			    ,a.reviewNum
			    ,a.shipDate
			    ,a.tableOfContents
			    ,a.publisherReview
			    ,a.preivew
			    ,a.viewNumber
			    ,a.buyNumber
			    ,a.bestNy
			    ,a.todayPickNy
			    ,a.sliderText
				,a.regDate
				,a.modDate
			    ,a.delNy
			from
				product a
				left join productAuthor c on c.product_seq = a.seq
				left join author b on c.author_seq = b.seq
				join commoncode d on b.authorType = d.seq
			order by a.seq desc
 {executed in 1 msec} 
2024-09-15T19:53:33.013 [File Watcher] INFO o.s.b.d.a.LocalDevToolsAutoConfiguration$RestartingClassPathChangeChangedEventListener - Restarting due to 1 class path change (0 additions, 0 deletions, 1 modification) 
2024-09-15T19:53:33.017 [Thread-5] INFO o.a.c.h.Http11NioProtocol - Stopping ProtocolHandler ["http-nio-8080"] 
2024-09-15T19:53:33.098 [Thread-5] INFO c.z.h.HikariDataSource - HikariPool-1 - Shutdown initiated... 
2024-09-15T19:53:33.106 [Thread-5] INFO c.z.h.HikariDataSource - HikariPool-1 - Shutdown completed. 
2024-09-15T19:53:33.158 [restartedMain] INFO c.e.ZerglingApplication - Starting ZerglingApplication using Java 17.0.11 with PID 16156 (C:\factory\ws_sts4_4240\repo_zergling\zergling\bin\main started by chlee in C:\factory\ws_sts4_4240\repo_zergling\zergling) 
2024-09-15T19:53:33.158 [restartedMain] INFO c.e.ZerglingApplication - No active profile set, falling back to 1 default profile: "default" 
2024-09-15T19:53:33.341 [restartedMain] INFO o.s.b.w.e.t.TomcatWebServer - Tomcat initialized with port 8080 (http) 
2024-09-15T19:53:33.341 [restartedMain] INFO o.a.c.h.Http11NioProtocol - Initializing ProtocolHandler ["http-nio-8080"] 
2024-09-15T19:53:33.341 [restartedMain] INFO o.a.c.c.StandardService - Starting service [Tomcat] 
2024-09-15T19:53:33.341 [restartedMain] INFO o.a.c.c.StandardEngine - Starting Servlet engine: [Apache Tomcat/10.1.28] 
2024-09-15T19:53:33.349 [restartedMain] INFO o.a.c.c.C.[.[.[/] - Initializing Spring embedded WebApplicationContext 
2024-09-15T19:53:33.350 [restartedMain] INFO o.s.b.w.s.c.ServletWebServerApplicationContext - Root WebApplicationContext: initialization completed in 190 ms 
2024-09-15T19:53:33.481 [restartedMain] INFO o.s.b.d.a.OptionalLiveReloadServer - LiveReload server is running on port 35729 
2024-09-15T19:53:33.485 [restartedMain] INFO o.a.c.h.Http11NioProtocol - Starting ProtocolHandler ["http-nio-8080"] 
2024-09-15T19:53:33.488 [restartedMain] INFO o.s.b.w.e.t.TomcatWebServer - Tomcat started on port 8080 (http) with context path '/' 
2024-09-15T19:53:33.494 [restartedMain] INFO c.e.ZerglingApplication - Started ZerglingApplication in 0.354 seconds (process running for 1443.177) 
2024-09-15T19:53:33.496 [restartedMain] INFO o.s.b.d.a.ConditionEvaluationDeltaLoggingListener - Condition evaluation unchanged 
2024-09-15T19:57:38.972 [http-nio-8080-exec-4] INFO o.a.c.c.C.[.[.[/] - Initializing Spring DispatcherServlet 'dispatcherServlet' 
2024-09-15T19:57:38.972 [http-nio-8080-exec-4] INFO o.s.w.s.DispatcherServlet - Initializing Servlet 'dispatcherServlet' 
2024-09-15T19:57:38.975 [http-nio-8080-exec-4] INFO o.s.w.s.DispatcherServlet - Completed initialization in 3 ms 
2024-09-15T19:57:49.291 [http-nio-8080-exec-1] INFO c.z.h.HikariDataSource - HikariPool-2 - Starting... 
2024-09-15T19:57:49.325 [http-nio-8080-exec-1] INFO c.z.h.p.HikariPool - HikariPool-2 - Added connection net.sf.log4jdbc.sql.jdbcapi.ConnectionSpy@37895b62 
2024-09-15T19:57:49.325 [http-nio-8080-exec-1] INFO c.z.h.HikariDataSource - HikariPool-2 - Start completed. 
2024-09-15T19:57:49.325 [http-nio-8080-exec-1] DEBUG j.sqltiming -  com.zaxxer.hikari.pool.ProxyPreparedStatement.execute(ProxyPreparedStatement.java:44)
11. SELECT
			a.seq
			,a.codeGroupName
			,a.groupOrder
			,a.groupDesc
			,(select count(aa.codeGroup_seq) from commoncode aa  where 1=1 and aa.codeGroup_seq = a.seq) as codeCount
			,a.useNy
		    ,a.delNy
			,a.regDate
			,a.modDate
		FROM
			codegroup a
		left JOIN
			commoncode b ON b.codeGroup_seq = a.seq
		WHERE 1=1

		GROUP BY 
    		a.seq, a.codeGroupName, a.groupOrder, a.groupDesc, a.useNy, a.delNy, a.regDate, a.modDate
		ORDER BY
			a.groupOrder desc
 {executed in 0 msec} 
2024-09-15T19:57:49.345 [http-nio-8080-exec-1] DEBUG j.sqltiming -  com.zaxxer.hikari.pool.ProxyPreparedStatement.execute(ProxyPreparedStatement.java:44)
11. SELECT COUNT(*) 
        FROM codegroup a
        WHERE 1=1
 {executed in 0 msec} 
2024-09-15T19:57:54.312 [http-nio-8080-exec-7] DEBUG j.sqltiming -  com.zaxxer.hikari.pool.ProxyPreparedStatement.execute(ProxyPreparedStatement.java:44)
11. SELECT
			a.seq
			,a.codeName
			,a.codeOrder
			,a.codeDesc
			,b.codeGroupName
			,a.useNy
		    ,a.delNy
			,a.regDate
			,a.modDate
			,a.codeGroup_seq
		FROM
			commoncode a
			left join codegroup b on a.codeGroup_seq = b.seq
		where 1=1

		ORDER BY

			a.codeGroup_seq desc
			, a.codeOrder desc
 {executed in 2 msec} 
2024-09-15T19:58:00.342 [http-nio-8080-exec-5] DEBUG j.sqltiming -  com.zaxxer.hikari.pool.ProxyPreparedStatement.execute(ProxyPreparedStatement.java:44)
11. SELECT
			a.seq
			,a.codeGroupName
			,a.groupOrder
			,a.groupDesc
			,(select count(aa.codeGroup_seq) from commoncode aa  where 1=1 and aa.codeGroup_seq = a.seq) as codeCount
			,a.useNy
		    ,a.delNy
			,a.regDate
			,a.modDate
		FROM
			codegroup a
		left JOIN
			commoncode b ON b.codeGroup_seq = a.seq
		WHERE 1=1

		GROUP BY 
    		a.seq, a.codeGroupName, a.groupOrder, a.groupDesc, a.useNy, a.delNy, a.regDate, a.modDate
		ORDER BY
			a.groupOrder desc
 {executed in 1 msec} 
2024-09-15T19:58:34.215 [http-nio-8080-exec-2] DEBUG j.sqltiming -  com.zaxxer.hikari.pool.ProxyPreparedStatement.execute(ProxyPreparedStatement.java:44)
11. insert into commoncode(
			codeName
		    ,codeOrder
		    ,codeDesc
		    ,useNy
		    ,regDate
		    ,modDate
		    ,delNy
		    ,codeGroup_seq
		)value(
			'소설'
		    ,1
		    ,'상품 종류 - 소설'
		    ,1
		    ,now()
		    ,now()
		    ,0
		    ,'12'
		)
 {executed in 10 msec} 
2024-09-15T19:58:34.225 [http-nio-8080-exec-8] DEBUG j.sqltiming -  com.zaxxer.hikari.pool.ProxyPreparedStatement.execute(ProxyPreparedStatement.java:44)
11. SELECT
			a.seq
			,a.codeName
			,a.codeOrder
			,a.codeDesc
			,b.codeGroupName
			,a.useNy
		    ,a.delNy
			,a.regDate
			,a.modDate
			,a.codeGroup_seq
		FROM
			commoncode a
			left join codegroup b on a.codeGroup_seq = b.seq
		where 1=1

		ORDER BY

			a.codeGroup_seq desc
			, a.codeOrder desc
 {executed in 0 msec} 
2024-09-15T19:58:38.305 [http-nio-8080-exec-9] DEBUG j.sqltiming -  com.zaxxer.hikari.pool.ProxyPreparedStatement.execute(ProxyPreparedStatement.java:44)
11. SELECT
			a.seq
			,a.codeGroupName
			,a.groupOrder
			,a.groupDesc
			,(select count(aa.codeGroup_seq) from commoncode aa  where 1=1 and aa.codeGroup_seq = a.seq) as codeCount
			,a.useNy
		    ,a.delNy
			,a.regDate
			,a.modDate
		FROM
			codegroup a
		left JOIN
			commoncode b ON b.codeGroup_seq = a.seq
		WHERE 1=1

		GROUP BY 
    		a.seq, a.codeGroupName, a.groupOrder, a.groupDesc, a.useNy, a.delNy, a.regDate, a.modDate
		ORDER BY
			a.groupOrder desc
 {executed in 1 msec} 
2024-09-15T19:58:56.495 [http-nio-8080-exec-7] DEBUG j.sqltiming -  com.zaxxer.hikari.pool.ProxyPreparedStatement.execute(ProxyPreparedStatement.java:44)
11. insert into commoncode(
			codeName
		    ,codeOrder
		    ,codeDesc
		    ,useNy
		    ,regDate
		    ,modDate
		    ,delNy
		    ,codeGroup_seq
		)value(
			'시/에세이'
		    ,2
		    ,'상품종류 - 시/에세이'
		    ,1
		    ,now()
		    ,now()
		    ,0
		    ,'12'
		)
 {executed in 10 msec} 
2024-09-15T19:58:56.506 [http-nio-8080-exec-10] DEBUG j.sqltiming -  com.zaxxer.hikari.pool.ProxyPreparedStatement.execute(ProxyPreparedStatement.java:44)
11. SELECT
			a.seq
			,a.codeName
			,a.codeOrder
			,a.codeDesc
			,b.codeGroupName
			,a.useNy
		    ,a.delNy
			,a.regDate
			,a.modDate
			,a.codeGroup_seq
		FROM
			commoncode a
			left join codegroup b on a.codeGroup_seq = b.seq
		where 1=1

		ORDER BY

			a.codeGroup_seq desc
			, a.codeOrder desc
 {executed in 10 msec} 
2024-09-15T19:58:59.359 [http-nio-8080-exec-4] DEBUG j.sqltiming -  com.zaxxer.hikari.pool.ProxyPreparedStatement.execute(ProxyPreparedStatement.java:44)
11. SELECT
			a.seq
			,a.codeGroupName
			,a.groupOrder
			,a.groupDesc
			,(select count(aa.codeGroup_seq) from commoncode aa  where 1=1 and aa.codeGroup_seq = a.seq) as codeCount
			,a.useNy
		    ,a.delNy
			,a.regDate
			,a.modDate
		FROM
			codegroup a
		left JOIN
			commoncode b ON b.codeGroup_seq = a.seq
		WHERE 1=1

		GROUP BY 
    		a.seq, a.codeGroupName, a.groupOrder, a.groupDesc, a.useNy, a.delNy, a.regDate, a.modDate
		ORDER BY
			a.groupOrder desc
 {executed in 0 msec} 
2024-09-15T19:58:59.365 [http-nio-8080-exec-4] DEBUG j.sqltiming -  com.zaxxer.hikari.pool.ProxyPreparedStatement.execute(ProxyPreparedStatement.java:44)
11. SELECT
			a.seq
			,a.codeName
			,a.codeOrder
			,a.codeDesc
			,b.codeGroupName
			,a.useNy
		    ,a.delNy
			,a.regDate
			,a.modDate
			,a.codeGroup_seq
		FROM
			commoncode a
			join codegroup b on a.codeGroup_seq = b.seq
		WHERE 1 = 1
			and a.seq = '33'
 {executed in 0 msec} 
2024-09-15T19:58:59.365 [http-nio-8080-exec-4] DEBUG j.sqltiming -  com.zaxxer.hikari.pool.ProxyPreparedStatement.execute(ProxyPreparedStatement.java:44)
11. SELECT
			a.seq
			,a.codeName
			,a.codeOrder
			,a.codeDesc
			,b.codeGroupName
			,a.useNy
		    ,a.delNy
			,a.regDate
			,a.modDate
			,a.codeGroup_seq
		FROM
			commoncode a
			join codegroup b on a.codeGroup_seq = b.seq
		WHERE 1 = 1
			and a.seq = '33'
 {executed in 0 msec} 
2024-09-15T19:59:07.805 [http-nio-8080-exec-6] DEBUG j.sqltiming -  com.zaxxer.hikari.pool.ProxyPreparedStatement.execute(ProxyPreparedStatement.java:44)
11. UPDATE commoncode
		SET
			codeName = '소설'
			,codeOrder = 1
			,codeDesc = '상품종류 - 소설'
			,useNy = 1
			,codeGroup_seq = '12'
			,modDate = now()
		WHERE 1=1
			AND seq = '33'
 {executed in 7 msec} 
2024-09-15T19:59:07.805 [http-nio-8080-exec-2] DEBUG j.sqltiming -  com.zaxxer.hikari.pool.ProxyPreparedStatement.execute(ProxyPreparedStatement.java:44)
11. SELECT
			a.seq
			,a.codeName
			,a.codeOrder
			,a.codeDesc
			,b.codeGroupName
			,a.useNy
		    ,a.delNy
			,a.regDate
			,a.modDate
			,a.codeGroup_seq
		FROM
			commoncode a
			left join codegroup b on a.codeGroup_seq = b.seq
		where 1=1

		ORDER BY

			a.codeGroup_seq desc
			, a.codeOrder desc
 {executed in 0 msec} 
