2024-09-20T08:59:49.623 [restartedMain] INFO c.e.ZerglingApplication - Starting ZerglingApplication using Java 17.0.11 with PID 20728 (C:\factory\ws_sts4_4240\repo_zergling\zergling\bin\main started by chlee in C:\factory\ws_sts4_4240\repo_zergling\zergling) 
2024-09-20T08:59:49.624 [restartedMain] INFO c.e.ZerglingApplication - No active profile set, falling back to 1 default profile: "default" 
2024-09-20T08:59:49.650 [restartedMain] INFO o.s.b.d.e.DevToolsPropertyDefaultsPostProcessor - Devtools property defaults active! Set 'spring.devtools.add-properties' to 'false' to disable 
2024-09-20T08:59:49.650 [restartedMain] INFO o.s.b.d.e.DevToolsPropertyDefaultsPostProcessor - For additional web related logging consider setting the 'logging.level.web' property to 'DEBUG' 
2024-09-20T08:59:50.528 [restartedMain] INFO o.s.b.w.e.t.TomcatWebServer - Tomcat initialized with port 8080 (http) 
2024-09-20T08:59:50.535 [restartedMain] INFO o.a.c.h.Http11NioProtocol - Initializing ProtocolHandler ["http-nio-8080"] 
2024-09-20T08:59:50.537 [restartedMain] INFO o.a.c.c.StandardService - Starting service [Tomcat] 
2024-09-20T08:59:50.537 [restartedMain] INFO o.a.c.c.StandardEngine - Starting Servlet engine: [Apache Tomcat/10.1.28] 
2024-09-20T08:59:50.571 [restartedMain] INFO o.a.c.c.C.[.[.[/] - Initializing Spring embedded WebApplicationContext 
2024-09-20T08:59:50.571 [restartedMain] INFO o.s.b.w.s.c.ServletWebServerApplicationContext - Root WebApplicationContext: initialization completed in 921 ms 
2024-09-20T08:59:51.287 [restartedMain] INFO o.s.b.d.a.OptionalLiveReloadServer - LiveReload server is running on port 35729 
2024-09-20T08:59:51.307 [restartedMain] INFO o.a.c.h.Http11NioProtocol - Starting ProtocolHandler ["http-nio-8080"] 
2024-09-20T08:59:51.324 [restartedMain] INFO o.s.b.w.e.t.TomcatWebServer - Tomcat started on port 8080 (http) with context path '/' 
2024-09-20T08:59:51.334 [restartedMain] INFO c.e.ZerglingApplication - Started ZerglingApplication in 1.947 seconds (process running for 2.458) 
2024-09-20T08:59:54.014 [http-nio-8080-exec-1] INFO o.a.c.c.C.[.[.[/] - Initializing Spring DispatcherServlet 'dispatcherServlet' 
2024-09-20T08:59:54.015 [http-nio-8080-exec-1] INFO o.s.w.s.DispatcherServlet - Initializing Servlet 'dispatcherServlet' 
2024-09-20T08:59:54.015 [http-nio-8080-exec-1] INFO o.s.w.s.DispatcherServlet - Completed initialization in 0 ms 
2024-09-20T08:59:54.060 [http-nio-8080-exec-1] INFO c.z.h.HikariDataSource - HikariPool-1 - Starting... 
2024-09-20T08:59:54.284 [http-nio-8080-exec-1] INFO c.z.h.p.HikariPool - HikariPool-1 - Added connection net.sf.log4jdbc.sql.jdbcapi.ConnectionSpy@69a7da3b 
2024-09-20T08:59:54.285 [http-nio-8080-exec-1] INFO c.z.h.HikariDataSource - HikariPool-1 - Start completed. 
2024-09-20T08:59:54.304 [http-nio-8080-exec-1] DEBUG j.sqltiming -  com.zaxxer.hikari.pool.ProxyPreparedStatement.execute(ProxyPreparedStatement.java:44)
1. select
				a.seq
			    ,a.admNy
			    ,a.name
			    ,a.userId
			    ,a.userPassword
			    ,a.gender
			    ,b.codeName
			    ,a.dateOfBirth
			    ,a.email
			    ,a.phoneNum
			    ,a.userDesc
			    ,a.regDate
			    ,a.modDate
			    ,a.delNy
			from
				user a
				join commoncode b on a.gender = b.seq
				join codegroup c on b.codeGroup_seq = c.seq
			where 1=1

			order by a.seq desc
 {executed in 5 msec} 
2024-09-20T08:59:54.318 [http-nio-8080-exec-1] DEBUG j.sqltiming -  com.zaxxer.hikari.pool.ProxyPreparedStatement.execute(ProxyPreparedStatement.java:44)
1. select
				a.seq
			    ,a.admNy
			    ,a.name
			    ,a.userId
			    ,a.userPassword
			    ,a.gender
			    ,b.codeName
			    ,a.dateOfBirth
			    ,a.email
			    ,a.phoneNum
			    ,a.userDesc
			    ,a.regDate
			    ,a.modDate
			    ,a.delNy
			from
				user a
				join commoncode b on a.gender = b.seq
				join codegroup c on b.codeGroup_seq = c.seq
			where 1=1

			order by a.seq desc
 {executed in 2 msec} 
