2024-09-17T20:18:04.839 [restartedMain] INFO c.e.ZerglingApplication - Starting ZerglingApplication using Java 17.0.11 with PID 20028 (C:\factory\ws_sts4_4240\repo_zergling\zergling\bin\main started by chlee in C:\factory\ws_sts4_4240\repo_zergling\zergling) 
2024-09-17T20:18:04.840 [restartedMain] INFO c.e.ZerglingApplication - No active profile set, falling back to 1 default profile: "default" 
2024-09-17T20:18:04.876 [restartedMain] INFO o.s.b.d.e.DevToolsPropertyDefaultsPostProcessor - Devtools property defaults active! Set 'spring.devtools.add-properties' to 'false' to disable 
2024-09-17T20:18:04.895 [restartedMain] INFO o.s.b.d.e.DevToolsPropertyDefaultsPostProcessor - For additional web related logging consider setting the 'logging.level.web' property to 'DEBUG' 
2024-09-17T20:18:05.786 [restartedMain] INFO o.s.b.w.e.t.TomcatWebServer - Tomcat initialized with port 8080 (http) 
2024-09-17T20:18:05.795 [restartedMain] INFO o.a.c.h.Http11NioProtocol - Initializing ProtocolHandler ["http-nio-8080"] 
2024-09-17T20:18:05.797 [restartedMain] INFO o.a.c.c.StandardService - Starting service [Tomcat] 
2024-09-17T20:18:05.797 [restartedMain] INFO o.a.c.c.StandardEngine - Starting Servlet engine: [Apache Tomcat/10.1.28] 
2024-09-17T20:18:05.831 [restartedMain] INFO o.a.c.c.C.[.[.[/] - Initializing Spring embedded WebApplicationContext 
2024-09-17T20:18:05.832 [restartedMain] INFO o.s.b.w.s.c.ServletWebServerApplicationContext - Root WebApplicationContext: initialization completed in 937 ms 
2024-09-17T20:18:06.484 [restartedMain] INFO o.s.b.d.a.OptionalLiveReloadServer - LiveReload server is running on port 35729 
2024-09-17T20:18:06.500 [restartedMain] INFO o.a.c.h.Http11NioProtocol - Starting ProtocolHandler ["http-nio-8080"] 
2024-09-17T20:18:06.527 [restartedMain] INFO o.s.b.w.e.t.TomcatWebServer - Tomcat started on port 8080 (http) with context path '/' 
2024-09-17T20:18:06.534 [restartedMain] INFO c.e.ZerglingApplication - Started ZerglingApplication in 2.037 seconds (process running for 2.655) 
2024-09-17T20:18:35.933 [http-nio-8080-exec-1] INFO o.a.c.c.C.[.[.[/] - Initializing Spring DispatcherServlet 'dispatcherServlet' 
2024-09-17T20:18:35.933 [http-nio-8080-exec-1] INFO o.s.w.s.DispatcherServlet - Initializing Servlet 'dispatcherServlet' 
2024-09-17T20:18:35.933 [http-nio-8080-exec-1] INFO o.s.w.s.DispatcherServlet - Completed initialization in 0 ms 
2024-09-17T20:32:02.085 [http-nio-8080-exec-3] INFO c.z.h.HikariDataSource - HikariPool-1 - Starting... 
2024-09-17T20:32:02.414 [http-nio-8080-exec-3] INFO c.z.h.p.HikariPool - HikariPool-1 - Added connection net.sf.log4jdbc.sql.jdbcapi.ConnectionSpy@47c1f5ae 
2024-09-17T20:32:02.416 [http-nio-8080-exec-3] INFO c.z.h.HikariDataSource - HikariPool-1 - Start completed. 
2024-09-17T20:32:02.445 [http-nio-8080-exec-3] DEBUG j.sqltiming -  com.zaxxer.hikari.pool.ProxyPreparedStatement.execute(ProxyPreparedStatement.java:44)
1. select
				a.seq
			    ,a.authorType
			    ,d.codeName
			    ,a.name	
			    ,a.authorInfo
			    ,b.title
				,a.regDate
				,a.modDate
			    ,a.delNy
			from
				author a
				left join productAuthor c on c.author_seq = a.seq
				left join product b on c.product_seq = b.seq
				join commoncode d on a.authorType = d.seq
			order by a.seq desc
 {executed in 9 msec} 
2024-09-17T20:32:02.469 [http-nio-8080-exec-3] DEBUG j.sqltiming -  com.zaxxer.hikari.pool.ProxyPreparedStatement.execute(ProxyPreparedStatement.java:44)
1. SELECT
			a.seq
			,a.codeName
			,a.codeGroup_seq
		FROM
			commoncode a
			join codegroup b on a.codeGroup_seq = b.seq
		WHERE 1 = 1
			and a.codeGroup_seq = 10
 {executed in 1 msec} 
2024-09-17T20:32:02.810 [http-nio-8080-exec-6] DEBUG j.sqltiming -  com.zaxxer.hikari.pool.ProxyPreparedStatement.execute(ProxyPreparedStatement.java:44)
1. select
				a.seq
			    ,a.authorType
			    ,d.codeName
			    ,a.name	
			    ,a.authorInfo
			    ,b.title
				,a.regDate
				,a.modDate
			    ,a.delNy
			from
				author a
				left join productAuthor c on c.author_seq = a.seq
				left join product b on c.product_seq = b.seq
				join commoncode d on a.authorType = d.seq
			order by a.seq desc
 {executed in 2 msec} 
2024-09-17T20:32:02.818 [http-nio-8080-exec-6] DEBUG j.sqltiming -  com.zaxxer.hikari.pool.ProxyPreparedStatement.execute(ProxyPreparedStatement.java:44)
1. SELECT
			a.seq
			,a.codeName
			,a.codeGroup_seq
		FROM
			commoncode a
			join codegroup b on a.codeGroup_seq = b.seq
		WHERE 1 = 1
			and a.codeGroup_seq = 10
 {executed in 1 msec} 
2024-09-17T20:42:19.113 [http-nio-8080-exec-7] DEBUG j.sqltiming -  com.zaxxer.hikari.pool.ProxyPreparedStatement.execute(ProxyPreparedStatement.java:44)
1. select
				a.seq
			    ,a.authorType
			    ,d.codeName
			    ,a.name	
			    ,a.authorInfo
			    ,b.title
				,a.regDate
				,a.modDate
			    ,a.delNy
			from
				author a
				left join productAuthor c on c.author_seq = a.seq
				left join product b on c.product_seq = b.seq
				join commoncode d on a.authorType = d.seq
			order by a.seq desc
 {executed in 6 msec} 
2024-09-17T20:42:19.123 [http-nio-8080-exec-7] DEBUG j.sqltiming -  com.zaxxer.hikari.pool.ProxyPreparedStatement.execute(ProxyPreparedStatement.java:44)
1. SELECT
			a.seq
			,a.codeName
			,a.codeGroup_seq
		FROM
			commoncode a
			join codegroup b on a.codeGroup_seq = b.seq
		WHERE 1 = 1
			and a.codeGroup_seq = 10
 {executed in 2 msec} 
2024-09-17T20:44:19.301 [http-nio-8080-exec-5] DEBUG j.sqltiming -  com.zaxxer.hikari.pool.ProxyPreparedStatement.execute(ProxyPreparedStatement.java:44)
1. select
				a.seq
			    ,a.authorType
			    ,d.codeName
			    ,a.name	
			    ,a.authorInfo
			    ,b.title
				,a.regDate
				,a.modDate
			    ,a.delNy
			from
				author a
				left join productAuthor c on c.author_seq = a.seq
				left join product b on c.product_seq = b.seq
				join commoncode d on a.authorType = d.seq
			order by a.seq desc
 {executed in 2 msec} 
2024-09-17T20:44:19.307 [http-nio-8080-exec-5] DEBUG j.sqltiming -  com.zaxxer.hikari.pool.ProxyPreparedStatement.execute(ProxyPreparedStatement.java:44)
1. SELECT
			a.seq
			,a.codeName
			,a.codeGroup_seq
		FROM
			commoncode a
			join codegroup b on a.codeGroup_seq = b.seq
		WHERE 1 = 1
			and a.codeGroup_seq = 10
 {executed in 2 msec} 
2024-09-17T20:45:14.105 [http-nio-8080-exec-7] DEBUG j.sqltiming -  com.zaxxer.hikari.pool.ProxyPreparedStatement.execute(ProxyPreparedStatement.java:44)
1. select
				a.seq
			    ,a.authorType
			    ,d.codeName
			    ,a.name	
			    ,a.authorInfo
			    ,b.title
				,a.regDate
				,a.modDate
			    ,a.delNy
			from
				author a
				left join productAuthor c on c.author_seq = a.seq
				left join product b on c.product_seq = b.seq
				join commoncode d on a.authorType = d.seq
			order by a.seq desc
 {executed in 1 msec} 
2024-09-17T20:45:14.111 [http-nio-8080-exec-7] DEBUG j.sqltiming -  com.zaxxer.hikari.pool.ProxyPreparedStatement.execute(ProxyPreparedStatement.java:44)
1. SELECT
			a.seq
			,a.codeName
			,a.codeGroup_seq
		FROM
			commoncode a
			join codegroup b on a.codeGroup_seq = b.seq
		WHERE 1 = 1
			and a.codeGroup_seq = 10
 {executed in 0 msec} 
2024-09-17T20:45:27.847 [http-nio-8080-exec-1] DEBUG j.sqltiming -  com.zaxxer.hikari.pool.ProxyPreparedStatement.execute(ProxyPreparedStatement.java:44)
1. select
				a.seq
			    ,a.authorType
			    ,d.codeName
			    ,a.name	
			    ,a.authorInfo
			    ,b.title
				,a.regDate
				,a.modDate
			    ,a.delNy
			from
				author a
				left join productAuthor c on c.author_seq = a.seq
				left join product b on c.product_seq = b.seq
				join commoncode d on a.authorType = d.seq
			order by a.seq desc
 {executed in 4 msec} 
2024-09-17T20:45:27.853 [http-nio-8080-exec-1] DEBUG j.sqltiming -  com.zaxxer.hikari.pool.ProxyPreparedStatement.execute(ProxyPreparedStatement.java:44)
1. SELECT
			a.seq
			,a.codeName
			,a.codeGroup_seq
		FROM
			commoncode a
			join codegroup b on a.codeGroup_seq = b.seq
		WHERE 1 = 1
			and a.codeGroup_seq = 10
 {executed in 0 msec} 
2024-09-17T20:45:36.303 [http-nio-8080-exec-2] DEBUG j.sqltiming -  com.zaxxer.hikari.pool.ProxyPreparedStatement.execute(ProxyPreparedStatement.java:44)
1. select
				a.seq
			    ,a.authorType
			    ,d.codeName
			    ,a.name	
			    ,a.authorInfo
			    ,b.title
				,a.regDate
				,a.modDate
			    ,a.delNy
			from
				author a
				left join productAuthor c on c.author_seq = a.seq
				left join product b on c.product_seq = b.seq
				join commoncode d on a.authorType = d.seq
			order by a.seq desc
 {executed in 10 msec} 
2024-09-17T20:45:36.309 [http-nio-8080-exec-2] DEBUG j.sqltiming -  com.zaxxer.hikari.pool.ProxyPreparedStatement.execute(ProxyPreparedStatement.java:44)
1. SELECT
			a.seq
			,a.codeName
			,a.codeGroup_seq
		FROM
			commoncode a
			join codegroup b on a.codeGroup_seq = b.seq
		WHERE 1 = 1
			and a.codeGroup_seq = 10
 {executed in 1 msec} 
2024-09-17T20:46:03.594 [http-nio-8080-exec-8] DEBUG j.sqltiming -  com.zaxxer.hikari.pool.ProxyPreparedStatement.execute(ProxyPreparedStatement.java:44)
1. select
				a.seq
			    ,a.authorType
			    ,d.codeName
			    ,a.name	
			    ,a.authorInfo
			    ,b.title
				,a.regDate
				,a.modDate
			    ,a.delNy
			from
				author a
				left join productAuthor c on c.author_seq = a.seq
				left join product b on c.product_seq = b.seq
				join commoncode d on a.authorType = d.seq
			order by a.seq desc
 {executed in 2 msec} 
2024-09-17T20:46:03.594 [http-nio-8080-exec-8] DEBUG j.sqltiming -  com.zaxxer.hikari.pool.ProxyPreparedStatement.execute(ProxyPreparedStatement.java:44)
1. SELECT
			a.seq
			,a.codeName
			,a.codeGroup_seq
		FROM
			commoncode a
			join codegroup b on a.codeGroup_seq = b.seq
		WHERE 1 = 1
			and a.codeGroup_seq = 10
 {executed in 0 msec} 
2024-09-17T20:47:26.861 [File Watcher] INFO o.s.b.d.a.LocalDevToolsAutoConfiguration$RestartingClassPathChangeChangedEventListener - Restarting due to 1 class path change (0 additions, 0 deletions, 1 modification) 
2024-09-17T20:47:26.867 [Thread-5] INFO o.a.c.h.Http11NioProtocol - Stopping ProtocolHandler ["http-nio-8080"] 
2024-09-17T20:47:26.991 [Thread-5] INFO c.z.h.HikariDataSource - HikariPool-1 - Shutdown initiated... 
2024-09-17T20:47:27.005 [Thread-5] INFO c.z.h.HikariDataSource - HikariPool-1 - Shutdown completed. 
2024-09-17T20:47:27.092 [restartedMain] INFO c.e.ZerglingApplication - Starting ZerglingApplication using Java 17.0.11 with PID 20028 (C:\factory\ws_sts4_4240\repo_zergling\zergling\bin\main started by chlee in C:\factory\ws_sts4_4240\repo_zergling\zergling) 
2024-09-17T20:47:27.092 [restartedMain] INFO c.e.ZerglingApplication - No active profile set, falling back to 1 default profile: "default" 
2024-09-17T20:47:27.305 [restartedMain] INFO o.s.b.w.e.t.TomcatWebServer - Tomcat initialized with port 8080 (http) 
2024-09-17T20:47:27.306 [restartedMain] INFO o.a.c.h.Http11NioProtocol - Initializing ProtocolHandler ["http-nio-8080"] 
2024-09-17T20:47:27.306 [restartedMain] INFO o.a.c.c.StandardService - Starting service [Tomcat] 
2024-09-17T20:47:27.306 [restartedMain] INFO o.a.c.c.StandardEngine - Starting Servlet engine: [Apache Tomcat/10.1.28] 
2024-09-17T20:47:27.316 [restartedMain] INFO o.a.c.c.C.[.[.[/] - Initializing Spring embedded WebApplicationContext 
2024-09-17T20:47:27.317 [restartedMain] INFO o.s.b.w.s.c.ServletWebServerApplicationContext - Root WebApplicationContext: initialization completed in 224 ms 
2024-09-17T20:47:27.488 [restartedMain] INFO o.s.b.d.a.OptionalLiveReloadServer - LiveReload server is running on port 35729 
2024-09-17T20:47:27.493 [restartedMain] INFO o.a.c.h.Http11NioProtocol - Starting ProtocolHandler ["http-nio-8080"] 
2024-09-17T20:47:27.495 [restartedMain] INFO o.s.b.w.e.t.TomcatWebServer - Tomcat started on port 8080 (http) with context path '/' 
2024-09-17T20:47:27.501 [restartedMain] INFO c.e.ZerglingApplication - Started ZerglingApplication in 0.432 seconds (process running for 1763.621) 
2024-09-17T20:47:27.503 [restartedMain] INFO o.s.b.d.a.ConditionEvaluationDeltaLoggingListener - Condition evaluation unchanged 
2024-09-17T20:49:28.665 [File Watcher] INFO o.s.b.d.a.LocalDevToolsAutoConfiguration$RestartingClassPathChangeChangedEventListener - Restarting due to 1 class path change (1 addition, 0 deletions, 0 modifications) 
2024-09-17T20:49:28.667 [Thread-7] INFO o.a.c.h.Http11NioProtocol - Stopping ProtocolHandler ["http-nio-8080"] 
2024-09-17T20:49:28.822 [restartedMain] INFO c.e.ZerglingApplication - Starting ZerglingApplication using Java 17.0.11 with PID 20028 (C:\factory\ws_sts4_4240\repo_zergling\zergling\bin\main started by chlee in C:\factory\ws_sts4_4240\repo_zergling\zergling) 
2024-09-17T20:49:28.822 [restartedMain] INFO c.e.ZerglingApplication - No active profile set, falling back to 1 default profile: "default" 
2024-09-17T20:49:28.985 [restartedMain] INFO o.s.b.w.e.t.TomcatWebServer - Tomcat initialized with port 8080 (http) 
2024-09-17T20:49:28.987 [restartedMain] INFO o.a.c.h.Http11NioProtocol - Initializing ProtocolHandler ["http-nio-8080"] 
2024-09-17T20:49:28.987 [restartedMain] INFO o.a.c.c.StandardService - Starting service [Tomcat] 
2024-09-17T20:49:28.987 [restartedMain] INFO o.a.c.c.StandardEngine - Starting Servlet engine: [Apache Tomcat/10.1.28] 
2024-09-17T20:49:28.996 [restartedMain] INFO o.a.c.c.C.[.[.[/] - Initializing Spring embedded WebApplicationContext 
2024-09-17T20:49:28.997 [restartedMain] INFO o.s.b.w.s.c.ServletWebServerApplicationContext - Root WebApplicationContext: initialization completed in 172 ms 
2024-09-17T20:49:29.146 [restartedMain] INFO o.s.b.d.a.OptionalLiveReloadServer - LiveReload server is running on port 35729 
2024-09-17T20:49:29.153 [restartedMain] INFO o.a.c.h.Http11NioProtocol - Starting ProtocolHandler ["http-nio-8080"] 
2024-09-17T20:49:29.156 [restartedMain] INFO o.s.b.w.e.t.TomcatWebServer - Tomcat started on port 8080 (http) with context path '/' 
2024-09-17T20:49:29.161 [restartedMain] INFO c.e.ZerglingApplication - Started ZerglingApplication in 0.364 seconds (process running for 1885.281) 
2024-09-17T20:49:29.163 [restartedMain] INFO o.s.b.d.a.ConditionEvaluationDeltaLoggingListener - Condition evaluation unchanged 
2024-09-17T20:49:52.758 [File Watcher] INFO o.s.b.d.a.LocalDevToolsAutoConfiguration$RestartingClassPathChangeChangedEventListener - Restarting due to 1 class path change (0 additions, 0 deletions, 1 modification) 
2024-09-17T20:49:52.760 [Thread-11] INFO o.a.c.h.Http11NioProtocol - Stopping ProtocolHandler ["http-nio-8080"] 
2024-09-17T20:49:52.926 [restartedMain] INFO c.e.ZerglingApplication - Starting ZerglingApplication using Java 17.0.11 with PID 20028 (C:\factory\ws_sts4_4240\repo_zergling\zergling\bin\main started by chlee in C:\factory\ws_sts4_4240\repo_zergling\zergling) 
2024-09-17T20:49:52.926 [restartedMain] INFO c.e.ZerglingApplication - No active profile set, falling back to 1 default profile: "default" 
2024-09-17T20:49:53.102 [restartedMain] INFO o.s.b.w.e.t.TomcatWebServer - Tomcat initialized with port 8080 (http) 
2024-09-17T20:49:53.102 [restartedMain] INFO o.a.c.h.Http11NioProtocol - Initializing ProtocolHandler ["http-nio-8080"] 
2024-09-17T20:49:53.103 [restartedMain] INFO o.a.c.c.StandardService - Starting service [Tomcat] 
2024-09-17T20:49:53.103 [restartedMain] INFO o.a.c.c.StandardEngine - Starting Servlet engine: [Apache Tomcat/10.1.28] 
2024-09-17T20:49:53.109 [restartedMain] INFO o.a.c.c.C.[.[.[/] - Initializing Spring embedded WebApplicationContext 
2024-09-17T20:49:53.109 [restartedMain] INFO o.s.b.w.s.c.ServletWebServerApplicationContext - Root WebApplicationContext: initialization completed in 179 ms 
2024-09-17T20:49:53.227 [restartedMain] INFO o.s.b.d.a.OptionalLiveReloadServer - LiveReload server is running on port 35729 
2024-09-17T20:49:53.232 [restartedMain] INFO o.a.c.h.Http11NioProtocol - Starting ProtocolHandler ["http-nio-8080"] 
2024-09-17T20:49:53.234 [restartedMain] INFO o.s.b.w.e.t.TomcatWebServer - Tomcat started on port 8080 (http) with context path '/' 
2024-09-17T20:49:53.239 [restartedMain] INFO c.e.ZerglingApplication - Started ZerglingApplication in 0.334 seconds (process running for 1909.359) 
2024-09-17T20:49:53.241 [restartedMain] INFO o.s.b.d.a.ConditionEvaluationDeltaLoggingListener - Condition evaluation unchanged 
2024-09-17T20:51:18.979 [File Watcher] INFO o.s.b.d.a.LocalDevToolsAutoConfiguration$RestartingClassPathChangeChangedEventListener - Restarting due to 1 class path change (0 additions, 0 deletions, 1 modification) 
2024-09-17T20:51:18.981 [Thread-15] INFO o.a.c.h.Http11NioProtocol - Stopping ProtocolHandler ["http-nio-8080"] 
2024-09-17T20:51:19.124 [restartedMain] INFO c.e.ZerglingApplication - Starting ZerglingApplication using Java 17.0.11 with PID 20028 (C:\factory\ws_sts4_4240\repo_zergling\zergling\bin\main started by chlee in C:\factory\ws_sts4_4240\repo_zergling\zergling) 
2024-09-17T20:51:19.125 [restartedMain] INFO c.e.ZerglingApplication - No active profile set, falling back to 1 default profile: "default" 
2024-09-17T20:51:19.269 [restartedMain] INFO o.s.b.w.e.t.TomcatWebServer - Tomcat initialized with port 8080 (http) 
2024-09-17T20:51:19.270 [restartedMain] INFO o.a.c.h.Http11NioProtocol - Initializing ProtocolHandler ["http-nio-8080"] 
2024-09-17T20:51:19.270 [restartedMain] INFO o.a.c.c.StandardService - Starting service [Tomcat] 
2024-09-17T20:51:19.270 [restartedMain] INFO o.a.c.c.StandardEngine - Starting Servlet engine: [Apache Tomcat/10.1.28] 
2024-09-17T20:51:19.278 [restartedMain] INFO o.a.c.c.C.[.[.[/] - Initializing Spring embedded WebApplicationContext 
2024-09-17T20:51:19.278 [restartedMain] INFO o.s.b.w.s.c.ServletWebServerApplicationContext - Root WebApplicationContext: initialization completed in 152 ms 
2024-09-17T20:51:19.396 [restartedMain] INFO o.s.b.d.a.OptionalLiveReloadServer - LiveReload server is running on port 35729 
2024-09-17T20:51:19.400 [restartedMain] INFO o.a.c.h.Http11NioProtocol - Starting ProtocolHandler ["http-nio-8080"] 
2024-09-17T20:51:19.403 [restartedMain] INFO o.s.b.w.e.t.TomcatWebServer - Tomcat started on port 8080 (http) with context path '/' 
2024-09-17T20:51:19.407 [restartedMain] INFO c.e.ZerglingApplication - Started ZerglingApplication in 0.297 seconds (process running for 1995.528) 
2024-09-17T20:51:19.409 [restartedMain] INFO o.s.b.d.a.ConditionEvaluationDeltaLoggingListener - Condition evaluation unchanged 
